[RESET] rebooting PLC on /dev/ttyACM0 wait_s=14.0
[RESET] boot log captured in /home/jpi/Desktop/EVSE/plc_firmware/logs/9ce43e3_cbslac_51aafdb_module2_session_20260322.log.reset.log
PLC_LOG=/home/jpi/Desktop/EVSE/plc_firmware/logs/9ce43e3_cbslac_51aafdb_module2_session_20260322.log
CAN_LOG=/home/jpi/Desktop/EVSE/plc_firmware/logs/9ce43e3_cbslac_51aafdb_module2_session_20260322_can.log
SUMMARY_FILE=/home/jpi/Desktop/EVSE/plc_firmware/logs/9ce43e3_cbslac_51aafdb_module2_session_20260322_summary.json
[PHASE] bootstrap
[BOOT] mode=external_controller plc_id=2 connector_id=2 can_stack=0 module_mgr=0
[MODULE] addr=2 grp=2 rated=30.0A status=0x00400000 flags=OFF
[PHASE] wait_for_session
[CTRL] remote start -> B1 to B2
[PROGRESS] phase=wait_for_session stage=none relay1=0 targetV=500.0 targetI=0.0 presentV=4.6 presentI=0.0 ready=0 cp=B1 slac=0 hlc=0
[PROGRESS] phase=wait_for_session stage=none relay1=0 targetV=500.0 targetI=0.0 presentV=4.6 presentI=0.0 ready=0 cp=B2 slac=1 hlc=1
[PROGRESS] phase=wait_for_session stage=none relay1=0 targetV=500.0 targetI=50.0 presentV=4.6 presentI=0.0 ready=0 cp=B2 slac=0 hlc=1
[PROGRESS] phase=wait_for_session stage=none relay1=0 targetV=500.0 targetI=50.0 presentV=5.1 presentI=0.0 ready=0 cp=B2 slac=0 hlc=1
[PROGRESS] phase=wait_for_session stage=none relay1=0 targetV=500.0 targetI=50.0 presentV=5.1 presentI=0.0 ready=0 cp=B2 slac=0 hlc=1
[PROGRESS] phase=wait_for_session stage=none relay1=0 targetV=500.0 targetI=50.0 presentV=5.0 presentI=0.0 ready=0 cp=B2 slac=0 hlc=1
[PROGRESS] phase=wait_for_session stage=none relay1=0 targetV=500.0 targetI=50.0 presentV=4.9 presentI=0.0 ready=0 cp=B2 slac=0 hlc=1
[PROGRESS] phase=wait_for_session stage=none relay1=0 targetV=500.0 targetI=50.0 presentV=4.8 presentI=0.0 ready=0 cp=B2 slac=0 hlc=1
[PROGRESS] phase=wait_for_session stage=none relay1=0 targetV=500.0 targetI=50.0 presentV=4.8 presentI=0.0 ready=0 cp=B2 slac=0 hlc=1
[PROGRESS] phase=wait_for_session stage=none relay1=0 targetV=500.0 targetI=50.0 presentV=4.7 presentI=0.0 ready=0 cp=B2 slac=0 hlc=1
[PROGRESS] phase=wait_for_session stage=none relay1=0 targetV=500.0 targetI=50.0 presentV=4.7 presentI=0.0 ready=0 cp=B2 slac=0 hlc=1
[PROGRESS] phase=wait_for_session stage=none relay1=0 targetV=500.0 targetI=50.0 presentV=4.7 presentI=0.0 ready=0 cp=B1 slac=0 hlc=0
[PROGRESS] phase=wait_for_session stage=none relay1=0 targetV=500.0 targetI=50.0 presentV=4.6 presentI=0.0 ready=0 cp=B1 slac=0 hlc=0
[PROGRESS] phase=wait_for_session stage=none relay1=0 targetV=500.0 targetI=50.0 presentV=4.6 presentI=0.0 ready=0 cp=B2 slac=1 hlc=1
[PROGRESS] phase=wait_for_session stage=current_demand relay1=1 targetV=500.0 targetI=50.0 presentV=49.5 presentI=6.1 ready=1 cp=C slac=1 hlc=1
[PROGRESS] phase=wait_for_session stage=none relay1=0 targetV=500.0 targetI=50.0 presentV=5.5 presentI=0.0 ready=0 cp=B2 slac=0 hlc=1
[PROGRESS] phase=wait_for_session stage=none relay1=0 targetV=500.0 targetI=50.0 presentV=6.2 presentI=0.0 ready=0 cp=B2 slac=0 hlc=1
[PROGRESS] phase=wait_for_session stage=none relay1=0 targetV=500.0 targetI=50.0 presentV=6.2 presentI=0.0 ready=0 cp=B2 slac=0 hlc=1
[PROGRESS] phase=wait_for_session stage=none relay1=0 targetV=500.0 targetI=50.0 presentV=6.1 presentI=0.0 ready=0 cp=B2 slac=0 hlc=1
[PROGRESS] phase=wait_for_session stage=none relay1=0 targetV=500.0 targetI=50.0 presentV=5.9 presentI=0.0 ready=0 cp=B2 slac=0 hlc=1
[PROGRESS] phase=wait_for_session stage=none relay1=0 targetV=500.0 targetI=50.0 presentV=5.7 presentI=0.0 ready=0 cp=B2 slac=0 hlc=1
[PROGRESS] phase=wait_for_session stage=none relay1=0 targetV=500.0 targetI=50.0 presentV=5.5 presentI=0.0 ready=0 cp=B2 slac=0 hlc=1
[PROGRESS] phase=wait_for_session stage=none relay1=0 targetV=500.0 targetI=50.0 presentV=5.4 presentI=0.0 ready=0 cp=B2 slac=0 hlc=1
[PROGRESS] phase=wait_for_session stage=none relay1=0 targetV=500.0 targetI=50.0 presentV=5.1 presentI=0.0 ready=0 cp=B2 slac=0 hlc=1
[PROGRESS] phase=wait_for_session stage=none relay1=0 targetV=500.0 targetI=50.0 presentV=5.0 presentI=0.0 ready=0 cp=B1 slac=0 hlc=0
[PROGRESS] phase=wait_for_session stage=none relay1=0 targetV=500.0 targetI=50.0 presentV=4.9 presentI=0.0 ready=0 cp=B1 slac=0 hlc=0
[PROGRESS] phase=wait_for_session stage=none relay1=0 targetV=500.0 targetI=50.0 presentV=4.8 presentI=0.0 ready=0 cp=B2 slac=1 hlc=1
[PROGRESS] phase=wait_for_session stage=current_demand relay1=1 targetV=500.0 targetI=50.0 presentV=151.0 presentI=15.5 ready=1 cp=C slac=1 hlc=1
[PROGRESS] phase=wait_for_session stage=none relay1=0 targetV=500.0 targetI=50.0 presentV=5.7 presentI=0.0 ready=0 cp=B2 slac=0 hlc=1
[PROGRESS] phase=wait_for_session stage=none relay1=0 targetV=500.0 targetI=50.0 presentV=6.1 presentI=0.0 ready=0 cp=B2 slac=0 hlc=1
[PROGRESS] phase=wait_for_session stage=none relay1=0 targetV=500.0 targetI=50.0 presentV=6.0 presentI=0.0 ready=0 cp=B2 slac=0 hlc=1
[PROGRESS] phase=wait_for_session stage=none relay1=0 targetV=500.0 targetI=50.0 presentV=5.9 presentI=0.0 ready=0 cp=B2 slac=0 hlc=1
[PROGRESS] phase=wait_for_session stage=none relay1=0 targetV=500.0 targetI=50.0 presentV=5.7 presentI=0.0 ready=0 cp=B2 slac=0 hlc=1
[PROGRESS] phase=wait_for_session stage=none relay1=0 targetV=500.0 targetI=50.0 presentV=5.6 presentI=0.0 ready=0 cp=B2 slac=0 hlc=1
[PROGRESS] phase=wait_for_session stage=none relay1=0 targetV=500.0 targetI=50.0 presentV=5.4 presentI=0.0 ready=0 cp=B2 slac=0 hlc=1
[PROGRESS] phase=wait_for_session stage=none relay1=0 targetV=500.0 targetI=50.0 presentV=5.2 presentI=0.0 ready=0 cp=B2 slac=0 hlc=1
[PROGRESS] phase=wait_for_session stage=none relay1=0 targetV=500.0 targetI=50.0 presentV=5.0 presentI=0.0 ready=0 cp=B2 slac=0 hlc=1
[PROGRESS] phase=wait_for_session stage=none relay1=0 targetV=500.0 targetI=50.0 presentV=4.9 presentI=0.0 ready=0 cp=B1 slac=0 hlc=0
[PROGRESS] phase=wait_for_session stage=none relay1=0 targetV=500.0 targetI=50.0 presentV=4.8 presentI=0.0 ready=0 cp=B1 slac=0 hlc=0
[PROGRESS] phase=wait_for_session stage=none relay1=0 targetV=500.0 targetI=50.0 presentV=4.7 presentI=0.0 ready=0 cp=B2 slac=1 hlc=1
[PROGRESS] phase=wait_for_session stage=none relay1=0 targetV=500.0 targetI=50.0 presentV=318.2 presentI=0.0 ready=0 cp=B1 slac=0 hlc=1
[PROGRESS] phase=wait_for_session stage=none relay1=0 targetV=500.0 targetI=50.0 presentV=6.1 presentI=0.0 ready=0 cp=B2 slac=0 hlc=1
