[BOOT] usb-touch reset /dev/ttyACM0
PLC_LOG=/home/jpi/Desktop/EVSE/plc_firmware/logs/controller_cbmodules_single_module_charge_20260324_040718.log
CAN_LOG=/home/jpi/Desktop/EVSE/plc_firmware/logs/controller_cbmodules_single_module_charge_20260324_040718_can.log
SUMMARY_FILE=/home/jpi/Desktop/EVSE/plc_firmware/logs/controller_cbmodules_single_module_charge_20260324_040718_summary.json
[BOOT] host module ready assigned=1 online=1 off=1 v=0.0 i=0.0
[BOOT] plc_id=2 connector_id=2 module=PLC2_MXR_02 group=2
[PROGRESS] phase=wait_for_session stage=none relay1=0 targetV=0.0 targetI=0.0 presentV=0.0 presentI=0.0 cp=A slac=0 hlc=0
[PROGRESS] phase=wait_for_session stage=none relay1=0 targetV=0.0 targetI=0.0 presentV=4.6 presentI=0.0 cp=B2 slac=0 hlc=0
[HOSTMOD] reason=precharge en=1 reqV=500.0 reqI=2.0 ok=1 assigned=1 active=0 beforeV=4.5 beforeI=0.0 afterV=4.5 afterI=0.0 lc=Allocated tr=Idle off=1 offVerified=0 lease=0 online=1 group=PLC_GROUP_2 snapV=4.5 snapI=0.0 beforeOff=1
[HOSTMOD] reason=precharge en=1 reqV=500.0 reqI=2.0 ok=1 assigned=1 active=1 beforeV=4.5 beforeI=0.0 afterV=4.5 afterI=0.0 lc=Allocated tr=Idle off=1 offVerified=0 lease=0 online=1 group=PLC_GROUP_2 snapV=4.5 snapI=0.0 beforeOff=1
[HOSTMOD] reason=current_demand en=1 reqV=500.0 reqI=50.0 ok=1 assigned=1 active=1 beforeV=4.7 beforeI=0.0 afterV=4.7 afterI=0.0 lc=Allocated tr=Idle off=1 offVerified=0 lease=0 online=1 group=PLC_GROUP_2 snapV=4.7 snapI=0.0 beforeOff=1
[HOSTFB] stage=current_demand targetApplied=1 relay=1 valid=1 telemetryValid=1 sampleValid=1 sampleFresh=1 moduleOff=1 reqV=500.0 reqI=50.0 presentV=4.7 presentI=0.0 ready=1
[HOSTMOD] reason=current_demand en=1 reqV=500.0 reqI=50.0 ok=1 assigned=1 active=1 beforeV=22.9 beforeI=0.0 afterV=22.9 afterI=0.0 lc=Allocated tr=Idle off=1 offVerified=0 lease=0 online=1 group=PLC_GROUP_2 snapV=22.9 snapI=0.0 beforeOff=1
[HOSTFB] stage=current_demand targetApplied=1 relay=1 valid=1 telemetryValid=1 sampleValid=1 sampleFresh=1 moduleOff=1 reqV=500.0 reqI=50.0 presentV=22.9 presentI=0.0 ready=1
[PROGRESS] phase=wait_for_session stage=current_demand relay1=1 targetV=500.0 targetI=50.0 presentV=22.9 presentI=0.0 cp=C slac=1 hlc=1
[HOSTFB] stage=current_demand targetApplied=1 relay=1 valid=1 telemetryValid=1 sampleValid=1 sampleFresh=1 moduleOff=1 reqV=500.0 reqI=50.0 presentV=42.2 presentI=0.0 ready=1
[HOSTFB] stage=current_demand targetApplied=1 relay=1 valid=1 telemetryValid=1 sampleValid=1 sampleFresh=1 moduleOff=1 reqV=500.0 reqI=50.0 presentV=67.3 presentI=0.0 ready=1
[HOSTFB] stage=current_demand targetApplied=1 relay=1 valid=1 telemetryValid=1 sampleValid=1 sampleFresh=1 moduleOff=1 reqV=500.0 reqI=50.0 presentV=102.2 presentI=0.0 ready=1
[HOSTFB] stage=current_demand targetApplied=1 relay=1 valid=1 telemetryValid=1 sampleValid=1 sampleFresh=1 moduleOff=0 reqV=500.0 reqI=50.0 presentV=196.2 presentI=0.0 ready=1
[HOSTMOD] reason=current_demand en=1 reqV=500.0 reqI=50.0 ok=1 assigned=1 active=1 beforeV=244.8 beforeI=0.0 afterV=244.8 afterI=0.0 lc=Allocated tr=Idle off=0 offVerified=0 lease=0 online=1 group=PLC_GROUP_2 snapV=244.8 snapI=0.0 beforeOff=0
[HOSTFB] stage=current_demand targetApplied=1 relay=1 valid=1 telemetryValid=1 sampleValid=1 sampleFresh=1 moduleOff=0 reqV=500.0 reqI=50.0 presentV=244.8 presentI=0.0 ready=1
[HOSTFB] stage=current_demand targetApplied=1 relay=1 valid=1 telemetryValid=1 sampleValid=1 sampleFresh=1 moduleOff=0 reqV=500.0 reqI=50.0 presentV=293.4 presentI=0.0 ready=1
[HOSTFB] stage=current_demand targetApplied=1 relay=1 valid=1 telemetryValid=1 sampleValid=1 sampleFresh=1 moduleOff=0 reqV=500.0 reqI=50.0 presentV=342.0 presentI=0.0 ready=1
[HOSTFB] stage=current_demand targetApplied=1 relay=1 valid=1 telemetryValid=1 sampleValid=1 sampleFresh=1 moduleOff=0 reqV=500.0 reqI=50.0 presentV=390.4 presentI=0.0 ready=1
[HOSTFB] stage=current_demand targetApplied=1 relay=1 valid=1 telemetryValid=1 sampleValid=1 sampleFresh=1 moduleOff=0 reqV=500.0 reqI=50.0 presentV=428.4 presentI=0.0 ready=1
[HOSTFB] stage=current_demand targetApplied=1 relay=1 valid=1 telemetryValid=1 sampleValid=1 sampleFresh=1 moduleOff=0 reqV=500.0 reqI=50.0 presentV=458.7 presentI=0.0 ready=1
[HOSTMOD] reason=current_demand en=1 reqV=500.0 reqI=50.0 ok=1 assigned=1 active=1 beforeV=496.5 beforeI=0.0 afterV=496.5 afterI=0.0 lc=Allocated tr=Idle off=0 offVerified=0 lease=0 online=1 group=PLC_GROUP_2 snapV=496.5 snapI=0.0 beforeOff=0
[HOSTFB] stage=current_demand targetApplied=1 relay=1 valid=1 telemetryValid=1 sampleValid=1 sampleFresh=1 moduleOff=0 reqV=500.0 reqI=50.0 presentV=496.5 presentI=0.0 ready=1
[HOSTMOD] reason=current_demand en=1 reqV=500.0 reqI=50.0 ok=1 assigned=1 active=1 beforeV=499.7 beforeI=0.0 afterV=499.7 afterI=0.0 lc=Allocated tr=Idle off=0 offVerified=0 lease=0 online=1 group=PLC_GROUP_2 snapV=499.7 snapI=0.0 beforeOff=0
[HOSTFB] stage=current_demand targetApplied=1 relay=1 valid=1 telemetryValid=1 sampleValid=1 sampleFresh=1 moduleOff=0 reqV=500.0 reqI=50.0 presentV=499.7 presentI=0.0 ready=1
[HOSTMOD] reason=current_demand en=1 reqV=500.0 reqI=50.0 ok=1 assigned=1 active=1 beforeV=499.9 beforeI=0.0 afterV=499.9 afterI=0.0 lc=Allocated tr=Idle off=0 offVerified=0 lease=0 online=1 group=PLC_GROUP_2 snapV=499.9 snapI=0.0 beforeOff=0
[HOSTFB] stage=current_demand targetApplied=1 relay=1 valid=1 telemetryValid=1 sampleValid=1 sampleFresh=1 moduleOff=0 reqV=500.0 reqI=50.0 presentV=499.9 presentI=0.0 ready=1
[HOSTMOD] reason=current_demand en=1 reqV=500.0 reqI=50.0 ok=1 assigned=1 active=1 beforeV=500.0 beforeI=0.0 afterV=500.0 afterI=0.0 lc=Allocated tr=Idle off=0 offVerified=0 lease=0 online=1 group=PLC_GROUP_2 snapV=500.0 snapI=0.0 beforeOff=0
[HOSTFB] stage=current_demand targetApplied=1 relay=1 valid=1 telemetryValid=1 sampleValid=1 sampleFresh=1 moduleOff=0 reqV=500.0 reqI=50.0 presentV=500.0 presentI=0.0 ready=1
[HOSTMOD] reason=current_demand en=1 reqV=500.0 reqI=50.0 ok=1 assigned=1 active=1 beforeV=500.0 beforeI=0.0 afterV=500.0 afterI=0.0 lc=Allocated tr=Idle off=0 offVerified=0 lease=0 online=1 group=PLC_GROUP_2 snapV=500.0 snapI=0.0 beforeOff=0
[HOSTFB] stage=current_demand targetApplied=1 relay=1 valid=1 telemetryValid=1 sampleValid=1 sampleFresh=1 moduleOff=0 reqV=500.0 reqI=50.0 presentV=500.0 presentI=0.0 ready=1
[HOSTMOD] reason=current_demand en=1 reqV=500.0 reqI=50.0 ok=1 assigned=1 active=1 beforeV=500.0 beforeI=0.0 afterV=500.0 afterI=0.0 lc=Allocated tr=Idle off=0 offVerified=0 lease=0 online=1 group=PLC_GROUP_2 snapV=500.0 snapI=0.0 beforeOff=0
[HOSTMOD] reason=current_demand en=1 reqV=500.0 reqI=50.0 ok=1 assigned=1 active=1 beforeV=500.0 beforeI=0.0 afterV=500.0 afterI=0.0 lc=Allocated tr=Idle off=0 offVerified=0 lease=0 online=1 group=PLC_GROUP_2 snapV=500.0 snapI=0.0 beforeOff=0
[HOSTFB] stage=current_demand targetApplied=1 relay=1 valid=1 telemetryValid=1 sampleValid=1 sampleFresh=1 moduleOff=0 reqV=500.0 reqI=50.0 presentV=500.0 presentI=0.0 ready=1
[HOSTMOD] reason=current_demand en=1 reqV=500.0 reqI=50.0 ok=1 assigned=1 active=1 beforeV=500.0 beforeI=0.0 afterV=500.0 afterI=0.0 lc=Allocated tr=Idle off=0 offVerified=0 lease=0 online=1 group=PLC_GROUP_2 snapV=500.0 snapI=0.0 beforeOff=0
[HOSTFB] stage=current_demand targetApplied=1 relay=1 valid=1 telemetryValid=1 sampleValid=1 sampleFresh=1 moduleOff=0 reqV=500.0 reqI=50.0 presentV=500.0 presentI=0.0 ready=1
[HOSTMOD] reason=current_demand en=1 reqV=500.0 reqI=50.0 ok=1 assigned=1 active=1 beforeV=500.0 beforeI=0.0 afterV=500.0 afterI=0.0 lc=Allocated tr=Idle off=0 offVerified=0 lease=0 online=1 group=PLC_GROUP_2 snapV=500.0 snapI=0.0 beforeOff=0
[HOSTMOD] reason=current_demand en=1 reqV=500.0 reqI=50.0 ok=1 assigned=1 active=1 beforeV=500.2 beforeI=0.0 afterV=500.2 afterI=0.0 lc=Allocated tr=Idle off=0 offVerified=0 lease=0 online=1 group=PLC_GROUP_2 snapV=500.2 snapI=0.0 beforeOff=0
[HOSTFB] stage=current_demand targetApplied=1 relay=1 valid=1 telemetryValid=1 sampleValid=1 sampleFresh=1 moduleOff=0 reqV=500.0 reqI=50.0 presentV=500.2 presentI=0.0 ready=1
[PROGRESS] phase=wait_for_session stage=current_demand relay1=1 targetV=500.0 targetI=50.0 presentV=500.2 presentI=0.0 cp=B (2201 mV) slac=1 hlc=1
[HOSTMOD] reason=current_demand en=1 reqV=500.0 reqI=50.0 ok=1 assigned=1 active=1 beforeV=500.1 beforeI=0.0 afterV=500.1 afterI=0.0 lc=Allocated tr=Idle off=0 offVerified=0 lease=0 online=1 group=PLC_GROUP_2 snapV=500.1 snapI=0.0 beforeOff=0
[HOSTFB] stage=current_demand targetApplied=1 relay=1 valid=1 telemetryValid=1 sampleValid=1 sampleFresh=1 moduleOff=0 reqV=500.0 reqI=50.0 presentV=500.1 presentI=0.0 ready=1
[HOSTMOD] reason=none en=0 reqV=0.0 reqI=0.0 ok=1 assigned=1 active=1 beforeV=500.0 beforeI=0.0 afterV=500.0 afterI=0.0 lc=Allocated tr=Idle off=0 offVerified=0 lease=0 online=1 group=PLC_GROUP_2 snapV=500.0 snapI=0.0 beforeOff=0
[PROGRESS] phase=wait_for_session stage=none relay1=0 targetV=500.0 targetI=50.0 presentV=7.7 presentI=0.0 cp=B2 slac=0 hlc=1
[PROGRESS] phase=wait_for_session stage=none relay1=0 targetV=500.0 targetI=50.0 presentV=8.8 presentI=0.0 cp=B2 slac=0 hlc=1
[PROGRESS] phase=wait_for_session stage=none relay1=0 targetV=500.0 targetI=50.0 presentV=8.8 presentI=0.0 cp=B2 slac=0 hlc=1
[PROGRESS] phase=wait_for_session stage=none relay1=0 targetV=500.0 targetI=50.0 presentV=8.5 presentI=0.0 cp=B2 slac=0 hlc=1
[PROGRESS] phase=wait_for_session stage=none relay1=0 targetV=500.0 targetI=50.0 presentV=8.1 presentI=0.0 cp=B2 slac=0 hlc=1
[PROGRESS] phase=wait_for_session stage=none relay1=0 targetV=500.0 targetI=50.0 presentV=7.7 presentI=0.0 cp=B2 slac=0 hlc=1
[PROGRESS] phase=wait_for_session stage=none relay1=0 targetV=500.0 targetI=50.0 presentV=7.3 presentI=0.0 cp=B2 slac=0 hlc=1
[PROGRESS] phase=wait_for_session stage=none relay1=0 targetV=500.0 targetI=50.0 presentV=7.0 presentI=0.0 cp=B2 slac=0 hlc=1
[PROGRESS] phase=wait_for_session stage=none relay1=0 targetV=500.0 targetI=50.0 presentV=6.6 presentI=0.0 cp=B1 slac=0 hlc=0
[PROGRESS] phase=wait_for_session stage=none relay1=0 targetV=500.0 targetI=50.0 presentV=6.4 presentI=0.0 cp=B1 slac=0 hlc=0
[PROGRESS] phase=wait_for_session stage=none relay1=0 targetV=500.0 targetI=50.0 presentV=6.1 presentI=0.0 cp=B1 slac=0 hlc=0
[HOSTMOD] reason=precharge en=1 reqV=500.0 reqI=2.0 ok=1 assigned=1 active=0 beforeV=6.0 beforeI=0.0 afterV=6.0 afterI=0.0 lc=Allocated tr=Idle off=1 offVerified=0 lease=0 online=1 group=PLC_GROUP_2 snapV=6.0 snapI=0.0 beforeOff=1
[HOSTMOD] reason=precharge en=1 reqV=500.0 reqI=2.0 ok=1 assigned=1 active=1 beforeV=5.9 beforeI=0.0 afterV=5.9 afterI=0.0 lc=Allocated tr=Idle off=1 offVerified=0 lease=0 online=1 group=PLC_GROUP_2 snapV=5.9 snapI=0.0 beforeOff=1
[HOSTMOD] reason=precharge en=1 reqV=500.0 reqI=2.0 ok=1 assigned=1 active=1 beforeV=8.5 beforeI=0.0 afterV=8.5 afterI=0.0 lc=Allocated tr=Idle off=1 offVerified=0 lease=0 online=1 group=PLC_GROUP_2 snapV=8.5 snapI=0.0 beforeOff=1
[HOSTMOD] reason=current_demand en=1 reqV=500.0 reqI=50.0 ok=1 assigned=1 active=1 beforeV=8.5 beforeI=0.0 afterV=8.5 afterI=0.0 lc=Allocated tr=Idle off=1 offVerified=0 lease=0 online=1 group=PLC_GROUP_2 snapV=8.5 snapI=0.0 beforeOff=1
[HOSTFB] stage=current_demand targetApplied=1 relay=1 valid=1 telemetryValid=1 sampleValid=1 sampleFresh=1 moduleOff=1 reqV=500.0 reqI=50.0 presentV=8.5 presentI=0.0 ready=1
[PROGRESS] phase=wait_for_session stage=current_demand relay1=1 targetV=500.0 targetI=50.0 presentV=11.1 presentI=0.0 cp=C slac=1 hlc=1
[HOSTFB] stage=current_demand targetApplied=1 relay=1 valid=1 telemetryValid=1 sampleValid=1 sampleFresh=1 moduleOff=1 reqV=500.0 reqI=50.0 presentV=19.8 presentI=0.0 ready=1
[HOSTFB] stage=current_demand targetApplied=1 relay=1 valid=1 telemetryValid=1 sampleValid=1 sampleFresh=1 moduleOff=1 reqV=500.0 reqI=50.0 presentV=61.0 presentI=0.0 ready=1
[HOSTFB] stage=current_demand targetApplied=1 relay=1 valid=1 telemetryValid=1 sampleValid=1 sampleFresh=1 moduleOff=1 reqV=500.0 reqI=50.0 presentV=93.0 presentI=0.0 ready=1
[HOSTMOD] reason=current_demand en=1 reqV=500.0 reqI=50.0 ok=1 assigned=1 active=1 beforeV=136.2 beforeI=0.0 afterV=136.2 afterI=0.0 lc=Allocated tr=Idle off=1 offVerified=0 lease=0 online=1 group=PLC_GROUP_2 snapV=136.2 snapI=0.0 beforeOff=1
[HOSTFB] stage=current_demand targetApplied=1 relay=1 valid=1 telemetryValid=1 sampleValid=1 sampleFresh=1 moduleOff=1 reqV=500.0 reqI=50.0 presentV=136.2 presentI=0.0 ready=1
[HOSTFB] stage=current_demand targetApplied=1 relay=1 valid=1 telemetryValid=1 sampleValid=1 sampleFresh=1 moduleOff=0 reqV=500.0 reqI=50.0 presentV=233.2 presentI=0.0 ready=1
[HOSTFB] stage=current_demand targetApplied=1 relay=1 valid=1 telemetryValid=1 sampleValid=1 sampleFresh=1 moduleOff=0 reqV=500.0 reqI=50.0 presentV=281.7 presentI=0.0 ready=1
[HOSTFB] stage=current_demand targetApplied=1 relay=1 valid=1 telemetryValid=1 sampleValid=1 sampleFresh=1 moduleOff=0 reqV=500.0 reqI=50.0 presentV=330.2 presentI=0.0 ready=1
[HOSTFB] stage=current_demand targetApplied=1 relay=1 valid=1 telemetryValid=1 sampleValid=1 sampleFresh=1 moduleOff=0 reqV=500.0 reqI=50.0 presentV=378.6 presentI=0.0 ready=1
[HOSTMOD] reason=current_demand en=1 reqV=500.0 reqI=50.0 ok=1 assigned=1 active=1 beforeV=420.2 beforeI=0.0 afterV=420.2 afterI=0.0 lc=Allocated tr=Idle off=0 offVerified=0 lease=0 online=1 group=PLC_GROUP_2 snapV=420.2 snapI=0.0 beforeOff=0
[HOSTFB] stage=current_demand targetApplied=1 relay=1 valid=1 telemetryValid=1 sampleValid=1 sampleFresh=1 moduleOff=0 reqV=500.0 reqI=50.0 presentV=420.2 presentI=0.0 ready=1
[HOSTFB] stage=current_demand targetApplied=1 relay=1 valid=1 telemetryValid=1 sampleValid=1 sampleFresh=1 moduleOff=0 reqV=500.0 reqI=50.0 presentV=451.9 presentI=0.0 ready=1
[HOSTFB] stage=current_demand targetApplied=1 relay=1 valid=1 telemetryValid=1 sampleValid=1 sampleFresh=1 moduleOff=0 reqV=500.0 reqI=50.0 presentV=477.6 presentI=0.0 ready=1
[HOSTFB] stage=current_demand targetApplied=1 relay=1 valid=1 telemetryValid=1 sampleValid=1 sampleFresh=1 moduleOff=0 reqV=500.0 reqI=50.0 presentV=499.8 presentI=0.0 ready=1
[HOSTMOD] reason=current_demand en=1 reqV=500.0 reqI=50.0 ok=1 assigned=1 active=1 beforeV=499.9 beforeI=0.0 afterV=499.9 afterI=0.0 lc=Allocated tr=Idle off=0 offVerified=0 lease=0 online=1 group=PLC_GROUP_2 snapV=499.9 snapI=0.0 beforeOff=0
[HOSTMOD] reason=current_demand en=1 reqV=500.0 reqI=50.0 ok=1 assigned=1 active=1 beforeV=499.9 beforeI=0.0 afterV=499.9 afterI=0.0 lc=Allocated tr=Idle off=0 offVerified=0 lease=0 online=1 group=PLC_GROUP_2 snapV=499.9 snapI=0.0 beforeOff=0
[HOSTFB] stage=current_demand targetApplied=1 relay=1 valid=1 telemetryValid=1 sampleValid=1 sampleFresh=1 moduleOff=0 reqV=500.0 reqI=50.0 presentV=499.9 presentI=0.0 ready=1
[HOSTMOD] reason=current_demand en=1 reqV=500.0 reqI=50.0 ok=1 assigned=1 active=1 beforeV=500.0 beforeI=0.0 afterV=500.0 afterI=0.0 lc=Allocated tr=Idle off=0 offVerified=0 lease=0 online=1 group=PLC_GROUP_2 snapV=500.0 snapI=0.0 beforeOff=0
[HOSTFB] stage=current_demand targetApplied=1 relay=1 valid=1 telemetryValid=1 sampleValid=1 sampleFresh=1 moduleOff=0 reqV=500.0 reqI=50.0 presentV=500.0 presentI=0.0 ready=1
[HOSTMOD] reason=current_demand en=1 reqV=500.0 reqI=50.0 ok=1 assigned=1 active=1 beforeV=500.0 beforeI=0.0 afterV=500.0 afterI=0.0 lc=Allocated tr=Idle off=0 offVerified=0 lease=0 online=1 group=PLC_GROUP_2 snapV=500.0 snapI=0.0 beforeOff=0
[HOSTFB] stage=current_demand targetApplied=1 relay=1 valid=1 telemetryValid=1 sampleValid=1 sampleFresh=1 moduleOff=0 reqV=500.0 reqI=50.0 presentV=500.0 presentI=0.0 ready=1
[HOSTMOD] reason=current_demand en=1 reqV=500.0 reqI=50.0 ok=1 assigned=1 active=1 beforeV=500.0 beforeI=0.0 afterV=500.0 afterI=0.0 lc=Allocated tr=Idle off=0 offVerified=0 lease=0 online=1 group=PLC_GROUP_2 snapV=500.0 snapI=0.0 beforeOff=0
[HOSTMOD] reason=none en=0 reqV=0.0 reqI=0.0 ok=1 assigned=1 active=1 beforeV=500.0 beforeI=0.0 afterV=500.0 afterI=0.0 lc=Allocated tr=Idle off=0 offVerified=0 lease=0 online=1 group=PLC_GROUP_2 snapV=500.0 snapI=0.0 beforeOff=0
[PROGRESS] phase=wait_for_session stage=none relay1=0 targetV=500.0 targetI=50.0 presentV=4.7 presentI=0.0 cp=B2 slac=0 hlc=1
[PROGRESS] phase=wait_for_session stage=none relay1=0 targetV=500.0 targetI=50.0 presentV=7.9 presentI=0.0 cp=B2 slac=0 hlc=1
[PROGRESS] phase=wait_for_session stage=none relay1=0 targetV=500.0 targetI=50.0 presentV=8.2 presentI=0.0 cp=B2 slac=0 hlc=1
[PROGRESS] phase=wait_for_session stage=none relay1=0 targetV=500.0 targetI=50.0 presentV=8.0 presentI=0.0 cp=B2 slac=0 hlc=1
[PROGRESS] phase=wait_for_session stage=none relay1=0 targetV=500.0 targetI=50.0 presentV=7.7 presentI=0.0 cp=B2 slac=0 hlc=1
[PROGRESS] phase=wait_for_session stage=none relay1=0 targetV=500.0 targetI=50.0 presentV=7.4 presentI=0.0 cp=B2 slac=0 hlc=1
[PROGRESS] phase=wait_for_session stage=none relay1=0 targetV=500.0 targetI=50.0 presentV=7.1 presentI=0.0 cp=B2 slac=0 hlc=1
[PROGRESS] phase=wait_for_session stage=none relay1=0 targetV=500.0 targetI=50.0 presentV=6.7 presentI=0.0 cp=B2 slac=0 hlc=1
[PROGRESS] phase=wait_for_session stage=none relay1=0 targetV=500.0 targetI=50.0 presentV=6.4 presentI=0.0 cp=B2 slac=0 hlc=1
[PROGRESS] phase=wait_for_session stage=none relay1=0 targetV=500.0 targetI=50.0 presentV=6.2 presentI=0.0 cp=B1 slac=0 hlc=0
[PROGRESS] phase=wait_for_session stage=none relay1=0 targetV=500.0 targetI=50.0 presentV=6.0 presentI=0.0 cp=B1 slac=0 hlc=0
[PROGRESS] phase=wait_for_session stage=none relay1=0 targetV=500.0 targetI=50.0 presentV=5.8 presentI=0.0 cp=B2 slac=0 hlc=0
[PROGRESS] phase=wait_for_session stage=none relay1=0 targetV=500.0 targetI=50.0 presentV=5.6 presentI=0.0 cp=B2 slac=0 hlc=0
[PROGRESS] phase=wait_for_session stage=none relay1=0 targetV=500.0 targetI=50.0 presentV=5.4 presentI=0.0 cp=B2 slac=0 hlc=0
[PROGRESS] phase=wait_for_session stage=none relay1=0 targetV=500.0 targetI=50.0 presentV=5.2 presentI=0.0 cp=B2 slac=0 hlc=0
[PROGRESS] phase=wait_for_session stage=none relay1=0 targetV=500.0 targetI=50.0 presentV=5.0 presentI=0.0 cp=B2 slac=0 hlc=0
[PROGRESS] phase=wait_for_session stage=none relay1=0 targetV=500.0 targetI=50.0 presentV=4.9 presentI=0.0 cp=B2 slac=0 hlc=0
[PROGRESS] phase=wait_for_session stage=none relay1=0 targetV=500.0 targetI=50.0 presentV=4.8 presentI=0.0 cp=B2 slac=0 hlc=0
[PROGRESS] phase=wait_for_session stage=none relay1=0 targetV=500.0 targetI=50.0 presentV=4.7 presentI=0.0 cp= slac=0 hlc=0
[PROGRESS] phase=wait_for_session stage=none relay1=0 targetV=500.0 targetI=50.0 presentV=4.6 presentI=0.0 cp=B1 slac=0 hlc=0
[PROGRESS] phase=wait_for_session stage=none relay1=0 targetV=500.0 targetI=50.0 presentV=4.6 presentI=0.0 cp=B1 slac=0 hlc=0
[PROGRESS] phase=wait_for_session stage=none relay1=0 targetV=500.0 targetI=50.0 presentV=4.6 presentI=0.0 cp=B2 slac=1 hlc=1
[HOSTMOD] reason=precharge en=1 reqV=500.0 reqI=2.0 ok=1 assigned=1 active=0 beforeV=4.5 beforeI=0.0 afterV=4.5 afterI=0.0 lc=Allocated tr=Idle off=1 offVerified=0 lease=0 online=1 group=PLC_GROUP_2 snapV=4.5 snapI=0.0 beforeOff=1
[HOSTMOD] reason=precharge en=1 reqV=500.0 reqI=2.0 ok=1 assigned=1 active=1 beforeV=4.5 beforeI=0.0 afterV=4.5 afterI=0.0 lc=Allocated tr=Idle off=1 offVerified=0 lease=0 online=1 group=PLC_GROUP_2 snapV=4.5 snapI=0.0 beforeOff=1
[HOSTMOD] reason=precharge en=1 reqV=500.0 reqI=2.0 ok=1 assigned=1 active=1 beforeV=7.2 beforeI=0.0 afterV=7.2 afterI=0.0 lc=Allocated tr=Idle off=1 offVerified=0 lease=0 online=1 group=PLC_GROUP_2 snapV=7.2 snapI=0.0 beforeOff=1
[HOSTMOD] reason=current_demand en=1 reqV=500.0 reqI=50.0 ok=1 assigned=1 active=1 beforeV=7.2 beforeI=0.0 afterV=7.2 afterI=0.0 lc=Allocated tr=Idle off=1 offVerified=0 lease=0 online=1 group=PLC_GROUP_2 snapV=7.2 snapI=0.0 beforeOff=1
[HOSTFB] stage=current_demand targetApplied=1 relay=1 valid=1 telemetryValid=1 sampleValid=1 sampleFresh=1 moduleOff=1 reqV=500.0 reqI=50.0 presentV=8.5 presentI=0.0 ready=1
[HOSTFB] stage=current_demand targetApplied=1 relay=1 valid=1 telemetryValid=1 sampleValid=1 sampleFresh=1 moduleOff=1 reqV=500.0 reqI=50.0 presentV=21.0 presentI=0.0 ready=1
[HOSTFB] stage=current_demand targetApplied=1 relay=1 valid=1 telemetryValid=1 sampleValid=1 sampleFresh=1 moduleOff=0 reqV=500.0 reqI=50.0 presentV=64.0 presentI=0.0 ready=1
[HOSTFB] stage=current_demand targetApplied=1 relay=1 valid=1 telemetryValid=1 sampleValid=1 sampleFresh=1 moduleOff=0 reqV=500.0 reqI=50.0 presentV=97.6 presentI=0.0 ready=1
[HOSTMOD] reason=current_demand en=1 reqV=500.0 reqI=50.0 ok=1 assigned=1 active=1 beforeV=141.9 beforeI=0.0 afterV=141.9 afterI=0.0 lc=Allocated tr=Idle off=0 offVerified=0 lease=0 online=1 group=PLC_GROUP_2 snapV=141.9 snapI=0.0 beforeOff=0
[HOSTFB] stage=current_demand targetApplied=1 relay=1 valid=1 telemetryValid=1 sampleValid=1 sampleFresh=1 moduleOff=0 reqV=500.0 reqI=50.0 presentV=141.9 presentI=0.0 ready=1
[HOSTFB] stage=current_demand targetApplied=1 relay=1 valid=1 telemetryValid=1 sampleValid=1 sampleFresh=1 moduleOff=0 reqV=500.0 reqI=50.0 presentV=190.6 presentI=0.0 ready=1
[PROGRESS] phase=wait_for_session stage=current_demand relay1=1 targetV=500.0 targetI=50.0 presentV=190.6 presentI=0.0 cp=C slac=1 hlc=1
[HOSTFB] stage=current_demand targetApplied=1 relay=1 valid=1 telemetryValid=1 sampleValid=1 sampleFresh=1 moduleOff=0 reqV=500.0 reqI=50.0 presentV=239.2 presentI=0.0 ready=1
[HOSTFB] stage=current_demand targetApplied=1 relay=1 valid=1 telemetryValid=1 sampleValid=1 sampleFresh=1 moduleOff=0 reqV=500.0 reqI=50.0 presentV=287.8 presentI=0.0 ready=1
[HOSTFB] stage=current_demand targetApplied=1 relay=1 valid=1 telemetryValid=1 sampleValid=1 sampleFresh=1 moduleOff=0 reqV=500.0 reqI=50.0 presentV=336.3 presentI=0.0 ready=1
[HOSTMOD] reason=current_demand en=1 reqV=500.0 reqI=50.0 ok=1 assigned=1 active=1 beforeV=424.4 beforeI=0.0 afterV=424.4 afterI=0.0 lc=Allocated tr=Idle off=0 offVerified=0 lease=0 online=1 group=PLC_GROUP_2 snapV=424.4 snapI=0.0 beforeOff=0
[HOSTFB] stage=current_demand targetApplied=1 relay=1 valid=1 telemetryValid=1 sampleValid=1 sampleFresh=1 moduleOff=0 reqV=500.0 reqI=50.0 presentV=424.4 presentI=0.0 ready=1
[HOSTFB] stage=current_demand targetApplied=1 relay=1 valid=1 telemetryValid=1 sampleValid=1 sampleFresh=1 moduleOff=0 reqV=500.0 reqI=50.0 presentV=455.4 presentI=0.0 ready=1
[HOSTFB] stage=current_demand targetApplied=1 relay=1 valid=1 telemetryValid=1 sampleValid=1 sampleFresh=1 moduleOff=0 reqV=500.0 reqI=50.0 presentV=480.2 presentI=0.0 ready=1
[HOSTFB] stage=current_demand targetApplied=1 relay=1 valid=1 telemetryValid=1 sampleValid=1 sampleFresh=1 moduleOff=0 reqV=500.0 reqI=50.0 presentV=495.6 presentI=0.0 ready=1
[HOSTMOD] reason=current_demand en=1 reqV=500.0 reqI=50.0 ok=1 assigned=1 active=1 beforeV=500.0 beforeI=0.0 afterV=500.0 afterI=0.0 lc=Allocated tr=Idle off=0 offVerified=0 lease=0 online=1 group=PLC_GROUP_2 snapV=500.0 snapI=0.0 beforeOff=0
[HOSTFB] stage=current_demand targetApplied=1 relay=1 valid=1 telemetryValid=1 sampleValid=1 sampleFresh=1 moduleOff=0 reqV=500.0 reqI=50.0 presentV=500.0 presentI=0.0 ready=1
[HOSTMOD] reason=current_demand en=1 reqV=500.0 reqI=50.0 ok=1 assigned=1 active=1 beforeV=500.0 beforeI=0.0 afterV=500.0 afterI=0.0 lc=Allocated tr=Idle off=0 offVerified=0 lease=0 online=1 group=PLC_GROUP_2 snapV=500.0 snapI=0.0 beforeOff=0
[HOSTFB] stage=current_demand targetApplied=1 relay=1 valid=1 telemetryValid=1 sampleValid=1 sampleFresh=1 moduleOff=0 reqV=500.0 reqI=50.0 presentV=500.0 presentI=0.0 ready=1
[HOSTMOD] reason=current_demand en=1 reqV=500.0 reqI=50.0 ok=1 assigned=1 active=1 beforeV=500.0 beforeI=0.0 afterV=500.0 afterI=0.0 lc=Allocated tr=Idle off=0 offVerified=0 lease=0 online=1 group=PLC_GROUP_2 snapV=500.0 snapI=0.0 beforeOff=0
[HOSTFB] stage=current_demand targetApplied=1 relay=1 valid=1 telemetryValid=1 sampleValid=1 sampleFresh=1 moduleOff=0 reqV=500.0 reqI=50.0 presentV=500.0 presentI=0.0 ready=1
[HOSTMOD] reason=current_demand en=1 reqV=500.0 reqI=50.0 ok=1 assigned=1 active=1 beforeV=500.0 beforeI=0.0 afterV=500.0 afterI=0.0 lc=Allocated tr=Idle off=0 offVerified=0 lease=0 online=1 group=PLC_GROUP_2 snapV=500.0 snapI=0.0 beforeOff=0
[HOSTMOD] reason=current_demand en=1 reqV=500.0 reqI=50.0 ok=1 assigned=1 active=1 beforeV=500.0 beforeI=0.0 afterV=500.0 afterI=0.0 lc=Allocated tr=Idle off=0 offVerified=0 lease=0 online=1 group=PLC_GROUP_2 snapV=500.0 snapI=0.0 beforeOff=0
[HOSTFB] stage=current_demand targetApplied=1 relay=1 valid=1 telemetryValid=1 sampleValid=1 sampleFresh=1 moduleOff=0 reqV=500.0 reqI=50.0 presentV=500.0 presentI=0.0 ready=1
[HOSTMOD] reason=current_demand en=1 reqV=500.0 reqI=50.0 ok=1 assigned=1 active=1 beforeV=500.2 beforeI=0.0 afterV=500.2 afterI=0.0 lc=Allocated tr=Idle off=0 offVerified=0 lease=0 online=1 group=PLC_GROUP_2 snapV=500.2 snapI=0.0 beforeOff=0
[HOSTFB] stage=current_demand targetApplied=1 relay=1 valid=1 telemetryValid=1 sampleValid=1 sampleFresh=1 moduleOff=0 reqV=500.0 reqI=50.0 presentV=500.2 presentI=0.0 ready=1
[HOSTMOD] reason=current_demand en=1 reqV=500.0 reqI=50.0 ok=1 assigned=1 active=1 beforeV=500.1 beforeI=0.0 afterV=500.1 afterI=0.0 lc=Allocated tr=Idle off=0 offVerified=0 lease=0 online=1 group=PLC_GROUP_2 snapV=500.1 snapI=0.0 beforeOff=0
[HOSTFB] stage=current_demand targetApplied=1 relay=1 valid=1 telemetryValid=1 sampleValid=1 sampleFresh=1 moduleOff=0 reqV=500.0 reqI=50.0 presentV=500.0 presentI=0.0 ready=1
[HOSTMOD] reason=current_demand en=1 reqV=500.0 reqI=50.0 ok=1 assigned=1 active=1 beforeV=500.0 beforeI=0.0 afterV=500.0 afterI=0.0 lc=Allocated tr=Idle off=0 offVerified=0 lease=0 online=1 group=PLC_GROUP_2 snapV=500.0 snapI=0.0 beforeOff=0
[HOSTFB] stage=current_demand targetApplied=1 relay=1 valid=1 telemetryValid=1 sampleValid=1 sampleFresh=1 moduleOff=0 reqV=500.0 reqI=50.0 presentV=499.9 presentI=0.0 ready=1
[HOSTMOD] reason=none en=0 reqV=0.0 reqI=0.0 ok=1 assigned=1 active=1 beforeV=499.9 beforeI=0.0 afterV=499.9 afterI=0.0 lc=Allocated tr=Idle off=0 offVerified=0 lease=0 online=1 group=PLC_GROUP_2 snapV=499.9 snapI=0.0 beforeOff=0
[PROGRESS] phase=wait_for_session stage=none relay1=0 targetV=500.0 targetI=50.0 presentV=499.9 presentI=0.0 cp=B2 slac=0 hlc=1
[PROGRESS] phase=wait_for_session stage=none relay1=0 targetV=500.0 targetI=50.0 presentV=7.9 presentI=0.0 cp=B2 slac=0 hlc=1
[PROGRESS] phase=wait_for_session stage=none relay1=0 targetV=500.0 targetI=50.0 presentV=8.7 presentI=0.0 cp=B2 slac=0 hlc=1
[PROGRESS] phase=wait_for_session stage=none relay1=0 targetV=500.0 targetI=50.0 presentV=8.7 presentI=0.0 cp=B2 slac=0 hlc=1
[PROGRESS] phase=wait_for_session stage=none relay1=0 targetV=500.0 targetI=50.0 presentV=8.4 presentI=0.0 cp=B2 slac=0 hlc=1
[PROGRESS] phase=wait_for_session stage=none relay1=0 targetV=500.0 targetI=50.0 presentV=7.9 presentI=0.0 cp= slac=0 hlc=1
[PROGRESS] phase=wait_for_session stage=none relay1=0 targetV=500.0 targetI=50.0 presentV=7.6 presentI=0.0 cp=B2 slac=0 hlc=1
[PROGRESS] phase=wait_for_session stage=none relay1=0 targetV=500.0 targetI=50.0 presentV=7.2 presentI=0.0 cp=B2 slac=0 hlc=1
[PROGRESS] phase=wait_for_session stage=none relay1=0 targetV=500.0 targetI=50.0 presentV=6.9 presentI=0.0 cp=B2 slac=0 hlc=1
[PROGRESS] phase=wait_for_session stage=none relay1=0 targetV=500.0 targetI=50.0 presentV=6.6 presentI=0.0 cp=B1 slac=0 hlc=0
[PROGRESS] phase=wait_for_session stage=none relay1=0 targetV=500.0 targetI=50.0 presentV=6.3 presentI=0.0 cp=B1 slac=0 hlc=0
[PROGRESS] phase=wait_for_session stage=none relay1=0 targetV=500.0 targetI=50.0 presentV=6.1 presentI=0.0 cp=B2 slac=0 hlc=0
[HOSTMOD] reason=precharge en=1 reqV=500.0 reqI=2.0 ok=1 assigned=1 active=0 beforeV=5.9 beforeI=0.0 afterV=5.9 afterI=0.0 lc=Allocated tr=Idle off=1 offVerified=0 lease=0 online=1 group=PLC_GROUP_2 snapV=5.9 snapI=0.0 beforeOff=1
[HOSTMOD] reason=precharge en=1 reqV=500.0 reqI=2.0 ok=1 assigned=1 active=1 beforeV=5.9 beforeI=0.0 afterV=5.9 afterI=0.0 lc=Allocated tr=Idle off=1 offVerified=0 lease=0 online=1 group=PLC_GROUP_2 snapV=5.9 snapI=0.0 beforeOff=1
[HOSTMOD] reason=precharge en=1 reqV=500.0 reqI=2.0 ok=1 assigned=1 active=1 beforeV=8.6 beforeI=0.0 afterV=8.6 afterI=0.0 lc=Allocated tr=Idle off=1 offVerified=0 lease=0 online=1 group=PLC_GROUP_2 snapV=8.6 snapI=0.0 beforeOff=1
[HOSTMOD] reason=current_demand en=1 reqV=500.0 reqI=50.0 ok=1 assigned=1 active=1 beforeV=8.6 beforeI=0.0 afterV=8.6 afterI=0.0 lc=Allocated tr=Idle off=1 offVerified=0 lease=0 online=1 group=PLC_GROUP_2 snapV=8.6 snapI=0.0 beforeOff=1
[HOSTFB] stage=current_demand targetApplied=1 relay=1 valid=1 telemetryValid=1 sampleValid=1 sampleFresh=1 moduleOff=1 reqV=500.0 reqI=50.0 presentV=8.6 presentI=0.0 ready=1
[HOSTFB] stage=current_demand targetApplied=1 relay=1 valid=1 telemetryValid=1 sampleValid=1 sampleFresh=1 moduleOff=0 reqV=500.0 reqI=50.0 presentV=22.2 presentI=0.0 ready=1
[HOSTFB] stage=current_demand targetApplied=1 relay=1 valid=1 telemetryValid=1 sampleValid=1 sampleFresh=1 moduleOff=0 reqV=500.0 reqI=50.0 presentV=46.0 presentI=0.0 ready=1
[HOSTFB] stage=current_demand targetApplied=1 relay=1 valid=1 telemetryValid=1 sampleValid=1 sampleFresh=1 moduleOff=0 reqV=500.0 reqI=50.0 presentV=72.0 presentI=0.0 ready=1
[HOSTMOD] reason=current_demand en=1 reqV=500.0 reqI=50.0 ok=1 assigned=1 active=1 beforeV=108.3 beforeI=0.0 afterV=108.3 afterI=0.0 lc=Allocated tr=Idle off=0 offVerified=0 lease=0 online=1 group=PLC_GROUP_2 snapV=108.3 snapI=0.0 beforeOff=0
[HOSTFB] stage=current_demand targetApplied=1 relay=1 valid=1 telemetryValid=1 sampleValid=1 sampleFresh=1 moduleOff=0 reqV=500.0 reqI=50.0 presentV=108.3 presentI=0.0 ready=1
[PROGRESS] phase=wait_for_session stage=current_demand relay1=1 targetV=500.0 targetI=50.0 presentV=108.3 presentI=0.0 cp=C slac=1 hlc=1
[HOSTFB] stage=current_demand targetApplied=1 relay=1 valid=1 telemetryValid=1 sampleValid=1 sampleFresh=1 moduleOff=0 reqV=500.0 reqI=50.0 presentV=154.4 presentI=0.0 ready=1
[HOSTFB] stage=current_demand targetApplied=1 relay=1 valid=1 telemetryValid=1 sampleValid=1 sampleFresh=1 moduleOff=0 reqV=500.0 reqI=50.0 presentV=203.0 presentI=0.0 ready=1
[HOSTFB] stage=current_demand targetApplied=1 relay=1 valid=1 telemetryValid=1 sampleValid=1 sampleFresh=1 moduleOff=0 reqV=500.0 reqI=50.0 presentV=300.0 presentI=0.0 ready=1
[HOSTFB] stage=current_demand targetApplied=1 relay=1 valid=1 telemetryValid=1 sampleValid=1 sampleFresh=1 moduleOff=0 reqV=500.0 reqI=50.0 presentV=348.5 presentI=0.0 ready=1
[HOSTMOD] reason=current_demand en=1 reqV=500.0 reqI=50.0 ok=1 assigned=1 active=1 beforeV=396.1 beforeI=0.0 afterV=396.1 afterI=0.0 lc=Allocated tr=Idle off=0 offVerified=0 lease=0 online=1 group=PLC_GROUP_2 snapV=396.1 snapI=0.0 beforeOff=0
[HOSTFB] stage=current_demand targetApplied=1 relay=1 valid=1 telemetryValid=1 sampleValid=1 sampleFresh=1 moduleOff=0 reqV=500.0 reqI=50.0 presentV=396.1 presentI=0.0 ready=1
[HOSTFB] stage=current_demand targetApplied=1 relay=1 valid=1 telemetryValid=1 sampleValid=1 sampleFresh=1 moduleOff=0 reqV=500.0 reqI=50.0 presentV=432.7 presentI=0.0 ready=1
[HOSTFB] stage=current_demand targetApplied=1 relay=1 valid=1 telemetryValid=1 sampleValid=1 sampleFresh=1 moduleOff=0 reqV=500.0 reqI=50.0 presentV=462.2 presentI=0.0 ready=1
[HOSTFB] stage=current_demand targetApplied=1 relay=1 valid=1 telemetryValid=1 sampleValid=1 sampleFresh=1 moduleOff=0 reqV=500.0 reqI=50.0 presentV=485.1 presentI=0.0 ready=1
[HOSTFB] stage=current_demand targetApplied=1 relay=1 valid=1 telemetryValid=1 sampleValid=1 sampleFresh=1 moduleOff=0 reqV=500.0 reqI=50.0 presentV=497.5 presentI=0.0 ready=1
[HOSTMOD] reason=current_demand en=1 reqV=500.0 reqI=50.0 ok=1 assigned=1 active=1 beforeV=500.0 beforeI=0.0 afterV=500.0 afterI=0.0 lc=Allocated tr=Idle off=0 offVerified=0 lease=0 online=1 group=PLC_GROUP_2 snapV=500.0 snapI=0.0 beforeOff=0
[HOSTFB] stage=current_demand targetApplied=1 relay=1 valid=1 telemetryValid=1 sampleValid=1 sampleFresh=1 moduleOff=0 reqV=500.0 reqI=50.0 presentV=500.0 presentI=0.0 ready=1
[HOSTMOD] reason=current_demand en=1 reqV=500.0 reqI=50.0 ok=1 assigned=1 active=1 beforeV=500.0 beforeI=0.0 afterV=500.0 afterI=0.0 lc=Allocated tr=Idle off=0 offVerified=0 lease=0 online=1 group=PLC_GROUP_2 snapV=500.0 snapI=0.0 beforeOff=0
[HOSTFB] stage=current_demand targetApplied=1 relay=1 valid=1 telemetryValid=1 sampleValid=1 sampleFresh=1 moduleOff=0 reqV=500.0 reqI=50.0 presentV=500.0 presentI=0.0 ready=1
[HOSTMOD] reason=current_demand en=1 reqV=500.0 reqI=50.0 ok=1 assigned=1 active=1 beforeV=500.0 beforeI=0.0 afterV=500.0 afterI=0.0 lc=Allocated tr=Idle off=0 offVerified=0 lease=0 online=1 group=PLC_GROUP_2 snapV=500.0 snapI=0.0 beforeOff=0
[HOSTMOD] reason=current_demand en=1 reqV=500.0 reqI=50.0 ok=1 assigned=1 active=1 beforeV=500.0 beforeI=0.0 afterV=500.0 afterI=0.0 lc=Allocated tr=Idle off=0 offVerified=0 lease=0 online=1 group=PLC_GROUP_2 snapV=500.0 snapI=0.0 beforeOff=0
[HOSTFB] stage=current_demand targetApplied=1 relay=1 valid=1 telemetryValid=1 sampleValid=1 sampleFresh=1 moduleOff=0 reqV=500.0 reqI=50.0 presentV=500.0 presentI=0.0 ready=1
[HOSTMOD] reason=current_demand en=1 reqV=500.0 reqI=50.0 ok=1 assigned=1 active=1 beforeV=500.0 beforeI=0.0 afterV=500.0 afterI=0.0 lc=Allocated tr=Idle off=0 offVerified=0 lease=0 online=1 group=PLC_GROUP_2 snapV=500.0 snapI=0.0 beforeOff=0
[HOSTFB] stage=current_demand targetApplied=1 relay=1 valid=1 telemetryValid=1 sampleValid=1 sampleFresh=1 moduleOff=0 reqV=500.0 reqI=50.0 presentV=500.0 presentI=0.0 ready=1
[HOSTMOD] reason=current_demand en=1 reqV=500.0 reqI=50.0 ok=1 assigned=1 active=1 beforeV=500.0 beforeI=0.0 afterV=500.0 afterI=0.0 lc=Allocated tr=Idle off=0 offVerified=0 lease=0 online=1 group=PLC_GROUP_2 snapV=500.0 snapI=0.0 beforeOff=0
[HOSTFB] stage=current_demand targetApplied=1 relay=1 valid=1 telemetryValid=1 sampleValid=1 sampleFresh=1 moduleOff=0 reqV=500.0 reqI=50.0 presentV=500.0 presentI=0.0 ready=1
[HOSTMOD] reason=current_demand en=1 reqV=500.0 reqI=50.0 ok=1 assigned=1 active=1 beforeV=500.2 beforeI=0.0 afterV=500.2 afterI=0.0 lc=Allocated tr=Idle off=0 offVerified=0 lease=0 online=1 group=PLC_GROUP_2 snapV=500.2 snapI=0.0 beforeOff=0
[HOSTFB] stage=current_demand targetApplied=1 relay=1 valid=1 telemetryValid=1 sampleValid=1 sampleFresh=1 moduleOff=0 reqV=500.0 reqI=50.0 presentV=500.2 presentI=0.0 ready=1
[HOSTMOD] reason=current_demand en=1 reqV=500.0 reqI=50.0 ok=1 assigned=1 active=1 beforeV=500.2 beforeI=0.0 afterV=500.2 afterI=0.0 lc=Allocated tr=Idle off=0 offVerified=0 lease=0 online=1 group=PLC_GROUP_2 snapV=500.2 snapI=0.0 beforeOff=0
[HOSTFB] stage=current_demand targetApplied=1 relay=1 valid=1 telemetryValid=1 sampleValid=1 sampleFresh=1 moduleOff=0 reqV=500.0 reqI=50.0 presentV=500.0 presentI=0.0 ready=1
[PROGRESS] phase=wait_for_session stage=current_demand relay1=1 targetV=500.0 targetI=50.0 presentV=500.0 presentI=0.0 cp=B2 slac=0 hlc=1
[HOSTMOD] reason=none en=0 reqV=0.0 reqI=0.0 ok=1 assigned=1 active=1 beforeV=500.0 beforeI=0.0 afterV=500.0 afterI=0.0 lc=Allocated tr=Idle off=0 offVerified=0 lease=0 online=1 group=PLC_GROUP_2 snapV=500.0 snapI=0.0 beforeOff=0
[PROGRESS] phase=wait_for_session stage=none relay1=0 targetV=500.0 targetI=50.0 presentV=7.8 presentI=0.0 cp=B2 slac=0 hlc=1
[PROGRESS] phase=wait_for_session stage=none relay1=0 targetV=500.0 targetI=50.0 presentV=8.8 presentI=0.0 cp=B2 slac=0 hlc=1
[PROGRESS] phase=wait_for_session stage=none relay1=0 targetV=500.0 targetI=50.0 presentV=8.7 presentI=0.0 cp=B2 slac=0 hlc=1
[PROGRESS] phase=wait_for_session stage=none relay1=0 targetV=500.0 targetI=50.0 presentV=8.4 presentI=0.0 cp=B2 slac=0 hlc=1
[PROGRESS] phase=wait_for_session stage=none relay1=0 targetV=500.0 targetI=50.0 presentV=8.0 presentI=0.0 cp=B2 slac=0 hlc=1
[PROGRESS] phase=wait_for_session stage=none relay1=0 targetV=500.0 targetI=50.0 presentV=7.6 presentI=0.0 cp=B2 slac=0 hlc=1
[PROGRESS] phase=wait_for_session stage=none relay1=0 targetV=500.0 targetI=50.0 presentV=7.3 presentI=0.0 cp=B2 slac=0 hlc=1
[PROGRESS] phase=wait_for_session stage=none relay1=0 targetV=500.0 targetI=50.0 presentV=6.9 presentI=0.0 cp=B2 slac=0 hlc=1
[PROGRESS] phase=wait_for_session stage=none relay1=0 targetV=500.0 targetI=50.0 presentV=6.6 presentI=0.0 cp=B1 slac=0 hlc=0
[PROGRESS] phase=wait_for_session stage=none relay1=0 targetV=500.0 targetI=50.0 presentV=6.4 presentI=0.0 cp=B1 slac=0 hlc=0
[PROGRESS] phase=wait_for_session stage=none relay1=0 targetV=500.0 targetI=50.0 presentV=6.1 presentI=0.0 cp=B2 slac=0 hlc=0
[HOSTMOD] reason=precharge en=1 reqV=500.0 reqI=2.0 ok=1 assigned=1 active=0 beforeV=5.9 beforeI=0.0 afterV=5.9 afterI=0.0 lc=Allocated tr=Idle off=1 offVerified=0 lease=0 online=1 group=PLC_GROUP_2 snapV=5.9 snapI=0.0 beforeOff=1
[HOSTMOD] reason=precharge en=1 reqV=500.0 reqI=2.0 ok=1 assigned=1 active=1 beforeV=5.9 beforeI=0.0 afterV=5.9 afterI=0.0 lc=Allocated tr=Idle off=1 offVerified=0 lease=0 online=1 group=PLC_GROUP_2 snapV=5.9 snapI=0.0 beforeOff=1
[HOSTMOD] reason=precharge en=1 reqV=500.0 reqI=2.0 ok=1 assigned=1 active=1 beforeV=8.6 beforeI=0.0 afterV=8.6 afterI=0.0 lc=Allocated tr=Idle off=1 offVerified=0 lease=0 online=1 group=PLC_GROUP_2 snapV=8.6 snapI=0.0 beforeOff=1
[HOSTMOD] reason=current_demand en=1 reqV=500.0 reqI=50.0 ok=1 assigned=1 active=1 beforeV=8.6 beforeI=0.0 afterV=8.6 afterI=0.0 lc=Allocated tr=Idle off=1 offVerified=0 lease=0 online=1 group=PLC_GROUP_2 snapV=8.6 snapI=0.0 beforeOff=1
[HOSTFB] stage=current_demand targetApplied=1 relay=1 valid=1 telemetryValid=1 sampleValid=1 sampleFresh=1 moduleOff=1 reqV=500.0 reqI=50.0 presentV=8.6 presentI=0.0 ready=1
[PROGRESS] phase=wait_for_session stage=current_demand relay1=1 targetV=500.0 targetI=50.0 presentV=18.4 presentI=0.0 cp=C slac=1 hlc=1
[HOSTMOD] reason=current_demand en=1 reqV=500.0 reqI=50.0 ok=1 assigned=1 active=1 beforeV=142.2 beforeI=0.0 afterV=142.2 afterI=0.0 lc=Allocated tr=Idle off=0 offVerified=0 lease=0 online=1 group=PLC_GROUP_2 snapV=142.2 snapI=0.0 beforeOff=0
[HOSTFB] stage=current_demand targetApplied=1 relay=1 valid=1 telemetryValid=1 sampleValid=1 sampleFresh=1 moduleOff=0 reqV=500.0 reqI=50.0 presentV=142.2 presentI=0.0 ready=1
[HOSTFB] stage=current_demand targetApplied=1 relay=1 valid=1 telemetryValid=1 sampleValid=1 sampleFresh=1 moduleOff=0 reqV=500.0 reqI=50.0 presentV=190.8 presentI=0.0 ready=1
[HOSTFB] stage=current_demand targetApplied=1 relay=1 valid=1 telemetryValid=1 sampleValid=1 sampleFresh=1 moduleOff=0 reqV=500.0 reqI=50.0 presentV=239.3 presentI=0.0 ready=1
[HOSTFB] stage=current_demand targetApplied=1 relay=1 valid=1 telemetryValid=1 sampleValid=1 sampleFresh=1 moduleOff=0 reqV=500.0 reqI=50.0 presentV=287.9 presentI=0.0 ready=1
[HOSTFB] stage=current_demand targetApplied=1 relay=1 valid=1 telemetryValid=1 sampleValid=1 sampleFresh=1 moduleOff=0 reqV=500.0 reqI=50.0 presentV=336.3 presentI=0.0 ready=1
[HOSTFB] stage=current_demand targetApplied=1 relay=1 valid=1 telemetryValid=1 sampleValid=1 sampleFresh=1 moduleOff=0 reqV=500.0 reqI=50.0 presentV=424.4 presentI=0.0 ready=1
[HOSTMOD] reason=current_demand en=1 reqV=500.0 reqI=50.0 ok=1 assigned=1 active=1 beforeV=424.4 beforeI=0.0 afterV=424.4 afterI=0.0 lc=Allocated tr=Idle off=0 offVerified=0 lease=0 online=1 group=PLC_GROUP_2 snapV=424.4 snapI=0.0 beforeOff=0
[HOSTFB] stage=current_demand targetApplied=1 relay=1 valid=1 telemetryValid=1 sampleValid=1 sampleFresh=1 moduleOff=0 reqV=500.0 reqI=50.0 presentV=480.2 presentI=0.0 ready=1
[HOSTFB] stage=current_demand targetApplied=1 relay=1 valid=1 telemetryValid=1 sampleValid=1 sampleFresh=1 moduleOff=0 reqV=500.0 reqI=50.0 presentV=495.5 presentI=0.0 ready=1
[HOSTMOD] reason=current_demand en=1 reqV=500.0 reqI=50.0 ok=1 assigned=1 active=1 beforeV=500.0 beforeI=0.0 afterV=500.0 afterI=0.0 lc=Allocated tr=Idle off=0 offVerified=0 lease=0 online=1 group=PLC_GROUP_2 snapV=500.0 snapI=0.0 beforeOff=0
[HOSTFB] stage=current_demand targetApplied=1 relay=1 valid=1 telemetryValid=1 sampleValid=1 sampleFresh=1 moduleOff=0 reqV=500.0 reqI=50.0 presentV=500.0 presentI=0.0 ready=1
[HOSTMOD] reason=current_demand en=1 reqV=500.0 reqI=50.0 ok=1 assigned=1 active=1 beforeV=500.0 beforeI=0.0 afterV=500.0 afterI=0.0 lc=Allocated tr=Idle off=0 offVerified=0 lease=0 online=1 group=PLC_GROUP_2 snapV=500.0 snapI=0.0 beforeOff=0
[HOSTFB] stage=current_demand targetApplied=1 relay=1 valid=1 telemetryValid=1 sampleValid=1 sampleFresh=1 moduleOff=0 reqV=500.0 reqI=50.0 presentV=500.0 presentI=0.0 ready=1
[HOSTMOD] reason=current_demand en=1 reqV=500.0 reqI=50.0 ok=1 assigned=1 active=1 beforeV=500.0 beforeI=0.0 afterV=500.0 afterI=0.0 lc=Allocated tr=Idle off=0 offVerified=0 lease=0 online=1 group=PLC_GROUP_2 snapV=500.0 snapI=0.0 beforeOff=0
[HOSTFB] stage=current_demand targetApplied=1 relay=1 valid=1 telemetryValid=1 sampleValid=1 sampleFresh=1 moduleOff=0 reqV=500.0 reqI=50.0 presentV=500.2 presentI=0.0 ready=1
[HOSTMOD] reason=current_demand en=1 reqV=500.0 reqI=50.0 ok=1 assigned=1 active=1 beforeV=500.2 beforeI=0.0 afterV=500.2 afterI=0.0 lc=Allocated tr=Idle off=0 offVerified=0 lease=0 online=1 group=PLC_GROUP_2 snapV=500.2 snapI=0.0 beforeOff=0
[HOSTFB] stage=current_demand targetApplied=1 relay=1 valid=1 telemetryValid=1 sampleValid=1 sampleFresh=1 moduleOff=0 reqV=500.0 reqI=50.0 presentV=500.1 presentI=0.0 ready=1
[HOSTMOD] reason=current_demand en=1 reqV=500.0 reqI=50.0 ok=1 assigned=1 active=1 beforeV=500.1 beforeI=0.0 afterV=500.1 afterI=0.0 lc=Allocated tr=Idle off=0 offVerified=0 lease=0 online=1 group=PLC_GROUP_2 snapV=500.1 snapI=0.0 beforeOff=0
[HOSTMOD] reason=none en=0 reqV=0.0 reqI=0.0 ok=1 assigned=1 active=1 beforeV=500.0 beforeI=0.0 afterV=500.0 afterI=0.0 lc=Allocated tr=Idle off=0 offVerified=0 lease=0 online=1 group=PLC_GROUP_2 snapV=500.0 snapI=0.0 beforeOff=0
[PROGRESS] phase=wait_for_session stage=none relay1=0 targetV=500.0 targetI=50.0 presentV=4.7 presentI=0.0 cp=B2 slac=0 hlc=1
[PROGRESS] phase=wait_for_session stage=none relay1=0 targetV=500.0 targetI=50.0 presentV=8.0 presentI=0.0 cp=B2 slac=0 hlc=1
[PROGRESS] phase=wait_for_session stage=none relay1=0 targetV=500.0 targetI=50.0 presentV=8.4 presentI=0.0 cp=B2 slac=0 hlc=1
[PROGRESS] phase=wait_for_session stage=none relay1=0 targetV=500.0 targetI=50.0 presentV=8.3 presentI=0.0 cp=B2 slac=0 hlc=1
[PROGRESS] phase=wait_for_session stage=none relay1=0 targetV=500.0 targetI=50.0 presentV=7.9 presentI=0.0 cp=B2 slac=0 hlc=1
[PROGRESS] phase=wait_for_session stage=none relay1=0 targetV=500.0 targetI=50.0 presentV=7.6 presentI=0.0 cp=B2 slac=0 hlc=1
[PROGRESS] phase=wait_for_session stage=none relay1=0 targetV=500.0 targetI=50.0 presentV=7.3 presentI=0.0 cp=B2 slac=0 hlc=1
[PROGRESS] phase=wait_for_session stage=none relay1=0 targetV=500.0 targetI=50.0 presentV=6.9 presentI=0.0 cp=B2 slac=0 hlc=1
[PROGRESS] phase=wait_for_session stage=none relay1=0 targetV=500.0 targetI=50.0 presentV=6.6 presentI=0.0 cp=B2 slac=0 hlc=1
[PROGRESS] phase=wait_for_session stage=none relay1=0 targetV=500.0 targetI=50.0 presentV=6.3 presentI=0.0 cp=B1 slac=0 hlc=0
[PROGRESS] phase=wait_for_session stage=none relay1=0 targetV=500.0 targetI=50.0 presentV=6.1 presentI=0.0 cp=B1 slac=0 hlc=0
[PROGRESS] phase=wait_for_session stage=none relay1=0 targetV=500.0 targetI=50.0 presentV=5.9 presentI=0.0 cp=B2 slac=0 hlc=0
[PROGRESS] phase=wait_for_session stage=none relay1=0 targetV=500.0 targetI=50.0 presentV=5.7 presentI=0.0 cp=B2 slac=0 hlc=0
[PROGRESS] phase=wait_for_session stage=none relay1=0 targetV=500.0 targetI=50.0 presentV=5.5 presentI=0.0 cp=B2 slac=0 hlc=0
[PROGRESS] phase=wait_for_session stage=none relay1=0 targetV=500.0 targetI=50.0 presentV=5.3 presentI=0.0 cp=B2 slac=0 hlc=0
[PROGRESS] phase=wait_for_session stage=none relay1=0 targetV=500.0 targetI=50.0 presentV=5.1 presentI=0.0 cp=B2 slac=0 hlc=0
[PROGRESS] phase=wait_for_session stage=none relay1=0 targetV=500.0 targetI=50.0 presentV=4.9 presentI=0.0 cp=B2 slac=0 hlc=0
[PROGRESS] phase=wait_for_session stage=none relay1=0 targetV=500.0 targetI=50.0 presentV=4.8 presentI=0.0 cp=B2 slac=0 hlc=0
[PROGRESS] phase=wait_for_session stage=none relay1=0 targetV=500.0 targetI=50.0 presentV=4.7 presentI=0.0 cp=B2 slac=0 hlc=0
[FAIL] session never reached sustained CurrentDemand
[HOSTMOD] reason=Cleanup en=0 reqV=0.0 reqI=0.0 ok=1 assigned=1 active=0 beforeV=4.7 beforeI=0.0 afterV=4.7 afterI=0.0 lc=Allocated tr=Idle off=1 offVerified=0 lease=0 online=1 group=PLC_GROUP_2 snapV=4.7 snapI=0.0 beforeOff=1
