[BOOT] usb-touch reset /dev/ttyACM0
PLC_LOG=/home/jpi/Desktop/EVSE/plc_firmware/logs/controller_cbmodules_single_module_charge_20260323_082314.log
CAN_LOG=/home/jpi/Desktop/EVSE/plc_firmware/logs/controller_cbmodules_single_module_charge_20260323_082314_can.log
SUMMARY_FILE=/home/jpi/Desktop/EVSE/plc_firmware/logs/controller_cbmodules_single_module_charge_20260323_082314_summary.json
[BOOT] host module ready assigned=1 online=1 off=1 v=0.0 i=0.0
[BOOT] plc_id=2 connector_id=2 module=PLC2_MXR_02 group=2
[PROGRESS] phase=wait_for_session stage=none relay1=0 targetV=0.0 targetI=0.0 presentV=0.0 presentI=0.0 cp=B1 slac=0 hlc=0
[PROGRESS] phase=wait_for_session stage=none relay1=0 targetV=0.0 targetI=0.0 presentV=11.1 presentI=0.0 cp=B2 slac=1 hlc=1
[HOSTMOD] reason=precharge en=1 reqV=500.0 reqI=2.0 ok=1 assigned=1 active=0 beforeV=11.1 beforeI=0.0 afterV=11.1 afterI=0.0 lc=Allocated tr=Idle off=1 offVerified=0 lease=0 online=1 group=PLC_GROUP_2 snapV=11.1 snapI=0.0 beforeOff=1
[HOSTMOD] reason=precharge en=1 reqV=500.0 reqI=2.0 ok=1 assigned=1 active=1 beforeV=11.0 beforeI=0.0 afterV=11.0 afterI=0.0 lc=Allocated tr=Idle off=1 offVerified=0 lease=0 online=1 group=PLC_GROUP_2 snapV=11.0 snapI=0.0 beforeOff=1
[HOSTMOD] reason=precharge en=1 reqV=500.0 reqI=2.0 ok=1 assigned=1 active=1 beforeV=11.0 beforeI=0.0 afterV=11.0 afterI=0.0 lc=Allocated tr=Idle off=1 offVerified=0 lease=0 online=1 group=PLC_GROUP_2 snapV=11.0 snapI=0.0 beforeOff=1
[HOSTMOD] reason=precharge en=1 reqV=500.0 reqI=2.0 ok=1 assigned=1 active=1 beforeV=11.0 beforeI=0.0 afterV=11.0 afterI=0.0 lc=Allocated tr=Idle off=1 offVerified=0 lease=0 online=1 group=PLC_GROUP_2 snapV=11.0 snapI=0.0 beforeOff=1
[HOSTMOD] reason=precharge en=1 reqV=500.0 reqI=2.0 ok=1 assigned=1 active=1 beforeV=9.7 beforeI=0.0 afterV=9.7 afterI=0.0 lc=Allocated tr=Idle off=1 offVerified=0 lease=0 online=1 group=PLC_GROUP_2 snapV=9.7 snapI=0.0 beforeOff=1
[HOSTMOD] reason=precharge en=1 reqV=500.0 reqI=2.0 ok=1 assigned=1 active=1 beforeV=9.7 beforeI=0.0 afterV=9.7 afterI=0.0 lc=Allocated tr=Idle off=1 offVerified=0 lease=0 online=1 group=PLC_GROUP_2 snapV=9.7 snapI=0.0 beforeOff=1
[HOSTMOD] reason=precharge en=1 reqV=500.0 reqI=2.0 ok=1 assigned=1 active=1 beforeV=7.3 beforeI=0.0 afterV=7.3 afterI=0.0 lc=Allocated tr=Idle off=1 offVerified=0 lease=0 online=1 group=PLC_GROUP_2 snapV=7.3 snapI=0.0 beforeOff=1
[HOSTMOD] reason=current_demand en=1 reqV=500.0 reqI=50.0 ok=1 assigned=1 active=1 beforeV=7.3 beforeI=0.0 afterV=7.3 afterI=0.0 lc=Allocated tr=Idle off=1 offVerified=0 lease=0 online=1 group=PLC_GROUP_2 snapV=7.3 snapI=0.0 beforeOff=1
[HOSTMOD] reason=current_demand en=1 reqV=500.0 reqI=50.0 ok=1 assigned=1 active=1 beforeV=7.3 beforeI=0.0 afterV=7.3 afterI=0.0 lc=Allocated tr=Idle off=1 offVerified=0 lease=0 online=1 group=PLC_GROUP_2 snapV=7.3 snapI=0.0 beforeOff=1
[HOSTMOD] reason=current_demand en=1 reqV=500.0 reqI=50.0 ok=1 assigned=1 active=1 beforeV=4.3 beforeI=0.0 afterV=4.3 afterI=0.0 lc=Allocated tr=Idle off=1 offVerified=0 lease=0 online=1 group=PLC_GROUP_2 snapV=4.3 snapI=0.0 beforeOff=1
[HOSTMOD] reason=current_demand en=1 reqV=500.0 reqI=50.0 ok=1 assigned=1 active=1 beforeV=4.3 beforeI=0.0 afterV=4.3 afterI=0.0 lc=Allocated tr=Idle off=1 offVerified=0 lease=0 online=1 group=PLC_GROUP_2 snapV=4.3 snapI=0.0 beforeOff=1
[HOSTMOD] reason=current_demand en=1 reqV=500.0 reqI=50.0 ok=1 assigned=1 active=1 beforeV=4.2 beforeI=0.0 afterV=4.2 afterI=0.0 lc=Allocated tr=Idle off=1 offVerified=0 lease=0 online=1 group=PLC_GROUP_2 snapV=4.2 snapI=0.0 beforeOff=1
[HOSTMOD] reason=current_demand en=1 reqV=500.0 reqI=50.0 ok=1 assigned=1 active=1 beforeV=4.2 beforeI=0.0 afterV=4.2 afterI=0.0 lc=Allocated tr=Idle off=1 offVerified=0 lease=0 online=1 group=PLC_GROUP_2 snapV=4.2 snapI=0.0 beforeOff=1
[HOSTMOD] reason=current_demand en=1 reqV=500.0 reqI=50.0 ok=1 assigned=1 active=1 beforeV=4.2 beforeI=0.0 afterV=4.2 afterI=0.0 lc=Allocated tr=Idle off=1 offVerified=0 lease=0 online=1 group=PLC_GROUP_2 snapV=4.2 snapI=0.0 beforeOff=1
[HOSTMOD] reason=current_demand en=1 reqV=500.0 reqI=50.0 ok=1 assigned=1 active=1 beforeV=5.4 beforeI=0.8 afterV=5.4 afterI=0.8 lc=Allocated tr=Idle off=1 offVerified=0 lease=0 online=1 group=PLC_GROUP_2 snapV=5.4 snapI=0.8 beforeOff=1
[HOSTMOD] reason=current_demand en=1 reqV=500.0 reqI=50.0 ok=1 assigned=1 active=1 beforeV=7.8 beforeI=1.8 afterV=7.8 afterI=1.8 lc=Allocated tr=Idle off=1 offVerified=0 lease=0 online=1 group=PLC_GROUP_2 snapV=7.8 snapI=1.8 beforeOff=1
[HOSTMOD] reason=current_demand en=1 reqV=500.0 reqI=50.0 ok=1 assigned=1 active=1 beforeV=7.8 beforeI=2.1 afterV=7.8 afterI=2.1 lc=Allocated tr=Idle off=1 offVerified=0 lease=0 online=1 group=PLC_GROUP_2 snapV=7.8 snapI=2.1 beforeOff=1
[HOSTMOD] reason=current_demand en=1 reqV=500.0 reqI=50.0 ok=1 assigned=1 active=1 beforeV=26.3 beforeI=2.1 afterV=26.3 afterI=2.1 lc=Allocated tr=Idle off=0 offVerified=0 lease=0 online=1 group=PLC_GROUP_2 snapV=26.3 snapI=2.1 beforeOff=0
[HOSTMOD] reason=current_demand en=1 reqV=500.0 reqI=50.0 ok=1 assigned=1 active=1 beforeV=32.5 beforeI=4.9 afterV=32.5 afterI=4.9 lc=Allocated tr=Idle off=0 offVerified=0 lease=0 online=1 group=PLC_GROUP_2 snapV=32.5 snapI=4.9 beforeOff=0
[HOSTMOD] reason=current_demand en=1 reqV=500.0 reqI=50.0 ok=1 assigned=1 active=1 beforeV=39.3 beforeI=5.1 afterV=39.3 afterI=5.1 lc=Allocated tr=Idle off=0 offVerified=0 lease=0 online=1 group=PLC_GROUP_2 snapV=39.3 snapI=5.1 beforeOff=0
[HOSTMOD] reason=current_demand en=1 reqV=500.0 reqI=50.0 ok=1 assigned=1 active=1 beforeV=47.0 beforeI=6.0 afterV=47.0 afterI=6.0 lc=Allocated tr=Idle off=0 offVerified=0 lease=0 online=1 group=PLC_GROUP_2 snapV=47.0 snapI=6.0 beforeOff=0
[HOSTMOD] reason=current_demand en=1 reqV=500.0 reqI=50.0 ok=1 assigned=1 active=1 beforeV=47.0 beforeI=6.0 afterV=47.0 afterI=6.0 lc=Allocated tr=Idle off=0 offVerified=0 lease=0 online=1 group=PLC_GROUP_2 snapV=47.0 snapI=6.0 beforeOff=0
[HOSTMOD] reason=current_demand en=1 reqV=500.0 reqI=50.0 ok=1 assigned=1 active=1 beforeV=67.8 beforeI=7.9 afterV=67.8 afterI=7.9 lc=Allocated tr=Idle off=0 offVerified=0 lease=0 online=1 group=PLC_GROUP_2 snapV=67.8 snapI=7.9 beforeOff=0
[HOSTMOD] reason=current_demand en=1 reqV=500.0 reqI=50.0 ok=1 assigned=1 active=1 beforeV=81.3 beforeI=8.9 afterV=81.3 afterI=8.9 lc=Allocated tr=Idle off=0 offVerified=0 lease=0 online=1 group=PLC_GROUP_2 snapV=81.3 snapI=8.9 beforeOff=0
[HOSTMOD] reason=none en=0 reqV=0.0 reqI=0.0 ok=1 assigned=1 active=1 beforeV=124.1 beforeI=12.8 afterV=124.1 afterI=12.8 lc=Allocated tr=Idle off=0 offVerified=0 lease=0 online=1 group=PLC_GROUP_2 snapV=124.1 snapI=12.8 beforeOff=0
[PROGRESS] phase=wait_for_session stage=none relay1=0 targetV=500.0 targetI=50.0 presentV=4.6 presentI=0.0 cp=B2 slac=0 hlc=1
[PROGRESS] phase=wait_for_session stage=none relay1=0 targetV=500.0 targetI=50.0 presentV=5.6 presentI=0.0 cp=B2 slac=0 hlc=1
[PROGRESS] phase=wait_for_session stage=none relay1=0 targetV=500.0 targetI=50.0 presentV=6.0 presentI=0.0 cp=B2 slac=0 hlc=1
[PROGRESS] phase=wait_for_session stage=none relay1=0 targetV=500.0 targetI=50.0 presentV=6.1 presentI=0.0 cp=B2 slac=0 hlc=1
[PROGRESS] phase=wait_for_session stage=none relay1=0 targetV=500.0 targetI=50.0 presentV=6.1 presentI=0.0 cp=B2 slac=0 hlc=1
[PROGRESS] phase=wait_for_session stage=none relay1=0 targetV=500.0 targetI=50.0 presentV=6.1 presentI=0.0 cp=B2 slac=0 hlc=1
[PROGRESS] phase=wait_for_session stage=none relay1=0 targetV=500.0 targetI=50.0 presentV=6.1 presentI=0.0 cp=B2 slac=0 hlc=1
[PROGRESS] phase=wait_for_session stage=none relay1=0 targetV=500.0 targetI=50.0 presentV=6.0 presentI=0.0 cp=B2 slac=0 hlc=1
[PROGRESS] phase=wait_for_session stage=none relay1=0 targetV=500.0 targetI=50.0 presentV=5.9 presentI=0.0 cp=B2 slac=0 hlc=1
[PROGRESS] phase=wait_for_session stage=none relay1=0 targetV=500.0 targetI=50.0 presentV=5.9 presentI=0.0 cp=B1 slac=0 hlc=0
[FAIL] timeout waiting for ack 0x10
[HOSTMOD] reason=Cleanup en=0 reqV=0.0 reqI=0.0 ok=1 assigned=1 active=0 beforeV=5.8 beforeI=0.0 afterV=5.8 afterI=0.0 lc=Allocated tr=Idle off=1 offVerified=0 lease=0 online=1 group=PLC_GROUP_2 snapV=5.8 snapI=0.0 beforeOff=1
