[BOOT] usb-touch reset /dev/ttyACM0
PLC_LOG=/home/jpi/Desktop/EVSE/plc_firmware/logs/controller_cbmodules_single_module_charge_20260324_043704.log
CAN_LOG=/home/jpi/Desktop/EVSE/plc_firmware/logs/controller_cbmodules_single_module_charge_20260324_043704_can.log
SUMMARY_FILE=/home/jpi/Desktop/EVSE/plc_firmware/logs/controller_cbmodules_single_module_charge_20260324_043704_summary.json
[BOOT] host module ready assigned=1 online=1 off=1 v=0.0 i=0.0
[BOOT] plc_id=2 connector_id=2 module=PLC2_MXR_02 group=2
[PROGRESS] phase=wait_for_session stage=none relay1=0 targetV=0.0 targetI=0.0 presentV=0.0 presentI=0.0 cp=B1 slac=0 hlc=0
[PROGRESS] phase=wait_for_session stage=none relay1=0 targetV=0.0 targetI=0.0 presentV=4.3 presentI=0.0 cp=B2 slac=0 hlc=0
[PROGRESS] phase=wait_for_session stage=none relay1=0 targetV=0.0 targetI=0.0 presentV=4.3 presentI=0.0 cp=B2 slac=0 hlc=0
[PROGRESS] phase=wait_for_session stage=none relay1=0 targetV=0.0 targetI=0.0 presentV=4.3 presentI=0.0 cp=B2 slac=0 hlc=0
[PROGRESS] phase=wait_for_session stage=none relay1=0 targetV=0.0 targetI=0.0 presentV=4.3 presentI=0.0 cp=B2 slac=0 hlc=0
[PROGRESS] phase=wait_for_session stage=none relay1=0 targetV=0.0 targetI=0.0 presentV=4.3 presentI=0.0 cp=B2 slac=0 hlc=0
[PROGRESS] phase=wait_for_session stage=none relay1=0 targetV=0.0 targetI=0.0 presentV=4.3 presentI=0.0 cp=B2 slac=0 hlc=0
[PROGRESS] phase=wait_for_session stage=none relay1=0 targetV=0.0 targetI=0.0 presentV=4.3 presentI=0.0 cp=B2 slac=0 hlc=0
[PROGRESS] phase=wait_for_session stage=none relay1=0 targetV=0.0 targetI=0.0 presentV=4.3 presentI=0.0 cp=B2 slac=0 hlc=0
[PROGRESS] phase=wait_for_session stage=none relay1=0 targetV=0.0 targetI=0.0 presentV=4.3 presentI=0.0 cp=B1 slac=0 hlc=0
[PROGRESS] phase=wait_for_session stage=none relay1=0 targetV=0.0 targetI=0.0 presentV=4.3 presentI=0.0 cp=B1 slac=0 hlc=0
[PROGRESS] phase=wait_for_session stage=none relay1=0 targetV=0.0 targetI=0.0 presentV=4.3 presentI=0.0 cp=B2 slac=1 hlc=1
[HOSTMOD] reason=precharge en=1 reqV=500.0 reqI=2.0 ok=1 assigned=1 active=0 beforeV=4.3 beforeI=0.0 afterV=4.3 afterI=0.0 lc=Allocated tr=Idle off=1 offVerified=0 lease=0 online=1 group=PLC_GROUP_2 snapV=4.3 snapI=0.0 beforeOff=1
[HOSTMOD] reason=precharge en=1 reqV=500.0 reqI=2.0 ok=1 assigned=1 active=1 beforeV=4.3 beforeI=0.0 afterV=4.3 afterI=0.0 lc=Allocated tr=Idle off=1 offVerified=0 lease=0 online=1 group=PLC_GROUP_2 snapV=4.3 snapI=0.0 beforeOff=1
[HOSTMOD] reason=current_demand en=1 reqV=500.0 reqI=50.0 ok=1 assigned=1 active=1 beforeV=6.9 beforeI=0.0 afterV=6.9 afterI=0.0 lc=Allocated tr=Idle off=1 offVerified=0 lease=0 online=1 group=PLC_GROUP_2 snapV=6.9 snapI=0.0 beforeOff=1
[HOSTFB] stage=current_demand targetApplied=1 relay=1 valid=1 telemetryValid=1 sampleValid=1 sampleFresh=1 moduleOff=1 reqV=500.0 reqI=50.0 presentV=6.9 presentI=0.0 ready=1
[HOSTFB] stage=current_demand targetApplied=1 relay=1 valid=1 telemetryValid=1 sampleValid=1 sampleFresh=1 moduleOff=1 reqV=500.0 reqI=50.0 presentV=17.8 presentI=0.0 ready=1
[HOSTFB] stage=current_demand targetApplied=1 relay=1 valid=1 telemetryValid=1 sampleValid=1 sampleFresh=1 moduleOff=1 reqV=500.0 reqI=50.0 presentV=34.8 presentI=0.0 ready=1
[HOSTFB] stage=current_demand targetApplied=1 relay=1 valid=1 telemetryValid=1 sampleValid=1 sampleFresh=1 moduleOff=1 reqV=500.0 reqI=50.0 presentV=57.5 presentI=0.0 ready=1
[HOSTMOD] reason=current_demand en=1 reqV=500.0 reqI=50.0 ok=1 assigned=1 active=1 beforeV=88.2 beforeI=0.0 afterV=88.2 afterI=0.0 lc=Allocated tr=Idle off=1 offVerified=0 lease=0 online=1 group=PLC_GROUP_2 snapV=88.2 snapI=0.0 beforeOff=1
[HOSTFB] stage=current_demand targetApplied=1 relay=1 valid=1 telemetryValid=1 sampleValid=1 sampleFresh=1 moduleOff=1 reqV=500.0 reqI=50.0 presentV=88.2 presentI=0.0 ready=1
[HOSTFB] stage=current_demand targetApplied=1 relay=1 valid=1 telemetryValid=1 sampleValid=1 sampleFresh=1 moduleOff=1 reqV=500.0 reqI=50.0 presentV=130.2 presentI=0.0 ready=1
[HOSTFB] stage=current_demand targetApplied=1 relay=1 valid=1 telemetryValid=1 sampleValid=1 sampleFresh=1 moduleOff=0 reqV=500.0 reqI=50.0 presentV=287.7 presentI=0.0 ready=1
[HOSTFB] stage=current_demand targetApplied=1 relay=1 valid=1 telemetryValid=1 sampleValid=1 sampleFresh=1 moduleOff=0 reqV=500.0 reqI=50.0 presentV=336.2 presentI=0.0 ready=1
[HOSTFB] stage=current_demand targetApplied=1 relay=1 valid=1 telemetryValid=1 sampleValid=1 sampleFresh=1 moduleOff=0 reqV=500.0 reqI=50.0 presentV=384.7 presentI=0.0 ready=1
[HOSTMOD] reason=current_demand en=1 reqV=500.0 reqI=50.0 ok=1 assigned=1 active=1 beforeV=384.7 beforeI=0.0 afterV=384.7 afterI=0.0 lc=Allocated tr=Idle off=0 offVerified=0 lease=0 online=1 group=PLC_GROUP_2 snapV=384.7 snapI=0.0 beforeOff=0
[HOSTFB] stage=current_demand targetApplied=1 relay=1 valid=1 telemetryValid=1 sampleValid=1 sampleFresh=1 moduleOff=0 reqV=500.0 reqI=50.0 presentV=424.3 presentI=0.0 ready=1
[HOSTFB] stage=current_demand targetApplied=1 relay=1 valid=1 telemetryValid=1 sampleValid=1 sampleFresh=1 moduleOff=0 reqV=500.0 reqI=50.0 presentV=455.3 presentI=0.0 ready=1
[HOSTFB] stage=current_demand targetApplied=1 relay=1 valid=1 telemetryValid=1 sampleValid=1 sampleFresh=1 moduleOff=0 reqV=500.0 reqI=50.0 presentV=480.2 presentI=0.0 ready=1
[HOSTFB] stage=current_demand targetApplied=1 relay=1 valid=1 telemetryValid=1 sampleValid=1 sampleFresh=1 moduleOff=0 reqV=500.0 reqI=50.0 presentV=499.9 presentI=0.0 ready=1
[HOSTMOD] reason=current_demand en=1 reqV=500.0 reqI=50.0 ok=1 assigned=1 active=1 beforeV=499.9 beforeI=0.0 afterV=499.9 afterI=0.0 lc=Allocated tr=Idle off=0 offVerified=0 lease=0 online=1 group=PLC_GROUP_2 snapV=499.9 snapI=0.0 beforeOff=0
[HOSTFB] stage=current_demand targetApplied=1 relay=1 valid=1 telemetryValid=1 sampleValid=1 sampleFresh=1 moduleOff=0 reqV=500.0 reqI=50.0 presentV=500.0 presentI=0.0 ready=1
[HOSTMOD] reason=none en=0 reqV=0.0 reqI=0.0 ok=1 assigned=1 active=1 beforeV=500.0 beforeI=0.0 afterV=500.0 afterI=0.0 lc=Allocated tr=Idle off=0 offVerified=0 lease=0 online=1 group=PLC_GROUP_2 snapV=500.0 snapI=0.0 beforeOff=0
[PROGRESS] phase=wait_for_session stage=none relay1=0 targetV=500.0 targetI=50.0 presentV=4.6 presentI=0.0 cp=B2 slac=0 hlc=1
[PROGRESS] phase=wait_for_session stage=none relay1=0 targetV=500.0 targetI=50.0 presentV=7.2 presentI=0.0 cp=B2 slac=0 hlc=1
[PROGRESS] phase=wait_for_session stage=none relay1=0 targetV=500.0 targetI=50.0 presentV=7.5 presentI=0.0 cp=B2 slac=0 hlc=1
[PROGRESS] phase=wait_for_session stage=none relay1=0 targetV=500.0 targetI=50.0 presentV=7.3 presentI=0.0 cp=B2 slac=0 hlc=1
[PROGRESS] phase=wait_for_session stage=none relay1=0 targetV=500.0 targetI=50.0 presentV=7.0 presentI=0.0 cp=B2 slac=0 hlc=1
[PROGRESS] phase=wait_for_session stage=none relay1=0 targetV=500.0 targetI=50.0 presentV=6.8 presentI=0.0 cp=B2 slac=0 hlc=1
[PROGRESS] phase=wait_for_session stage=none relay1=0 targetV=500.0 targetI=50.0 presentV=6.5 presentI=0.0 cp=B2 slac=0 hlc=1
[PROGRESS] phase=wait_for_session stage=none relay1=0 targetV=500.0 targetI=50.0 presentV=6.2 presentI=0.0 cp=B2 slac=0 hlc=1
[PROGRESS] phase=wait_for_session stage=none relay1=0 targetV=500.0 targetI=50.0 presentV=6.0 presentI=0.0 cp=B2 slac=0 hlc=1
[PROGRESS] phase=wait_for_session stage=none relay1=0 targetV=500.0 targetI=50.0 presentV=5.8 presentI=0.0 cp=B1 slac=0 hlc=0
[PROGRESS] phase=wait_for_session stage=none relay1=0 targetV=500.0 targetI=50.0 presentV=5.6 presentI=0.0 cp=B1 slac=0 hlc=0
[PROGRESS] phase=wait_for_session stage=none relay1=0 targetV=500.0 targetI=50.0 presentV=5.3 presentI=0.0 cp=B2 slac=0 hlc=0
[PROGRESS] phase=wait_for_session stage=none relay1=0 targetV=500.0 targetI=50.0 presentV=5.1 presentI=0.0 cp=B2 slac=0 hlc=0
[PROGRESS] phase=wait_for_session stage=none relay1=0 targetV=500.0 targetI=50.0 presentV=5.0 presentI=0.0 cp=B2 slac=0 hlc=0
[PROGRESS] phase=wait_for_session stage=none relay1=0 targetV=500.0 targetI=50.0 presentV=4.8 presentI=0.0 cp=B2 slac=0 hlc=0
[PROGRESS] phase=wait_for_session stage=none relay1=0 targetV=500.0 targetI=50.0 presentV=4.7 presentI=0.0 cp=B2 slac=0 hlc=0
[PROGRESS] phase=wait_for_session stage=none relay1=0 targetV=500.0 targetI=50.0 presentV=4.6 presentI=0.0 cp=B2 slac=0 hlc=0
[PROGRESS] phase=wait_for_session stage=none relay1=0 targetV=500.0 targetI=50.0 presentV=4.6 presentI=0.0 cp=B2 slac=0 hlc=0
[PROGRESS] phase=wait_for_session stage=none relay1=0 targetV=500.0 targetI=50.0 presentV=4.5 presentI=0.0 cp=B2 slac=0 hlc=0
[PROGRESS] phase=wait_for_session stage=none relay1=0 targetV=500.0 targetI=50.0 presentV=4.5 presentI=0.0 cp=B1 slac=0 hlc=0
[PROGRESS] phase=wait_for_session stage=none relay1=0 targetV=500.0 targetI=50.0 presentV=4.5 presentI=0.0 cp=B1 slac=0 hlc=0
[PROGRESS] phase=wait_for_session stage=none relay1=0 targetV=500.0 targetI=50.0 presentV=4.4 presentI=0.0 cp=B2 slac=0 hlc=0
[PROGRESS] phase=wait_for_session stage=none relay1=0 targetV=500.0 targetI=50.0 presentV=4.4 presentI=0.0 cp=B2 slac=0 hlc=0
[PROGRESS] phase=wait_for_session stage=none relay1=0 targetV=500.0 targetI=50.0 presentV=4.4 presentI=0.0 cp=B2 slac=0 hlc=0
[PROGRESS] phase=wait_for_session stage=none relay1=0 targetV=500.0 targetI=50.0 presentV=4.4 presentI=0.0 cp=B2 slac=0 hlc=0
[PROGRESS] phase=wait_for_session stage=none relay1=0 targetV=500.0 targetI=50.0 presentV=4.4 presentI=0.0 cp=B2 slac=0 hlc=0
[PROGRESS] phase=wait_for_session stage=none relay1=0 targetV=500.0 targetI=50.0 presentV=4.4 presentI=0.0 cp=B2 slac=0 hlc=0
[PROGRESS] phase=wait_for_session stage=none relay1=0 targetV=500.0 targetI=50.0 presentV=4.4 presentI=0.0 cp=B2 slac=0 hlc=0
[PROGRESS] phase=wait_for_session stage=none relay1=0 targetV=500.0 targetI=50.0 presentV=4.4 presentI=0.0 cp=B2 slac=0 hlc=0
[PROGRESS] phase=wait_for_session stage=none relay1=0 targetV=500.0 targetI=50.0 presentV=4.3 presentI=0.0 cp=B1 slac=0 hlc=0
[PROGRESS] phase=wait_for_session stage=none relay1=0 targetV=500.0 targetI=50.0 presentV=4.3 presentI=0.0 cp=B1 slac=0 hlc=0
[PROGRESS] phase=wait_for_session stage=none relay1=0 targetV=500.0 targetI=50.0 presentV=4.3 presentI=0.0 cp=B2 slac=1 hlc=1
[HOSTMOD] reason=precharge en=1 reqV=500.0 reqI=2.0 ok=1 assigned=1 active=0 beforeV=4.3 beforeI=0.0 afterV=4.3 afterI=0.0 lc=Allocated tr=Idle off=1 offVerified=0 lease=0 online=1 group=PLC_GROUP_2 snapV=4.3 snapI=0.0 beforeOff=1
[HOSTMOD] reason=precharge en=1 reqV=500.0 reqI=2.0 ok=1 assigned=1 active=1 beforeV=4.3 beforeI=0.0 afterV=4.3 afterI=0.0 lc=Allocated tr=Idle off=1 offVerified=0 lease=0 online=1 group=PLC_GROUP_2 snapV=4.3 snapI=0.0 beforeOff=1
[HOSTMOD] reason=precharge en=1 reqV=500.0 reqI=2.0 ok=1 assigned=1 active=1 beforeV=7.1 beforeI=0.0 afterV=7.1 afterI=0.0 lc=Allocated tr=Idle off=1 offVerified=0 lease=0 online=1 group=PLC_GROUP_2 snapV=7.1 snapI=0.0 beforeOff=1
[HOSTMOD] reason=current_demand en=1 reqV=500.0 reqI=50.0 ok=1 assigned=1 active=1 beforeV=10.8 beforeI=0.0 afterV=10.8 afterI=0.0 lc=Allocated tr=Idle off=1 offVerified=0 lease=0 online=1 group=PLC_GROUP_2 snapV=10.8 snapI=0.0 beforeOff=1
[HOSTFB] stage=current_demand targetApplied=1 relay=1 valid=1 telemetryValid=1 sampleValid=1 sampleFresh=1 moduleOff=1 reqV=500.0 reqI=50.0 presentV=10.8 presentI=0.0 ready=1
[HOSTFB] stage=current_demand targetApplied=1 relay=1 valid=1 telemetryValid=1 sampleValid=1 sampleFresh=1 moduleOff=1 reqV=500.0 reqI=50.0 presentV=25.7 presentI=0.0 ready=1
[HOSTFB] stage=current_demand targetApplied=1 relay=1 valid=1 telemetryValid=1 sampleValid=1 sampleFresh=1 moduleOff=1 reqV=500.0 reqI=50.0 presentV=51.5 presentI=0.0 ready=1
[HOSTFB] stage=current_demand targetApplied=1 relay=1 valid=1 telemetryValid=1 sampleValid=1 sampleFresh=1 moduleOff=1 reqV=500.0 reqI=50.0 presentV=79.7 presentI=0.0 ready=1
[HOSTFB] stage=current_demand targetApplied=1 relay=1 valid=1 telemetryValid=1 sampleValid=1 sampleFresh=1 moduleOff=1 reqV=500.0 reqI=50.0 presentV=119.0 presentI=0.0 ready=1
[HOSTMOD] reason=current_demand en=1 reqV=500.0 reqI=50.0 ok=1 assigned=1 active=1 beforeV=215.0 beforeI=0.0 afterV=215.0 afterI=0.0 lc=Allocated tr=Idle off=0 offVerified=0 lease=0 online=1 group=PLC_GROUP_2 snapV=215.0 snapI=0.0 beforeOff=0
[HOSTFB] stage=current_demand targetApplied=1 relay=1 valid=1 telemetryValid=1 sampleValid=1 sampleFresh=1 moduleOff=0 reqV=500.0 reqI=50.0 presentV=215.0 presentI=0.0 ready=1
[HOSTFB] stage=current_demand targetApplied=1 relay=1 valid=1 telemetryValid=1 sampleValid=1 sampleFresh=1 moduleOff=0 reqV=500.0 reqI=50.0 presentV=263.6 presentI=0.0 ready=1
[HOSTFB] stage=current_demand targetApplied=1 relay=1 valid=1 telemetryValid=1 sampleValid=1 sampleFresh=1 moduleOff=0 reqV=500.0 reqI=50.0 presentV=324.2 presentI=0.0 ready=1
[HOSTFB] stage=current_demand targetApplied=1 relay=1 valid=1 telemetryValid=1 sampleValid=1 sampleFresh=1 moduleOff=0 reqV=500.0 reqI=50.0 presentV=372.7 presentI=0.0 ready=1
[HOSTFB] stage=current_demand targetApplied=1 relay=1 valid=1 telemetryValid=1 sampleValid=1 sampleFresh=1 moduleOff=0 reqV=500.0 reqI=50.0 presentV=415.5 presentI=0.0 ready=1
[HOSTFB] stage=current_demand targetApplied=1 relay=1 valid=1 telemetryValid=1 sampleValid=1 sampleFresh=1 moduleOff=0 reqV=500.0 reqI=50.0 presentV=448.1 presentI=0.0 ready=1
[HOSTFB] stage=current_demand targetApplied=1 relay=1 valid=1 telemetryValid=1 sampleValid=1 sampleFresh=1 moduleOff=0 reqV=500.0 reqI=50.0 presentV=474.7 presentI=0.0 ready=1
[HOSTMOD] reason=current_demand en=1 reqV=500.0 reqI=50.0 ok=1 assigned=1 active=1 beforeV=474.7 beforeI=0.0 afterV=474.7 afterI=0.0 lc=Allocated tr=Idle off=0 offVerified=0 lease=0 online=1 group=PLC_GROUP_2 snapV=474.7 snapI=0.0 beforeOff=0
[HOSTFB] stage=current_demand targetApplied=1 relay=1 valid=1 telemetryValid=1 sampleValid=1 sampleFresh=1 moduleOff=0 reqV=500.0 reqI=50.0 presentV=498.8 presentI=0.0 ready=1
[HOSTMOD] reason=current_demand en=1 reqV=500.0 reqI=50.0 ok=1 assigned=1 active=1 beforeV=499.9 beforeI=0.0 afterV=499.9 afterI=0.0 lc=Allocated tr=Idle off=0 offVerified=0 lease=0 online=1 group=PLC_GROUP_2 snapV=499.9 snapI=0.0 beforeOff=0
[HOSTFB] stage=current_demand targetApplied=1 relay=1 valid=1 telemetryValid=1 sampleValid=1 sampleFresh=1 moduleOff=0 reqV=500.0 reqI=50.0 presentV=500.0 presentI=0.0 ready=1
[PROGRESS] phase=wait_for_session stage=current_demand relay1=1 targetV=500.0 targetI=50.0 presentV=500.0 presentI=0.0 cp=C slac=1 hlc=1
[HOSTMOD] reason=current_demand en=1 reqV=500.0 reqI=50.0 ok=1 assigned=1 active=1 beforeV=500.0 beforeI=0.0 afterV=500.0 afterI=0.0 lc=Allocated tr=Idle off=0 offVerified=0 lease=0 online=1 group=PLC_GROUP_2 snapV=500.0 snapI=0.0 beforeOff=0
[HOSTMOD] reason=current_demand en=1 reqV=500.0 reqI=50.0 ok=1 assigned=1 active=1 beforeV=500.0 beforeI=0.0 afterV=500.0 afterI=0.0 lc=Allocated tr=Idle off=0 offVerified=0 lease=0 online=1 group=PLC_GROUP_2 snapV=500.0 snapI=0.0 beforeOff=0
[HOSTFB] stage=current_demand targetApplied=1 relay=1 valid=1 telemetryValid=1 sampleValid=1 sampleFresh=1 moduleOff=0 reqV=500.0 reqI=50.0 presentV=500.0 presentI=0.0 ready=1
[HOSTMOD] reason=current_demand en=1 reqV=500.0 reqI=50.0 ok=1 assigned=1 active=1 beforeV=500.0 beforeI=0.0 afterV=500.0 afterI=0.0 lc=Allocated tr=Idle off=0 offVerified=0 lease=0 online=1 group=PLC_GROUP_2 snapV=500.0 snapI=0.0 beforeOff=0
[HOSTFB] stage=current_demand targetApplied=1 relay=1 valid=1 telemetryValid=1 sampleValid=1 sampleFresh=1 moduleOff=0 reqV=500.0 reqI=50.0 presentV=500.0 presentI=0.0 ready=1
[HOSTMOD] reason=current_demand en=1 reqV=500.0 reqI=50.0 ok=1 assigned=1 active=1 beforeV=500.2 beforeI=0.0 afterV=500.2 afterI=0.0 lc=Allocated tr=Idle off=0 offVerified=0 lease=0 online=1 group=PLC_GROUP_2 snapV=500.2 snapI=0.0 beforeOff=0
[HOSTMOD] reason=current_demand en=1 reqV=500.0 reqI=50.0 ok=1 assigned=1 active=1 beforeV=500.2 beforeI=0.0 afterV=500.2 afterI=0.0 lc=Allocated tr=Idle off=0 offVerified=0 lease=0 online=1 group=PLC_GROUP_2 snapV=500.2 snapI=0.0 beforeOff=0
[HOSTFB] stage=current_demand targetApplied=1 relay=1 valid=1 telemetryValid=1 sampleValid=1 sampleFresh=1 moduleOff=0 reqV=500.0 reqI=50.0 presentV=500.2 presentI=0.0 ready=1
[HOSTMOD] reason=none en=0 reqV=0.0 reqI=0.0 ok=1 assigned=1 active=1 beforeV=500.2 beforeI=0.0 afterV=500.2 afterI=0.0 lc=Allocated tr=Idle off=0 offVerified=0 lease=0 online=1 group=PLC_GROUP_2 snapV=500.2 snapI=0.0 beforeOff=0
[PROGRESS] phase=wait_for_session stage=none relay1=0 targetV=500.0 targetI=50.0 presentV=6.4 presentI=0.0 cp=B2 slac=0 hlc=1
[PROGRESS] phase=wait_for_session stage=none relay1=0 targetV=500.0 targetI=50.0 presentV=8.1 presentI=0.0 cp=B2 slac=0 hlc=1
[PROGRESS] phase=wait_for_session stage=none relay1=0 targetV=500.0 targetI=50.0 presentV=8.2 presentI=0.0 cp=B2 slac=0 hlc=1
[PROGRESS] phase=wait_for_session stage=none relay1=0 targetV=500.0 targetI=50.0 presentV=8.0 presentI=0.0 cp=B2 slac=0 hlc=1
[PROGRESS] phase=wait_for_session stage=none relay1=0 targetV=500.0 targetI=50.0 presentV=7.6 presentI=0.0 cp=B2 slac=0 hlc=1
[PROGRESS] phase=wait_for_session stage=none relay1=0 targetV=500.0 targetI=50.0 presentV=7.3 presentI=0.0 cp=B2 slac=0 hlc=1
[PROGRESS] phase=wait_for_session stage=none relay1=0 targetV=500.0 targetI=50.0 presentV=6.9 presentI=0.0 cp=B2 slac=0 hlc=1
[PROGRESS] phase=wait_for_session stage=none relay1=0 targetV=500.0 targetI=50.0 presentV=6.6 presentI=0.0 cp=B2 slac=0 hlc=1
[PROGRESS] phase=wait_for_session stage=none relay1=0 targetV=500.0 targetI=50.0 presentV=6.3 presentI=0.0 cp=B2 slac=0 hlc=1
[PROGRESS] phase=wait_for_session stage=none relay1=0 targetV=500.0 targetI=50.0 presentV=6.0 presentI=0.0 cp=B1 slac=0 hlc=0
[PROGRESS] phase=wait_for_session stage=none relay1=0 targetV=500.0 targetI=50.0 presentV=5.8 presentI=0.0 cp=B1 slac=0 hlc=0
[PROGRESS] phase=wait_for_session stage=none relay1=0 targetV=500.0 targetI=50.0 presentV=5.6 presentI=0.0 cp=B2 slac=1 hlc=1
[HOSTMOD] reason=precharge en=1 reqV=500.0 reqI=2.0 ok=1 assigned=1 active=0 beforeV=5.6 beforeI=0.0 afterV=5.6 afterI=0.0 lc=Allocated tr=Idle off=1 offVerified=0 lease=0 online=1 group=PLC_GROUP_2 snapV=5.6 snapI=0.0 beforeOff=1
[HOSTMOD] reason=precharge en=1 reqV=500.0 reqI=2.0 ok=1 assigned=1 active=1 beforeV=5.5 beforeI=0.0 afterV=5.5 afterI=0.0 lc=Allocated tr=Idle off=1 offVerified=0 lease=0 online=1 group=PLC_GROUP_2 snapV=5.5 snapI=0.0 beforeOff=1
[HOSTMOD] reason=precharge en=1 reqV=500.0 reqI=2.0 ok=1 assigned=1 active=1 beforeV=8.1 beforeI=0.0 afterV=8.1 afterI=0.0 lc=Allocated tr=Idle off=1 offVerified=0 lease=0 online=1 group=PLC_GROUP_2 snapV=8.1 snapI=0.0 beforeOff=1
[HOSTMOD] reason=current_demand en=1 reqV=500.0 reqI=50.0 ok=1 assigned=1 active=1 beforeV=10.6 beforeI=0.0 afterV=10.6 afterI=0.0 lc=Allocated tr=Idle off=1 offVerified=0 lease=0 online=1 group=PLC_GROUP_2 snapV=10.6 snapI=0.0 beforeOff=1
[HOSTFB] stage=current_demand targetApplied=1 relay=1 valid=1 telemetryValid=1 sampleValid=1 sampleFresh=1 moduleOff=1 reqV=500.0 reqI=50.0 presentV=10.6 presentI=0.0 ready=1
[HOSTFB] stage=current_demand targetApplied=1 relay=1 valid=1 telemetryValid=1 sampleValid=1 sampleFresh=1 moduleOff=1 reqV=500.0 reqI=50.0 presentV=37.4 presentI=0.0 ready=1
[HOSTFB] stage=current_demand targetApplied=1 relay=1 valid=1 telemetryValid=1 sampleValid=1 sampleFresh=1 moduleOff=1 reqV=500.0 reqI=50.0 presentV=60.8 presentI=0.0 ready=1
[HOSTFB] stage=current_demand targetApplied=1 relay=1 valid=1 telemetryValid=1 sampleValid=1 sampleFresh=1 moduleOff=1 reqV=500.0 reqI=50.0 presentV=92.8 presentI=0.0 ready=1
[HOSTFB] stage=current_demand targetApplied=1 relay=1 valid=1 telemetryValid=1 sampleValid=1 sampleFresh=1 moduleOff=1 reqV=500.0 reqI=50.0 presentV=136.0 presentI=0.0 ready=1
[HOSTMOD] reason=current_demand en=1 reqV=500.0 reqI=50.0 ok=1 assigned=1 active=1 beforeV=136.0 beforeI=0.0 afterV=136.0 afterI=0.0 lc=Allocated tr=Idle off=1 offVerified=0 lease=0 online=1 group=PLC_GROUP_2 snapV=136.0 snapI=0.0 beforeOff=1
[HOSTFB] stage=current_demand targetApplied=1 relay=1 valid=1 telemetryValid=1 sampleValid=1 sampleFresh=1 moduleOff=0 reqV=500.0 reqI=50.0 presentV=245.2 presentI=0.0 ready=1
[HOSTFB] stage=current_demand targetApplied=1 relay=1 valid=1 telemetryValid=1 sampleValid=1 sampleFresh=1 moduleOff=0 reqV=500.0 reqI=50.0 presentV=293.7 presentI=0.0 ready=1
[HOSTFB] stage=current_demand targetApplied=1 relay=1 valid=1 telemetryValid=1 sampleValid=1 sampleFresh=1 moduleOff=0 reqV=500.0 reqI=50.0 presentV=342.2 presentI=0.0 ready=1
[HOSTFB] stage=current_demand targetApplied=1 relay=1 valid=1 telemetryValid=1 sampleValid=1 sampleFresh=1 moduleOff=0 reqV=500.0 reqI=50.0 presentV=390.6 presentI=0.0 ready=1
[HOSTFB] stage=current_demand targetApplied=1 relay=1 valid=1 telemetryValid=1 sampleValid=1 sampleFresh=1 moduleOff=0 reqV=500.0 reqI=50.0 presentV=428.7 presentI=0.0 ready=1
[HOSTMOD] reason=current_demand en=1 reqV=500.0 reqI=50.0 ok=1 assigned=1 active=1 beforeV=458.9 beforeI=0.0 afterV=458.9 afterI=0.0 lc=Allocated tr=Idle off=0 offVerified=0 lease=0 online=1 group=PLC_GROUP_2 snapV=458.9 snapI=0.0 beforeOff=0
[HOSTFB] stage=current_demand targetApplied=1 relay=1 valid=1 telemetryValid=1 sampleValid=1 sampleFresh=1 moduleOff=0 reqV=500.0 reqI=50.0 presentV=458.9 presentI=0.0 ready=1
[HOSTFB] stage=current_demand targetApplied=1 relay=1 valid=1 telemetryValid=1 sampleValid=1 sampleFresh=1 moduleOff=0 reqV=500.0 reqI=50.0 presentV=482.8 presentI=0.0 ready=1
[HOSTFB] stage=current_demand targetApplied=1 relay=1 valid=1 telemetryValid=1 sampleValid=1 sampleFresh=1 moduleOff=0 reqV=500.0 reqI=50.0 presentV=499.8 presentI=0.0 ready=1
[HOSTMOD] reason=current_demand en=1 reqV=500.0 reqI=50.0 ok=1 assigned=1 active=1 beforeV=499.9 beforeI=0.0 afterV=499.9 afterI=0.0 lc=Allocated tr=Idle off=0 offVerified=0 lease=0 online=1 group=PLC_GROUP_2 snapV=499.9 snapI=0.0 beforeOff=0
[HOSTFB] stage=current_demand targetApplied=1 relay=1 valid=1 telemetryValid=1 sampleValid=1 sampleFresh=1 moduleOff=0 reqV=500.0 reqI=50.0 presentV=499.9 presentI=0.0 ready=1
[HOSTMOD] reason=current_demand en=1 reqV=500.0 reqI=50.0 ok=1 assigned=1 active=1 beforeV=500.0 beforeI=0.0 afterV=500.0 afterI=0.0 lc=Allocated tr=Idle off=0 offVerified=0 lease=0 online=1 group=PLC_GROUP_2 snapV=500.0 snapI=0.0 beforeOff=0
[HOSTFB] stage=current_demand targetApplied=1 relay=1 valid=1 telemetryValid=1 sampleValid=1 sampleFresh=1 moduleOff=0 reqV=500.0 reqI=50.0 presentV=500.0 presentI=0.0 ready=1
[PROGRESS] phase=wait_for_session stage=current_demand relay1=1 targetV=500.0 targetI=50.0 presentV=500.0 presentI=0.0 cp=C slac=1 hlc=1
[HOSTMOD] reason=current_demand en=1 reqV=500.0 reqI=50.0 ok=1 assigned=1 active=1 beforeV=500.0 beforeI=0.0 afterV=500.0 afterI=0.0 lc=Allocated tr=Idle off=0 offVerified=0 lease=0 online=1 group=PLC_GROUP_2 snapV=500.0 snapI=0.0 beforeOff=0
[HOSTFB] stage=current_demand targetApplied=1 relay=1 valid=1 telemetryValid=1 sampleValid=1 sampleFresh=1 moduleOff=0 reqV=500.0 reqI=50.0 presentV=500.0 presentI=0.0 ready=1
[HOSTMOD] reason=current_demand en=1 reqV=500.0 reqI=50.0 ok=1 assigned=1 active=1 beforeV=500.0 beforeI=0.0 afterV=500.0 afterI=0.0 lc=Allocated tr=Idle off=0 offVerified=0 lease=0 online=1 group=PLC_GROUP_2 snapV=500.0 snapI=0.0 beforeOff=0
[HOSTMOD] reason=current_demand en=1 reqV=500.0 reqI=50.0 ok=1 assigned=1 active=1 beforeV=500.0 beforeI=0.0 afterV=500.0 afterI=0.0 lc=Allocated tr=Idle off=0 offVerified=0 lease=0 online=1 group=PLC_GROUP_2 snapV=500.0 snapI=0.0 beforeOff=0
[HOSTMOD] reason=none en=0 reqV=0.0 reqI=0.0 ok=1 assigned=1 active=1 beforeV=500.0 beforeI=0.0 afterV=500.0 afterI=0.0 lc=Allocated tr=Idle off=0 offVerified=0 lease=0 online=1 group=PLC_GROUP_2 snapV=500.0 snapI=0.0 beforeOff=0
[PROGRESS] phase=wait_for_session stage=none relay1=0 targetV=500.0 targetI=50.0 presentV=6.9 presentI=0.0 cp=B2 slac=0 hlc=1
[PROGRESS] phase=wait_for_session stage=none relay1=0 targetV=500.0 targetI=50.0 presentV=8.2 presentI=0.0 cp=B2 slac=0 hlc=1
[PROGRESS] phase=wait_for_session stage=none relay1=0 targetV=500.0 targetI=50.0 presentV=8.2 presentI=0.0 cp=B2 slac=0 hlc=1
[PROGRESS] phase=wait_for_session stage=none relay1=0 targetV=500.0 targetI=50.0 presentV=7.9 presentI=0.0 cp=B2 slac=0 hlc=1
[PROGRESS] phase=wait_for_session stage=none relay1=0 targetV=500.0 targetI=50.0 presentV=7.6 presentI=0.0 cp=B2 slac=0 hlc=1
[PROGRESS] phase=wait_for_session stage=none relay1=0 targetV=500.0 targetI=50.0 presentV=7.3 presentI=0.0 cp=B2 slac=0 hlc=1
[PROGRESS] phase=wait_for_session stage=none relay1=0 targetV=500.0 targetI=50.0 presentV=6.9 presentI=0.0 cp=B2 slac=0 hlc=1
[PROGRESS] phase=wait_for_session stage=none relay1=0 targetV=500.0 targetI=50.0 presentV=6.6 presentI=0.0 cp=B2 slac=0 hlc=1
[PROGRESS] phase=wait_for_session stage=none relay1=0 targetV=500.0 targetI=50.0 presentV=6.3 presentI=0.0 cp=B2 slac=0 hlc=1
[PROGRESS] phase=wait_for_session stage=none relay1=0 targetV=500.0 targetI=50.0 presentV=6.1 presentI=0.0 cp=B1 slac=0 hlc=0
[PROGRESS] phase=wait_for_session stage=none relay1=0 targetV=500.0 targetI=50.0 presentV=5.9 presentI=0.0 cp=B1 slac=0 hlc=0
[PROGRESS] phase=wait_for_session stage=none relay1=0 targetV=500.0 targetI=50.0 presentV=5.6 presentI=0.0 cp=B2 slac=1 hlc=1
[HOSTMOD] reason=precharge en=1 reqV=500.0 reqI=2.0 ok=1 assigned=1 active=1 beforeV=5.6 beforeI=0.0 afterV=5.6 afterI=0.0 lc=Allocated tr=Idle off=1 offVerified=0 lease=0 online=1 group=PLC_GROUP_2 snapV=5.6 snapI=0.0 beforeOff=1
[HOSTMOD] reason=precharge en=1 reqV=500.0 reqI=2.0 ok=1 assigned=1 active=1 beforeV=5.6 beforeI=0.0 afterV=5.6 afterI=0.0 lc=Allocated tr=Idle off=1 offVerified=0 lease=0 online=1 group=PLC_GROUP_2 snapV=5.6 snapI=0.0 beforeOff=1
[HOSTMOD] reason=precharge en=1 reqV=500.0 reqI=2.0 ok=1 assigned=1 active=1 beforeV=9.4 beforeI=0.0 afterV=9.4 afterI=0.0 lc=Allocated tr=Idle off=1 offVerified=0 lease=0 online=1 group=PLC_GROUP_2 snapV=9.4 snapI=0.0 beforeOff=1
[HOSTMOD] reason=precharge en=1 reqV=500.0 reqI=2.0 ok=1 assigned=1 active=1 beforeV=9.4 beforeI=0.0 afterV=9.4 afterI=0.0 lc=Allocated tr=Idle off=1 offVerified=0 lease=0 online=1 group=PLC_GROUP_2 snapV=9.4 snapI=0.0 beforeOff=1
[HOSTMOD] reason=current_demand en=1 reqV=500.0 reqI=50.0 ok=1 assigned=1 active=1 beforeV=10.6 beforeI=0.0 afterV=10.6 afterI=0.0 lc=Allocated tr=Idle off=1 offVerified=0 lease=0 online=1 group=PLC_GROUP_2 snapV=10.6 snapI=0.0 beforeOff=1
[HOSTFB] stage=current_demand targetApplied=1 relay=1 valid=1 telemetryValid=1 sampleValid=1 sampleFresh=1 moduleOff=1 reqV=500.0 reqI=50.0 presentV=10.6 presentI=0.0 ready=1
[HOSTFB] stage=current_demand targetApplied=1 relay=1 valid=1 telemetryValid=1 sampleValid=1 sampleFresh=1 moduleOff=1 reqV=500.0 reqI=50.0 presentV=37.9 presentI=0.0 ready=1
[HOSTFB] stage=current_demand targetApplied=1 relay=1 valid=1 telemetryValid=1 sampleValid=1 sampleFresh=1 moduleOff=1 reqV=500.0 reqI=50.0 presentV=61.1 presentI=0.0 ready=1
[HOSTFB] stage=current_demand targetApplied=1 relay=1 valid=1 telemetryValid=1 sampleValid=1 sampleFresh=1 moduleOff=1 reqV=500.0 reqI=50.0 presentV=93.1 presentI=0.0 ready=1
[HOSTFB] stage=current_demand targetApplied=1 relay=1 valid=1 telemetryValid=1 sampleValid=1 sampleFresh=1 moduleOff=1 reqV=500.0 reqI=50.0 presentV=136.2 presentI=0.0 ready=1
[HOSTMOD] reason=current_demand en=1 reqV=500.0 reqI=50.0 ok=1 assigned=1 active=1 beforeV=136.2 beforeI=0.0 afterV=136.2 afterI=0.0 lc=Allocated tr=Idle off=1 offVerified=0 lease=0 online=1 group=PLC_GROUP_2 snapV=136.2 snapI=0.0 beforeOff=1
[HOSTFB] stage=current_demand targetApplied=1 relay=1 valid=1 telemetryValid=1 sampleValid=1 sampleFresh=1 moduleOff=1 reqV=500.0 reqI=50.0 presentV=136.2 presentI=0.0 ready=1
[HOSTFB] stage=current_demand targetApplied=1 relay=1 valid=1 telemetryValid=1 sampleValid=1 sampleFresh=1 moduleOff=0 reqV=500.0 reqI=50.0 presentV=499.9 presentI=0.0 ready=1
[HOSTMOD] reason=current_demand en=1 reqV=500.0 reqI=50.0 ok=1 assigned=1 active=1 beforeV=500.0 beforeI=0.0 afterV=500.0 afterI=0.0 lc=Allocated tr=Idle off=0 offVerified=0 lease=0 online=1 group=PLC_GROUP_2 snapV=500.0 snapI=0.0 beforeOff=0
[HOSTFB] stage=current_demand targetApplied=1 relay=1 valid=1 telemetryValid=1 sampleValid=1 sampleFresh=1 moduleOff=0 reqV=500.0 reqI=50.0 presentV=500.0 presentI=0.0 ready=1
[PROGRESS] phase=wait_for_session stage=current_demand relay1=1 targetV=500.0 targetI=50.0 presentV=500.0 presentI=0.0 cp=C slac=1 hlc=1
[HOSTMOD] reason=current_demand en=1 reqV=500.0 reqI=50.0 ok=1 assigned=1 active=1 beforeV=500.0 beforeI=0.0 afterV=500.0 afterI=0.0 lc=Allocated tr=Idle off=0 offVerified=0 lease=0 online=1 group=PLC_GROUP_2 snapV=500.0 snapI=0.0 beforeOff=0
[HOSTFB] stage=current_demand targetAppl