CMD=python3 /home/jpi/Desktop/EVSE/plc_firmware/tools/external_controller_single_module_charge_test.py --plc-port /dev/serial/by-id/usb-Espressif_USB_JTAG_serial_debug_unit_B8:F8:62:4B:C5:20-if00 --plc-id 1 --controller-id 1 --current-demand-hold-s 120 --session-start-timeout-s 210 --plc-log /home/jpi/Desktop/EVSE/plc_firmware/logs/controller_single_module_10x_hold120_gap60_live_20260315_233839_session02.log --can-log /home/jpi/Desktop/EVSE/plc_firmware/logs/controller_single_module_10x_hold120_gap60_live_20260315_233839_session02_can.log --summary-file /home/jpi/Desktop/EVSE/plc_firmware/logs/controller_single_module_10x_hold120_gap60_live_20260315_233839_session02_summary.json
START_TS=2026-03-15T23:42:54+05:30
PLC_LOG=/home/jpi/Desktop/EVSE/plc_firmware/logs/controller_single_module_10x_hold120_gap60_live_20260315_233839_session02.log
CAN_LOG=/home/jpi/Desktop/EVSE/plc_firmware/logs/controller_single_module_10x_hold120_gap60_live_20260315_233839_session02_can.log
SUMMARY_FILE=/home/jpi/Desktop/EVSE/plc_firmware/logs/controller_single_module_10x_hold120_gap60_live_20260315_233839_session02_summary.json
PLC_LOG=/home/jpi/Desktop/EVSE/plc_firmware/logs/controller_single_module_10x_hold120_gap60_live_20260315_233839_session02.log
CAN_LOG=/home/jpi/Desktop/EVSE/plc_firmware/logs/controller_single_module_10x_hold120_gap60_live_20260315_233839_session02_can.log
SUMMARY_FILE=/home/jpi/Desktop/EVSE/plc_firmware/logs/controller_single_module_10x_hold120_gap60_live_20260315_233839_session02_summary.json
[PHASE] bootstrap
[BOOT] mode=external_controller plc_id=1 connector_id=1 can_stack=0 module_mgr=0
[MODULE] addr=1 grp=1 rated=30.0A status=0x00400000 flags=OFF
[PHASE] wait_for_session
[CTRL] remote start -> B1 to B2
[PROGRESS] phase=wait_for_session stage=none relay1=0 targetV=500.0 targetI=0.0 presentV=5.5 presentI=0.0 ready=0 cp=B1 slac=0 hlc=0
[PROGRESS] phase=wait_for_session stage=none relay1=0 targetV=500.0 targetI=0.0 presentV=5.3 presentI=0.0 ready=0 cp=B2 slac=0 hlc=0
[PROGRESS] phase=wait_for_session stage=none relay1=0 targetV=500.0 targetI=0.0 presentV=5.2 presentI=0.0 ready=0 cp=B2 slac=0 hlc=0
[PROGRESS] phase=wait_for_session stage=none relay1=0 targetV=500.0 targetI=0.0 presentV=5.0 presentI=0.0 ready=0 cp=B2 slac=0 hlc=0
[PROGRESS] phase=wait_for_session stage=none relay1=0 targetV=500.0 targetI=0.0 presentV=4.8 presentI=0.0 ready=0 cp=B2 slac=0 hlc=0
[PROGRESS] phase=wait_for_session stage=none relay1=0 targetV=500.0 targetI=0.0 presentV=4.7 presentI=0.0 ready=0 cp=B2 slac=0 hlc=0
[PROGRESS] phase=wait_for_session stage=none relay1=0 targetV=500.0 targetI=0.0 presentV=4.6 presentI=0.0 ready=0 cp=B2 slac=0 hlc=0
[PROGRESS] phase=wait_for_session stage=none relay1=0 targetV=500.0 targetI=0.0 presentV=4.5 presentI=0.0 ready=0 cp=B2 slac=0 hlc=0
[PROGRESS] phase=wait_for_session stage=none relay1=0 targetV=500.0 targetI=0.0 presentV=4.3 presentI=0.0 ready=0 cp=B1 slac=0 hlc=0
[PROGRESS] phase=wait_for_session stage=none relay1=0 targetV=500.0 targetI=0.0 presentV=4.2 presentI=0.0 ready=0 cp=B1 slac=0 hlc=0
[PROGRESS] phase=wait_for_session stage=none relay1=0 targetV=500.0 targetI=0.0 presentV=4.1 presentI=0.0 ready=0 cp=B2 slac=0 hlc=0
[PROGRESS] phase=wait_for_session stage=none relay1=0 targetV=500.0 targetI=0.0 presentV=4.1 presentI=0.0 ready=0 cp=B2 slac=0 hlc=0
[PROGRESS] phase=wait_for_session stage=none relay1=0 targetV=500.0 targetI=0.0 presentV=4.1 presentI=0.0 ready=0 cp=B2 slac=0 hlc=0
[PROGRESS] phase=wait_for_session stage=none relay1=0 targetV=500.0 targetI=0.0 presentV=4.0 presentI=0.0 ready=0 cp=B2 slac=0 hlc=0
[PROGRESS] phase=wait_for_session stage=none relay1=0 targetV=500.0 targetI=0.0 presentV=4.0 presentI=0.0 ready=0 cp=B2 slac=0 hlc=0
[PROGRESS] phase=wait_for_session stage=none relay1=0 targetV=500.0 targetI=0.0 presentV=4.0 presentI=0.0 ready=0 cp=B2 slac=0 hlc=0
[PROGRESS] phase=wait_for_session stage=none relay1=0 targetV=500.0 targetI=0.0 presentV=4.0 presentI=0.0 ready=0 cp=B2 slac=0 hlc=0
[PROGRESS] phase=wait_for_session stage=none relay1=0 targetV=500.0 targetI=0.0 presentV=4.0 presentI=0.0 ready=0 cp=B2 slac=0 hlc=0
[PROGRESS] phase=wait_for_session stage=none relay1=0 targetV=500.0 targetI=0.0 presentV=4.0 presentI=0.0 ready=0 cp=B1 slac=0 hlc=0
[PROGRESS] phase=wait_for_session stage=none relay1=0 targetV=500.0 targetI=0.0 presentV=4.0 presentI=0.0 ready=0 cp=B1 slac=0 hlc=0
[PROGRESS] phase=wait_for_session stage=none relay1=0 targetV=500.0 targetI=0.0 presentV=4.0 presentI=0.0 ready=0 cp=B2 slac=0 hlc=0
[PROGRESS] phase=wait_for_session stage=current_demand relay1=1 targetV=500.0 targetI=45.0 presentV=3.6 presentI=0.0 ready=0 cp=C slac=1 hlc=1
[PROGRESS] phase=wait_for_session stage=current_demand relay1=1 targetV=500.0 targetI=45.0 presentV=483.9 presentI=41.4 ready=1 cp=C slac=1 hlc=1
[PROGRESS] phase=wait_for_session stage=current_demand relay1=1 targetV=500.0 targetI=45.0 presentV=500.3 presentI=41.6 ready=1 cp=C slac=1 hlc=1
[PROGRESS] phase=wait_for_session stage=current_demand relay1=1 targetV=500.0 targetI=45.0 presentV=500.3 presentI=41.6 ready=1 cp=C slac=1 hlc=1
[PROGRESS] phase=wait_for_session stage=current_demand relay1=1 targetV=500.0 targetI=45.0 presentV=500.3 presentI=41.5 ready=1 cp=C slac=1 hlc=1
[PROGRESS] phase=wait_for_session stage=current_demand relay1=1 targetV=500.0 targetI=45.0 presentV=500.3 presentI=41.5 ready=1 cp=C slac=1 hlc=1
[PROGRESS] phase=wait_for_session stage=current_demand relay1=1 targetV=500.0 targetI=45.0 presentV=500.3 presentI=41.5 ready=1 cp=C slac=1 hlc=1
[PROGRESS] phase=wait_for_session stage=current_demand relay1=1 targetV=500.0 targetI=45.0 presentV=500.4 presentI=41.4 ready=1 cp=C slac=1 hlc=1
[PROGRESS] phase=wait_for_session stage=current_demand relay1=1 targetV=500.0 targetI=45.0 presentV=500.3 presentI=41.4 ready=1 cp=C slac=1 hlc=1
[PROGRESS] phase=wait_for_session stage=current_demand relay1=1 targetV=500.0 targetI=45.0 presentV=500.2 presentI=41.4 ready=1 cp=C slac=1 hlc=1
[PROGRESS] phase=wait_for_session stage=current_demand relay1=1 targetV=500.0 targetI=45.0 presentV=500.4 presentI=41.4 ready=1 cp=C slac=1 hlc=1
[PROGRESS] phase=wait_for_session stage=current_demand relay1=1 targetV=500.0 targetI=45.0 presentV=500.3 presentI=41.3 ready=1 cp=C slac=1 hlc=1
[PROGRESS] phase=wait_for_session stage=current_demand relay1=1 targetV=500.0 targetI=45.0 presentV=500.3 presentI=41.3 ready=1 cp=C slac=1 hlc=1
[PROGRESS] phase=wait_for_session stage=current_demand relay1=1 targetV=500.0 targetI=45.0 presentV=500.3 presentI=41.3 ready=1 cp=C slac=1 hlc=1
[PROGRESS] phase=wait_for_session stage=current_demand relay1=1 targetV=500.0 targetI=45.0 presentV=500.3 presentI=41.3 ready=1 cp=C slac=1 hlc=1
[PROGRESS] phase=wait_for_session stage=current_demand relay1=1 targetV=500.0 targetI=45.0 presentV=500.4 presentI=41.3 ready=1 cp=C slac=1 hlc=1
[PROGRESS] phase=wait_for_session stage=current_demand relay1=1 targetV=500.0 targetI=45.0 presentV=500.3 presentI=41.2 ready=1 cp=C slac=1 hlc=1
[PROGRESS] phase=wait_for_session stage=current_demand relay1=1 targetV=500.0 targetI=45.0 presentV=500.4 presentI=41.2 ready=1 cp=C slac=1 hlc=1
[PROGRESS] phase=wait_for_session stage=current_demand relay1=1 targetV=500.0 targetI=45.0 presentV=500.2 presentI=41.2 ready=1 cp=C slac=1 hlc=1
[PROGRESS] phase=wait_for_session stage=current_demand relay1=1 targetV=500.0 targetI=45.0 presentV=500.4 presentI=41.2 ready=1 cp=C slac=1 hlc=1
[FAIL] session never reached sustained CurrentDemand
[PHASE] stopping
END_TS=2026-03-15T23:46:41+05:30
RC=1
