CMD=python3 tools/external_controller_single_module_charge_test.py --current-demand-hold-s 120 --session-start-timeout-s 210 --plc-log /home/jpi/Desktop/EVSE/plc_firmware/logs/controller_single_module_10x_hold120_gap60_tmo210_20260315_082631_session07.log --can-log /home/jpi/Desktop/EVSE/plc_firmware/logs/controller_single_module_10x_hold120_gap60_tmo210_20260315_082631_session07_can.log --summary-file /home/jpi/Desktop/EVSE/plc_firmware/logs/controller_single_module_10x_hold120_gap60_tmo210_20260315_082631_session07_summary.json
[DISCOVERY] plc=/dev/serial/by-id/usb-Espressif_USB_JTAG_serial_debug_unit_B8:F8:62:4B:C5:20-if00 plc_id=1 connector_id=1 module=0x01/g1
PLC_LOG=/home/jpi/Desktop/EVSE/plc_firmware/logs/controller_single_module_10x_hold120_gap60_tmo210_20260315_082631_session07.log
CAN_LOG=/home/jpi/Desktop/EVSE/plc_firmware/logs/controller_single_module_10x_hold120_gap60_tmo210_20260315_082631_session07_can.log
SUMMARY_FILE=/home/jpi/Desktop/EVSE/plc_firmware/logs/controller_single_module_10x_hold120_gap60_tmo210_20260315_082631_session07_summary.json
[PHASE] bootstrap
[BOOT] mode=external_controller plc_id=1 connector_id=1 can_stack=0 module_mgr=0
[MODULE] addr=1 grp=1 rated=30.0A status=0x00400000 flags=OFF
[PHASE] wait_for_session
[CTRL] remote start -> B1 to B2
[PROGRESS] phase=wait_for_session stage=none relay1=0 targetV=500.0 targetI=0.0 presentV=6.6 presentI=0.0 ready=0 cp=B2 slac=0 hlc=0
[PROGRESS] phase=wait_for_session stage=none relay1=0 targetV=500.0 targetI=0.0 presentV=6.3 presentI=0.0 ready=0 cp=B2 slac=0 hlc=0
[PROGRESS] phase=wait_for_session stage=none relay1=0 targetV=500.0 targetI=0.0 presentV=5.9 presentI=0.0 ready=0 cp=B2 slac=0 hlc=0
[PROGRESS] phase=wait_for_session stage=none relay1=0 targetV=500.0 targetI=0.0 presentV=5.6 presentI=0.0 ready=0 cp=B1 slac=0 hlc=0
[PROGRESS] phase=wait_for_session stage=none relay1=0 targetV=500.0 targetI=0.0 presentV=5.4 presentI=0.0 ready=0 cp=B2 slac=0 hlc=0
[PROGRESS] phase=wait_for_session stage=none relay1=0 targetV=500.0 targetI=0.0 presentV=5.2 presentI=0.0 ready=0 cp=B2 slac=0 hlc=0
[PROGRESS] phase=wait_for_session stage=none relay1=0 targetV=500.0 targetI=0.0 presentV=4.9 presentI=0.0 ready=0 cp=F slac=0 hlc=0
[PROGRESS] phase=wait_for_session stage=none relay1=0 targetV=500.0 targetI=0.0 presentV=4.7 presentI=0.0 ready=0 cp=B2 slac=1 hlc=1
[PROGRESS] phase=wait_for_session stage=precharge relay1=1 targetV=500.0 targetI=45.0 presentV=5.8 presentI=0.0 ready=0 cp=C slac=1 hlc=1
[PROGRESS] phase=wait_for_session stage=current_demand relay1=1 targetV=500.0 targetI=45.0 presentV=499.9 presentI=0.0 ready=1 cp=C slac=1 hlc=1
[PROGRESS] phase=wait_for_session stage=current_demand relay1=1 targetV=500.0 targetI=45.0 presentV=499.9 presentI=0.0 ready=1 cp=C slac=1 hlc=1
[PROGRESS] phase=wait_for_session stage=current_demand relay1=1 targetV=500.0 targetI=45.0 presentV=499.9 presentI=0.0 ready=1 cp=C slac=1 hlc=1
[PROGRESS] phase=wait_for_session stage=current_demand relay1=1 targetV=500.0 targetI=45.0 presentV=499.9 presentI=0.0 ready=1 cp=C slac=1 hlc=1
[PROGRESS] phase=wait_for_session stage=current_demand relay1=1 targetV=500.0 targetI=45.0 presentV=499.9 presentI=0.0 ready=1 cp=C slac=1 hlc=1
[PROGRESS] phase=wait_for_session stage=current_demand relay1=1 targetV=500.0 targetI=45.0 presentV=499.9 presentI=0.0 ready=1 cp=C slac=1 hlc=1
[PROGRESS] phase=wait_for_session stage=current_demand relay1=1 targetV=500.0 targetI=45.0 presentV=499.9 presentI=0.0 ready=1 cp=C slac=1 hlc=1
[PROGRESS] phase=wait_for_session stage=current_demand relay1=1 targetV=500.0 targetI=45.0 presentV=499.9 presentI=0.0 ready=1 cp=C slac=1 hlc=1
[PROGRESS] phase=wait_for_session stage=current_demand relay1=1 targetV=500.0 targetI=45.0 presentV=499.9 presentI=0.0 ready=1 cp=C slac=1 hlc=1
