PLC_LOG=/home/jpi/Desktop/EVSE/plc_firmware/logs/controller_fixcheck_3x_hold60_gap60_20260315_223326_session01.log
CAN_LOG=/home/jpi/Desktop/EVSE/plc_firmware/logs/controller_fixcheck_3x_hold60_gap60_20260315_223326_session01_can.log
SUMMARY_FILE=/home/jpi/Desktop/EVSE/plc_firmware/logs/controller_fixcheck_3x_hold60_gap60_20260315_223326_session01_summary.json
[PHASE] bootstrap
[BOOT] mode=external_controller plc_id=1 connector_id=1 can_stack=0 module_mgr=0
[MODULE] addr=1 grp=1 rated=30.0A status=0x00400000 flags=OFF
[PHASE] wait_for_session
[CTRL] remote start -> B1 to B2
[PROGRESS] phase=wait_for_session stage=none relay1=0 targetV=500.0 targetI=0.0 presentV=7.3 presentI=0.0 ready=0 cp=B1 slac=0 hlc=0
[PROGRESS] phase=wait_for_session stage=none relay1=0 targetV=500.0 targetI=0.0 presentV=9.0 presentI=0.0 ready=0 cp=B2 slac=0 hlc=0
[PROGRESS] phase=wait_for_session stage=none relay1=0 targetV=500.0 targetI=0.0 presentV=9.2 presentI=0.0 ready=0 cp=B2 slac=0 hlc=0
[PROGRESS] phase=wait_for_session stage=none relay1=0 targetV=500.0 targetI=0.0 presentV=8.9 presentI=0.0 ready=0 cp=B2 slac=0 hlc=0
[PROGRESS] phase=wait_for_session stage=none relay1=0 targetV=500.0 targetI=0.0 presentV=8.5 presentI=0.0 ready=0 cp=B2 slac=0 hlc=0
[PROGRESS] phase=wait_for_session stage=none relay1=0 targetV=500.0 targetI=0.0 presentV=8.0 presentI=0.0 ready=0 cp=B2 slac=0 hlc=0
[PROGRESS] phase=wait_for_session stage=none relay1=0 targetV=500.0 targetI=0.0 presentV=7.6 presentI=0.0 ready=0 cp=B2 slac=0 hlc=0
[PROGRESS] phase=wait_for_session stage=none relay1=0 targetV=500.0 targetI=0.0 presentV=7.1 presentI=0.0 ready=0 cp=B2 slac=0 hlc=0
[PROGRESS] phase=wait_for_session stage=none relay1=0 targetV=500.0 targetI=0.0 presentV=6.8 presentI=0.0 ready=0 cp=B1 slac=0 hlc=0
[PROGRESS] phase=wait_for_session stage=none relay1=0 targetV=500.0 targetI=0.0 presentV=6.4 presentI=0.0 ready=0 cp=B1 slac=0 hlc=0
[PROGRESS] phase=wait_for_session stage=none relay1=0 targetV=500.0 targetI=0.0 presentV=6.1 presentI=0.0 ready=0 cp=B2 slac=0 hlc=0
[PROGRESS] phase=wait_for_session stage=none relay1=0 targetV=500.0 targetI=0.0 presentV=5.9 presentI=0.0 ready=0 cp=B2 slac=0 hlc=0
[PROGRESS] phase=wait_for_session stage=none relay1=0 targetV=500.0 targetI=0.0 presentV=5.6 presentI=0.0 ready=0 cp=B2 slac=0 hlc=0
[PROGRESS] phase=wait_for_session stage=none relay1=0 targetV=500.0 targetI=0.0 presentV=5.4 presentI=0.0 ready=0 cp=B2 slac=0 hlc=0
[PROGRESS] phase=wait_for_session stage=none relay1=0 targetV=500.0 targetI=0.0 presentV=5.2 presentI=0.0 ready=0 cp=B2 slac=0 hlc=0
[PROGRESS] phase=wait_for_session stage=none relay1=0 targetV=500.0 targetI=0.0 presentV=5.0 presentI=0.0 ready=0 cp=B2 slac=0 hlc=0
[PROGRESS] phase=wait_for_session stage=none relay1=0 targetV=500.0 targetI=0.0 presentV=4.9 presentI=0.0 ready=0 cp=B2 slac=0 hlc=0
[PROGRESS] phase=wait_for_session stage=none relay1=0 targetV=500.0 targetI=0.0 presentV=4.8 presentI=0.0 ready=0 cp=B2 slac=0 hlc=0
[PROGRESS] phase=wait_for_session stage=none relay1=0 targetV=500.0 targetI=0.0 presentV=4.7 presentI=0.0 ready=0 cp=B1 slac=0 hlc=0
[PROGRESS] phase=wait_for_session stage=none relay1=0 targetV=500.0 targetI=0.0 presentV=4.6 presentI=0.0 ready=0 cp=B1 slac=0 hlc=0
[PROGRESS] phase=wait_for_session stage=none relay1=0 targetV=500.0 targetI=0.0 presentV=4.5 presentI=0.0 ready=0 cp=B2 slac=1 hlc=1
[PROGRESS] phase=wait_for_session stage=precharge relay1=1 targetV=500.0 targetI=45.0 presentV=3.9 presentI=0.0 ready=0 cp=C slac=1 hlc=1
[PROGRESS] phase=wait_for_session stage=current_demand relay1=1 targetV=500.0 targetI=45.0 presentV=377.7 presentI=34.7 ready=1 cp=C slac=1 hlc=1
[PROGRESS] phase=wait_for_session stage=current_demand relay1=1 targetV=500.0 targetI=45.0 presentV=500.4 presentI=41.8 ready=1 cp=C slac=1 hlc=1
[PROGRESS] phase=wait_for_session stage=current_demand relay1=1 targetV=500.0 targetI=45.0 presentV=500.2 presentI=41.7 ready=1 cp=C slac=1 hlc=1
[PROGRESS] phase=wait_for_session stage=current_demand relay1=1 targetV=500.0 targetI=45.0 presentV=500.3 presentI=41.6 ready=1 cp=C slac=1 hlc=1
[PROGRESS] phase=wait_for_session stage=current_demand relay1=1 targetV=500.0 targetI=45.0 presentV=500.4 presentI=41.6 ready=1 cp=C slac=1 hlc=1
[PROGRESS] phase=wait_for_session stage=current_demand relay1=1 targetV=500.0 targetI=45.0 presentV=500.3 presentI=41.5 ready=1 cp=C slac=1 hlc=1
[PROGRESS] phase=wait_for_session stage=current_demand relay1=1 targetV=500.0 targetI=45.0 presentV=500.3 presentI=41.5 ready=1 cp=C slac=1 hlc=1
[PROGRESS] phase=wait_for_session stage=current_demand relay1=1 targetV=500.0 targetI=45.0 presentV=500.2 presentI=41.5 ready=1 cp=C slac=1 hlc=1
[PROGRESS] phase=wait_for_session stage=current_demand relay1=1 targetV=500.0 targetI=45.0 presentV=500.3 presentI=41.4 ready=1 cp=C slac=1 hlc=1
[PROGRESS] phase=wait_for_session stage=current_demand relay1=1 targetV=500.0 targetI=45.0 presentV=500.3 presentI=41.4 ready=1 cp=C slac=1 hlc=1
[PROGRESS] phase=wait_for_session stage=current_demand relay1=1 targetV=500.0 targetI=45.0 presentV=500.3 presentI=41.4 ready=1 cp=C slac=1 hlc=1
[PROGRESS] phase=wait_for_session stage=current_demand relay1=1 targetV=500.0 targetI=45.0 presentV=500.4 presentI=41.4 ready=1 cp=C slac=1 hlc=1
[PASS] sustained CurrentDemand reached with module 1 only
[PHASE] stopping
