[RESET] rebooting PLC on /dev/serial/by-id/usb-Espressif_USB_JTAG_serial_debug_unit_B8:F8:62:4B:C5:08-if00 wait_s=14.0
[RESET] boot log captured in /home/jpi/Desktop/EVSE/plc_firmware/logs/isolation_swap_plc2fw_on_c508_20260319_002726_session01.log.reset.log
PLC_LOG=/home/jpi/Desktop/EVSE/plc_firmware/logs/isolation_swap_plc2fw_on_c508_20260319_002726_session01.log
CAN_LOG=/home/jpi/Desktop/EVSE/plc_firmware/logs/isolation_swap_plc2fw_on_c508_20260319_002726_session01_can.log
SUMMARY_FILE=/home/jpi/Desktop/EVSE/plc_firmware/logs/isolation_swap_plc2fw_on_c508_20260319_002726_session01_summary.json
[PHASE] bootstrap
[BOOT] mode=external_controller plc_id=2 connector_id=2 can_stack=0 module_mgr=0
[MODULE] addr=2 grp=2 rated=30.0A status=0x00400000 flags=OFF
[PHASE] wait_for_session
[CTRL] remote start -> B1 to B2
[PROGRESS] phase=wait_for_session stage=none relay1=0 targetV=500.0 targetI=0.0 presentV=5.1 presentI=0.0 ready=0 cp=B1 slac=0 hlc=0
[PROGRESS] phase=wait_for_session stage=none relay1=0 targetV=500.0 targetI=0.0 presentV=5.1 presentI=0.0 ready=0 cp=B2 slac=1 hlc=1
[PROGRESS] phase=wait_for_session stage=none relay1=0 targetV=500.0 targetI=50.0 presentV=5.3 presentI=0.0 ready=0 cp=B2 slac=0 hlc=1
[PROGRESS] phase=wait_for_session stage=none relay1=0 targetV=500.0 targetI=50.0 presentV=7.8 presentI=0.0 ready=0 cp=B2 slac=0 hlc=1
[PROGRESS] phase=wait_for_session stage=none relay1=0 targetV=500.0 targetI=50.0 presentV=8.0 presentI=0.0 ready=0 cp=B2 slac=0 hlc=1
[PROGRESS] phase=wait_for_session stage=none relay1=0 targetV=500.0 targetI=50.0 presentV=7.8 presentI=0.0 ready=0 cp=B2 slac=0 hlc=1
[PROGRESS] phase=wait_for_session stage=none relay1=0 targetV=500.0 targetI=50.0 presentV=7.6 presentI=0.0 ready=0 cp=B2 slac=0 hlc=1
[PROGRESS] phase=wait_for_session stage=none relay1=0 targetV=500.0 targetI=50.0 presentV=7.3 presentI=0.0 ready=0 cp=B2 slac=0 hlc=1
[PROGRESS] phase=wait_for_session stage=none relay1=0 targetV=500.0 targetI=50.0 presentV=7.0 presentI=0.0 ready=0 cp=B2 slac=0 hlc=1
[PROGRESS] phase=wait_for_session stage=none relay1=0 targetV=500.0 targetI=50.0 presentV=6.8 presentI=0.0 ready=0 cp=B2 slac=0 hlc=1
[PROGRESS] phase=wait_for_session stage=none relay1=0 targetV=500.0 targetI=50.0 presentV=6.5 presentI=0.0 ready=0 cp=B2 slac=0 hlc=1
[PROGRESS] phase=wait_for_session stage=none relay1=0 targetV=500.0 targetI=50.0 presentV=6.3 presentI=0.0 ready=0 cp=B1 slac=0 hlc=0
[PROGRESS] phase=wait_for_session stage=none relay1=0 targetV=500.0 targetI=50.0 presentV=6.2 presentI=0.0 ready=0 cp=B1 slac=0 hlc=0
[PROGRESS] phase=wait_for_session stage=none relay1=0 targetV=500.0 targetI=50.0 presentV=6.0 presentI=0.0 ready=0 cp=B2 slac=0 hlc=0
[PROGRESS] phase=wait_for_session stage=current_demand relay1=1 targetV=500.0 targetI=50.0 presentV=54.5 presentI=0.0 ready=1 cp=C slac=1 hlc=1
[PROGRESS] phase=wait_for_session stage=none relay1=0 targetV=500.0 targetI=50.0 presentV=6.0 presentI=0.0 ready=0 cp=B2 slac=0 hlc=1
[PROGRESS] phase=wait_for_session stage=none relay1=0 targetV=500.0 targetI=50.0 presentV=8.5 presentI=0.0 ready=0 cp=B2 slac=0 hlc=1
[PROGRESS] phase=wait_for_session stage=none relay1=0 targetV=500.0 targetI=50.0 presentV=8.7 presentI=0.0 ready=0 cp=B2 slac=0 hlc=1
[PROGRESS] phase=wait_for_session stage=none relay1=0 targetV=500.0 targetI=50.0 presentV=8.5 presentI=0.0 ready=0 cp=B2 slac=0 hlc=1
[PROGRESS] phase=wait_for_session stage=none relay1=0 targetV=500.0 targetI=50.0 presentV=8.2 presentI=0.0 ready=0 cp=B2 slac=0 hlc=1
[PROGRESS] phase=wait_for_session stage=none relay1=0 targetV=500.0 targetI=50.0 presentV=7.8 presentI=0.0 ready=0 cp=B2 slac=0 hlc=1
[PROGRESS] phase=wait_for_session stage=none relay1=0 targetV=500.0 targetI=50.0 presentV=7.5 presentI=0.0 ready=0 cp=B2 slac=0 hlc=1
[PROGRESS] phase=wait_for_session stage=none relay1=0 targetV=500.0 targetI=50.0 presentV=7.2 presentI=0.0 ready=0 cp=B2 slac=0 hlc=1
[PROGRESS] phase=wait_for_session stage=none relay1=0 targetV=500.0 targetI=50.0 presentV=6.9 presentI=0.0 ready=0 cp=B2 slac=0 hlc=1
[PROGRESS] phase=wait_for_session stage=none relay1=0 targetV=500.0 targetI=50.0 presentV=6.6 presentI=0.0 ready=0 cp=B1 slac=0 hlc=0
[PROGRESS] phase=wait_for_session stage=none relay1=0 targetV=500.0 targetI=50.0 presentV=6.4 presentI=0.0 ready=0 cp=B1 slac=0 hlc=0
[PROGRESS] phase=wait_for_session stage=none relay1=0 targetV=500.0 targetI=50.0 presentV=6.2 presentI=0.0 ready=0 cp=B2 slac=0 hlc=0
[PROGRESS] phase=wait_for_session stage=none relay1=0 targetV=500.0 targetI=50.0 presentV=6.0 presentI=0.0 ready=0 cp=B2 slac=0 hlc=0
[PROGRESS] phase=wait_for_session stage=none relay1=0 targetV=500.0 targetI=50.0 presentV=5.9 presentI=0.0 ready=0 cp=B2 slac=0 hlc=0
[PROGRESS] phase=wait_for_session stage=none relay1=0 targetV=500.0 targetI=50.0 presentV=5.8 presentI=0.0 ready=0 cp=B2 slac=0 hlc=0
[PROGRESS] phase=wait_for_session stage=none relay1=0 targetV=500.0 targetI=50.0 presentV=5.7 presentI=0.0 ready=0 cp=B2 slac=0 hlc=0
[PROGRESS] phase=wait_for_session stage=none relay1=0 targetV=500.0 targetI=50.0 presentV=5.6 presentI=0.0 ready=0 cp=B2 slac=0 hlc=0
[PROGRESS] phase=wait_for_session stage=none relay1=0 targetV=500.0 targetI=50.0 presentV=5.5 presentI=0.0 ready=0 cp=B2 slac=0 hlc=0
[PROGRESS] phase=wait_for_session stage=none relay1=0 targetV=500.0 targetI=50.0 presentV=5.4 presentI=0.0 ready=0 cp=B2 slac=0 hlc=0
[PROGRESS] phase=wait_for_session stage=none relay1=0 targetV=500.0 targetI=50.0 presentV=5.3 presentI=0.0 ready=0 cp=B1 slac=0 hlc=0
[PROGRESS] phase=wait_for_session stage=none relay1=0 targetV=500.0 targetI=50.0 presentV=5.3 presentI=0.0 ready=0 cp=B1 slac=0 hlc=0
[FAIL] session never reached sustained CurrentDemand
[PHASE] stopping
