
=== SERIAL CONNECT /dev/ttyACM0 115200 @ 2026-03-06T01:41:21 ===
[2026-03-06T01:41:25.439] (+3.506s) [FSM] WaitForMatchingStart -> Matching
[2026-03-06T01:41:25.439] (+3.507s) [FSM] Matching -> Sounding
[2026-03-06T01:41:25.940] (+4.007s) [FSM] Timeout in sounding, send results
[2026-03-06T01:41:25.940] (+4.007s) [FSM] Sounding -> DoAttenChar
[2026-03-06T01:41:26.441] (+4.508s) [FSM] DoAttenChar -> WaitForSlacMatch
[2026-03-06T01:41:26.441] (+4.508s) [SLAC] match request received, signaling link detected
[2026-03-06T01:41:26.441] (+4.508s) [FSM] WaitForSlacMatch -> Matched
[2026-03-06T01:41:26.441] (+4.508s) [SLAC] MATCHED - starting HLC stack
[2026-03-06T01:41:26.441] (+4.508s) [HLC] bind iface=<default> (plc=pl2)
[2026-03-06T01:41:26.441] (+4.508s) [HLC] worker task started stack_bytes=65536
[2026-03-06T01:41:26.441] (+4.508s) [WARN ] /home/jpi/Desktop/EVSE/jpv2g/src/transport.c:137: IPV6_JOIN_GROUP failed on iface  (errno=125), continuing without multicast
[2026-03-06T01:41:26.441] (+4.508s) [HLC] stack ready (SDP+TCP on 15118)
[2026-03-06T01:41:26.441] (+4.508s) [HLC] waiting for EVCC TCP client...
[2026-03-06T01:41:27.402] (+5.470s) [SDP] req sec=0x10 tp=0x00 -> res port=15118 sec=0x10
[2026-03-06T01:41:27.402] (+5.470s) [HLC] EVCC connected, processing session
[2026-03-06T01:41:27.402] (+5.470s) [INFO ] /home/jpi/Desktop/EVSE/jpv2g/src/secc.c:975: SAPP opt[0] schema=1 prio=2 ns=urn:din:70121:2012:MsgDef
[2026-03-06T01:41:27.402] (+5.470s) [INFO ] /home/jpi/Desktop/EVSE/jpv2g/src/secc.c:975: SAPP opt[1] schema=0 prio=1 ns=urn:iso:15118:2:2013:MsgDef
[2026-03-06T01:41:27.402] (+5.470s) [INFO ] /home/jpi/Desktop/EVSE/jpv2g/src/secc.c:978: SAPP selected proto=1 schema=0
[2026-03-06T01:41:27.403] (+5.470s) [INFO ] /home/jpi/Desktop/EVSE/jpv2g/src/secc.c:1532: RX SupportedAppProtocolReq (proto=1)
[2026-03-06T01:41:27.403] (+5.470s) [INFO ] /home/jpi/Desktop/EVSE/jpv2g/src/secc.c:164: RX SupportedAppProtocolReq exi_len=68 exi_hex=8000DBAB9371D3234B71D1B981899189D191818991D26B9B3A232B30020000040401D75726E3A69736F3A31353131383A323A323031333A4D73674465660040000000080
[2026-03-06T01:41:27.403] (+5.470s) [INFO ] /home/jpi/Desktop/EVSE/jpv2g/src/secc.c:399: DECODED {"msg":"SupportedAppProtocol","req":{"protocols":[{"schema":1,"prio":2,"ns":"urn:din:70121:2012:MsgDef"},{"schema":0,"prio":1,"ns":"urn:iso:15118:2:2013:MsgDef"}]},"res":{"responseCode":0,"schema":0}}
[2026-03-06T01:41:27.613] (+5.681s) [INFO ] /home/jpi/Desktop/EVSE/jpv2g/src/secc.c:164: TX SupportedAppProtocolReq exi_len=4 exi_hex=80400000
[2026-03-06T01:41:27.613] (+5.681s) [HLC] EVCC connected, handed off to worker
[2026-03-06T01:41:27.613] (+5.681s) [INFO ] /home/jpi/Desktop/EVSE/jpv2g/src/secc.c:1547: TX SupportedAppProtocolReq bytes=12
[2026-03-06T01:41:27.614] (+5.681s) [HLC][STAGE] WaitSessionSetup -> WaitServiceDiscovery (SessionSetup)
[2026-03-06T01:41:27.614] (+5.681s) [INFO ] /home/jpi/Desktop/EVSE/jpv2g/src/secc.c:1532: RX SessionSetupReq (proto=1)
[2026-03-06T01:41:27.614] (+5.681s) [INFO ] /home/jpi/Desktop/EVSE/jpv2g/src/secc.c:164: RX SessionSetupReq exi_len=14 exi_hex=8098004011D01A2326CDE4FDA000
[2026-03-06T01:41:27.614] (+5.681s) [INFO ] /home/jpi/Desktop/EVSE/jpv2g/src/secc.c:433: DECODED ISO {"msg":"SessionSetup","req":{"evccId":"88C9B3793F68"},"res":{"responseCode":"OK_NewSessionEstablished","evseId":"IN*JPE*E000100010001","sessionId":"69C43FA83DE8F04D"}}
[2026-03-06T01:41:27.614] (+5.681s) [INFO ] /home/jpi/Desktop/EVSE/jpv2g/src/secc.c:164: TX SessionSetupReq exi_len=36 exi_hex=8098021A710FEA0F7A3C1351E020592538A9294114A914C0C0C0C4C0C0C0C4C0C0C0C480
[2026-03-06T01:41:27.614] (+5.681s) [INFO ] /home/jpi/Desktop/EVSE/jpv2g/src/secc.c:1547: TX SessionSetupReq bytes=44
[2026-03-06T01:41:27.755] (+5.822s) [HLC][PAY] advertised ext=1 contract=0 strict_eim=1 count=1
[2026-03-06T01:41:27.755] (+5.822s) [HLC][STAGE] WaitServiceDiscovery -> WaitPaymentSelection (ServiceDiscovery)
[2026-03-06T01:41:27.755] (+5.822s) [INFO ] /home/jpi/Desktop/EVSE/jpv2g/src/secc.c:1532: RX ServiceDiscoveryReq (proto=1)
[2026-03-06T01:41:27.755] (+5.822s) [INFO ] /home/jpi/Desktop/EVSE/jpv2g/src/secc.c:164: RX ServiceDiscoveryReq exi_len=13 exi_hex=8098021A710FEA0F7A3C1351B8
[2026-03-06T01:41:27.755] (+5.822s) [INFO ] /home/jpi/Desktop/EVSE/jpv2g/src/secc.c:465: DECODED ISO {"msg":"ServiceDiscovery","req":{"scope":"","category":-1},"res":{"responseCode":"OK","payments":["ExternalPayment"],"serviceId":1,"serviceName":"DCFC","freeService":0,"etm":["DC_core","DC_extended","DC_combo_core"]}}
[2026-03-06T01:41:27.755] (+5.822s) [INFO ] /home/jpi/Desktop/EVSE/jpv2g/src/secc.c:164: TX ServiceDiscoveryReq exi_len=27 exi_hex=8098021A710FEA0F7A3C1351C0012004019110D190C04040C21200
[2026-03-06T01:41:27.755] (+5.822s) [INFO ] /home/jpi/Desktop/EVSE/jpv2g/src/secc.c:1547: TX ServiceDiscoveryReq bytes=35
[2026-03-06T01:41:27.755] (+5.822s) [HLC][STAGE] WaitPaymentSelection -> WaitAuthorization (PaymentSelectionExternal)
[2026-03-06T01:41:27.755] (+5.822s) [HLC][PAY] sel_iso=1 ext_adv=1 contract_adv=0 strict=1 resp=0 next=WaitAuthorization mode=ExternalPayment
[2026-03-06T01:41:27.905] (+5.973s) [INFO ] /home/jpi/Desktop/EVSE/jpv2g/src/secc.c:1532: RX PaymentServiceSelectionReq (proto=1)
[2026-03-06T01:41:27.905] (+5.973s) [INFO ] /home/jpi/Desktop/EVSE/jpv2g/src/secc.c:164: RX PaymentServiceSelectionReq exi_len=16 exi_hex=8098021A710FEA0F7A3C135132001280
[2026-03-06T01:41:27.905] (+5.973s) [INFO ] /home/jpi/Desktop/EVSE/jpv2g/src/secc.c:478: DECODED ISO {"msg":"PaymentServiceSelection","req":{"payment":"ExternalPayment","serviceId":1},"res":{"responseCode":"OK"}}
[2026-03-06T01:41:27.905] (+5.973s) [INFO ] /home/jpi/Desktop/EVSE/jpv2g/src/secc.c:164: TX PaymentServiceSelectionReq exi_len=14 exi_hex=8098021A710FEA0F7A3C13514000
[2026-03-06T01:41:27.906] (+5.973s) [INFO ] /home/jpi/Desktop/EVSE/jpv2g/src/secc.c:1547: TX PaymentServiceSelectionReq bytes=22
[2026-03-06T01:41:27.906] (+5.973s) [HLC][AUTH] iso mode=ExternalPayment ongoing_sent=1 force=1 proc=1 next=WaitAuthorization
[2026-03-06T01:41:27.906] (+5.973s) [INFO ] /home/jpi/Desktop/EVSE/jpv2g/src/secc.c:1532: RX AuthorizationReq (proto=1)
[2026-03-06T01:41:27.906] (+5.973s) [INFO ] /home/jpi/Desktop/EVSE/jpv2g/src/secc.c:164: RX AuthorizationReq exi_len=13 exi_hex=8098021A710FEA0F7A3C135008
[2026-03-06T01:41:28.406] (+6.473s) [INFO ] /home/jpi/Desktop/EVSE/jpv2g/src/secc.c:487: DECODED ISO {"msg":"Authorization","req":{"genChallengeLen":0},"res":{"responseCode":"OK","processing":"Ongoing"}}
[2026-03-06T01:41:28.406] (+6.473s) [INFO ] /home/jpi/Desktop/EVSE/jpv2g/src/secc.c:164: TX AuthorizationReq exi_len=15 exi_hex=8098021A710FEA0F7A3C1350100100
[2026-03-06T01:41:28.406] (+6.473s) [INFO ] /home/jpi/Desktop/EVSE/jpv2g/src/secc.c:1547: TX AuthorizationReq bytes=23
[2026-03-06T01:41:28.406] (+6.474s) [HLC][AUTH] early disconnect after Ongoing; disabling forced ongoing for next sessions
[2026-03-06T01:41:28.406] (+6.474s) [HLC] client session done rc=-104 auth_mode=ExternalPayment ongoing_sent=1 auth_finished=0 stage=WaitAuthorization force_ongoing=0
[2026-03-06T01:41:31.410] (+9.477s) [HLC] waiting for EVCC TCP client...
[2026-03-06T01:41:36.416] (+14.483s) [HLC] waiting for EVCC TCP client...
[2026-03-06T01:41:41.422] (+19.489s) [HLC] waiting for EVCC TCP client...
[2026-03-06T01:41:46.427] (+24.495s) [HLC] waiting for EVCC TCP client...
[2026-03-06T01:41:51.435] (+29.502s) [HLC] waiting for EVCC TCP client...
[2026-03-06T01:41:56.441] (+34.508s) [HLC] waiting for EVCC TCP client...
[2026-03-06T01:42:01.447] (+39.514s) [HLC] waiting for EVCC TCP client...
[2026-03-06T01:42:06.451] (+44.519s) [HLC] waiting for EVCC TCP client...
[2026-03-06T01:42:11.457] (+49.525s) [HLC] waiting for EVCC TCP client...
[2026-03-06T01:42:16.463] (+54.531s) [HLC] waiting for EVCC TCP client...
[2026-03-06T01:42:21.469] (+59.536s) [HLC] waiting for EVCC TCP client...
[2026-03-06T01:42:26.475] (+64.543s) [HLC] waiting for EVCC TCP client...
[2026-03-06T01:42:31.481] (+69.549s) [HLC] waiting for EVCC TCP client...
[2026-03-06T01:42:36.500] (+74.567s) [HLC] waiting for EVCC TCP client...
[2026-03-06T01:42:41.506] (+79.573s) [HLC] waiting for EVCC TCP client...
[2026-03-06T01:42:46.512] (+84.579s) [HLC] waiting for EVCC TCP client...
[2026-03-06T01:42:51.518] (+89.585s) [HLC] waiting for EVCC TCP client...
[2026-03-06T01:42:56.524] (+94.591s) [HLC] waiting for EVCC TCP client...
[2026-03-06T01:43:01.529] (+99.596s) [HLC] waiting for EVCC TCP client...
[2026-03-06T01:43:06.534] (+104.602s) [HLC] waiting for EVCC TCP client...
[2026-03-06T01:43:11.539] (+109.606s) [HLC] waiting for EVCC TCP client...
[2026-03-06T01:43:16.545] (+114.612s) [HLC] waiting for EVCC TCP client...
[2026-03-06T01:43:21.552] (+119.620s) [HLC] waiting for EVCC TCP client...
[2026-03-06T01:43:26.558] (+124.625s) [HLC] waiting for EVCC TCP client...
[2026-03-06T01:43:31.564] (+129.631s) [HLC] waiting for EVCC TCP client...
[2026-03-06T01:43:36.569] (+134.636s) [HLC] waiting for EVCC TCP client...
[2026-03-06T01:43:41.575] (+139.642s) [HLC] waiting for EVCC TCP client...
[2026-03-06T01:43:46.594] (+144.661s) [HLC] waiting for EVCC TCP client...
[2026-03-06T01:43:51.607] (+149.674s) [HLC] waiting for EVCC TCP client...
[2026-03-06T01:43:56.620] (+154.687s) [HLC] waiting for EVCC TCP client...
[2026-03-06T01:44:01.626] (+159.693s) [HLC] waiting for EVCC TCP client...
[2026-03-06T01:44:06.632] (+164.699s) [HLC] waiting for EVCC TCP client...
[2026-03-06T01:44:11.638] (+169.705s) [HLC] waiting for EVCC TCP client...
[2026-03-06T01:44:16.643] (+174.710s) [HLC] waiting for EVCC TCP client...
[2026-03-06T01:44:21.649] (+179.716s) [HLC] waiting for EVCC TCP client...
[2026-03-06T01:44:26.655] (+184.722s) [HLC] waiting for EVCC TCP client...
[2026-03-06T01:44:31.661] (+189.728s) [HLC] waiting for EVCC TCP client...
[2026-03-06T01:44:36.666] (+194.734s) [HLC] waiting for EVCC TCP client...
[2026-03-06T01:44:41.672] (+199.740s) [HLC] waiting for EVCC TCP client...
[2026-03-06T01:44:46.678] (+204.745s) [HLC] waiting for EVCC TCP client...
[2026-03-06T01:44:51.683] (+209.750s) [HLC] waiting for EVCC TCP client...
