
=== SERIAL CONNECT /dev/ttyACM0 115200 @ 2026-03-06T01:56:52 ===
[2026-03-06T01:56:53.197] (+0.502s) [BOOT] waiting... 6002/10000 ms
[2026-03-06T01:56:54.198] (+1.503s) [BOOT] waiting... 7002/10000 ms
[2026-03-06T01:56:55.199] (+2.504s) [BOOT] waiting... 8002/10000 ms
[2026-03-06T01:56:56.200] (+3.505s) [BOOT] waiting... 9002/10000 ms
[2026-03-06T01:56:57.201] (+4.506s) [NET] local MAC B8:F8:62:4B:C5:20
[2026-03-06T01:56:57.202] (+4.506s) [NET] SECC IPv6 LL fe80::baf8:62ff:fe4b:c520
[2026-03-06T01:56:57.202] (+4.506s) [ 10633][I][esp32-hal-i2c.c:75] i2cInit(): Initialising I2C Master: sda=12 scl=11 freq=100000
[2026-03-06T01:56:57.202] (+4.506s) [RELAY] Relay1 ready addr=0x20 pin=P00
[2026-03-06T01:56:57.202] (+4.506s) [MOD] startup scan begin (single module MXR_1 addr=0x01)
[2026-03-06T01:56:57.202] (+4.506s) [MOD] scan complete=1 expected=1 discovered=1 validated=1 missing=0 mismatch=0
[2026-03-06T01:56:57.202] (+4.506s) [MOD] setup upsert=1 allocate=1 ready=1
[2026-03-06T01:56:58.202] (+5.507s) [QCA] transport ready
[2026-03-06T01:56:58.703] (+6.008s) [ 11940][D][WiFiGeneric.cpp:1040] _eventCallback(): Arduino Event: 0 - WIFI_READY
[2026-03-06T01:56:58.703] (+6.008s) [ 11980][D][WiFiGeneric.cpp:1040] _eventCallback(): Arduino Event: 2 - STA_START
[2026-03-06T01:56:58.703] (+6.008s) [NET] lwIP socket stack initialized (WiFi STA mode)
[2026-03-06T01:56:58.703] (+6.008s) [NET] PLC lwIP netif ready: pl2
[2026-03-06T01:56:58.703] (+6.008s) [APP] ready, waiting for CP B/C/D
[2026-03-06T01:56:58.703] (+6.008s) [ 12003][I][esp32-hal-adc.c:249] __analogReadMilliVolts(): ADC1: Characterized using Default Vref: 0
[2026-03-06T01:56:58.703] (+6.008s) 
[2026-03-06T01:56:58.703] (+6.008s) [CP] state A -> B (2219 mV)
[2026-03-06T01:56:58.703] (+6.008s) [CP] duty -> 5% (state=B hold=0 ef=0)
[2026-03-06T01:56:59.204] (+6.508s) [SLAC] session start
[2026-03-06T01:56:59.204] (+6.508s) [FSM] Reset -> Idle
[2026-03-06T01:56:59.204] (+6.508s) [FSM] EnterBCD
[2026-03-06T01:57:03.208] (+10.513s) [FSM] Idle -> WaitForMatchingStart
[2026-03-06T01:57:03.208] (+10.513s) [FSM] WaitForMatchingStart -> Matching
[2026-03-06T01:57:03.208] (+10.513s) [FSM] Matching -> Sounding
[2026-03-06T01:57:04.209] (+11.514s) [FSM] Timeout in sounding, send results
[2026-03-06T01:57:04.209] (+11.514s) [FSM] Sounding -> DoAttenChar
[2026-03-06T01:57:04.209] (+11.514s) [FSM] DoAttenChar -> WaitForSlacMatch
[2026-03-06T01:57:04.209] (+11.514s) [SLAC] match request received, signaling link detected
[2026-03-06T01:57:04.210] (+11.514s) [FSM] WaitForSlacMatch -> Matched
[2026-03-06T01:57:04.210] (+11.514s) [SLAC] MATCHED - starting HLC stack
[2026-03-06T01:57:04.210] (+11.514s) [HLC] bind iface=<default> (plc=pl2)
[2026-03-06T01:57:04.210] (+11.514s) [HLC] worker task started stack_bytes=65536
[2026-03-06T01:57:04.210] (+11.514s) [WARN ] /home/jpi/Desktop/EVSE/jpv2g/src/transport.c:137: IPV6_JOIN_GROUP failed on iface  (errno=125), continuing without multicast
[2026-03-06T01:57:04.210] (+11.514s) [HLC] stack ready (SDP+TCP on 15118)
[2026-03-06T01:57:04.210] (+11.514s) [HLC] waiting for EVCC TCP client...
[2026-03-06T01:57:05.210] (+12.515s) [CP] state B -> C (1982 mV)
[2026-03-06T01:57:05.210] (+12.515s) [SDP] req sec=0x10 tp=0x00 -> res port=15118 sec=0x10
[2026-03-06T01:57:05.211] (+12.515s) [HLC] EVCC connected, processing session
[2026-03-06T01:57:05.211] (+12.515s) [INFO ] /home/jpi/Desktop/EVSE/jpv2g/src/secc.c:975: SAPP opt[0] schema=1 prio=2 ns=urn:din:70121:2012:MsgDef
[2026-03-06T01:57:05.211] (+12.515s) [INFO ] /home/jpi/Desktop/EVSE/jpv2g/src/secc.c:975: SAPP opt[1] schema=0 prio=1 ns=urn:iso:15118:2:2013:MsgDef
[2026-03-06T01:57:05.211] (+12.515s) [INFO ] /home/jpi/Desktop/EVSE/jpv2g/src/secc.c:978: SAPP selected proto=1 schema=0
[2026-03-06T01:57:05.369] (+12.673s) [INFO ] /home/jpi/Desktop/EVSE/jpv2g/src/secc.c:1532: RX SupportedAppProtocolReq (proto=1)
[2026-03-06T01:57:05.369] (+12.674s) [INFO ] /home/jpi/Desktop/EVSE/jpv2g/src/secc.c:164: RX SupportedAppProtocolReq exi_len=68 exi_hex=8000DBAB9371D3234B71D1B981899189D191818991D26B9B3A232B30020000040401D75726E3A69736F3A31353131383A323A323031333A4D73674465660040000000080
[2026-03-06T01:57:05.369] (+12.674s) [INFO ] /home/jpi/Desktop/EVSE/jpv2g/src/secc.c:164: TX SupportedAppProtocolReq exi_len=4 exi_hex=80400000
[2026-03-06T01:57:05.369] (+12.674s) [HLC] EVCC connected, handed off to worker
[2026-03-06T01:57:05.369] (+12.674s) [INFO ] /home/jpi/Desktop/EVSE/jpv2g/src/secc.c:1547: TX SupportedAppProtocolReq bytes=12
[2026-03-06T01:57:05.369] (+12.674s) [HLC][STAGE] WaitSessionSetup -> WaitServiceDiscovery (SessionSetup)
[2026-03-06T01:57:05.369] (+12.674s) [INFO ] /home/jpi/Desktop/EVSE/jpv2g/src/secc.c:1532: RX SessionSetupReq (proto=1)
[2026-03-06T01:57:05.369] (+12.674s) [INFO ] /home/jpi/Desktop/EVSE/jpv2g/src/secc.c:164: RX SessionSetupReq exi_len=14 exi_hex=8098004011D01A2326CDE4FDA000
[2026-03-06T01:57:05.369] (+12.674s) [INFO ] /home/jpi/Desktop/EVSE/jpv2g/src/secc.c:164: TX SessionSetupReq exi_len=36 exi_hex=809802130147B5C4945EDB51E020592538A9294114A914C0C0C0C4C0C0C0C4C0C0C0C480
[2026-03-06T01:57:05.573] (+12.878s) [INFO ] /home/jpi/Desktop/EVSE/jpv2g/src/secc.c:1547: TX SessionSetupReq bytes=44
[2026-03-06T01:57:05.573] (+12.878s) [HLC][PAY] advertised ext=1 contract=0 strict_eim=1 count=1
[2026-03-06T01:57:05.573] (+12.878s) [HLC][STAGE] WaitServiceDiscovery -> WaitPaymentSelection (ServiceDiscovery)
[2026-03-06T01:57:05.573] (+12.878s) [INFO ] /home/jpi/Desktop/EVSE/jpv2g/src/secc.c:1532: RX ServiceDiscoveryReq (proto=1)
[2026-03-06T01:57:05.573] (+12.878s) [INFO ] /home/jpi/Desktop/EVSE/jpv2g/src/secc.c:164: RX ServiceDiscoveryReq exi_len=13 exi_hex=809802130147B5C4945EDB51B8
[2026-03-06T01:57:05.573] (+12.878s) [INFO ] /home/jpi/Desktop/EVSE/jpv2g/src/secc.c:164: TX ServiceDiscoveryReq exi_len=27 exi_hex=809802130147B5C4945EDB51C0012004019110D190C04040C21200
[2026-03-06T01:57:05.573] (+12.878s) [INFO ] /home/jpi/Desktop/EVSE/jpv2g/src/secc.c:1547: TX ServiceDiscoveryReq bytes=35
[2026-03-06T01:57:05.573] (+12.878s) [HLC][STAGE] WaitPaymentSelection -> WaitAuthorization (PaymentSelectionExternal)
[2026-03-06T01:57:05.573] (+12.878s) [HLC][PAY] sel_iso=1 ext_adv=1 contract_adv=0 strict=1 resp=0 next=WaitAuthorization mode=ExternalPayment
[2026-03-06T01:57:05.573] (+12.878s) [INFO ] /home/jpi/Desktop/EVSE/jpv2g/src/secc.c:1532: RX PaymentServiceSelectionReq (proto=1)
[2026-03-06T01:57:06.074] (+13.379s) [INFO ] /home/jpi/Desktop/EVSE/jpv2g/src/secc.c:164: RX PaymentServiceSelectionReq exi_len=16 exi_hex=809802130147B5C4945EDB5132001280
[2026-03-06T01:57:06.074] (+13.379s) [INFO ] /home/jpi/Desktop/EVSE/jpv2g/src/secc.c:164: TX PaymentServiceSelectionReq exi_len=14 exi_hex=809802130147B5C4945EDB514000
[2026-03-06T01:57:06.074] (+13.379s) [INFO ] /home/jpi/Desktop/EVSE/jpv2g/src/secc.c:1547: TX PaymentServiceSelectionReq bytes=22
[2026-03-06T01:57:06.074] (+13.379s) [HLC][STAGE] WaitAuthorization -> WaitChargeParams (AuthorizationFinished)
[2026-03-06T01:57:06.074] (+13.379s) [HLC][AUTH] iso mode=ExternalPayment ongoing_sent=0 force=0 proc=0 next=WaitChargeParams
[2026-03-06T01:57:06.074] (+13.379s) [INFO ] /home/jpi/Desktop/EVSE/jpv2g/src/secc.c:1532: RX AuthorizationReq (proto=1)
[2026-03-06T01:57:06.074] (+13.379s) [INFO ] /home/jpi/Desktop/EVSE/jpv2g/src/secc.c:164: RX AuthorizationReq exi_len=13 exi_hex=809802130147B5C4945EDB5008
[2026-03-06T01:57:06.074] (+13.379s) [INFO ] /home/jpi/Desktop/EVSE/jpv2g/src/secc.c:164: TX AuthorizationReq exi_len=15 exi_hex=809802130147B5C4945EDB50100000
[2026-03-06T01:57:06.074] (+13.379s) [INFO ] /home/jpi/Desktop/EVSE/jpv2g/src/secc.c:1547: TX AuthorizationReq bytes=23
[2026-03-06T01:57:06.074] (+13.379s) [HLC] client session done rc=-104 auth_mode=ExternalPayment ongoing_sent=0 auth_finished=1 stage=WaitChargeParams force_ongoing=0
[2026-03-06T01:57:09.077] (+16.382s) [HLC] waiting for EVCC TCP client...
[2026-03-06T01:57:14.082] (+21.387s) [HLC] waiting for EVCC TCP client...
[2026-03-06T01:57:19.088] (+26.393s) [HLC] waiting for EVCC TCP client...
[2026-03-06T01:57:24.094] (+31.399s) [HLC] waiting for EVCC TCP client...
[2026-03-06T01:57:29.099] (+36.404s) [HLC] waiting for EVCC TCP client...
[2026-03-06T01:57:34.105] (+41.410s) [HLC] waiting for EVCC TCP client...
[2026-03-06T01:57:39.111] (+46.416s) [HLC] waiting for EVCC TCP client...
[2026-03-06T01:57:44.117] (+51.421s) [HLC] waiting for EVCC TCP client...
[2026-03-06T01:57:49.122] (+56.427s) [HLC] waiting for EVCC TCP client...
[2026-03-06T01:57:54.129] (+61.434s) [HLC] waiting for EVCC TCP client...
[2026-03-06T01:57:59.135] (+66.440s) [HLC] waiting for EVCC TCP client...
[2026-03-06T01:58:04.141] (+71.446s) [HLC] waiting for EVCC TCP client...
[2026-03-06T01:58:09.147] (+76.451s) [HLC] waiting for EVCC TCP client...
[2026-03-06T01:58:09.647] (+76.952s) [CP] state C -> B (2175 mV)
[2026-03-06T01:58:14.152] (+81.457s) [HLC] waiting for EVCC TCP client...
[2026-03-06T01:58:19.165] (+86.470s) [HLC] waiting for EVCC TCP client...
