
=== SERIAL CONNECT /dev/ttyACM0 115200 @ 2026-03-05T23:26:59 ===
[2026-03-05T23:27:00.487] (+1.002s) [BOOT] waiting... 7002/10000 ms
[2026-03-05T23:27:01.488] (+2.003s) [BOOT] waiting... 8002/10000 ms
[2026-03-05T23:27:02.490] (+3.006s) [BOOT] waiting... 9002/10000 ms
[2026-03-05T23:27:03.491] (+4.007s) [NET] local MAC B8:F8:62:4B:C5:20
[2026-03-05T23:27:03.491] (+4.007s) [NET] SECC IPv6 LL fe80::baf8:62ff:fe4b:c520
[2026-03-05T23:27:03.491] (+4.007s) [ 10632][I][esp32-hal-i2c.c:75] i2cInit(): Initialising I2C Master: sda=12 scl=11 freq=100000
[2026-03-05T23:27:03.491] (+4.007s) [RELAY] Relay1 ready addr=0x20 pin=P00
[2026-03-05T23:27:03.491] (+4.007s) [MOD] MCP2515 ready @125 kbps osc=8MHz
[2026-03-05T23:27:03.491] (+4.007s) [MOD] startup scan begin (single module MXR_1 addr=0x01)
[2026-03-05T23:27:03.491] (+4.007s) [MOD] scan complete=1 expected=1 discovered=1 validated=1 missing=0 mismatch=0
[2026-03-05T23:27:03.491] (+4.007s) [MOD] scan id=MXR_1 discovered=1 type_match=1 addr_match=1 valid=1
[2026-03-05T23:27:03.492] (+4.007s) [MOD] setup upsert=1 allocate=1 low_bw=5.0kbps ready=1
[2026-03-05T23:27:04.492] (+5.008s) [QCA] transport ready
[2026-03-05T23:27:04.993] (+5.509s) [ 11938][D][WiFiGeneric.cpp:1040] _eventCallback(): Arduino Event: 0 - WIFI_READY
[2026-03-05T23:27:04.993] (+5.509s) [ 11979][D][WiFiGeneric.cpp:1040] _eventCallback(): Arduino Event: 2 - STA_START
[2026-03-05T23:27:04.993] (+5.509s) [NET] lwIP socket stack initialized (WiFi STA mode)
[2026-03-05T23:27:04.993] (+5.509s) [NET] PLC lwIP netif ready: pl2
[2026-03-05T23:27:04.993] (+5.509s) [APP] ready, waiting for CP B/C/D
[2026-03-05T23:27:04.993] (+5.509s) [MOD] grp valid=1 en=0 assigned=1 active=0 reqV=0.0 reqI=0.0 appV=0.0 appI=0.0 sat=0
[2026-03-05T23:27:04.993] (+5.509s) [MOD] id=MXR_1 lc=3 online=1 fault=0 V=0.0 I=0.00 availI=100.0
[2026-03-05T23:27:04.994] (+5.509s) [ 11997][I][esp32-hal-adc.c:249] __analogReadMilliVolts(): ADC1: Characterized using Default Vref: 0
[2026-03-05T23:27:04.994] (+5.509s) 
[2026-03-05T23:27:04.994] (+5.509s) [CP] state A -> B (2219 mV)
[2026-03-05T23:27:04.994] (+5.509s) [CP] duty -> 5% (state=B hold=0 ef=0)
[2026-03-05T23:27:05.494] (+6.010s) [SLAC] session start
[2026-03-05T23:27:05.494] (+6.010s) [FSM] Reset -> Idle
[2026-03-05T23:27:05.494] (+6.010s) [FSM] EnterBCD
[2026-03-05T23:27:05.494] (+6.010s) [FSM] Idle -> WaitForMatchingStart
[2026-03-05T23:27:05.494] (+6.010s) [CP] state B -> C (2080 mV)
[2026-03-05T23:27:05.995] (+6.511s) [MOD] grp valid=1 en=0 assigned=1 active=0 reqV=0.0 reqI=0.0 appV=0.0 appI=0.0 sat=0
[2026-03-05T23:27:05.995] (+6.511s) [MOD] id=MXR_1 lc=3 online=0 fault=0 V=0.0 I=0.00 availI=100.0
[2026-03-05T23:27:06.996] (+7.512s) [MOD] grp valid=1 en=0 assigned=1 active=0 reqV=0.0 reqI=0.0 appV=0.0 appI=0.0 sat=0
[2026-03-05T23:27:06.997] (+7.512s) [MOD] id=MXR_1 lc=3 online=0 fault=0 V=0.0 I=0.00 availI=100.0
[2026-03-05T23:27:06.997] (+7.512s) [CP] state C -> B (2160 mV)
[2026-03-05T23:27:07.998] (+8.513s) [MOD] grp valid=1 en=0 assigned=1 active=0 reqV=0.0 reqI=0.0 appV=0.0 appI=0.0 sat=0
[2026-03-05T23:27:07.998] (+8.513s) [MOD] id=MXR_1 lc=3 online=0 fault=0 V=0.0 I=0.00 availI=100.0
[2026-03-05T23:27:08.999] (+9.514s) [MOD] grp valid=1 en=0 assigned=1 active=0 reqV=0.0 reqI=0.0 appV=0.0 appI=0.0 sat=0
[2026-03-05T23:27:08.999] (+9.515s) [MOD] id=MXR_1 lc=3 online=0 fault=0 V=0.0 I=0.00 availI=100.0
[2026-03-05T23:27:09.500] (+10.015s) [FSM] WaitForMatchingStart -> Matching
[2026-03-05T23:27:10.000] (+10.516s) [FSM] Matching -> Sounding
[2026-03-05T23:27:10.000] (+10.516s) [MOD] grp valid=1 en=0 assigned=1 active=0 reqV=0.0 reqI=0.0 appV=0.0 appI=0.0 sat=0
[2026-03-05T23:27:10.000] (+10.516s) [MOD] id=MXR_1 lc=3 online=0 fault=0 V=0.0 I=0.00 availI=100.0
[2026-03-05T23:27:10.000] (+10.516s) [FSM] Sounding -> DoAttenChar
[2026-03-05T23:27:10.000] (+10.516s) [FSM] DoAttenChar -> WaitForSlacMatch
[2026-03-05T23:27:10.000] (+10.516s) [CP] state B -> C (2055 mV)
[2026-03-05T23:27:10.501] (+11.017s) [SLAC] match request received, signaling link detected
[2026-03-05T23:27:10.501] (+11.017s) [FSM] WaitForSlacMatch -> Matched
[2026-03-05T23:27:10.501] (+11.017s) [SLAC] MATCHED - starting HLC stack
[2026-03-05T23:27:10.501] (+11.017s) [HLC] bind iface=<default> (plc=pl2)
[2026-03-05T23:27:10.501] (+11.017s) [HLC] worker task started stack_bytes=65536
[2026-03-05T23:27:10.501] (+11.017s) [WARN ] /home/jpi/Desktop/EVSE/jpv2g/src/transport.c:137: IPV6_JOIN_GROUP failed on iface  (errno=125), continuing without multicast
[2026-03-05T23:27:10.501] (+11.017s) [HLC] stack ready (SDP+TCP on 15118)
[2026-03-05T23:27:10.501] (+11.017s) [HLC] waiting for EVCC TCP client...
[2026-03-05T23:27:11.002] (+11.518s) [MOD] grp valid=1 en=0 assigned=1 active=0 reqV=0.0 reqI=0.0 appV=0.0 appI=0.0 sat=0
[2026-03-05T23:27:11.002] (+11.518s) [MOD] id=MXR_1 lc=3 online=0 fault=0 V=0.0 I=0.00 availI=100.0
[2026-03-05T23:27:11.503] (+12.018s) [SDP] req sec=0x10 tp=0x00 -> res port=15118 sec=0x10
[2026-03-05T23:27:11.503] (+12.018s) [HLC] EVCC connected, processing session
[2026-03-05T23:27:11.503] (+12.018s) [HLC] RX SupportedAppProtocol
[2026-03-05T23:27:11.503] (+12.018s) [HLC] EVCC connected, handed off to worker
[2026-03-05T23:27:11.503] (+12.018s) [HLC] RX SessionSetup
[2026-03-05T23:27:12.003] (+12.519s) [HLC] RX ServiceDiscovery
[2026-03-05T23:27:12.003] (+12.519s) [HLC] RX PaymentServiceSelection
[2026-03-05T23:27:12.004] (+12.519s) [MOD] grp valid=1 en=0 assigned=1 active=0 reqV=0.0 reqI=0.0 appV=0.0 appI=0.0 sat=0
[2026-03-05T23:27:12.004] (+12.519s) [MOD] id=MXR_1 lc=3 online=0 fault=0 V=0.0 I=0.00 availI=100.0
[2026-03-05T23:27:12.004] (+12.519s) [HLC] RX Authorization
[2026-03-05T23:27:12.004] (+12.519s) [MOD] off request (ClientSessionDone) confirmed=1
[2026-03-05T23:27:12.004] (+12.519s) [HLC] current-demand loops=0
[2026-03-05T23:27:12.004] (+12.519s) [HLC] session rx_count=5 last_rx=Authorization
[2026-03-05T23:27:12.004] (+12.519s) [HLC] client session done rc=-104
[2026-03-05T23:27:13.005] (+13.521s) [MOD] grp valid=1 en=0 assigned=1 active=0 reqV=0.0 reqI=0.0 appV=0.0 appI=0.0 sat=0
[2026-03-05T23:27:13.005] (+13.521s) [MOD] id=MXR_1 lc=3 online=0 fault=0 V=0.0 I=0.00 availI=100.0
[2026-03-05T23:27:14.006] (+14.522s) [MOD] grp valid=1 en=0 assigned=1 active=0 reqV=0.0 reqI=0.0 appV=0.0 appI=0.0 sat=0
[2026-03-05T23:27:14.006] (+14.522s) [MOD] id=MXR_1 lc=3 online=0 fault=0 V=0.0 I=0.00 availI=100.0
[2026-03-05T23:27:15.007] (+15.523s) [MOD] grp valid=1 en=0 assigned=1 active=0 reqV=0.0 reqI=0.0 appV=0.0 appI=0.0 sat=0
[2026-03-05T23:27:15.008] (+15.523s) [MOD] id=MXR_1 lc=3 online=0 fault=0 V=0.0 I=0.00 availI=100.0
[2026-03-05T23:27:15.508] (+16.024s) [HLC] waiting for EVCC TCP client...
[2026-03-05T23:27:16.009] (+16.524s) [MOD] grp valid=1 en=0 assigned=1 active=0 reqV=0.0 reqI=0.0 appV=0.0 appI=0.0 sat=0
[2026-03-05T23:27:16.009] (+16.524s) [MOD] id=MXR_1 lc=3 online=0 fault=0 V=0.0 I=0.00 availI=100.0
[2026-03-05T23:27:17.010] (+17.525s) [MOD] grp valid=1 en=0 assigned=1 active=0 reqV=0.0 reqI=0.0 appV=0.0 appI=0.0 sat=0
[2026-03-05T23:27:17.010] (+17.526s) [MOD] id=MXR_1 lc=3 online=0 fault=0 V=0.0 I=0.00 availI=100.0
[2026-03-05T23:27:18.011] (+18.527s) [MOD] grp valid=1 en=0 assigned=1 active=0 reqV=0.0 reqI=0.0 appV=0.0 appI=0.0 sat=0
[2026-03-05T23:27:18.011] (+18.527s) [MOD] id=MXR_1 lc=3 online=0 fault=0 V=0.0 I=0.00 availI=100.0
[2026-03-05T23:27:19.012] (+19.528s) [MOD] grp valid=1 en=0 assigned=1 active=0 reqV=0.0 reqI=0.0 appV=0.0 appI=0.0 sat=0
[2026-03-05T23:27:19.012] (+19.528s) [MOD] id=MXR_1 lc=3 online=0 fault=0 V=0.0 I=0.00 availI=100.0
[2026-03-05T23:27:20.014] (+20.529s) [MOD] grp valid=1 en=0 assigned=1 active=0 reqV=0.0 reqI=0.0 appV=0.0 appI=0.0 sat=0
[2026-03-05T23:27:20.014] (+20.529s) [MOD] id=MXR_1 lc=3 online=0 fault=0 V=0.0 I=0.00 availI=100.0
[2026-03-05T23:27:20.014] (+20.529s) [CP] state C -> B (2102 mV)
[2026-03-05T23:27:20.514] (+21.030s) [HLC] waiting for EVCC TCP client...
[2026-03-05T23:27:21.015] (+21.530s) [MOD] grp valid=1 en=0 assigned=1 active=0 reqV=0.0 reqI=0.0 appV=0.0 appI=0.0 sat=0
[2026-03-05T23:27:21.015] (+21.530s) [MOD] id=MXR_1 lc=3 online=0 fault=0 V=0.0 I=0.00 availI=100.0
[2026-03-05T23:27:22.016] (+22.531s) [MOD] grp valid=1 en=0 assigned=1 active=0 reqV=0.0 reqI=0.0 appV=0.0 appI=0.0 sat=0
[2026-03-05T23:27:22.016] (+22.532s) [MOD] id=MXR_1 lc=3 online=0 fault=0 V=0.0 I=0.00 availI=100.0
[2026-03-05T23:27:23.017] (+23.533s) [CP] state B -> C (2066 mV)
[2026-03-05T23:27:23.017] (+23.533s) [MOD] grp valid=1 en=0 assigned=1 active=0 reqV=0.0 reqI=0.0 appV=0.0 appI=0.0 sat=0
[2026-03-05T23:27:23.017] (+23.533s) [MOD] id=MXR_1 lc=3 online=0 fault=0 V=0.0 I=0.00 availI=100.0
[2026-03-05T23:27:24.018] (+24.534s) [MOD] grp valid=1 en=0 assigned=1 active=0 reqV=0.0 reqI=0.0 appV=0.0 appI=0.0 sat=0
[2026-03-05T23:27:24.019] (+24.534s) [MOD] id=MXR_1 lc=3 online=0 fault=0 V=0.0 I=0.00 availI=100.0
[2026-03-05T23:27:25.020] (+25.535s) [MOD] grp valid=1 en=0 assigned=1 active=0 reqV=0.0 reqI=0.0 appV=0.0 appI=0.0 sat=0
[2026-03-05T23:27:25.020] (+25.535s) [MOD] id=MXR_1 lc=3 online=0 fault=0 V=0.0 I=0.00 availI=100.0
[2026-03-05T23:27:25.520] (+26.036s) [HLC] waiting for EVCC TCP client...
[2026-03-05T23:27:26.021] (+26.536s) [MOD] grp valid=1 en=0 assigned=1 active=0 reqV=0.0 reqI=0.0 appV=0.0 appI=0.0 sat=0
[2026-03-05T23:27:26.021] (+26.536s) [MOD] id=MXR_1 lc=3 online=0 fault=0 V=0.0 I=0.00 availI=100.0
[2026-03-05T23:27:27.022] (+27.537s) [MOD] grp valid=1 en=0 assigned=1 active=0 reqV=0.0 reqI=0.0 appV=0.0 appI=0.0 sat=0
[2026-03-05T23:27:27.022] (+27.537s) [MOD] id=MXR_1 lc=3 online=0 fault=0 V=0.0 I=0.00 availI=100.0
[2026-03-05T23:27:28.023] (+28.538s) [MOD] grp valid=1 en=0 assigned=1 active=0 reqV=0.0 reqI=0.0 appV=0.0 appI=0.0 sat=0
[2026-03-05T23:27:28.023] (+28.538s) [MOD] id=MXR_1 lc=3 online=0 fault=0 V=0.0 I=0.00 availI=100.0
[2026-03-05T23:27:29.024] (+29.540s) [MOD] grp valid=1 en=0 assigned=1 active=0 reqV=0.0 reqI=0.0 appV=0.0 appI=0.0 sat=0
[2026-03-05T23:27:29.024] (+29.540s) [MOD] id=MXR_1 lc=3 online=0 fault=0 V=0.0 I=0.00 availI=100.0
[2026-03-05T23:27:30.025] (+30.541s) [MOD] grp valid=1 en=0 assigned=1 active=0 reqV=0.0 reqI=0.0 appV=0.0 appI=0.0 sat=0
[2026-03-05T23:27:30.025] (+30.541s) [MOD] id=MXR_1 lc=3 online=0 fault=0 V=0.0 I=0.00 availI=100.0
[2026-03-05T23:27:30.526] (+31.042s) [HLC] waiting for EVCC TCP client...
[2026-03-05T23:27:31.026] (+31.542s) [CP] state C -> B (2163 mV)
[2026-03-05T23:27:31.027] (+31.542s) [MOD] grp valid=1 en=0 assigned=1 active=0 reqV=0.0 reqI=0.0 appV=0.0 appI=0.0 sat=0
[2026-03-05T23:27:31.027] (+31.542s) [MOD] id=MXR_1 lc=3 online=0 fault=0 V=0.0 I=0.00 availI=100.0
[2026-03-05T23:27:32.028] (+32.543s) [MOD] grp valid=1 en=0 assigned=1 active=0 reqV=0.0 reqI=0.0 appV=0.0 appI=0.0 sat=0
[2026-03-05T23:27:32.028] (+32.543s) [MOD] id=MXR_1 lc=3 online=0 fault=0 V=0.0 I=0.00 availI=100.0
[2026-03-05T23:27:32.528] (+33.043s) [CP] state B -> C (2031 mV)
[2026-03-05T23:27:33.028] (+33.544s) [MOD] grp valid=1 en=0 assigned=1 active=0 reqV=0.0 reqI=0.0 appV=0.0 appI=0.0 sat=0
[2026-03-05T23:27:33.028] (+33.544s) [MOD] id=MXR_1 lc=3 online=0 fault=0 V=0.0 I=0.00 availI=100.0
[2026-03-05T23:27:34.029] (+34.545s) [MOD] grp valid=1 en=0 assigned=1 active=0 reqV=0.0 reqI=0.0 appV=0.0 appI=0.0 sat=0
[2026-03-05T23:27:34.029] (+34.545s) [MOD] id=MXR_1 lc=3 online=0 fault=0 V=0.0 I=0.00 availI=100.0
[2026-03-05T23:27:35.030] (+35.546s) [MOD] grp valid=1 en=0 assigned=1 active=0 reqV=0.0 reqI=0.0 appV=0.0 appI=0.0 sat=0
[2026-03-05T23:27:35.030] (+35.546s) [MOD] id=MXR_1 lc=3 online=0 fault=0 V=0.0 I=0.00 availI=100.0
[2026-03-05T23:27:35.531] (+36.046s) [HLC] waiting for EVCC TCP client...
[2026-03-05T23:27:36.031] (+36.547s) [CP] state C -> B (2144 mV)
[2026-03-05T23:27:36.031] (+36.547s) [MOD] grp valid=1 en=0 assigned=1 active=0 reqV=0.0 reqI=0.0 appV=0.0 appI=0.0 sat=0
[2026-03-05T23:27:36.031] (+36.547s) [MOD] id=MXR_1 lc=3 online=0 fault=0 V=0.0 I=0.00 availI=100.0
[2026-03-05T23:27:37.032] (+37.548s) [MOD] grp valid=1 en=0 assigned=1 active=0 reqV=0.0 reqI=0.0 appV=0.0 appI=0.0 sat=0
[2026-03-05T23:27:37.032] (+37.548s) [MOD] id=MXR_1 lc=3 online=0 fault=0 V=0.0 I=0.00 availI=100.0
[2026-03-05T23:27:38.033] (+38.549s) [MOD] grp valid=1 en=0 assigned=1 active=0 reqV=0.0 reqI=0.0 appV=0.0 appI=0.0 sat=0
[2026-03-05T23:27:38.033] (+38.549s) [MOD] id=MXR_1 lc=3 online=0 fault=0 V=0.0 I=0.00 availI=100.0
[2026-03-05T23:27:39.034] (+39.550s) [MOD] grp valid=1 en=0 assigned=1 active=0 reqV=0.0 reqI=0.0 appV=0.0 appI=0.0 sat=0
[2026-03-05T23:27:39.034] (+39.550s) [MOD] id=MXR_1 lc=3 online=0 fault=0 V=0.0 I=0.00 availI=100.0
[2026-03-05T23:27:40.035] (+40.551s) [MOD] grp valid=1 en=0 assigned=1 active=0 reqV=0.0 reqI=0.0 appV=0.0 appI=0.0 sat=0
[2026-03-05T23:27:40.035] (+40.551s) [MOD] id=MXR_1 lc=3 online=0 fault=0 V=0.0 I=0.00 availI=100.0
[2026-03-05T23:27:40.536] (+41.051s) [HLC] waiting for EVCC TCP client...
[2026-03-05T23:27:41.036] (+41.552s) [MOD] grp valid=1 en=0 assigned=1 active=0 reqV=0.0 reqI=0.0 appV=0.0 appI=0.0 sat=0
[2026-03-05T23:27:41.036] (+41.552s) [MOD] id=MXR_1 lc=3 online=0 fault=0 V=0.0 I=0.00 availI=100.0
[2026-03-05T23:27:42.037] (+42.553s) [MOD] grp valid=1 en=0 assigned=1 active=0 reqV=0.0 reqI=0.0 appV=0.0 appI=0.0 sat=0
[2026-03-05T23:27:42.037] (+42.553s) [MOD] id=MXR_1 lc=3 online=0 fault=0 V=0.0 I=0.00 availI=100.0
[2026-03-05T23:27:43.038] (+43.553s) [MOD] grp valid=1 en=0 assigned=1 active=0 reqV=0.0 reqI=0.0 appV=0.0 appI=0.0 sat=0
[2026-03-05T23:27:43.038] (+43.554s) [MOD] id=MXR_1 lc=3 online=0 fault=0 V=0.0 I=0.00 availI=100.0
[2026-03-05T23:27:43.538] (+44.054s) [CP] state B -> C (2054 mV)
[2026-03-05T23:27:44.540] (+45.055s) [MOD] grp valid=1 en=0 assigned=1 active=0 reqV=0.0 reqI=0.0 appV=0.0 appI=0.0 sat=0
[2026-03-05T23:27:44.540] (+45.055s) [MOD] id=MXR_1 lc=3 online=0 fault=0 V=0.0 I=0.00 availI=100.0
[2026-03-05T23:27:45.541] (+46.057s) [MOD] grp valid=1 en=0 assigned=1 active=0 reqV=0.0 reqI=0.0 appV=0.0 appI=0.0 sat=0
[2026-03-05T23:27:45.541] (+46.057s) [MOD] id=MXR_1 lc=3 online=0 fault=0 V=0.0 I=0.00 availI=100.0
[2026-03-05T23:27:45.541] (+46.057s) [HLC] waiting for EVCC TCP client...
[2026-03-05T23:27:46.542] (+47.058s) [MOD] grp valid=1 en=0 assigned=1 active=0 reqV=0.0 reqI=0.0 appV=0.0 appI=0.0 sat=0
[2026-03-05T23:27:46.543] (+47.058s) [MOD] id=MXR_1 lc=3 online=0 fault=0 V=0.0 I=0.00 availI=100.0
[2026-03-05T23:27:47.544] (+48.059s) [MOD] grp valid=1 en=0 assigned=1 active=0 reqV=0.0 reqI=0.0 appV=0.0 appI=0.0 sat=0
[2026-03-05T23:27:47.544] (+48.059s) [MOD] id=MXR_1 lc=3 online=0 fault=0 V=0.0 I=0.00 availI=100.0
[2026-03-05T23:27:48.545] (+49.061s) [MOD] grp valid=1 en=0 assigned=1 active=0 reqV=0.0 reqI=0.0 appV=0.0 appI=0.0 sat=0
[2026-03-05T23:27:48.545] (+49.061s) [MOD] id=MXR_1 lc=3 online=0 fault=0 V=0.0 I=0.00 availI=100.0
