
=== SERIAL CONNECT /dev/ttyACM0 115200 @ 2026-03-06T03:02:30 ===
[2026-03-06T03:02:31.337] (+0.503s) [NET] local MAC B8:F8:62:4B:C5:20
[2026-03-06T03:02:31.338] (+0.503s) [NET] SECC IPv6 LL fe80::baf8:62ff:fe4b:c520
[2026-03-06T03:02:31.338] (+0.503s) [ 10633][I][esp32-hal-i2c.c:75] i2cInit(): Initialising I2C Master: sda=12 scl=11 freq=100000
[2026-03-06T03:02:31.338] (+0.503s) [RELAY] Relay1 ready addr=0x20 pin=P00
[2026-03-06T03:02:31.338] (+0.503s) [MOD] startup scan begin (single module MXR_1 addr=0x01)
[2026-03-06T03:02:31.338] (+0.503s) [MOD] scan complete=1 expected=1 discovered=1 validated=1 missing=0 mismatch=0
[2026-03-06T03:02:31.338] (+0.503s) [MOD] setup upsert=1 allocate=1 ready=1
[2026-03-06T03:02:32.339] (+1.504s) [QCA] transport ready
[2026-03-06T03:02:32.839] (+2.004s) [ 11939][D][WiFiGeneric.cpp:1040] _eventCallback(): Arduino Event: 0 - WIFI_READY
[2026-03-06T03:02:32.839] (+2.004s) [ 11980][D][WiFiGeneric.cpp:1040] _eventCallback(): Arduino Event: 2 - STA_START
[2026-03-06T03:02:32.839] (+2.004s) [NET] lwIP socket stack initialized (WiFi STA mode)
[2026-03-06T03:02:32.839] (+2.004s) [NET] PLC lwIP netif ready: pl2
[2026-03-06T03:02:32.839] (+2.005s) [APP] ready, waiting for CP B/C/D
[2026-03-06T03:02:32.839] (+2.005s) [ 12003][I][esp32-hal-adc.c:249] __analogReadMilliVolts(): ADC1: Characterized using Default Vref: 0
[2026-03-06T03:02:32.839] (+2.005s) 
[2026-03-06T03:02:32.839] (+2.005s) [CP] state A -> B (2220 mV)
[2026-03-06T03:02:32.839] (+2.005s) [CP] duty -> 5% (state=B hold=0 ef=0)
[2026-03-06T03:02:32.839] (+2.005s) [SLAC] session start
[2026-03-06T03:02:33.340] (+2.505s) [FSM] Reset -> Idle
[2026-03-06T03:02:33.340] (+2.505s) [FSM] EnterBCD
[2026-03-06T03:02:33.340] (+2.505s) [FSM] Idle -> WaitForMatchingStart
[2026-03-06T03:02:37.344] (+6.510s) [FSM] WaitForMatchingStart -> Matching
[2026-03-06T03:02:37.345] (+6.510s) [FSM] Matching -> Sounding
[2026-03-06T03:02:37.845] (+7.010s) [CP] state B -> C (2084 mV)
[2026-03-06T03:02:37.845] (+7.010s) [FSM] Timeout in sounding, send results
[2026-03-06T03:02:37.845] (+7.010s) [FSM] Sounding -> DoAttenChar
[2026-03-06T03:02:37.845] (+7.010s) [CP] state C -> B (2159 mV)
[2026-03-06T03:02:37.845] (+7.010s) [FSM] DoAttenChar -> WaitForSlacMatch
[2026-03-06T03:02:37.845] (+7.010s) [SLAC] match request received, signaling link detected
[2026-03-06T03:02:37.845] (+7.010s) [FSM] WaitForSlacMatch -> Matched
[2026-03-06T03:02:37.845] (+7.010s) [SLAC] MATCHED - starting HLC stack
[2026-03-06T03:02:37.845] (+7.010s) [HLC] bind iface=<default> (plc=pl2)
[2026-03-06T03:02:37.845] (+7.010s) [HLC] worker task started stack_bytes=65536
[2026-03-06T03:02:37.845] (+7.010s) [WARN ] /home/jpi/Desktop/EVSE/jpv2g/src/transport.c:137: IPV6_JOIN_GROUP failed on iface  (errno=125), continuing without multicast
[2026-03-06T03:02:37.845] (+7.010s) [HLC] stack ready (SDP+TCP on 15118)
[2026-03-06T03:02:37.845] (+7.010s) [HLC] waiting for EVCC TCP client...
[2026-03-06T03:02:39.337] (+8.503s) [CP] state B -> C (2080 mV)
[2026-03-06T03:02:39.337] (+8.503s) [SDP] req sec=0x10 tp=0x00 -> res port=15118 sec=0x10
[2026-03-06T03:02:39.338] (+8.503s) [HLC] EVCC connected, processing session
[2026-03-06T03:02:39.338] (+8.503s) [HLC] EVCC connected, handed off to worker
[2026-03-06T03:02:39.338] (+8.503s) [INFO ] /home/jpi/Desktop/EVSE/jpv2g/src/secc.c:926: SAPP opt[0] schema=1 prio=2 ns=urn:din:70121:2012:MsgDef
[2026-03-06T03:02:39.338] (+8.503s) [INFO ] /home/jpi/Desktop/EVSE/jpv2g/src/secc.c:926: SAPP opt[1] schema=0 prio=1 ns=urn:iso:15118:2:2013:MsgDef
[2026-03-06T03:02:39.338] (+8.503s) [INFO ] /home/jpi/Desktop/EVSE/jpv2g/src/secc.c:929: SAPP selected proto=1 schema=0
[2026-03-06T03:02:39.338] (+8.503s) [INFO ] /home/jpi/Desktop/EVSE/jpv2g/src/secc.c:1494: RX SupportedAppProtocolReq (proto=1)
[2026-03-06T03:02:39.338] (+8.503s) [INFO ] /home/jpi/Desktop/EVSE/jpv2g/src/secc.c:164: RX SupportedAppProtocolReq exi_len=68 exi_hex=8000DBAB9371D3234B71D1B981899189D191818991D26B9B3A232B30020000040401D75726E3A69736F3A31353131383A323A323031333A4D73674465660040000000080
[2026-03-06T03:02:39.582] (+8.748s) [INFO ] /home/jpi/Desktop/EVSE/jpv2g/src/secc.c:399: DECODED {"msg":"SupportedAppProtocol","req":{"protocols":[{"schema":1,"prio":2,"ns":"urn:din:70121:2012:MsgDef"},{"schema":0,"prio":1,"ns":"urn:iso:15118:2:2013:MsgDef"}]},"res":{"responseCode":0,"schema":0}}
[2026-03-06T03:02:39.582] (+8.748s) [INFO ] /home/jpi/Desktop/EVSE/jpv2g/src/secc.c:164: TX SupportedAppProtocolReq exi_len=4 exi_hex=80400000
[2026-03-06T03:02:39.582] (+8.748s) [INFO ] /home/jpi/Desktop/EVSE/jpv2g/src/secc.c:1509: TX SupportedAppProtocolReq bytes=12
[2026-03-06T03:02:39.582] (+8.748s) [INFO ] /home/jpi/Desktop/EVSE/jpv2g/src/secc.c:1494: RX SessionSetupReq (proto=1)
[2026-03-06T03:02:39.582] (+8.748s) [INFO ] /home/jpi/Desktop/EVSE/jpv2g/src/secc.c:164: RX SessionSetupReq exi_len=14 exi_hex=8098004011D01A2326CDE4FDA000
[2026-03-06T03:02:39.582] (+8.748s) [INFO ] /home/jpi/Desktop/EVSE/jpv2g/src/secc.c:433: DECODED ISO {"msg":"SessionSetup","req":{"evccId":""},"res":{"responseCode":"OK_NewSessionEstablished","evseId":"IN*JPE*E000100010001","sessionId":"CADFE9DA011803B9"}}
[2026-03-06T03:02:39.582] (+8.748s) [INFO ] /home/jpi/Desktop/EVSE/jpv2g/src/secc.c:164: TX SessionSetupReq exi_len=36 exi_hex=80980232B7FA76804600EE51E020592538A9294114A914C0C0C0C4C0C0C0C4C0C0C0C480
[2026-03-06T03:02:39.582] (+8.748s) [INFO ] /home/jpi/Desktop/EVSE/jpv2g/src/secc.c:1509: TX SessionSetupReq bytes=44
[2026-03-06T03:02:39.582] (+8.748s) [INFO ] /home/jpi/Desktop/EVSE/jpv2g/src/secc.c:1494: RX ServiceDiscoveryReq (proto=1)
[2026-03-06T03:02:39.737] (+8.903s) [INFO ] /home/jpi/Desktop/EVSE/jpv2g/src/secc.c:164: RX ServiceDiscoveryReq exi_len=13 exi_hex=80980232B7FA76804600EE51B8
[2026-03-06T03:02:39.738] (+8.903s) [INFO ] /home/jpi/Desktop/EVSE/jpv2g/src/secc.c:465: DECODED ISO {"msg":"ServiceDiscovery","req":{"scope":"","category":-1},"res":{"responseCode":"OK","payments":["ExternalPayment","Contract"],"serviceId":1,"serviceName":"DCFC","freeService":0,"etm":["DC_core","DC_extended","DC_combo_core"]}}
[2026-03-06T03:02:39.738] (+8.903s) [INFO ] /home/jpi/Desktop/EVSE/jpv2g/src/secc.c:164: TX ServiceDiscoveryReq exi_len=27 exi_hex=80980232B7FA76804600EE51C00100004019110D190C04040C2120
[2026-03-06T03:02:39.738] (+8.903s) [INFO ] /home/jpi/Desktop/EVSE/jpv2g/src/secc.c:1509: TX ServiceDiscoveryReq bytes=35
[2026-03-06T03:02:39.738] (+8.903s) [INFO ] /home/jpi/Desktop/EVSE/jpv2g/src/secc.c:1494: RX PaymentServiceSelectionReq (proto=1)
[2026-03-06T03:02:39.738] (+8.903s) [INFO ] /home/jpi/Desktop/EVSE/jpv2g/src/secc.c:164: RX PaymentServiceSelectionReq exi_len=16 exi_hex=80980232B7FA76804600EE5132001280
[2026-03-06T03:02:40.238] (+9.403s) [INFO ] /home/jpi/Desktop/EVSE/jpv2g/src/secc.c:478: DECODED ISO {"msg":"PaymentServiceSelection","req":{"payment":"Contract","serviceId":1},"res":{"responseCode":"OK"}}
[2026-03-06T03:02:40.238] (+9.403s) [INFO ] /home/jpi/Desktop/EVSE/jpv2g/src/secc.c:164: TX PaymentServiceSelectionReq exi_len=14 exi_hex=80980232B7FA76804600EE514000
[2026-03-06T03:02:40.238] (+9.404s) [INFO ] /home/jpi/Desktop/EVSE/jpv2g/src/secc.c:1509: TX PaymentServiceSelectionReq bytes=22
[2026-03-06T03:02:40.238] (+9.404s) [CP] state C -> B (2170 mV)
[2026-03-06T03:02:40.238] (+9.404s) [HLC][AUTH] proc=0
[2026-03-06T03:02:40.238] (+9.404s) [INFO ] /home/jpi/Desktop/EVSE/jpv2g/src/secc.c:1494: RX AuthorizationReq (proto=1)
[2026-03-06T03:02:40.238] (+9.404s) [INFO ] /home/jpi/Desktop/EVSE/jpv2g/src/secc.c:164: RX AuthorizationReq exi_len=13 exi_hex=80980232B7FA76804600EE5008
[2026-03-06T03:02:40.238] (+9.404s) [INFO ] /home/jpi/Desktop/EVSE/jpv2g/src/secc.c:487: DECODED ISO {"msg":"Authorization","req":{"genChallengeLen":0},"res":{"responseCode":"OK","processing":"Finished"}}
[2026-03-06T03:02:40.238] (+9.404s) [INFO ] /home/jpi/Desktop/EVSE/jpv2g/src/secc.c:164: TX AuthorizationReq exi_len=15 exi_hex=80980232B7FA76804600EE50100000
[2026-03-06T03:02:40.238] (+9.404s) [INFO ] /home/jpi/Desktop/EVSE/jpv2g/src/secc.c:1509: TX AuthorizationReq bytes=23
[2026-03-06T03:02:40.238] (+9.404s) [HLC] client session done rc=-104
[2026-03-06T03:02:43.242] (+12.408s) [HLC] waiting for EVCC TCP client...
[2026-03-06T03:02:45.745] (+14.910s) [CP] state B -> C (2088 mV)
[2026-03-06T03:02:45.745] (+14.910s) [CP] state C -> B (2150 mV)
[2026-03-06T03:02:47.247] (+16.412s) [CP] state B -> C (2065 mV)
[2026-03-06T03:02:47.747] (+16.913s) [CP] state C -> B (2166 mV)
[2026-03-06T03:02:48.248] (+17.413s) [HLC] waiting for EVCC TCP client...
[2026-03-06T03:02:53.254] (+22.419s) [HLC] waiting for EVCC TCP client...
[2026-03-06T03:02:55.256] (+24.421s) [CP] state B -> C (2001 mV)
[2026-03-06T03:02:55.256] (+24.421s) [CP] state C -> B (2158 mV)
[2026-03-06T03:02:57.258] (+26.423s) [CP] state B -> C (2045 mV)
[2026-03-06T03:02:57.759] (+26.924s) [CP] state C -> B (2166 mV)
[2026-03-06T03:02:58.259] (+27.425s) [HLC] waiting for EVCC TCP client...
[2026-03-06T03:03:00.762] (+29.927s) [CP] state B -> C (2094 mV)
[2026-03-06T03:03:01.263] (+30.428s) [CP] state C -> B (2128 mV)
[2026-03-06T03:03:03.265] (+32.430s) [HLC] waiting for EVCC TCP client...
[2026-03-06T03:03:06.268] (+35.433s) [CP] state B -> C (2062 mV)
[2026-03-06T03:03:06.768] (+35.934s) [CP] state C -> B (2120 mV)
[2026-03-06T03:03:08.270] (+37.435s) [HLC] waiting for EVCC TCP client...
[2026-03-06T03:03:10.272] (+39.437s) [CP] state B -> C (2073 mV)
[2026-03-06T03:03:10.272] (+39.437s) [CP] state C -> B (2104 mV)
[2026-03-06T03:03:13.276] (+42.441s) [CP] state B -> C (2091 mV)
[2026-03-06T03:03:13.276] (+42.441s) [HLC] waiting for EVCC TCP client...
[2026-03-06T03:03:13.276] (+42.441s) [CP] state C -> B (2172 mV)
[2026-03-06T03:03:14.778] (+43.943s) [CP] state B -> C (2044 mV)
[2026-03-06T03:03:14.778] (+43.943s) [CP] state C -> B (2183 mV)
[2026-03-06T03:03:18.282] (+47.447s) [HLC] waiting for EVCC TCP client...
[2026-03-06T03:03:18.282] (+47.447s) [CP] state B -> C (2076 mV)
[2026-03-06T03:03:18.782] (+47.948s) [CP] state C -> B (2175 mV)
[2026-03-06T03:03:23.288] (+52.453s) [HLC] waiting for EVCC TCP client...
[2026-03-06T03:03:28.296] (+57.461s) [CP] state B -> C (2082 mV)
[2026-03-06T03:03:28.296] (+57.462s) [HLC] waiting for EVCC TCP client...
[2026-03-06T03:03:28.797] (+57.962s) [CP] state C -> B (2161 mV)
[2026-03-06T03:03:33.303] (+62.468s) [HLC] waiting for EVCC TCP client...
[2026-03-06T03:03:34.804] (+63.970s) [CP] state B -> C (2057 mV)
[2026-03-06T03:03:34.804] (+63.970s) [CP] state C -> B (2186 mV)
[2026-03-06T03:03:38.309] (+67.474s) [HLC] waiting for EVCC TCP client...
[2026-03-06T03:03:43.313] (+72.479s) [HLC] waiting for EVCC TCP client...
[2026-03-06T03:03:44.815] (+73.981s) [CP] state B -> C (2094 mV)
[2026-03-06T03:03:48.325] (+77.490s) [CP] state C -> B (2160 mV)
[2026-03-06T03:03:48.325] (+77.490s) [HLC] waiting for EVCC TCP client...
[2026-03-06T03:03:53.331] (+82.497s) [HLC] waiting for EVCC TCP client...
[2026-03-06T03:03:55.834] (+85.000s) [CP] state B -> C (2006 mV)
[2026-03-06T03:03:56.835] (+86.001s) [CP] state C -> B (2174 mV)
[2026-03-06T03:03:58.338] (+87.503s) [HLC] waiting for EVCC TCP client...
[2026-03-06T03:04:02.342] (+91.507s) [CP] state B -> C (2084 mV)
[2026-03-06T03:04:02.845] (+92.010s) [CP] state C -> B (2106 mV)
[2026-03-06T03:04:03.345] (+92.511s) [HLC] waiting for EVCC TCP client...
[2026-03-06T03:04:08.351] (+97.516s) [CP] state B -> C (2038 mV)
[2026-03-06T03:04:08.351] (+97.516s) [CP] state C -> B (2108 mV)
[2026-03-06T03:04:08.351] (+97.516s) [HLC] waiting for EVCC TCP client...
[2026-03-06T03:04:09.853] (+99.018s) [CP] state B -> C (2037 mV)
[2026-03-06T03:04:09.853] (+99.018s) [CP] state C -> B (2116 mV)
[2026-03-06T03:04:13.357] (+102.522s) [HLC] waiting for EVCC TCP client...
[2026-03-06T03:04:13.357] (+102.522s) ESP-ROM:esp32s3-20210327
[2026-03-06T03:04:13.357] (+102.522s) Build:Mar 27 2021
[2026-03-06T03:04:13.357] (+102.522s) rst:0x15 (USB_UART_CHIP_RESET),boot:0x20 (DOWNLOAD(USB/UART0))
[2026-03-06T03:04:13.357] (+102.522s) Saved PC:0x420addda
[2026-03-06T03:04:13.357] (+102.522s) waiting for download
