[BOOT] waiting... 8000/10000 ms
[BOOT] waiting... 9000/10000 ms
[NET] SECC IPv6 LL fe80::baf8:62ff:fe4b:c520
[MOD] startup scan begin (single module MXR_1 addr=0x01)
[MOD] scan complete=1 expected=1 discovered=1 validated=1 missing=0 mismatch=0
[MOD] setup upsert=1 allocate=1 ready=1
[QCA] transport ready
[ 12085][D][WiFiGeneric.cpp:1040] _eventCallback(): Arduino Event: 0 - WIFI_READY
[ 12125][D][WiFiGeneric.cpp:1040] _eventCallback(): Arduino Event: 2 - STA_START
[NET] lwIP socket stack initialized (WiFi STA mode)
[NET] PLC lwIP netif ready: pl2
[APP] ready, waiting for CP B/C/D
[MODRT][GRP] valid=1 en=0 assigned=1 active=0 sat=0 degr=0 reqV=0.0 reqI=0.0 appV=0.0 appI=0.0 cmbV=32.6 cmbI=0.00 availI=100.0
[MODRT][MOD] id=MXR_1 lc=Allocated grp=G_MAIN lease=0 iso=0 off=0 fault=0 online=1 fresh=1 ageMs=4 V=32.6 I=0.00 alarm=0x00400000
[ 12151][I][esp32-hal-adc.c:249] __analogReadMilliVolts(): ADC1: Characterized using Default Vref: 0

[CP] state A -> B (2188 mV)
[CP] duty -> 5% (state=B hold=0 ef=0)
[SLAC] session start
[FSM] Failed to setup NMK key
[FSM] Reset -> Idle
[FSM] EnterBCD
[FSM] Idle -> WaitForMatchingStart
[FSM] WaitForMatchingStart -> Matching
[FSM] Matching -> Sounding
[MODRT][GRP] valid=1 en=0 assigned=1 active=0 sat=0 degr=0 reqV=0.0 reqI=0.0 appV=0.0 appI=0.0 cmbV=174.9 cmbI=0.00 availI=100.0
[MODRT][MOD] id=MXR_1 lc=Allocated grp=G_MAIN lease=0 iso=0 off=0 fault=0 online=1 fresh=1 ageMs=167 V=174.9 I=0.00 alarm=0x00400000
[FSM] Timeout in sounding, send results
[FSM] Sounding -> DoAttenChar
[MODRT][GRP] valid=1 en=0 assigned=1 active=0 sat=0 degr=0 reqV=0.0 reqI=0.0 appV=0.0 appI=0.0 cmbV=199.9 cmbI=0.00 availI=100.0
[MODRT][MOD] id=MXR_1 lc=Allocated grp=G_MAIN lease=0 iso=0 off=0 fault=0 online=1 fresh=1 ageMs=82 V=199.9 I=0.00 alarm=0x00400000
[FSM] No response to CM_ATTEN_CHAR.IND after retries
[FSM] DoAttenChar -> MatchingFailed
[SLAC] enter hold (fsm terminal failure) 3000 ms
[CP] duty -> 100% (state=B hold=1 ef=0)
[MODRT][GRP] valid=1 en=0 assigned=1 active=0 sat=0 degr=0 reqV=0.0 reqI=0.0 appV=0.0 appI=0.0 cmbV=199.9 cmbI=0.00 availI=100.0
[MODRT][MOD] id=MXR_1 lc=Allocated grp=G_MAIN lease=0 iso=0 off=0 fault=0 online=1 fresh=1 ageMs=51 V=199.9 I=0.00 alarm=0x00400000
[MODRT][GRP] valid=1 en=0 assigned=1 active=0 sat=0 degr=0 reqV=0.0 reqI=0.0 appV=0.0 appI=0.0 cmbV=200.1 cmbI=0.00 availI=100.0
[MODRT][MOD] id=MXR_1 lc=Allocated grp=G_MAIN lease=0 iso=0 off=0 fault=0 online=1 fresh=1 ageMs=189 V=200.1 I=0.00 alarm=0x00400000
[CP] duty -> 5% (state=B hold=0 ef=0)
[SLAC] session start
[MODRT][GRP] valid=1 en=0 assigned=1 active=0 sat=0 degr=0 reqV=0.0 reqI=0.0 appV=0.0 appI=0.0 cmbV=200.0 cmbI=0.00 availI=100.0
[MODRT][MOD] id=MXR_1 lc=Allocated grp=G_MAIN lease=0 iso=0 off=0 fault=0 online=1 fresh=1 ageMs=106 V=200.0 I=0.00 alarm=0x00400000
[FSM] Reset -> Idle
[FSM] EnterBCD
[FSM] Idle -> WaitForMatchingStart
[MODRT][GRP] valid=1 en=0 assigned=1 active=0 sat=0 degr=0 reqV=0.0 reqI=0.0 appV=0.0 appI=0.0 cmbV=200.0 cmbI=0.00 availI=100.0
[MODRT][MOD] id=MXR_1 lc=Allocated grp=G_MAIN lease=0 iso=0 off=0 fault=0 online=1 fresh=1 ageMs=454 V=200.0 I=0.00 alarm=0x00400000
[MODRT][GRP] valid=1 en=0 assigned=1 active=0 sat=0 degr=0 reqV=0.0 reqI=0.0 appV=0.0 appI=0.0 cmbV=200.0 cmbI=0.00 availI=100.0
[MODRT][MOD] id=MXR_1 lc=Allocated grp=G_MAIN lease=0 iso=0 off=0 fault=0 online=1 fresh=1 ageMs=51 V=200.0 I=0.00 alarm=0x00400000
[MODRT][GRP] valid=1 en=0 assigned=1 active=0 sat=0 degr=0 reqV=0.0 reqI=0.0 appV=0.0 appI=0.0 cmbV=200.0 cmbI=0.00 availI=100.0
[MODRT][MOD] id=MXR_1 lc=Allocated grp=G_MAIN lease=0 iso=0 off=0 fault=0 online=1 fresh=1 ageMs=5 V=200.0 I=0.00 alarm=0x00400000
[MODRT][GRP] valid=1 en=0 assigned=1 active=0 sat=0 degr=0 reqV=0.0 reqI=0.0 appV=0.0 appI=0.0 cmbV=200.0 cmbI=0.00 availI=100.0
[MODRT][MOD] id=MXR_1 lc=Allocated grp=G_MAIN lease=0 iso=0 off=0 fault=0 online=1 fresh=1 ageMs=204 V=200.0 I=0.00 alarm=0x00400000
[MODRT][GRP] valid=1 en=0 assigned=1 active=0 sat=0 degr=0 reqV=0.0 reqI=0.0 appV=0.0 appI=0.0 cmbV=200.1 cmbI=0.00 availI=100.0
[MODRT][MOD] id=MXR_1 lc=Allocated grp=G_MAIN lease=0 iso=0 off=0 fault=0 online=1 fresh=1 ageMs=170 V=200.1 I=0.00 alarm=0x00400000
[MODRT][GRP] valid=1 en=0 assigned=1 active=0 sat=0 degr=0 reqV=0.0 reqI=0.0 appV=0.0 appI=0.0 cmbV=200.0 cmbI=0.00 availI=100.0
[MODRT][MOD] id=MXR_1 lc=Allocated grp=G_MAIN lease=0 iso=0 off=0 fault=0 online=1 fresh=1 ageMs=175 V=200.0 I=0.00 alarm=0x00400000
[MODRT][GRP] valid=1 en=0 assigned=1 active=0 sat=0 degr=0 reqV=0.0 reqI=0.0 appV=0.0 appI=0.0 cmbV=200.0 cmbI=0.00 availI=100.0
[MODRT][MOD] id=MXR_1 lc=Allocated grp=G_MAIN lease=0 iso=0 off=0 fault=0 online=1 fresh=1 ageMs=113 V=200.0 I=0.00 alarm=0x00400000
[MODRT][GRP] valid=1 en=0 assigned=1 active=0 sat=0 degr=0 reqV=0.0 reqI=0.0 appV=0.0 appI=0.0 cmbV=200.0 cmbI=0.00 availI=100.0
[MODRT][MOD] id=MXR_1 lc=Allocated grp=G_MAIN lease=0 iso=0 off=0 fault=0 online=1 fresh=1 ageMs=79 V=200.0 I=0.00 alarm=0x00400000
[MODRT][GRP] valid=1 en=0 assigned=1 active=0 sat=0 degr=0 reqV=0.0 reqI=0.0 appV=0.0 appI=0.0 cmbV=200.0 cmbI=0.00 availI=100.0
[MODRT][MOD] id=MXR_1 lc=Allocated grp=G_MAIN lease=0 iso=0 off=0 fault=0 online=1 fresh=1 ageMs=256 V=200.0 I=0.00 alarm=0x00400000
[MODRT][GRP] valid=1 en=0 assigned=1 active=0 sat=0 degr=0 reqV=0.0 reqI=0.0 appV=0.0 appI=0.0 cmbV=200.0 cmbI=0.00 availI=100.0
[MODRT][MOD] id=MXR_1 lc=Allocated grp=G_MAIN lease=0 iso=0 off=0 fault=0 online=1 fresh=1 ageMs=175 V=200.0 I=0.00 alarm=0x00400000
[MODRT][GRP] valid=1 en=0 assigned=1 active=0 sat=0 degr=0 reqV=0.0 reqI=0.0 appV=0.0 appI=0.0 cmbV=200.0 cmbI=0.00 availI=100.0
[MODRT][MOD] id=MXR_1 lc=Allocated grp=G_MAIN lease=0 iso=0 off=0 fault=0 online=1 fresh=1 ageMs=339 V=200.0 I=0.00 alarm=0x00400000
[MODRT][GRP] valid=1 en=0 assigned=1 active=0 sat=0 degr=0 reqV=0.0 reqI=0.0 appV=0.0 appI=0.0 cmbV=200.0 cmbI=0.00 availI=100.0
[MODRT][MOD] id=MXR_1 lc=Allocated grp=G_MAIN lease=0 iso=0 off=0 fault=0 online=1 fresh=1 ageMs=310 V=200.0 I=0.00 alarm=0x00400000
[MODRT][GRP] valid=1 en=0 assigned=1 active=0 sat=0 degr=0 reqV=0.0 reqI=0.0 appV=0.0 appI=0.0 cmbV=200.0 cmbI=0.00 availI=100.0
[MODRT][MOD] id=MXR_1 lc=Allocated grp=G_MAIN lease=0 iso=0 off=0 fault=0 online=1 fresh=1 ageMs=50 V=200.0 I=0.00 alarm=0x00400000
[MODRT][GRP] valid=1 en=0 assigned=1 active=0 sat=0 degr=0 reqV=0.0 reqI=0.0 appV=0.0 appI=0.0 cmbV=200.0 cmbI=0.00 availI=100.0
[MODRT][MOD] id=MXR_1 lc=Allocated grp=G_MAIN lease=0 iso=0 off=0 fault=0 online=1 fresh=1 ageMs=52 V=200.0 I=0.00 alarm=0x00400000
[MODRT][GRP] valid=1 en=0 assigned=1 active=0 sat=0 degr=0 reqV=0.0 reqI=0.0 appV=0.0 appI=0.0 cmbV=200.0 cmbI=0.00 availI=100.0
[MODRT][MOD] id=MXR_1 lc=Allocated grp=G_MAIN lease=0 iso=0 off=0 fault=0 online=1 fresh=1 ageMs=1072 V=200.0 I=0.00 alarm=0x00400000
[MODRT][GRP] valid=1 en=0 assigned=1 active=0 sat=0 degr=0 reqV=0.0 reqI=0.0 appV=0.0 appI=0.0 cmbV=200.0 cmbI=0.00 availI=100.0
[MODRT][MOD] id=MXR_1 lc=Allocated grp=G_MAIN lease=0 iso=0 off=0 fault=0 online=1 fresh=1 ageMs=141 V=200.0 I=0.00 alarm=0x00400000
[MODRT][GRP] valid=1 en=0 assigned=1 active=0 sat=0 degr=0 reqV=0.0 reqI=0.0 appV=0.0 appI=0.0 cmbV=200.0 cmbI=0.00 availI=100.0
[MODRT][MOD] id=MXR_1 lc=Allocated grp=G_MAIN lease=0 iso=0 off=0 fault=0 online=1 fresh=1 ageMs=281 V=200.0 I=0.00 alarm=0x00400000
[MODRT][GRP] valid=1 en=0 assigned=1 active=0 sat=0 degr=0 reqV=0.0 reqI=0.0 appV=0.0 appI=0.0 cmbV=200.0 cmbI=0.00 availI=100.0
[MODRT][MOD] id=MXR_1 lc=Allocated grp=G_MAIN lease=0 iso=0 off=0 fault=0 online=1 fresh=1 ageMs=80 V=200.0 I=0.00 alarm=0x00400000
[MODRT][GRP] valid=1 en=0 assigned=1 active=0 sat=0 degr=0 reqV=0.0 reqI=0.0 appV=0.0 appI=0.0 cmbV=200.0 cmbI=0.00 availI=100.0
[MODRT][MOD] id=MXR_1 lc=Allocated grp=G_MAIN lease=0 iso=0 off=0 fault=0 online=1 fresh=1 ageMs=51 V=200.0 I=0.00 alarm=0x00400000
[MODRT][GRP] valid=1 en=0 assigned=1 active=0 sat=0 degr=0 reqV=0.0 reqI=0.0 appV=0.0 appI=0.0 cmbV=200.0 cmbI=0.00 availI=100.0
[MODRT][MOD] id=MXR_1 lc=Allocated grp=G_MAIN lease=0 iso=0 off=0 fault=0 online=1 fresh=1 ageMs=5 V=200.0 I=0.00 alarm=0x00400000
[MODRT][GRP] valid=1 en=0 assigned=1 active=0 sat=0 degr=0 reqV=0.0 reqI=0.0 appV=0.0 appI=0.0 cmbV=200.0 cmbI=0.00 availI=100.0
[MODRT][MOD] id=MXR_1 lc=Allocated grp=G_MAIN lease=0 iso=0 off=0 fault=0 online=1 fresh=1 ageMs=171 V=200.0 I=0.00 alarm=0x00400000
[MODRT][GRP] valid=1 en=0 assigned=1 active=0 sat=0 degr=0 reqV=0.0 reqI=0.0 appV=0.0 appI=0.0 cmbV=200.0 cmbI=0.00 availI=100.0
[MODRT][MOD] id=MXR_1 lc=Allocated grp=G_MAIN lease=0 iso=0 off=0 fault=0 online=1 fresh=1 ageMs=141 V=200.0 I=0.00 alarm=0x00400000
[MODRT][GRP] valid=1 en=0 assigned=1 active=0 sat=0 degr=0 reqV=0.0 reqI=0.0 appV=0.0 appI=0.0 cmbV=200.0 cmbI=0.00 availI=100.0
[MODRT][MOD] id=MXR_1 lc=Allocated grp=G_MAIN lease=0 iso=0 off=0 fault=0 online=1 fresh=1 ageMs=110 V=200.0 I=0.00 alarm=0x00400000
[MODRT][GRP] valid=1 en=0 assigned=1 active=0 sat=0 degr=0 reqV=0.0 reqI=0.0 appV=0.0 appI=0.0 cmbV=200.0 cmbI=0.00 availI=100.0
[MODRT][MOD] id=MXR_1 lc=Allocated grp=G_MAIN lease=0 iso=0 off=0 fault=0 online=1 fresh=1 ageMs=317 V=200.0 I=0.00 alarm=0x00400000
[MODRT][GRP] valid=1 en=0 assigned=1 active=0 sat=0 degr=0 reqV=0.0 reqI=0.0 appV=0.0 appI=0.0 cmbV=200.0 cmbI=0.00 availI=100.0
[MODRT][MOD] id=MXR_1 lc=Allocated grp=G_MAIN lease=0 iso=0 off=0 fault=0 online=1 fresh=1 ageMs=52 V=200.0 I=0.00 alarm=0x00400000
