
=== SERIAL CONNECT /dev/ttyACM0 115200 @ 2026-03-06T01:14:14 ===
[2026-03-06T01:14:15.128] (+0.503s) [   416][I][esp32-hal-psram.c:96] psramInit(): PSRAM enabled
[2026-03-06T01:14:15.128] (+0.503s) 
[2026-03-06T01:14:15.128] (+0.503s) cbslac + jpv2g ESP32-S3 SLAC/HLC (to PreCharge)
[2026-03-06T01:14:15.128] (+0.503s) [BOOT] startup log hold 10000 ms
[2026-03-06T01:14:16.129] (+1.504s) [BOOT] waiting... 1000/10000 ms
[2026-03-06T01:14:17.130] (+2.505s) [BOOT] waiting... 2000/10000 ms
[2026-03-06T01:14:18.132] (+3.506s) [BOOT] waiting... 3000/10000 ms
[2026-03-06T01:14:19.133] (+4.507s) [BOOT] waiting... 4000/10000 ms
[2026-03-06T01:14:20.134] (+5.508s) [BOOT] waiting... 5000/10000 ms
[2026-03-06T01:14:21.135] (+6.509s) [BOOT] waiting... 6000/10000 ms
[2026-03-06T01:14:22.136] (+7.510s) [BOOT] waiting... 7000/10000 ms
[2026-03-06T01:14:23.137] (+8.511s) [BOOT] waiting... 8000/10000 ms
[2026-03-06T01:14:24.138] (+9.512s) [BOOT] waiting... 9000/10000 ms
[2026-03-06T01:14:25.139] (+10.513s) [NET] local MAC B8:F8:62:4B:C5:20
[2026-03-06T01:14:25.139] (+10.514s) [NET] SECC IPv6 LL fe80::baf8:62ff:fe4b:c520
[2026-03-06T01:14:25.139] (+10.514s) [ 10630][I][esp32-hal-i2c.c:75] i2cInit(): Initialising I2C Master: sda=12 scl=11 freq=100000
[2026-03-06T01:14:25.139] (+10.514s) [RELAY] Relay1 ready addr=0x20 pin=P00
[2026-03-06T01:14:25.139] (+10.514s) [MOD] startup scan begin (single module MXR_1 addr=0x01)
[2026-03-06T01:14:25.139] (+10.514s) [MOD] scan complete=1 expected=1 discovered=1 validated=1 missing=0 mismatch=0
[2026-03-06T01:14:26.140] (+11.514s) [MOD] setup upsert=1 allocate=1 ready=1
[2026-03-06T01:14:26.140] (+11.515s) [QCA] transport ready
[2026-03-06T01:14:26.640] (+12.015s) [ 11937][D][WiFiGeneric.cpp:1040] _eventCallback(): Arduino Event: 0 - WIFI_READY
[2026-03-06T01:14:26.641] (+12.015s) [ 11976][D][WiFiGeneric.cpp:1040] _eventCallback(): Arduino Event: 2 - STA_START
[2026-03-06T01:14:26.641] (+12.015s) [NET] lwIP socket stack initialized (WiFi STA mode)
[2026-03-06T01:14:26.641] (+12.015s) [NET] PLC lwIP netif ready: pl2
[2026-03-06T01:14:26.641] (+12.015s) [APP] ready, waiting for CP B/C/D
[2026-03-06T01:14:26.641] (+12.015s) [ 12000][I][esp32-hal-adc.c:249] __analogReadMilliVolts(): ADC1: Characterized using Default Vref: 0
[2026-03-06T01:14:26.641] (+12.015s) 
[2026-03-06T01:14:26.641] (+12.015s) [CP] state A -> B (robust=2220 peak=2220 plateau=2218)
[2026-03-06T01:14:26.641] (+12.015s) [CP] duty -> 5% (state=B hold=0 ef=0)
[2026-03-06T01:14:27.141] (+12.516s) [SLAC] session start
[2026-03-06T01:14:27.142] (+12.516s) [FSM] Reset -> Idle
[2026-03-06T01:14:27.142] (+12.516s) [FSM] EnterBCD
[2026-03-06T01:14:27.142] (+12.516s) [FSM] Idle -> WaitForMatchingStart
[2026-03-06T01:14:31.147] (+16.521s) [FSM] WaitForMatchingStart -> Matching
[2026-03-06T01:14:31.147] (+16.521s) [FSM] Matching -> Sounding
[2026-03-06T01:14:31.647] (+17.021s) [FSM] Timeout in sounding, send results
[2026-03-06T01:14:31.647] (+17.022s) [FSM] Sounding -> DoAttenChar
[2026-03-06T01:14:32.148] (+17.522s) [FSM] DoAttenChar -> WaitForSlacMatch
[2026-03-06T01:14:32.148] (+17.522s) [SLAC] match request received, signaling link detected
[2026-03-06T01:14:32.148] (+17.522s) [FSM] WaitForSlacMatch -> Matched
[2026-03-06T01:14:32.148] (+17.522s) [SLAC] MATCHED - starting HLC stack
[2026-03-06T01:14:32.148] (+17.522s) [HLC] bind iface=<default> (plc=pl2)
[2026-03-06T01:14:32.148] (+17.522s) [HLC] worker task started stack_bytes=65536
[2026-03-06T01:14:32.148] (+17.522s) [WARN ] /home/jpi/Desktop/EVSE/jpv2g/src/transport.c:137: IPV6_JOIN_GROUP failed on iface  (errno=125), continuing without multicast
[2026-03-06T01:14:32.148] (+17.522s) [HLC] stack ready (SDP+TCP on 15118)
[2026-03-06T01:14:32.148] (+17.523s) [HLC] waiting for EVCC TCP client...
[2026-03-06T01:14:33.149] (+18.523s) [SDP] req sec=0x10 tp=0x00 -> res port=15118 sec=0x10
[2026-03-06T01:14:33.316] (+18.690s) [HLC] EVCC connected, processing session
[2026-03-06T01:14:33.316] (+18.690s) [INFO ] /home/jpi/Desktop/EVSE/jpv2g/src/secc.c:923: SAPP opt[0] schema=1 prio=2 ns=urn:din:70121:2012:MsgDef
[2026-03-06T01:14:33.316] (+18.690s) [INFO ] /home/jpi/Desktop/EVSE/jpv2g/src/secc.c:923: SAPP opt[1] schema=0 prio=1 ns=urn:iso:15118:2:2013:MsgDef
[2026-03-06T01:14:33.316] (+18.690s) [INFO ] /home/jpi/Desktop/EVSE/jpv2g/src/secc.c:926: SAPP selected proto=1 schema=0
[2026-03-06T01:14:33.316] (+18.690s) [INFO ] /home/jpi/Desktop/EVSE/jpv2g/src/secc.c:1480: RX SupportedAppProtocolReq (proto=1)
[2026-03-06T01:14:33.316] (+18.690s) [INFO ] /home/jpi/Desktop/EVSE/jpv2g/src/secc.c:164: RX SupportedAppProtocolReq exi_len=68 exi_hex=8000DBAB9371D3234B71D1B981899189D191818991D26B9B3A232B30020000040401D75726E3A69736F3A31353131383A323A323031333A4D73674465660040000000080
[2026-03-06T01:14:33.316] (+18.691s) [INFO ] /home/jpi/Desktop/EVSE/jpv2g/src/secc.c:399: DECODED {"msg":"SupportedAppProtocol","req":{"protocols":[{"schema":1,"prio":2,"ns":"urn:din:70121:2012:MsgDef"},{"schema":0,"prio":1,"ns":"urn:iso:15118:2:2013:MsgDef"}]},"res":{"responseCode":0,"schema":0}}
[2026-03-06T01:14:33.554] (+18.929s) [INFO ] /home/jpi/Desktop/EVSE/jpv2g/src/secc.c:164: TX SupportedAppProtocolReq exi_len=4 exi_hex=80400000
[2026-03-06T01:14:33.554] (+18.929s) [HLC] EVCC connected, handed off to worker
[2026-03-06T01:14:33.554] (+18.929s) [INFO ] /home/jpi/Desktop/EVSE/jpv2g/src/secc.c:1495: TX SupportedAppProtocolReq bytes=12
[2026-03-06T01:14:33.554] (+18.929s) [INFO ] /home/jpi/Desktop/EVSE/jpv2g/src/secc.c:1480: RX Session[HLC][STAGE] WaitSessionSetup -> WaitServiceDiscovery (SessionSetup)
[2026-03-06T01:14:33.554] (+18.929s) SetupReq (proto=1)
[2026-03-06T01:14:33.554] (+18.929s) [INFO ] /home/jpi/Desktop/EVSE/jpv2g/src/secc.c:164: RX SessionSetupReq exi_len=14 exi_hex=8098004011D01A2326CDE4FDA000
[2026-03-06T01:14:33.554] (+18.929s) [INFO ] /home/jpi/Desktop/EVSE/jpv2g/src/secc.c:433: DECODED ISO {"msg":"SessionSetup","req":{"evccId":""},"res":{"responseCode":"OK_NewSessionEstablished","evseId":"IN*JPE*E000100010001","sessionId":"DE373886BF9A85CC"}}
[2026-03-06T01:14:33.554] (+18.929s) [INFO ] /home/jpi/Desktop/EVSE/jpv2g/src/secc.c:164: TX SessionSetupReq exi_len=36 exi_hex=809802378DCE21AFE6A17311E020592538A9294114A914C0C0C0C4C0C0C0C4C0C0C0C480
[2026-03-06T01:14:33.554] (+18.929s) [INFO ] /home/jpi/Desktop/EVSE/jpv2g/src/secc.c:1495: TX SessionSetupReq bytes=44
[2026-03-06T01:14:33.554] (+18.929s) [HLC][STAGE] WaitServiceDiscovery -> WaitPaymentSelection (ServiceDiscovery)
[2026-03-06T01:14:33.695] (+19.070s) [INFO ] /home/jpi/Desktop/EVSE/jpv2g/src/secc.c:1480: RX ServiceDiscoveryReq (proto=1)
[2026-03-06T01:14:33.695] (+19.070s) [INFO ] /home/jpi/Desktop/EVSE/jpv2g/src/secc.c:164: RX ServiceDiscoveryReq exi_len=13 exi_hex=809802378DCE21AFE6A17311B8
[2026-03-06T01:14:33.695] (+19.070s) [INFO ] /home/jpi/Desktop/EVSE/jpv2g/src/secc.c:465: DECODED ISO {"msg":"ServiceDiscovery","req":{"scope":"","category":-1},"res":{"responseCode":"OK","payments":["ExternalPayment"],"serviceId":1,"serviceName":"DCFC","freeService":0,"etm":["DC_core","DC_extended","DC_combo_core"]}}
[2026-03-06T01:14:33.695] (+19.070s) [INFO ] /home/jpi/Desktop/EVSE/jpv2g/src/secc.c:164: TX ServiceDiscoveryReq exi_len=27 exi_hex=809802378DCE21AFE6A17311C0012004019110D190C04040C21200
[2026-03-06T01:14:33.695] (+19.070s) [INFO ] /home/jpi/Desktop/EVSE/jpv2g/src/secc.c:1495: TX ServiceDiscoveryReq bytes=35
[2026-03-06T01:14:33.695] (+19.070s) [INFO ] /home/jpi/Desktop/EVSE/jpv2g/src/secc.c:1480: RX Payment[HLC][STAGE] WaitPaymentSelection -> WaitAuthorization (PaymentSelectionExternal)
[2026-03-06T01:14:33.695] (+19.070s) ServiceSelectionReq (proto=1)
[2026-03-06T01:14:33.695] (+19.070s) [INFO ] /home/jpi/Desktop/EVSE/jpv2g/src/secc.c:164: RX PaymentServiceSelectionReq exi_len=16 exi_hex=809802378DCE21AFE6A1731132001280
[2026-03-06T01:14:33.848] (+19.223s) [INFO ] /home/jpi/Desktop/EVSE/jpv2g/src/secc.c:478: DECODED ISO {"msg":"PaymentServiceSelection","req":{"payment":"Contract","serviceId":1},"res":{"responseCode":"OK"}}
[2026-03-06T01:14:33.849] (+19.223s) [INFO ] /home/jpi/Desktop/EVSE/jpv2g/src/secc.c:164: TX PaymentServiceSelectionReq exi_len=14 exi_hex=809802378DCE21AFE6A173114000
[2026-03-06T01:14:33.849] (+19.223s) [INFO ] /home/jpi/Desktop/EVSE/jpv2g/src/secc.c:1495: TX PaymentServiceSelectionReq bytes=22
[2026-03-06T01:14:33.849] (+19.223s) [HLC][STAGE] WaitAuthorization -> WaitChargeParams (Authorization)
[2026-03-06T01:14:33.849] (+19.223s) [INFO ] /home/jpi/Desktop/EVSE/jpv2g/src/secc.c:1480: RX AuthorizationReq (proto=1)
[2026-03-06T01:14:33.849] (+19.223s) [INFO ] /home/jpi/Desktop/EVSE/jpv2g/src/secc.c:164: RX AuthorizationReq exi_len=13 exi_hex=809802378DCE21AFE6A1731008
[2026-03-06T01:14:33.849] (+19.223s) [INFO ] /home/jpi/Desktop/EVSE/jpv2g/src/secc.c:487: DECODED ISO {"msg":"Authorization","req":{"genChallengeLen":0},"res":{"responseCode":"OK","processing":"Finished"}}
[2026-03-06T01:14:33.849] (+19.223s) [INFO ] /home/jpi/Desktop/EVSE/jpv2g/src/secc.c:164: TX AuthorizationReq exi_len=15 exi_hex=809802378DCE21AFE6A17310100000
[2026-03-06T01:14:34.349] (+19.724s) [INFO ] /home/jpi/Desktop/EVSE/jpv2g/src/secc.c:1495: TX AuthorizationReq bytes=23
[2026-03-06T01:14:34.349] (+19.724s) [HLC] client session done rc=-104
[2026-03-06T01:14:36.852] (+22.227s) [HLC] waiting for EVCC TCP client...
[2026-03-06T01:14:41.858] (+27.232s) [HLC] waiting for EVCC TCP client...
[2026-03-06T01:14:46.863] (+32.238s) [HLC] waiting for EVCC TCP client...
[2026-03-06T01:14:51.869] (+37.243s) [HLC] waiting for EVCC TCP client...
[2026-03-06T01:14:56.874] (+42.249s) [HLC] waiting for EVCC TCP client...
[2026-03-06T01:15:02.381] (+47.756s) [HLC] waiting for EVCC TCP client...
[2026-03-06T01:15:07.387] (+52.762s) [HLC] waiting for EVCC TCP client...
[2026-03-06T01:15:12.393] (+57.768s) [HLC] waiting for EVCC TCP client...
[2026-03-06T01:15:17.399] (+62.773s) [HLC] waiting for EVCC TCP client...
[2026-03-06T01:15:22.406] (+67.781s) [HLC] waiting for EVCC TCP client...
[2026-03-06T01:15:27.413] (+72.787s) [HLC] waiting for EVCC TCP client...
[2026-03-06T01:15:32.426] (+77.801s) [HLC] waiting for EVCC TCP client...
[2026-03-06T01:15:37.441] (+82.815s) [HLC] waiting for EVCC TCP client...
[2026-03-06T01:15:42.447] (+87.822s) [HLC] waiting for EVCC TCP client...
[2026-03-06T01:15:47.453] (+92.827s) [HLC] waiting for EVCC TCP client...
[2026-03-06T01:15:52.459] (+97.833s) [HLC] waiting for EVCC TCP client...
[2026-03-06T01:15:57.465] (+102.839s) [HLC] waiting for EVCC TCP client...
[2026-03-06T01:16:02.470] (+107.845s) [HLC] waiting for EVCC TCP client...
[2026-03-06T01:16:07.475] (+112.850s) [HLC] waiting for EVCC TCP client...
[2026-03-06T01:16:12.481] (+117.856s) [HLC] waiting for EVCC TCP client...
[2026-03-06T01:16:17.487] (+122.862s) [HLC] waiting for EVCC TCP client...
[2026-03-06T01:16:22.493] (+127.867s) [HLC] waiting for EVCC TCP client...
[2026-03-06T01:16:27.511] (+132.886s) [HLC] waiting for EVCC TCP client...
[2026-03-06T01:16:32.517] (+137.892s) [HLC] waiting for EVCC TCP client...
[2026-03-06T01:16:37.523] (+142.897s) [HLC] waiting for EVCC TCP client...
[2026-03-06T01:16:42.528] (+147.903s) [HLC] waiting for EVCC TCP client...
[2026-03-06T01:16:47.533] (+152.907s) [HLC] waiting for EVCC TCP client...
[2026-03-06T01:16:52.538] (+157.912s) [HLC] waiting for EVCC TCP client...
[2026-03-06T01:16:57.543] (+162.918s) [HLC] waiting for EVCC TCP client...
[2026-03-06T01:17:02.549] (+167.923s) [HLC] waiting for EVCC TCP client...
[2026-03-06T01:17:07.564] (+172.939s) [HLC] waiting for EVCC TCP client...
[2026-03-06T01:17:12.579] (+177.953s) [HLC] waiting for EVCC TCP client...
[2026-03-06T01:17:17.584] (+182.959s) [HLC] waiting for EVCC TCP client...
[2026-03-06T01:17:22.590] (+187.964s) [HLC] waiting for EVCC TCP client...
[2026-03-06T01:17:28.097] (+193.471s) [HLC] waiting for EVCC TCP client...
[2026-03-06T01:17:33.103] (+198.477s) [HLC] waiting for EVCC TCP client...
[2026-03-06T01:17:38.109] (+203.483s) [HLC] waiting for EVCC TCP client...
[2026-03-06T01:17:43.115] (+208.489s) [HLC] waiting for EVCC TCP client...
[2026-03-06T01:17:48.121] (+213.496s) [HLC] waiting for EVCC TCP client...
[2026-03-06T01:17:53.127] (+218.502s) [HLC] waiting for EVCC TCP client...
