
=== SERIAL CONNECT /dev/ttyACM0 115200 @ 2026-03-06T02:15:42 ===
[BOOT] waiting... 9002/10000 ms
[NET] local MAC B8:F8:62:4B:C5:20
[NET] SECC IPv6 LL fe80::baf8:62ff:fe4b:c520
[ 10632][I][esp32-hal-i2c.c:75] i2cInit(): Initialising I2C Master: sda=12 scl=11 freq=100000
[RELAY] Relay1 ready addr=0x20 pin=P00
[MOD] startup scan begin (single module MXR_1 addr=0x01)
[MOD] scan complete=1 expected=1 discovered=1 validated=1 missing=0 mismatch=0
[MOD] setup upsert=1 allocate=1 ready=1
[QCA] transport ready
[ 11938][D][WiFiGeneric.cpp:1040] _eventCallback(): Arduino Event: 0 - WIFI_READY
[ 11979][D][WiFiGeneric.cpp:1040] _eventCallback(): Arduino Event: 2 - STA_START
[NET] lwIP socket stack initialized (WiFi STA mode)
[NET] PLC lwIP netif ready: pl2
[APP] ready, waiting for CP B/C/D
[ 12002][I][esp32-hal-adc.c:249] __analogReadMilliVolts(): ADC1: Characterized using Default Vref: 0

[CP] state A -> B (2219 mV)
[CP] duty -> 5% (state=B hold=0 ef=0)
[SLAC] session start
[FSM] Reset -> Idle
[FSM] EnterBCD
[FSM] Idle -> WaitForMatchingStart
[FSM] WaitForMatchingStart -> Matching
[CP] state B -> C (2008 mV)
[FSM] Matching -> Sounding
[CP] state C -> B (2133 mV)
[FSM] Timeout in sounding, send results
[FSM] Sounding -> DoAttenChar
[FSM] DoAttenChar -> WaitForSlacMatch
[SLAC] match request received, signaling link detected
[FSM] WaitForSlacMatch -> Matched
[SLAC] MATCHED - starting HLC stack
[HLC] bind iface=<default> (plc=pl2)
[HLC] worker task started stack_bytes=65536
[WARN ] /home/jpi/Desktop/EVSE/jpv2g/src/transport.c:137: IPV6_JOIN_GROUP failed on iface  (errno=125), continuing without multicast
[HLC] stack ready (SDP+TCP on 15118)
[HLC] waiting for EVCC TCP client...
[SDP] req sec=0x10 tp=0x00 -> res port=15118 sec=0x10
[HLC] EVCC connected, processing session
[HLC] EVCC connected, handed off to worker
[INFO ] /home/jpi/Desktop/EVSE/jpv2g/src/secc.c:975: SAPP opt[0] schema=1 prio=2 ns=urn:din:70121:2012:MsgDef
[INFO ] /home/jpi/Desktop/EVSE/jpv2g/src/secc.c:975: SAPP opt[1] schema=0 prio=1 ns=urn:iso:15118:2:2013:MsgDef
[INFO ] /home/jpi/Desktop/EVSE/jpv2g/src/secc.c:978: SAPP selected proto=1 schema=0
[INFO ] /home/jpi/Desktop/EVSE/jpv2g/src/secc.c:1532: RX SupportedAppProtocolReq (proto=1)
[INFO ] /home/jpi/Desktop/EVSE/jpv2g/src/secc.c:164: RX SupportedAppProtocolReq exi_len=68 exi_hex=8000DBAB9371D3234B71D1B981899189D191818991D26B9B3A232B30020000040401D75726E3A69736F3A31353131383A323A323031333A4D73674465660040000000080
[INFO ] /home/jpi/Desktop/EVSE/jpv2g/src/secc.c:399: DECODED {"msg":"SupportedAppProtocol","req":{"protocols":[{"schema":1,"prio":2,"ns":"urn:din:70121:2012:MsgDef"},{"schema":0,"prio":1,"ns":"urn:iso:15118:2:2013:MsgDef"}]},"res":{"responseCode":0,"schema":0}}
[INFO ] /home/jpi/Desktop/EVSE/jpv2g/src/secc.c:164: TX SupportedAppProtocolReq exi_len=4 exi_hex=80400000
[INFO ] /home/jpi/Desktop/EVSE/jpv2g/src/secc.c:1547: TX SupportedAppProtocolReq bytes=12
[INFO ] /home/jpi/Desktop/EVSE/jpv2g/src/secc.c:1532: RX SessionSetupReq (proto=1)
[INFO ] /home/jpi/Desktop/EVSE/jpv2g/src/secc.c:164: RX SessionSetupReq exi_len=14 exi_hex=8098004011D01A2326CDE4FDA000
[INFO ] /home/jpi/Desktop/EVSE/jpv2g/src/secc.c:433: DECODED ISO {"msg":"SessionSetup","req":{"evccId":"88C9B3793F68"},"res":{"responseCode":"OK_NewSessionEstablished","evseId":"IN*JPE*E000100010001","sessionId":"7DB77B202B445B25"}}
[INFO ] /home/jpi/Desktop/EVSE/jpv2g/src/secc.c:164: TX SessionSetupReq exi_len=36 exi_hex=8098021F6DDEC80AD116C951E020592538A9294114A914C0C0C0C4C0C0C0C4C0C0C0C480
[INFO ] /home/jpi/Desktop/EVSE/jpv2g/src/secc.c:1547: TX SessionSetupReq bytes=44
[INFO ] /home/jpi/Desktop/EVSE/jpv2g/src/secc.c:1532: RX ServiceDiscoveryReq (proto=1)
[INFO ] /home/jpi/Desktop/EVSE/jpv2g/src/secc.c:164: RX ServiceDiscoveryReq exi_len=13 exi_hex=8098021F6DDEC80AD116C951B8
[INFO ] /home/jpi/Desktop/EVSE/jpv2g/src/secc.c:465: DECODED ISO {"msg":"ServiceDiscovery","req":{"scope":"","category":-1},"res":{"responseCode":"OK","payments":["ExternalPayment"],"serviceId":1,"serviceName":"DCFC","freeService":0,"etm":["DC_core","DC_extended","DC_combo_core"]}}
[INFO ] /home/jpi/Desktop/EVSE/jpv2g/src/secc.c:164: TX ServiceDiscoveryReq exi_len=27 exi_hex=8098021F6DDEC80AD116C951C0012004019110D190C04040C21200
[INFO ] /home/jpi/Desktop/EVSE/jpv2g/src/secc.c:1547: TX ServiceDiscoveryReq bytes=35
[INFO ] /home/jpi/Desktop/EVSE/jpv2g/src/secc.c:1532: RX PaymentServiceSelectionReq (proto=1)
[INFO ] /home/jpi/Desktop/EVSE/jpv2g/src/secc.c:164: RX PaymentServiceSelectionReq exi_len=16 exi_hex=8098021F6DDEC80AD116C95132001280
[INFO ] /home/jpi/Desktop/EVSE/jpv2g/src/secc.c:478: DECODED ISO {"msg":"PaymentServiceSelection","req":{"payment":"ExternalPayment","serviceId":1},"res":{"responseCode":"OK"}}
[INFO ] /home/jpi/Desktop/EVSE/jpv2g/src/secc.c:164: TX PaymentServiceSelectionReq exi_len=14 exi_hex=8098021F6DDEC80AD116C9514000
[INFO ] /home/jpi/Desktop/EVSE/jpv2g/src/secc.c:1547: TX PaymentServiceSelectionReq bytes=22
[INFO ] /home/jpi/Desktop/EVSE/jpv2g/src/secc.c:1532: RX AuthorizationReq (proto=1)
[INFO ] /home/jpi/Desktop/EVSE/jpv2g/src/secc.c:164: RX AuthorizationReq exi_len=13 exi_hex=8098021F6DDEC80AD116C95008
[INFO ] /home/jpi/Desktop/EVSE/jpv2g/src/secc.c:487: DECODED ISO {"msg":"Authorization","req":{"genChallengeLen":0},"res":{"responseCode":"OK","processing":"Finished"}}
[INFO ] /home/jpi/Desktop/EVSE/jpv2g/src/secc.c:164: TX AuthorizationReq exi_len=15 exi_hex=8098021F6DDEC80AD116C950100000
[INFO ] /home/jpi/Desktop/EVSE/jpv2g/src/secc.c:1547: TX AuthorizationReq bytes=23
[HLC] client session done rc=-104
[CP] state B -> C (2099 mV)
[CP] state C -> B (2171 mV)
[HLC] waiting for EVCC TCP client...
[HLC] waiting for EVCC TCP client...
[HLC] waiting for EVCC TCP client...
[CP] state B -> C (2017 mV)
[CP] state C -> B (2127 mV)
[HLC] waiting for EVCC TCP client...
[CP] state B -> C (2087 mV)
[CP] state C -> B (2142 mV)
[CP] state B -> C (2063 mV)
[CP] state C -> B (2144 mV)
[HLC] waiting for EVCC TCP client...
[HLC] waiting for EVCC TCP client...
[CP] state B -> C (1938 mV)
[CP] state C -> B (2169 mV)
[HLC] waiting for EVCC TCP client...
[CP] state B -> C (2093 mV)
[HLC] waiting for EVCC TCP client...
[CP] state C -> B (2180 mV)
[CP] state B -> C (2028 mV)
[CP] state C -> B (2174 mV)
[CP] state B -> C (2069 mV)
[CP] state C -> B (2136 mV)
[CP] state B -> C (2068 mV)
[CP] state C -> B (2128 mV)
[CP] state B -> C (2055 mV)
[CP] state C -> B (2104 mV)
[HLC] waiting for EVCC TCP client...
[HLC] waiting for EVCC TCP client...
[CP] state B -> C (2099 mV)
[CP] state C -> B (2138 mV)
[CP] state B -> C (2065 mV)
[CP] state C -> B (2156 mV)
[HLC] waiting for EVCC TCP client...
[CP] state B -> C (2037 mV)
[CP] state C -> B (2167 mV)
[HLC] waiting for EVCC TCP client...
[HLC] waiting for EVCC TCP client...
[CP] state B -> C (2063 mV)
[CP] state C -> B (2147 mV)
[HLC] waiting for EVCC TCP client...
[HLC] waiting for EVCC TCP client...
[HLC] waiting for EVCC TCP client...
[CP] state B -> C (2026 mV)
[CP] state C -> B (2108 mV)
[HLC] waiting for EVCC TCP client...
[CP] state B -> C (2032 mV)
[HLC] waiting for EVCC TCP client...
[CP] state C -> B (2102 mV)
[CP] state B -> C (2030 mV)
[CP] state C -> B (2113 mV)
[HLC] waiting for EVCC TCP client...
[CP] state B -> C (1988 mV)
[CP] state C -> B (2159 mV)
[CP] state B -> C (2090 mV)
[HLC] waiting for EVCC TCP client...
[CP] state C -> B (2158 mV)
[HLC] waiting for EVCC TCP client...
[CP] state B -> C (2043 mV)
[CP] state C -> B (2153 mV)
[CP] state B -> C (2081 mV)
[HLC] waiting for EVCC TCP client...
[CP] state C -> B (2147 mV)
[CP] state B -> C (1993 mV)
[CP] state C -> B (2169 mV)
[HLC] waiting for EVCC TCP client...
[CP] state B -> C (1991 mV)
[CP] state C -> B (2144 mV)
[CP] state B -> C (1983 mV)
[CP] state C -> B (2156 mV)
[HLC] waiting for EVCC TCP client...
[CP] state B -> C (2096 mV)
[CP] state C -> B (2149 mV)
[HLC] waiting for EVCC TCP client...
[CP] state B -> C (2083 mV)
[CP] state C -> B (2150 mV)
[HLC] waiting for EVCC TCP client...
[CP] state B -> C (1930 mV)
[CP] state C -> B (2138 mV)
[HLC] waiting for EVCC TCP client...
[CP] state B -> C (2089 mV)
[CP] state C -> B (2135 mV)
[CP] state B -> C (1994 mV)
[CP] state C -> B (2161 mV)
[CP] state B -> C (2099 mV)
[CP] state C -> B (2153 mV)
[CP] state B -> C (2025 mV)
[HLC] waiting for EVCC TCP client...
[CP] state C -> B (2124 mV)
[HLC] waiting for EVCC TCP client...
[HLC] waiting for EVCC TCP client...
[CP] state B -> C (2076 mV)
[CP] state C -> B (2155 mV)
[HLC] waiting for EVCC TCP client...
[HLC] waiting for EVCC TCP client...
[CP] state B -> C (1850 mV)
[CP] state C -> B (2122 mV)
[CP] state B -> C (2059 mV)
[CP] state C -> B (2113 mV)
[HLC] waiting for EVCC TCP client...
[CP] state B -> C (2069 mV)
[CP] state C -> B (2163 mV)
[CP] state B -> C (2039 mV)
[CP] state C -> B (2101 mV)
[HLC] waiting for EVCC TCP client...
[CP] state B -> C (2090 mV)
[CP] state C -> B (2151 mV)
[CP] state B -> C (2004 mV)
[CP] state C -> B (2116 mV)
[CP] state B -> C (2045 mV)
[HLC] waiting for EVCC TCP client...
[CP] state C -> B (2159 mV)
[CP] state B -> C (1997 mV)
[CP] state C -> B (2161 mV)
[HLC] waiting for EVCC TCP client...
[HLC] waiting for EVCC TCP client...
[HLC] waiting for EVCC TCP client...
[HLC] waiting for EVCC TCP client...
[CP] state B -> C (2065 mV)
[CP] state C -> B (2148 mV)
[CP] state B -> C (2058 mV)
[CP] state C -> B (2152 mV)
[HLC] waiting for EVCC TCP client...
[HLC] waiting for EVCC TCP client...
[CP] state B -> C (2045 mV)
[CP] state C -> B (2135 mV)
[HLC] waiting for EVCC TCP client...
