
=== SERIAL CONNECT /dev/ttyACM0 115200 @ 2026-03-06T02:09:25 ===
[BOOT] waiting... 7002/10000 ms
[BOOT] waiting... 8002/10000 ms
[BOOT] waiting... 9002/10000 ms
[NET] local MAC B8:F8:62:4B:C5:20
[NET] SECC IPv6 LL fe80::baf8:62ff:fe4b:c520
[ 10630][I][esp32-hal-i2c.c:75] i2cInit(): Initialising I2C Master: sda=12 scl=11 freq=100000
[RELAY] Relay1 ready addr=0x20 pin=P00
[MOD] startup scan begin (single module MXR_1 addr=0x01)
[MOD] scan complete=1 expected=1 discovered=1 validated=1 missing=0 mismatch=0
[MOD] setup upsert=1 allocate=1 ready=1
[QCA] transport ready
[ 11937][D][WiFiGeneric.cpp:1040] _eventCallback(): Arduino Event: 0 - WIFI_READY
[ 11980][D][WiFiGeneric.cpp:1040] _eventCallback(): Arduino Event: 2 - STA_START
[NET] lwIP socket stack initialized (WiFi STA mode)
[NET] PLC lwIP netif ready: pl2
[APP] ready, waiting for CP B/C/D
[ 12003][I][esp32-hal-adc.c:249] __analogReadMilliVolts(): ADC1: Characterized using Default Vref: 0

[CP] state A -> B (2218 mV)
[CP] duty -> 5% (state=B hold=0 ef=0)
[SLAC] session start
[FSM] Reset -> Idle
[FSM] EnterBCD
[FSM] Idle -> WaitForMatchingStart
[CP] state B -> C (1909 mV)
[CP] state C -> B (2159 mV)
[FSM] WaitForMatchingStart -> Matching
[FSM] Matching -> Sounding
[FSM] Timeout in sounding, send results
[FSM] Sounding -> DoAttenChar
[FSM] DoAttenChar -> WaitForSlacMatch
[SLAC] match request received, signaling link detected
[FSM] WaitForSlacMatch -> Matched
[SLAC] MATCHED - starting HLC stack
[HLC] bind iface=<default> (plc=pl2)
[HLC] worker task started stack_bytes=65536
[WARN ] /home/jpi/Desktop/EVSE/jpv2g/src/transport.c:137: IPV6_JOIN_GROUP failed on iface  (errno=125), continuing without multicast
[HLC] stack ready (SDP+TCP on 15118)
[HLC] waiting for EVCC TCP client...
[SDP] req sec=0x10 tp=0x00 -> res port=15118 sec=0x10
[HLC] EVCC connected, processing session
[HLC] EVCC connected, handed off to worker
[HLC] client session done rc=-104
[HLC] waiting for EVCC TCP client...
[HLC] waiting for EVCC TCP client...
[CP] state B -> C (1951 mV)
[CP] state C -> B (2168 mV)
[HLC] waiting for EVCC TCP client...
[HLC] waiting for EVCC TCP client...
[HLC] waiting for EVCC TCP client...
[CP] state B -> C (2036 mV)
[CP] state C -> B (2124 mV)
[HLC] waiting for EVCC TCP client...
[HLC] waiting for EVCC TCP client...
[CP] state B -> C (2060 mV)
[CP] state C -> B (2162 mV)
[CP] state B -> C (2081 mV)
[CP] state C -> B (2111 mV)
[HLC] waiting for EVCC TCP client...
[HLC] waiting for EVCC TCP client...
[HLC] waiting for EVCC TCP client...
[CP] state B -> C (1861 mV)
[CP] state C -> B (2147 mV)
[HLC] waiting for EVCC TCP client...
[HLC] waiting for EVCC TCP client...
[CP] state B -> C (2002 mV)
[CP] state C -> B (2131 mV)
[HLC] waiting for EVCC TCP client...
[HLC] waiting for EVCC TCP client...
[HLC] waiting for EVCC TCP client...
[HLC] waiting for EVCC TCP client...
[HLC] waiting for EVCC TCP client...
[HLC] waiting for EVCC TCP client...
[HLC] waiting for EVCC TCP client...
[HLC] waiting for EVCC TCP client...
[CP] state B -> C (2081 mV)
[HLC] waiting for EVCC TCP client...
[CP] state C -> B (2113 mV)
[HLC] waiting for EVCC TCP client...
[CP] state B -> C (2084 mV)
[CP] state C -> B (2184 mV)
[HLC] waiting for EVCC TCP client...
[CP] state B -> C (1829 mV)
[CP] state C -> B (2169 mV)
[HLC] waiting for EVCC TCP client...
[HLC] waiting for EVCC TCP client...
[CP] state B -> C (2067 mV)
[CP] state C -> B (2189 mV)
[HLC] waiting for EVCC TCP client...
[HLC] waiting for EVCC TCP client...
[HLC] waiting for EVCC TCP client...
[HLC] waiting for EVCC TCP client...
[HLC] waiting for EVCC TCP client...
[HLC] waiting for EVCC TCP client...
[HLC] waiting for EVCC TCP client...
[HLC] waiting for EVCC TCP client...
[HLC] waiting for EVCC TCP client...
[HLC] waiting for EVCC TCP client...
[HLC] waiting for EVCC TCP client...
[HLC] waiting for EVCC TCP client...
[HLC] waiting for EVCC TCP client...
[CP] state B -> C (2048 mV)
[CP] state C -> B (2184 mV)
[HLC] waiting for EVCC TCP client...
[HLC] waiting for EVCC TCP client...
[HLC] waiting for EVCC TCP client...
