
=== SERIAL CONNECT /dev/ttyACM0 115200 @ 2026-03-06T01:35:35 ===
[2026-03-06T01:35:35.749] (+0.503s) [   416][I][esp32-hal-psram.c:96] psramInit(): PSRAM enabled
[2026-03-06T01:35:35.749] (+0.503s) 
[2026-03-06T01:35:35.749] (+0.503s) cbslac + jpv2g ESP32-S3 SLAC/HLC (to PreCharge)
[2026-03-06T01:35:35.749] (+0.503s) [BOOT] payment enum contract=0 external=1 strict_eim=1 force_auth_ongoing=1 auto_disable=1
[2026-03-06T01:35:35.749] (+0.503s) [BOOT] startup log hold 10000 ms
[2026-03-06T01:35:36.750] (+1.504s) [BOOT] waiting... 1000/10000 ms
[2026-03-06T01:35:37.751] (+2.505s) [BOOT] waiting... 2000/10000 ms
[2026-03-06T01:35:38.752] (+3.506s) [BOOT] waiting... 3000/10000 ms
[2026-03-06T01:35:39.753] (+4.506s) [BOOT] waiting... 4000/10000 ms
[2026-03-06T01:35:40.754] (+5.507s) [BOOT] waiting... 5000/10000 ms
[2026-03-06T01:35:41.755] (+6.508s) [BOOT] waiting... 6000/10000 ms
[2026-03-06T01:35:42.756] (+7.509s) [BOOT] waiting... 7000/10000 ms
[2026-03-06T01:35:43.757] (+8.510s) [BOOT] waiting... 8000/10000 ms
[2026-03-06T01:35:44.758] (+9.512s) [BOOT] waiting... 9000/10000 ms
[2026-03-06T01:35:45.759] (+10.513s) [NET] local MAC B8:F8:62:4B:C5:20
[2026-03-06T01:35:45.759] (+10.513s) [NET] SECC IPv6 LL fe80::baf8:62ff:fe4b:c520
[2026-03-06T01:35:45.759] (+10.513s) [ 10631][I][esp32-hal-i2c.c:75] i2cInit(): Initialising I2C Master: sda=12 scl=11 freq=100000
[2026-03-06T01:35:45.759] (+10.513s) [RELAY] Relay1 ready addr=0x20 pin=P00
[2026-03-06T01:35:45.759] (+10.513s) [MOD] startup scan begin (single module MXR_1 addr=0x01)
[2026-03-06T01:35:45.759] (+10.513s) [MOD] scan complete=1 expected=1 discovered=1 validated=1 missing=0 mismatch=0
[2026-03-06T01:35:45.759] (+10.513s) [MOD] setup upsert=1 allocate=1 ready=1
[2026-03-06T01:35:46.760] (+11.514s) [QCA] transport ready
[2026-03-06T01:35:47.260] (+12.014s) [ 11937][D][WiFiGeneric.cpp:1040] _eventCallback(): Arduino Event: 0 - WIFI_READY
[2026-03-06T01:35:47.260] (+12.014s) [ 11977][D][WiFiGeneric.cpp:1040] _eventCallback(): Arduino Event: 2 - STA_START
[2026-03-06T01:35:47.260] (+12.014s) [NET] lwIP socket stack initialized (WiFi STA mode)
[2026-03-06T01:35:47.260] (+12.014s) [NET] PLC lwIP netif ready: pl2
[2026-03-06T01:35:47.260] (+12.014s) [APP] ready, waiting for CP B/C/D
[2026-03-06T01:35:47.260] (+12.014s) [ 12001][I][esp32-hal-adc.c:249] __analogReadMilliVolts(): ADC1: Characterized using Default Vref: 0
[2026-03-06T01:35:47.261] (+12.014s) 
[2026-03-06T01:35:47.261] (+12.014s) [CP] state A -> B (robust=2220 peak=2220 plateau=2220)
[2026-03-06T01:35:47.261] (+12.014s) [CP] duty -> 5% (state=B hold=0 ef=0)
[2026-03-06T01:35:47.761] (+12.515s) [SLAC] session start
[2026-03-06T01:35:47.761] (+12.515s) [FSM] Reset -> Idle
[2026-03-06T01:35:47.761] (+12.515s) [FSM] EnterBCD
[2026-03-06T01:35:47.761] (+12.515s) [FSM] Idle -> WaitForMatchingStart
[2026-03-06T01:35:51.766] (+16.520s) [FSM] WaitForMatchingStart -> Matching
[2026-03-06T01:35:51.766] (+16.520s) [FSM] Matching -> Sounding
[2026-03-06T01:35:52.267] (+17.020s) [FSM] Timeout in sounding, send results
[2026-03-06T01:35:52.267] (+17.020s) [FSM] Sounding -> DoAttenChar
[2026-03-06T01:35:52.767] (+17.521s) [FSM] DoAttenChar -> WaitForSlacMatch
[2026-03-06T01:35:52.767] (+17.521s) [SLAC] match request received, signaling link detected
[2026-03-06T01:35:52.767] (+17.521s) [FSM] WaitForSlacMatch -> Matched
[2026-03-06T01:35:52.767] (+17.521s) [SLAC] MATCHED - starting HLC stack
[2026-03-06T01:35:52.768] (+17.521s) [HLC] bind iface=<default> (plc=pl2)
[2026-03-06T01:35:52.768] (+17.521s) [HLC] worker task started stack_bytes=65536
[2026-03-06T01:35:52.768] (+17.521s) [WARN ] /home/jpi/Desktop/EVSE/jpv2g/src/transport.c:137: IPV6_JOIN_GROUP failed on iface  (errno=125), continuing without multicast
[2026-03-06T01:35:52.768] (+17.521s) [HLC] stack ready (SDP+TCP on 15118)
[2026-03-06T01:35:52.768] (+17.522s) [HLC] waiting for EVCC TCP client...
[2026-03-06T01:35:53.769] (+18.523s) [SDP] req sec=0x10 tp=0x00 -> res port=15118 sec=0x10
[2026-03-06T01:35:53.861] (+18.615s) [HLC] EVCC connected, processing session
[2026-03-06T01:35:53.861] (+18.615s) [INFO ] /home/jpi/Desktop/EVSE/jpv2g/src/secc.c:923: SAPP opt[0] schema=1 prio=2 ns=urn:din:70121:2012:MsgDef
[2026-03-06T01:35:53.861] (+18.615s) [INFO ] /home/jpi/Desktop/EVSE/jpv2g/src/secc.c:923: SAPP opt[1] schema=0 prio=1 ns=urn:iso:15118:2:2013:MsgDef
[2026-03-06T01:35:53.861] (+18.615s) [INFO ] /home/jpi/Desktop/EVSE/jpv2g/src/secc.c:926: SAPP selected proto=1 schema=0
[2026-03-06T01:35:53.861] (+18.615s) [INFO ] /home/jpi/Desktop/EVSE/jpv2g/src/secc.c:1480: RX SupportedAppProtocolReq (proto=1)
[2026-03-06T01:35:53.861] (+18.615s) [INFO ] /home/jpi/Desktop/EVSE/jpv2g/src/secc.c:164: RX SupportedAppProtocolReq exi_len=68 exi_hex=8000DBAB9371D3234B71D1B981899189D191818991D26B9B3A232B30020000040401D75726E3A69736F3A31353131383A323A323031333A4D73674465660040000000080
[2026-03-06T01:35:53.861] (+18.615s) [INFO ] /home/jpi/Desktop/EVSE/jpv2g/src/secc.c:399: DECODED {"msg":"SupportedAppProtocol","req":{"protocols":[{"schema":1,"prio":2,"ns":"urn:din:70121:2012:MsgDef"},{"schema":0,"prio":1,"ns":"urn:iso:15118:2:2013:MsgDef"}]},"res":{"responseCode":0,"schema":0}}
[2026-03-06T01:35:54.101] (+18.855s) [INFO ] /home/jpi/Desktop/EVSE/jpv2g/src/secc.c:164: TX SupportedAppProtocolReq exi_len=4 exi_hex=80400000
[2026-03-06T01:35:54.101] (+18.855s) [HLC] EVCC connected, handed off to worker
[2026-03-06T01:35:54.101] (+18.855s) [INFO ] /home/jpi/Desktop/EVSE/jpv2g/src/secc.c:1495: TX SupportedAppProtocolReq bytes=12
[2026-03-06T01:35:54.101] (+18.855s) [HLC][STAGE] WaitSessionSetup -> WaitServiceDiscovery (SessionSetup)
[2026-03-06T01:35:54.101] (+18.855s) [INFO ] /home/jpi/Desktop/EVSE/jpv2g/src/secc.c:1480: RX SessionSetupReq (proto=1)
[2026-03-06T01:35:54.101] (+18.855s) [INFO ] /home/jpi/Desktop/EVSE/jpv2g/src/secc.c:164: RX SessionSetupReq exi_len=14 exi_hex=8098004011D01A2326CDE4FDA000
[2026-03-06T01:35:54.101] (+18.855s) [INFO ] /home/jpi/Desktop/EVSE/jpv2g/src/secc.c:433: DECODED ISO {"msg":"SessionSetup","req":{"evccId":""},"res":{"responseCode":"OK_NewSessionEstablished","evseId":"IN*JPE*E000100010001","sessionId":"4742EC5B755A6D9F"}}
[2026-03-06T01:35:54.101] (+18.855s) [INFO ] /home/jpi/Desktop/EVSE/jpv2g/src/secc.c:164: TX SessionSetupReq exi_len=36 exi_hex=80980211D0BB16DD569B67D1E020592538A9294114A914C0C0C0C4C0C0C0C4C0C0C0C480
[2026-03-06T01:35:54.101] (+18.855s) [INFO ] /home/jpi/Desktop/EVSE/jpv2g/src/secc.c:1495: TX SessionSetupReq bytes=44
[2026-03-06T01:35:54.101] (+18.855s) [HLC][PAY] advertised ext=1 contract=0 strict_eim=1 count=1
[2026-03-06T01:35:54.241] (+18.994s) [HLC][STAGE] WaitServiceDiscovery -> WaitPaymentSelection (ServiceDiscovery)
[2026-03-06T01:35:54.241] (+18.994s) [INFO ] /home/jpi/Desktop/EVSE/jpv2g/src/secc.c:1480: RX ServiceDiscoveryReq (proto=1)
[2026-03-06T01:35:54.241] (+18.994s) [INFO ] /home/jpi/Desktop/EVSE/jpv2g/src/secc.c:164: RX ServiceDiscoveryReq exi_len=13 exi_hex=80980211D0BB16DD569B67D1B8
[2026-03-06T01:35:54.241] (+18.994s) [INFO ] /home/jpi/Desktop/EVSE/jpv2g/src/secc.c:465: DECODED ISO {"msg":"ServiceDiscovery","req":{"scope":"","category":-1},"res":{"responseCode":"OK","payments":["ExternalPayment"],"serviceId":1,"serviceName":"DCFC","freeService":0,"etm":["DC_core","DC_extended","DC_combo_core"]}}
[2026-03-06T01:35:54.241] (+18.994s) [INFO ] /home/jpi/Desktop/EVSE/jpv2g/src/secc.c:164: TX ServiceDiscoveryReq exi_len=27 exi_hex=80980211D0BB16DD569B67D1C0012004019110D190C04040C21200
[2026-03-06T01:35:54.241] (+18.994s) [INFO ] /home/jpi/Desktop/EVSE/jpv2g/src/secc.c:1495: TX ServiceDiscoveryReq bytes=35
[2026-03-06T01:35:54.241] (+18.994s) [HLC][STAGE] WaitPaymentSelection -> WaitAuthorization (PaymentSelectionExternal)
[2026-03-06T01:35:54.241] (+18.995s) [HLC][PAY] sel_iso=1 ext_adv=1 contract_adv=0 strict=1 resp=0 next=WaitAuthorization mode=ExternalPayment
[2026-03-06T01:35:54.382] (+19.135s) [INFO ] /home/jpi/Desktop/EVSE/jpv2g/src/secc.c:1480: RX PaymentServiceSelectionReq (proto=1)
[2026-03-06T01:35:54.382] (+19.135s) [INFO ] /home/jpi/Desktop/EVSE/jpv2g/src/secc.c:164: RX PaymentServiceSelectionReq exi_len=16 exi_hex=80980211D0BB16DD569B67D132001280
[2026-03-06T01:35:54.382] (+19.135s) [INFO ] /home/jpi/Desktop/EVSE/jpv2g/src/secc.c:478: DECODED ISO {"msg":"PaymentServiceSelection","req":{"payment":"Contract","serviceId":1},"res":{"responseCode":"OK"}}
[2026-03-06T01:35:54.382] (+19.135s) [INFO ] /home/jpi/Desktop/EVSE/jpv2g/src/secc.c:164: TX PaymentServiceSelectionReq exi_len=14 exi_hex=80980211D0BB16DD569B67D14000
[2026-03-06T01:35:54.382] (+19.135s) [INFO ] /home/jpi/Desktop/EVSE/jpv2g/src/secc.c:1495: TX PaymentServiceSelectionReq bytes=22
[2026-03-06T01:35:54.382] (+19.135s) [HLC][AUTH] iso mode=ExternalPayment ongoing_sent=1 force=1 proc=1 next=WaitAuthorization
[2026-03-06T01:35:54.382] (+19.135s) [INFO ] /home/jpi/Desktop/EVSE/jpv2g/src/secc.c:1480: RX AuthorizationReq (proto=1)
[2026-03-06T01:35:54.382] (+19.135s) [INFO ] /home/jpi/Desktop/EVSE/jpv2g/src/secc.c:164: RX AuthorizationReq exi_len=13 exi_hex=80980211D0BB16DD569B67D008
[2026-03-06T01:35:54.382] (+19.136s) [INFO ] /home/jpi/Desktop/EVSE/jpv2g/src/secc.c:487: DECODED ISO {"msg":"Authorization","req":{"genChallengeLen":0},"res":{"responseCode":"OK","processing":"Ongoing"}}
[2026-03-06T01:35:54.882] (+19.636s) [INFO ] /home/jpi/Desktop/EVSE/jpv2g/src/secc.c:164: TX AuthorizationReq exi_len=15 exi_hex=80980211D0BB16DD569B67D0100100
[2026-03-06T01:35:54.882] (+19.636s) [INFO ] /home/jpi/Desktop/EVSE/jpv2g/src/secc.c:1495: TX AuthorizationReq bytes=23
[2026-03-06T01:35:54.883] (+19.636s) [HLC][AUTH] early disconnect after Ongoing; disabling forced ongoing for next sessions
[2026-03-06T01:35:54.883] (+19.636s) [HLC] client session done rc=-104 auth_mode=ExternalPayment ongoing_sent=1 auth_finished=0 stage=WaitAuthorization force_ongoing=0
[2026-03-06T01:35:57.385] (+22.139s) [HLC] waiting for EVCC TCP client...
[2026-03-06T01:36:02.391] (+27.145s) [HLC] waiting for EVCC TCP client...
[2026-03-06T01:36:07.396] (+32.150s) [HLC] waiting for EVCC TCP client...
[2026-03-06T01:36:12.402] (+37.156s) [HLC] waiting for EVCC TCP client...
[2026-03-06T01:36:17.408] (+42.161s) [HLC] waiting for EVCC TCP client...
[2026-03-06T01:36:22.413] (+47.167s) [HLC] waiting for EVCC TCP client...
[2026-03-06T01:36:27.419] (+52.172s) [HLC] waiting for EVCC TCP client...
[2026-03-06T01:36:32.424] (+57.178s) [HLC] waiting for EVCC TCP client...
[2026-03-06T01:36:37.429] (+62.183s) [HLC] waiting for EVCC TCP client...
[2026-03-06T01:36:42.435] (+67.189s) [HLC] waiting for EVCC TCP client...
[2026-03-06T01:36:47.440] (+72.194s) [HLC] waiting for EVCC TCP client...
[2026-03-06T01:36:52.446] (+77.200s) [HLC] waiting for EVCC TCP client...
[2026-03-06T01:36:57.452] (+82.206s) [HLC] waiting for EVCC TCP client...
[2026-03-06T01:37:02.457] (+87.211s) [HLC] waiting for EVCC TCP client...
[2026-03-06T01:37:07.464] (+92.218s) [HLC] waiting for EVCC TCP client...
[2026-03-06T01:37:12.470] (+97.224s) [HLC] waiting for EVCC TCP client...
[2026-03-06T01:37:17.475] (+102.229s) [HLC] waiting for EVCC TCP client...
[2026-03-06T01:37:22.480] (+107.233s) [HLC] waiting for EVCC TCP client...
[2026-03-06T01:37:27.486] (+112.240s) [HLC] waiting for EVCC TCP client...
[2026-03-06T01:37:32.491] (+117.245s) [HLC] waiting for EVCC TCP client...
[2026-03-06T01:37:37.496] (+122.250s) [HLC] waiting for EVCC TCP client...
[2026-03-06T01:37:42.503] (+127.256s) [HLC] waiting for EVCC TCP client...
[2026-03-06T01:37:47.508] (+132.262s) [HLC] waiting for EVCC TCP client...
[2026-03-06T01:37:52.514] (+137.268s) [HLC] waiting for EVCC TCP client...
[2026-03-06T01:37:57.519] (+142.273s) [HLC] waiting for EVCC TCP client...
[2026-03-06T01:38:02.525] (+147.278s) [HLC] waiting for EVCC TCP client...
[2026-03-06T01:38:07.530] (+152.284s) [HLC] waiting for EVCC TCP client...
[2026-03-06T01:38:12.535] (+157.289s) [HLC] waiting for EVCC TCP client...
[2026-03-06T01:38:17.540] (+162.294s) [HLC] waiting for EVCC TCP client...
[2026-03-06T01:38:22.546] (+167.299s) [HLC] waiting for EVCC TCP client...
[2026-03-06T01:38:27.551] (+172.305s) [HLC] waiting for EVCC TCP client...
[2026-03-06T01:38:32.566] (+177.320s) [HLC] waiting for EVCC TCP client...
[2026-03-06T01:38:37.572] (+182.326s) [HLC] waiting for EVCC TCP client...
[2026-03-06T01:38:42.577] (+187.331s) [HLC] waiting for EVCC TCP client...
[2026-03-06T01:38:47.583] (+192.337s) [HLC] waiting for EVCC TCP client...
[2026-03-06T01:38:52.589] (+197.343s) [HLC] waiting for EVCC TCP client...
[2026-03-06T01:38:57.595] (+202.348s) [HLC] waiting for EVCC TCP client...
[2026-03-06T01:39:02.600] (+207.354s) [HLC] waiting for EVCC TCP client...
[2026-03-06T01:39:07.606] (+212.359s) [HLC] waiting for EVCC TCP client...
[2026-03-06T01:39:12.611] (+217.365s) [HLC] waiting for EVCC TCP client...
[2026-03-06T01:39:17.651] (+222.404s) [HLC] waiting for EVCC TCP client...
[2026-03-06T01:39:22.669] (+227.422s) [HLC] waiting for EVCC TCP client...
[2026-03-06T01:39:27.674] (+232.428s) [HLC] waiting for EVCC TCP client...
[2026-03-06T01:39:32.690] (+237.443s) [HLC] waiting for EVCC TCP client...
[2026-03-06T01:39:37.706] (+242.460s) [HLC] waiting for EVCC TCP client...
[2026-03-06T01:39:42.724] (+247.478s) [HLC] waiting for EVCC TCP client...
[2026-03-06T01:39:47.729] (+252.483s) [HLC] waiting for EVCC TCP client...
[2026-03-06T01:39:52.745] (+257.499s) [HLC] waiting for EVCC TCP client...
