
=== SERIAL CONNECT /dev/ttyACM0 115200 @ 2026-03-06T03:05:05 ===
[2026-03-06T03:05:06.661] (+1.004s) [NET] local MAC B8:F8:62:4B:C5:20
[2026-03-06T03:05:06.661] (+1.004s) [NET] SECC IPv6 LL fe80::baf8:62ff:fe4b:c520
[2026-03-06T03:05:06.661] (+1.004s) [ 10632][I][esp32-hal-i2c.c:75] i2cInit(): Initialising I2C Master: sda=12 scl=11 freq=100000
[2026-03-06T03:05:07.162] (+1.504s) [RELAY] Relay1 ready addr=0x20 pin=P00
[2026-03-06T03:05:07.162] (+1.505s) [MOD] startup scan begin (single module MXR_1 addr=0x01)
[2026-03-06T03:05:07.162] (+1.505s) [MOD] scan complete=1 expected=1 discovered=1 validated=1 missing=0 mismatch=0
[2026-03-06T03:05:07.162] (+1.505s) [MOD] setup upsert=1 allocate=1 ready=1
[2026-03-06T03:05:08.163] (+2.505s) [QCA] transport ready
[2026-03-06T03:05:08.163] (+2.505s) [ 11938][D][WiFiGeneric.cpp:1040] _eventCallback(): Arduino Event: 0 - WIFI_READY
[2026-03-06T03:05:08.163] (+2.506s) [ 11978][D][WiFiGeneric.cpp:1040] _eventCallback(): Arduino Event: 2 - STA_START
[2026-03-06T03:05:08.163] (+2.506s) [NET] lwIP socket stack initialized (WiFi STA mode)
[2026-03-06T03:05:08.163] (+2.506s) [NET] PLC lwIP netif ready: pl2
[2026-03-06T03:05:08.163] (+2.506s) [APP] ready, waiting for CP B/C/D
[2026-03-06T03:05:08.163] (+2.506s) [ 12001][I][esp32-hal-adc.c:249] __analogReadMilliVolts(): ADC1: Characterized using Default Vref: 0
[2026-03-06T03:05:08.163] (+2.506s) 
[2026-03-06T03:05:08.163] (+2.506s) [CP] state A -> B (2220 mV)
[2026-03-06T03:05:08.163] (+2.506s) [CP] duty -> 5% (state=B hold=0 ef=0)
[2026-03-06T03:05:08.663] (+3.006s) [SLAC] session start
[2026-03-06T03:05:08.664] (+3.006s) [FSM] Reset -> Idle
[2026-03-06T03:05:08.664] (+3.006s) [FSM] EnterBCD
[2026-03-06T03:05:08.664] (+3.006s) [FSM] Idle -> WaitForMatchingStart
[2026-03-06T03:05:13.169] (+7.511s) [FSM] WaitForMatchingStart -> Matching
[2026-03-06T03:05:13.169] (+7.511s) [CP] state B -> C (2098 mV)
[2026-03-06T03:05:13.169] (+7.511s) [FSM] Matching -> Sounding
[2026-03-06T03:05:13.669] (+8.012s) [CP] state C -> B (2168 mV)
[2026-03-06T03:05:13.669] (+8.012s) [FSM] Timeout in sounding, send results
[2026-03-06T03:05:13.669] (+8.012s) [FSM] Sounding -> DoAttenChar
[2026-03-06T03:05:13.669] (+8.012s) [FSM] DoAttenChar -> WaitForSlacMatch
[2026-03-06T03:05:13.669] (+8.012s) [SLAC] match request received, signaling link detected
[2026-03-06T03:05:13.669] (+8.012s) [FSM] WaitForSlacMatch -> Matched
[2026-03-06T03:05:13.669] (+8.012s) [SLAC] MATCHED - starting HLC stack
[2026-03-06T03:05:13.669] (+8.012s) [HLC] bind iface=<default> (plc=pl2)
[2026-03-06T03:05:13.669] (+8.012s) [HLC] worker task started stack_bytes=65536
[2026-03-06T03:05:13.669] (+8.012s) [WARN ] /home/jpi/Desktop/EVSE/jpv2g/src/transport.c:137: IPV6_JOIN_GROUP failed on iface  (errno=125), continuing without multicast
[2026-03-06T03:05:13.670] (+8.012s) [HLC] stack ready (SDP+TCP on 15118)
[2026-03-06T03:05:13.670] (+8.012s) [HLC] waiting for EVCC TCP client...
[2026-03-06T03:05:15.037] (+9.380s) [SDP] req sec=0x10 tp=0x00 -> res port=15118 sec=0x10
[2026-03-06T03:05:15.037] (+9.380s) [HLC] EVCC connected, processing session
[2026-03-06T03:05:15.038] (+9.380s) [INFO ] /home/jpi/Desktop/EVSE/jpv2g/src/secc.c:926: SAPP opt[0] schema=1 prio=2 ns=urn:din:70121:2012:MsgDef
[2026-03-06T03:05:15.038] (+9.380s) [INFO ] /home/jpi/Desktop/EVSE/jpv2g/src/secc.c:926: SAPP opt[1] schema=0 prio=1 ns=urn:iso:15118:2:2013:MsgDef
[2026-03-06T03:05:15.038] (+9.380s) [INFO ] /home/jpi/Desktop/EVSE/jpv2g/src/secc.c:929: SAPP selected proto=1 schema=0
[2026-03-06T03:05:15.038] (+9.380s) [INFO ] /home/jpi/Desktop/EVSE/jpv2g/src/secc.c:1494: RX SupportedAppProtocolReq (proto=1)
[2026-03-06T03:05:15.038] (+9.380s) [INFO ] /home/jpi/Desktop/EVSE/jpv2g/src/secc.c:164: RX SupportedAppProtocolReq exi_len=68 exi_hex=8000DBAB9371D3234B71D1B981899189D191818991D26B9B3A232B30020000040401D75726E3A69736F3A31353131383A323A323031333A4D73674465660040000000080
[2026-03-06T03:05:15.038] (+9.380s) [INFO ] /home/jpi/Desktop/EVSE/jpv2g/src/secc.c:399: DECODED {"msg":"SupportedAppProtocol","req":{"protocols":[{"schema":1,"prio":2,"ns":"urn:din:70121:2012:MsgDef"},{"schema":0,"prio":1,"ns":"urn:iso:15118:2:2013:MsgDef"}]},"res":{"responseCode":0,"schema":0}}
[2026-03-06T03:05:15.251] (+9.593s) [INFO ] /home/jpi/Desktop/EVSE/jpv2g/src/secc.c:164: TX SupportedAppProtocolReq exi_len=4 exi_hex=80400000
[2026-03-06T03:05:15.251] (+9.593s) [HLC] EVCC connected, handed off to worker
[2026-03-06T03:05:15.251] (+9.593s) [INFO ] /home/jpi/Desktop/EVSE/jpv2g/src/secc.c:1509: TX SupportedAppProtocolReq bytes=12
[2026-03-06T03:05:15.251] (+9.593s) [INFO ] /home/jpi/Desktop/EVSE/jpv2g/src/secc.c:1494: RX SessionSetupReq (proto=1)
[2026-03-06T03:05:15.251] (+9.593s) [INFO ] /home/jpi/Desktop/EVSE/jpv2g/src/secc.c:164: RX SessionSetupReq exi_len=14 exi_hex=8098004011D01A2326CDE4FDA000
[2026-03-06T03:05:15.251] (+9.593s) [INFO ] /home/jpi/Desktop/EVSE/jpv2g/src/secc.c:433: DECODED ISO {"msg":"SessionSetup","req":{"evccId":""},"res":{"responseCode":"OK_NewSessionEstablished","evseId":"IN*JPE*E000100010001","sessionId":"1052188199872CCA"}}
[2026-03-06T03:05:15.251] (+9.593s) [INFO ] /home/jpi/Desktop/EVSE/jpv2g/src/secc.c:164: TX SessionSetupReq exi_len=36 exi_hex=809802041486206661CB3291E020592538A9294114A914C0C0C0C4C0C0C0C4C0C0C0C480
[2026-03-06T03:05:15.251] (+9.593s) [INFO ] /home/jpi/Desktop/EVSE/jpv2g/src/secc.c:1509: TX SessionSetupReq bytes=44
[2026-03-06T03:05:15.251] (+9.593s) [CP] state B -> D (1613 mV)
[2026-03-06T03:05:15.251] (+9.593s) [INFO ] /home/jpi/Desktop/EVSE/jpv2g/src/secc.c:1494: RX ServiceDiscoveryReq (proto=1)
[2026-03-06T03:05:15.411] (+9.754s) [INFO ] /home/jpi/Desktop/EVSE/jpv2g/src/secc.c:164: RX ServiceDiscoveryReq exi_len=13 exi_hex=809802041486206661CB3291B8
[2026-03-06T03:05:15.411] (+9.754s) [INFO ] /home/jpi/Desktop/EVSE/jpv2g/src/secc.c:465: DECODED ISO {"msg":"ServiceDiscovery","req":{"scope":"","category":-1},"res":{"responseCode":"OK","payments":["ExternalPayment","Contract"],"serviceId":1,"serviceName":"DCFC","freeService":0,"etm":["DC_core","DC_extended","DC_combo_core"]}}
[2026-03-06T03:05:15.411] (+9.754s) [INFO ] /home/jpi/Desktop/EVSE/jpv2g/src/secc.c:164: TX ServiceDiscoveryReq exi_len=27 exi_hex=809802041486206661CB3291C00100004019110D190C04040C2120
[2026-03-06T03:05:15.411] (+9.754s) [INFO ] /home/jpi/Desktop/EVSE/jpv2g/src/secc.c:1509: TX ServiceDiscoveryReq bytes=35
[2026-03-06T03:05:15.411] (+9.754s) [INFO ] /home/jpi/Desktop/EVSE/jpv2g/src/secc.c:1494: RX PaymentServiceSelectionReq (proto=1)
[2026-03-06T03:05:15.411] (+9.754s) [INFO ] /home/jpi/Desktop/EVSE/jpv2g/src/secc.c:164: RX PaymentServiceSelectionReq exi_len=16 exi_hex=809802041486206661CB329132001280
[2026-03-06T03:05:15.912] (+10.254s) [INFO ] /home/jpi/Desktop/EVSE/jpv2g/src/secc.c:478: DECODED ISO {"msg":"PaymentServiceSelection","req":{"payment":"Contract","serviceId":1},"res":{"responseCode":"OK"}}
[2026-03-06T03:05:15.912] (+10.254s) [INFO ] /home/jpi/Desktop/EVSE/jpv2g/src/secc.c:164: TX PaymentServiceSelectionReq exi_len=14 exi_hex=809802041486206661CB32914000
[2026-03-06T03:05:15.912] (+10.254s) [INFO ] /home/jpi/Desktop/EVSE/jpv2g/src/secc.c:1509: TX PaymentServiceSelectionReq bytes=22
[2026-03-06T03:05:15.912] (+10.254s) [INFO ] /home/jpi/Desktop/EVSE/jpv2g/src/secc.c:1494: RX Authori[HLC][AUTH] first=1 proc=1
[2026-03-06T03:05:15.912] (+10.254s) zationReq (proto=1)
[2026-03-06T03:05:15.912] (+10.254s) [INFO ] /home/jpi/Desktop/EVSE/jpv2g/src/secc.c:164: RX AuthorizationReq exi_len=13 exi_hex=809802041486206661CB329008
[2026-03-06T03:05:15.912] (+10.254s) [INFO ] /home/jpi/Desktop/EVSE/jpv2g/src/secc.c:487: DECODED ISO {"msg":"Authorization","req":{"genChallengeLen":0},"res":{"responseCode":"OK","processing":"Ongoing"}}
[2026-03-06T03:05:15.912] (+10.254s) [INFO ] /home/jpi/Desktop/EVSE/jpv2g/src/secc.c:164: TX AuthorizationReq exi_len=15 exi_hex=809802041486206661CB3290100100
[2026-03-06T03:05:15.912] (+10.254s) [INFO ] /home/jpi/Desktop/EVSE/jpv2g/src/secc.c:1509: TX AuthorizationReq bytes=23
[2026-03-06T03:05:15.912] (+10.254s) [HLC] client session done rc=-104
[2026-03-06T03:05:16.912] (+11.255s) [CP] state D -> C (1948 mV)
[2026-03-06T03:05:18.914] (+13.257s) [HLC] waiting for EVCC TCP client...
[2026-03-06T03:05:23.920] (+18.263s) [CP] state C -> B (2131 mV)
[2026-03-06T03:05:23.920] (+18.263s) [HLC] waiting for EVCC TCP client...
[2026-03-06T03:05:24.421] (+18.764s) [CP] state B -> C (2019 mV)
[2026-03-06T03:05:25.923] (+20.265s) [CP] state C -> B (2183 mV)
[2026-03-06T03:05:28.926] (+23.269s) [CP] state B -> C (1941 mV)
[2026-03-06T03:05:28.926] (+23.269s) [HLC] waiting for EVCC TCP client...
[2026-03-06T03:05:29.427] (+23.769s) [CP] state C -> B (2104 mV)
[2026-03-06T03:05:33.932] (+28.275s) [CP] state B -> C (2008 mV)
[2026-03-06T03:05:33.932] (+28.275s) [HLC] waiting for EVCC TCP client...
[2026-03-06T03:05:34.933] (+29.276s) [CP] state C -> B (2166 mV)
[2026-03-06T03:05:38.437] (+32.780s) [CP] state B -> C (2098 mV)
[2026-03-06T03:05:38.938] (+33.280s) [HLC] waiting for EVCC TCP client...
[2026-03-06T03:05:38.938] (+33.281s) [CP] state C -> B (2124 mV)
[2026-03-06T03:05:41.941] (+36.284s) [CP] state B -> C (1947 mV)
[2026-03-06T03:05:41.942] (+36.284s) [CP] state C -> B (2122 mV)
[2026-03-06T03:05:43.443] (+37.785s) [CP] state B -> C (2094 mV)
[2026-03-06T03:05:43.443] (+37.786s) [CP] state C -> B (2149 mV)
[2026-03-06T03:05:43.943] (+38.286s) [HLC] waiting for EVCC TCP client...
[2026-03-06T03:05:45.445] (+39.788s) [CP] state B -> C (2092 mV)
[2026-03-06T03:05:47.447] (+41.790s) [CP] state C -> B (2104 mV)
[2026-03-06T03:05:48.960] (+43.302s) [HLC] waiting for EVCC TCP client...
[2026-03-06T03:05:49.961] (+44.304s) [CP] state B -> C (2063 mV)
[2026-03-06T03:05:52.965] (+47.307s) [CP] state C -> B (2155 mV)
[2026-03-06T03:05:52.965] (+47.307s) [CP] state B -> C (1863 mV)
[2026-03-06T03:05:53.966] (+48.308s) [CP] state C -> B (2169 mV)
[2026-03-06T03:05:53.966] (+48.308s) [HLC] waiting for EVCC TCP client...
[2026-03-06T03:05:54.967] (+49.309s) [CP] state B -> C (1989 mV)
[2026-03-06T03:05:55.467] (+49.810s) [CP] state C -> B (2124 mV)
[2026-03-06T03:05:55.467] (+49.810s) [CP] state B -> C (2086 mV)
[2026-03-06T03:05:55.968] (+50.310s) [CP] state C -> B (2168 mV)
[2026-03-06T03:05:58.971] (+53.314s) [HLC] waiting for EVCC TCP client...
[2026-03-06T03:06:00.483] (+54.826s) [CP] state B -> C (2070 mV)
[2026-03-06T03:06:00.483] (+54.826s) [CP] state C -> B (2152 mV)
[2026-03-06T03:06:03.987] (+58.330s) [CP] state B -> C (1932 mV)
[2026-03-06T03:06:03.987] (+58.330s) [HLC] waiting for EVCC TCP client...
[2026-03-06T03:06:04.498] (+58.840s) [CP] state C -> B (2107 mV)
[2026-03-06T03:06:07.501] (+61.844s) [CP] state B -> C (2069 mV)
[2026-03-06T03:06:08.502] (+62.845s) [CP] state C -> B (2180 mV)
[2026-03-06T03:06:09.003] (+63.345s) [HLC] waiting for EVCC TCP client...
[2026-03-06T03:06:11.015] (+65.358s) [CP] state B -> C (2087 mV)
[2026-03-06T03:06:12.517] (+66.860s) [CP] state C -> B (2117 mV)
[2026-03-06T03:06:14.019] (+68.361s) [HLC] waiting for EVCC TCP client...
[2026-03-06T03:06:15.520] (+69.863s) [CP] state B -> C (2041 mV)
[2026-03-06T03:06:17.022] (+71.364s) [CP] state C -> B (2151 mV)
[2026-03-06T03:06:19.024] (+73.367s) [CP] state B -> C (2010 mV)
[2026-03-06T03:06:19.025] (+73.367s) [HLC] waiting for EVCC TCP client...
[2026-03-06T03:06:21.027] (+75.370s) [CP] state C -> B (2126 mV)
[2026-03-06T03:06:24.031] (+78.373s) [CP] state B -> C (2074 mV)
[2026-03-06T03:06:24.031] (+78.373s) [HLC] waiting for EVCC TCP client...
[2026-03-06T03:06:26.033] (+80.376s) [CP] state C -> B (2113 mV)
[2026-03-06T03:06:27.534] (+81.877s) [CP] state B -> C (2004 mV)
[2026-03-06T03:06:28.035] (+82.377s) [CP] state C -> B (2149 mV)
[2026-03-06T03:06:28.535] (+82.878s) [CP] state B -> C (1866 mV)
[2026-03-06T03:06:29.036] (+83.378s) [HLC] waiting for EVCC TCP client...
[2026-03-06T03:06:30.538] (+84.880s) [CP] state C -> B (2151 mV)
[2026-03-06T03:06:32.039] (+86.382s) [CP] state B -> C (1919 mV)
[2026-03-06T03:06:32.040] (+86.382s) [CP] state C -> B (2160 mV)
[2026-03-06T03:06:33.041] (+87.383s) [CP] state B -> C (2073 mV)
[2026-03-06T03:06:34.042] (+88.384s) [CP] state C -> B (2145 mV)
[2026-03-06T03:06:34.042] (+88.384s) [HLC] waiting for EVCC TCP client...
[2026-03-06T03:06:36.544] (+90.887s) [CP] state B -> C (1981 mV)
[2026-03-06T03:06:38.046] (+92.389s) [CP] state C -> B (2134 mV)
[2026-03-06T03:06:39.047] (+93.389s) [HLC] waiting for EVCC TCP client...
[2026-03-06T03:06:40.048] (+94.390s) [CP] state B -> C (2070 mV)
[2026-03-06T03:06:41.049] (+95.391s) [CP] state C -> B (2169 mV)
[2026-03-06T03:06:41.049] (+95.392s) [CP] state B -> C (2071 mV)
[2026-03-06T03:06:42.551] (+96.893s) [CP] state C -> B (2104 mV)
[2026-03-06T03:06:44.052] (+98.395s) [HLC] waiting for EVCC TCP client...
[2026-03-06T03:06:49.058] (+103.401s) [CP] state B -> C (1884 mV)
[2026-03-06T03:06:49.058] (+103.401s) [HLC] waiting for EVCC TCP client...
[2026-03-06T03:06:50.059] (+104.402s) [CP] state C -> B (2158 mV)
[2026-03-06T03:06:54.064] (+108.406s) [HLC] waiting for EVCC TCP client...
[2026-03-06T03:06:54.564] (+108.907s) [CP] state B -> C (2052 mV)
[2026-03-06T03:06:55.565] (+109.908s) [CP] state C -> B (2139 mV)
[2026-03-06T03:06:59.069] (+113.412s) [CP] state B -> C (2059 mV)
[2026-03-06T03:06:59.070] (+113.412s) [HLC] waiting for EVCC TCP client...
[2026-03-06T03:06:59.570] (+113.913s) [CP] state C -> B (2189 mV)
[2026-03-06T03:07:01.573] (+115.915s) [CP] state B -> C (2082 mV)
[2026-03-06T03:07:02.574] (+116.916s) [CP] state C -> B (2159 mV)
[2026-03-06T03:07:02.574] (+116.917s) [CP] state B -> C (2081 mV)
[2026-03-06T03:07:03.575] (+117.918s) [CP] state C -> B (2164 mV)
[2026-03-06T03:07:04.075] (+118.418s) [HLC] waiting for EVCC TCP client...
[2026-03-06T03:07:06.578] (+120.921s) [CP] state B -> C (2006 mV)
[2026-03-06T03:07:07.579] (+121.922s) [CP] state C -> B (2128 mV)
[2026-03-06T03:07:08.581] (+122.924s) [CP] state B -> C (1805 mV)
[2026-03-06T03:07:09.082] (+123.424s) [CP] state C -> B (2116 mV)
[2026-03-06T03:07:09.082] (+123.424s) [HLC] waiting for EVCC TCP client...
[2026-03-06T03:07:11.584] (+125.927s) [CP] state B -> C (1869 mV)
[2026-03-06T03:07:12.084] (+126.427s) [CP] state C -> B (2110 mV)
[2026-03-06T03:07:14.087] (+128.429s) [HLC] waiting for EVCC TCP client...
[2026-03-06T03:07:15.588] (+129.930s) [CP] state B -> C (2083 mV)
[2026-03-06T03:07:15.588] (+129.930s) [CP] state C -> B (2147 mV)
[2026-03-06T03:07:19.091] (+133.434s) [HLC] waiting for EVCC TCP client...
