
=== SERIAL CONNECT /dev/ttyACM0 115200 @ 2026-03-06T01:31:25 ===
[2026-03-06T01:31:25.938] (+0.503s) [   416][I][esp32-hal-psram.c:96] psramInit(): PSRAM enabled
[2026-03-06T01:31:25.938] (+0.503s) 
[2026-03-06T01:31:25.938] (+0.503s) cbslac + jpv2g ESP32-S3 SLAC/HLC (to PreCharge)
[2026-03-06T01:31:25.938] (+0.503s) [BOOT] startup log hold 10000 ms
[2026-03-06T01:31:26.939] (+1.505s) [BOOT] waiting... 1000/10000 ms
[2026-03-06T01:31:27.940] (+2.506s) [BOOT] waiting... 2000/10000 ms
[2026-03-06T01:31:28.941] (+3.507s) [BOOT] waiting... 3000/10000 ms
[2026-03-06T01:31:29.942] (+4.508s) [BOOT] waiting... 4000/10000 ms
[2026-03-06T01:31:30.946] (+5.511s) [BOOT] waiting... 5000/10000 ms
[2026-03-06T01:31:31.947] (+6.512s) [BOOT] waiting... 6000/10000 ms
[2026-03-06T01:31:32.948] (+7.513s) [BOOT] waiting... 7000/10000 ms
[2026-03-06T01:31:33.949] (+8.514s) [BOOT] waiting... 8000/10000 ms
[2026-03-06T01:31:34.950] (+9.515s) [BOOT] waiting... 9000/10000 ms
[2026-03-06T01:31:35.951] (+10.516s) [NET] local MAC B8:F8:62:4B:C5:20
[2026-03-06T01:31:35.951] (+10.516s) [NET] SECC IPv6 LL fe80::baf8:62ff:fe4b:c520
[2026-03-06T01:31:35.951] (+10.516s) [ 10631][I][esp32-hal-i2c.c:75] i2cInit(): Initialising I2C Master: sda=12 scl=11 freq=100000
[2026-03-06T01:31:35.951] (+10.516s) [RELAY] Relay1 ready addr=0x20 pin=P00
[2026-03-06T01:31:35.951] (+10.516s) [MOD] startup scan begin (single module MXR_1 addr=0x01)
[2026-03-06T01:31:35.951] (+10.516s) [MOD] scan complete=1 expected=1 discovered=1 validated=1 missing=0 mismatch=0
[2026-03-06T01:31:35.951] (+10.516s) [MOD] setup upsert=1 allocate=1 ready=1
[2026-03-06T01:31:36.952] (+11.517s) [QCA] transport ready
[2026-03-06T01:31:37.452] (+12.017s) [ 11938][D][WiFiGeneric.cpp:1040] _eventCallback(): Arduino Event: 0 - WIFI_READY
[2026-03-06T01:31:37.452] (+12.017s) [ 11978][D][WiFiGeneric.cpp:1040] _eventCallback(): Arduino Event: 2 - STA_START
[2026-03-06T01:31:37.452] (+12.017s) [NET] lwIP socket stack initialized (WiFi STA mode)
[2026-03-06T01:31:37.452] (+12.017s) [NET] PLC lwIP netif ready: pl2
[2026-03-06T01:31:37.452] (+12.017s) [APP] ready, waiting for CP B/C/D
[2026-03-06T01:31:37.452] (+12.017s) [ 12001][I][esp32-hal-adc.c:249] __analogReadMilliVolts(): ADC1: Characterized using Default Vref: 0
[2026-03-06T01:31:37.452] (+12.017s) 
[2026-03-06T01:31:37.452] (+12.017s) [CP] state A -> B (robust=2221 peak=2221 plateau=2220)
[2026-03-06T01:31:37.452] (+12.017s) [CP] duty -> 5% (state=B hold=0 ef=0)
[2026-03-06T01:31:37.953] (+12.518s) [SLAC] session start
[2026-03-06T01:31:37.953] (+12.518s) [FSM] Reset -> Idle
[2026-03-06T01:31:37.953] (+12.518s) [FSM] EnterBCD
[2026-03-06T01:31:37.953] (+12.518s) [FSM] Idle -> WaitForMatchingStart
[2026-03-06T01:31:41.957] (+16.522s) [FSM] WaitForMatchingStart -> Matching
[2026-03-06T01:31:42.458] (+17.023s) [FSM] Matching -> Sounding
[2026-03-06T01:31:42.458] (+17.023s) [FSM] Timeout in sounding, send results
[2026-03-06T01:31:42.458] (+17.023s) [FSM] Sounding -> DoAttenChar
[2026-03-06T01:31:42.959] (+17.524s) [FSM] DoAttenChar -> WaitForSlacMatch
[2026-03-06T01:31:42.959] (+17.524s) [SLAC] match request received, signaling link detected
[2026-03-06T01:31:42.959] (+17.524s) [FSM] WaitForSlacMatch -> Matched
[2026-03-06T01:31:42.959] (+17.524s) [SLAC] MATCHED - starting HLC stack
[2026-03-06T01:31:42.959] (+17.524s) [HLC] bind iface=<default> (plc=pl2)
[2026-03-06T01:31:42.959] (+17.524s) [HLC] worker task started stack_bytes=65536
[2026-03-06T01:31:42.959] (+17.524s) [WARN ] /home/jpi/Desktop/EVSE/jpv2g/src/transport.c:137: IPV6_JOIN_GROUP failed on iface  (errno=125), continuing without multicast
[2026-03-06T01:31:42.959] (+17.524s) [HLC] stack ready (SDP+TCP on 15118)
[2026-03-06T01:31:42.959] (+17.524s) [HLC] waiting for EVCC TCP client...
[2026-03-06T01:31:43.960] (+18.525s) [SDP] req sec=0x10 tp=0x00 -> res port=15118 sec=0x10
[2026-03-06T01:31:43.960] (+18.525s) [HLC] EVCC connected, processing session
[2026-03-06T01:31:43.960] (+18.525s) [INFO ] /home/jpi/Desktop/EVSE/jpv2g/src/secc.c:923: SAPP opt[0] schema=1 prio=2 ns=urn:din:70121:2012:MsgDef
[2026-03-06T01:31:44.042] (+18.607s) [INFO ] /home/jpi/Desktop/EVSE/jpv2g/src/secc.c:923: SAPP opt[1] schema=0 prio=1 ns=urn:iso:15118:2:2013:MsgDef
[2026-03-06T01:31:44.042] (+18.607s) [INFO ] /home/jpi/Desktop/EVSE/jpv2g/src/secc.c:926: SAPP selected proto=1 schema=0
[2026-03-06T01:31:44.042] (+18.607s) [INFO ] /home/jpi/Desktop/EVSE/jpv2g/src/secc.c:1480: RX SupportedAppProtocolReq (proto=1)
[2026-03-06T01:31:44.042] (+18.607s) [INFO ] /home/jpi/Desktop/EVSE/jpv2g/src/secc.c:164: RX SupportedAppProtocolReq exi_len=68 exi_hex=8000DBAB9371D3234B71D1B981899189D191818991D26B9B3A232B30020000040401D75726E3A69736F3A31353131383A323A323031333A4D73674465660040000000080
[2026-03-06T01:31:44.042] (+18.607s) [INFO ] /home/jpi/Desktop/EVSE/jpv2g/src/secc.c:399: DECODED {"msg":"SupportedAppProtocol","req":{"protocols":[{"schema":1,"prio":2,"ns":"urn:din:70121:2012:MsgDef"},{"schema":0,"prio":1,"ns":"urn:iso:15118:2:2013:MsgDef"}]},"res":{"responseCode":0,"schema":0}}
[2026-03-06T01:31:44.042] (+18.607s) [INFO ] /home/jpi/Desktop/EVSE/jpv2g/src/secc.c:164: TX SupportedAppProtocolReq exi_len=4 exi_hex=80400000
[2026-03-06T01:31:44.042] (+18.607s) [HLC] EVCC connected, handed off to worker
[2026-03-06T01:31:44.251] (+18.816s) [INFO ] /home/jpi/Desktop/EVSE/jpv2g/src/secc.c:1495: TX SupportedAppProtocolReq bytes=12
[2026-03-06T01:31:44.251] (+18.816s) [INFO ] /home/jpi/Desktop/EVSE/jpv2g/src/secc.c:1480: RX Session[HLC][STAGE] WaitSessionSetup -> WaitServiceDiscovery (SessionSetup)
[2026-03-06T01:31:44.251] (+18.816s) SetupReq (proto=1)
[2026-03-06T01:31:44.251] (+18.816s) [INFO ] /home/jpi/Desktop/EVSE/jpv2g/src/secc.c:164: RX SessionSetupReq exi_len=14 exi_hex=8098004011D01A2326CDE4FDA000
[2026-03-06T01:31:44.251] (+18.816s) [INFO ] /home/jpi/Desktop/EVSE/jpv2g/src/secc.c:433: DECODED ISO {"msg":"SessionSetup","req":{"evccId":""},"res":{"responseCode":"OK_NewSessionEstablished","evseId":"IN*JPE*E000100010001","sessionId":"EB539C0D747528BC"}}
[2026-03-06T01:31:44.251] (+18.816s) [INFO ] /home/jpi/Desktop/EVSE/jpv2g/src/secc.c:164: TX SessionSetupReq exi_len=36 exi_hex=8098023AD4E7035D1D4A2F11E020592538A9294114A914C0C0C0C4C0C0C0C4C0C0C0C480
[2026-03-06T01:31:44.251] (+18.816s) [INFO ] /home/jpi/Desktop/EVSE/jpv2g/src/secc.c:1495: TX SessionSetupReq bytes=44
[2026-03-06T01:31:44.251] (+18.816s) [HLC][PAY] advertised ext=1 contract=0 strict_eim=1 count=1
[2026-03-06T01:31:44.251] (+18.816s) [HLC][STAGE] WaitServiceDiscovery -> WaitPaymentSelection (ServiceDiscovery)
[2026-03-06T01:31:44.251] (+18.816s) [INFO ] /home/jpi/Desktop/EVSE/jpv2g/src/secc.c:1480: RX ServiceDiscoveryReq (proto=1)
[2026-03-06T01:31:44.406] (+18.971s) [INFO ] /home/jpi/Desktop/EVSE/jpv2g/src/secc.c:164: RX ServiceDiscoveryReq exi_len=13 exi_hex=8098023AD4E7035D1D4A2F11B8
[2026-03-06T01:31:44.406] (+18.971s) [INFO ] /home/jpi/Desktop/EVSE/jpv2g/src/secc.c:465: DECODED ISO {"msg":"ServiceDiscovery","req":{"scope":"","category":-1},"res":{"responseCode":"OK","payments":["ExternalPayment"],"serviceId":1,"serviceName":"DCFC","freeService":0,"etm":["DC_core","DC_extended","DC_combo_core"]}}
[2026-03-06T01:31:44.406] (+18.971s) [INFO ] /home/jpi/Desktop/EVSE/jpv2g/src/secc.c:164: TX ServiceDiscoveryReq exi_len=27 exi_hex=8098023AD4E7035D1D4A2F11C0012004019110D190C04040C21200
[2026-03-06T01:31:44.406] (+18.971s) [INFO ] /home/jpi/Desktop/EVSE/jpv2g/src/secc.c:1495: TX ServiceDiscoveryReq bytes=35
[2026-03-06T01:31:44.406] (+18.971s) [HLC][STAGE] WaitPaymentSelection -> WaitAuthorization (PaymentSelectionExternal)
[2026-03-06T01:31:44.406] (+18.972s) [HLC][PAY] sel_iso=1 ext_adv=1 contract_adv=0 strict=1 resp=0 next=WaitAuthorization mode=ExternalPayment
[2026-03-06T01:31:44.406] (+18.972s) [INFO ] /home/jpi/Desktop/EVSE/jpv2g/src/secc.c:1480: RX PaymentServiceSelectionReq (proto=1)
[2026-03-06T01:31:44.406] (+18.972s) [INFO ] /home/jpi/Desktop/EVSE/jpv2g/src/secc.c:164: RX PaymentServiceSelectionReq exi_len=16 exi_hex=8098023AD4E7035D1D4A2F1132001280
[2026-03-06T01:31:44.560] (+19.125s) [INFO ] /home/jpi/Desktop/EVSE/jpv2g/src/secc.c:478: DECODED ISO {"msg":"PaymentServiceSelection","req":{"payment":"Contract","serviceId":1},"res":{"responseCode":"OK"}}
[2026-03-06T01:31:44.560] (+19.125s) [INFO ] /home/jpi/Desktop/EVSE/jpv2g/src/secc.c:164: TX PaymentServiceSelectionReq exi_len=14 exi_hex=8098023AD4E7035D1D4A2F114000
[2026-03-06T01:31:44.560] (+19.125s) [INFO ] /home/jpi/Desktop/EVSE/jpv2g/src/secc.c:1495: TX PaymentServiceSelectionReq bytes=22
[2026-03-06T01:31:44.560] (+19.125s) [HLC][AUTH] iso mode=ExternalPayment ongoing_sent=1 force=1 proc=1 next=WaitAuthorization
[2026-03-06T01:31:44.560] (+19.125s) [INFO ] /home/jpi/Desktop/EVSE/jpv2g/src/secc.c:1480: RX AuthorizationReq (proto=1)
[2026-03-06T01:31:44.560] (+19.125s) [INFO ] /home/jpi/Desktop/EVSE/jpv2g/src/secc.c:164: RX AuthorizationReq exi_len=13 exi_hex=8098023AD4E7035D1D4A2F1008
[2026-03-06T01:31:44.560] (+19.125s) [INFO ] /home/jpi/Desktop/EVSE/jpv2g/src/secc.c:487: DECODED ISO {"msg":"Authorization","req":{"genChallengeLen":0},"res":{"responseCode":"OK","processing":"Ongoing"}}
[2026-03-06T01:31:44.560] (+19.125s) [INFO ] /home/jpi/Desktop/EVSE/jpv2g/src/secc.c:164: TX AuthorizationReq exi_len=15 exi_hex=8098023AD4E7035D1D4A2F10100100
[2026-03-06T01:31:45.060] (+19.625s) [INFO ] /home/jpi/Desktop/EVSE/jpv2g/src/secc.c:1495: TX AuthorizationReq bytes=23
[2026-03-06T01:31:45.060] (+19.626s) [HLC] client session done rc=-104
[2026-03-06T01:31:48.064] (+22.629s) [HLC] waiting for EVCC TCP client...
[2026-03-06T01:31:53.070] (+27.635s) [HLC] waiting for EVCC TCP client...
[2026-03-06T01:31:58.076] (+32.641s) [HLC] waiting for EVCC TCP client...
[2026-03-06T01:32:03.081] (+37.646s) [HLC] waiting for EVCC TCP client...
[2026-03-06T01:32:08.087] (+42.652s) [HLC] waiting for EVCC TCP client...
[2026-03-06T01:32:13.092] (+47.657s) [HLC] waiting for EVCC TCP client...
[2026-03-06T01:32:18.122] (+52.687s) [HLC] waiting for EVCC TCP client...
[2026-03-06T01:32:23.152] (+57.717s) [HLC] waiting for EVCC TCP client...
[2026-03-06T01:32:28.158] (+62.723s) [HLC] waiting for EVCC TCP client...
[2026-03-06T01:32:33.164] (+67.729s) [HLC] waiting for EVCC TCP client...
[2026-03-06T01:32:38.170] (+72.736s) [HLC] waiting for EVCC TCP client...
[2026-03-06T01:32:43.177] (+77.742s) [HLC] waiting for EVCC TCP client...
[2026-03-06T01:32:48.183] (+82.748s) [HLC] waiting for EVCC TCP client...
[2026-03-06T01:32:53.189] (+87.754s) [HLC] waiting for EVCC TCP client...
[2026-03-06T01:32:58.195] (+92.760s) [HLC] waiting for EVCC TCP client...
[2026-03-06T01:33:03.201] (+97.766s) [HLC] waiting for EVCC TCP client...
[2026-03-06T01:33:08.207] (+102.772s) [HLC] waiting for EVCC TCP client...
[2026-03-06T01:33:13.212] (+107.778s) [HLC] waiting for EVCC TCP client...
[2026-03-06T01:33:18.218] (+112.783s) [HLC] waiting for EVCC TCP client...
[2026-03-06T01:33:23.225] (+117.790s) [HLC] waiting for EVCC TCP client...
[2026-03-06T01:33:28.231] (+122.796s) [HLC] waiting for EVCC TCP client...
[2026-03-06T01:33:33.251] (+127.816s) [HLC] waiting for EVCC TCP client...
[2026-03-06T01:33:38.256] (+132.821s) [HLC] waiting for EVCC TCP client...
[2026-03-06T01:33:43.262] (+137.827s) [HLC] waiting for EVCC TCP client...
[2026-03-06T01:33:48.267] (+142.832s) [HLC] waiting for EVCC TCP client...
[2026-03-06T01:33:53.275] (+147.840s) [HLC] waiting for EVCC TCP client...
[2026-03-06T01:33:58.279] (+152.844s) [HLC] waiting for EVCC TCP client...
[2026-03-06T01:34:03.284] (+157.849s) [HLC] waiting for EVCC TCP client...
[2026-03-06T01:34:08.290] (+162.855s) [HLC] waiting for EVCC TCP client...
[2026-03-06T01:34:13.295] (+167.861s) [HLC] waiting for EVCC TCP client...
[2026-03-06T01:34:18.301] (+172.866s) [HLC] waiting for EVCC TCP client...
[2026-03-06T01:34:23.307] (+177.872s) [HLC] waiting for EVCC TCP client...
[2026-03-06T01:34:28.313] (+182.878s) [HLC] waiting for EVCC TCP client...
[2026-03-06T01:34:33.319] (+187.884s) [HLC] waiting for EVCC TCP client...
[2026-03-06T01:34:38.325] (+192.890s) [HLC] waiting for EVCC TCP client...
[2026-03-06T01:34:43.832] (+198.397s) [HLC] waiting for EVCC TCP client...
[2026-03-06T01:34:48.839] (+203.404s) [HLC] waiting for EVCC TCP client...
[2026-03-06T01:34:53.846] (+208.411s) [HLC] waiting for EVCC TCP client...
[2026-03-06T01:34:58.852] (+213.417s) [HLC] waiting for EVCC TCP client...
[2026-03-06T01:35:03.859] (+218.424s) [HLC] waiting for EVCC TCP client...
