
=== SERIAL CONNECT /dev/ttyACM0 115200 @ 2026-03-06T01:46:48 ===
[2026-03-06T01:46:49.183] (+1.003s) [NET] local MAC B8:F8:62:4B:C5:20
[2026-03-06T01:46:49.183] (+1.004s) [NET] SECC IPv6 LL fe80::baf8:62ff:fe4b:c520
[2026-03-06T01:46:49.183] (+1.004s) [ 10633][I][esp32-hal-i2c.c:75] i2cInit(): Initialising I2C Master: sda=12 scl=11 freq=100000
[2026-03-06T01:46:49.183] (+1.004s) [RELAY] Relay1 ready addr=0x20 pin=P00
[2026-03-06T01:46:49.183] (+1.004s) [MOD] startup scan begin (single module MXR_1 addr=0x01)
[2026-03-06T01:46:49.183] (+1.004s) [MOD] scan complete=1 expected=1 discovered=1 validated=1 missing=0 mismatch=0
[2026-03-06T01:46:49.183] (+1.004s) [MOD] setup upsert=1 allocate=1 ready=1
[2026-03-06T01:46:50.184] (+2.005s) [QCA] transport ready
[2026-03-06T01:46:50.184] (+2.005s) [ 11939][D][WiFiGeneric.cpp:1040] _eventCallback(): Arduino Event: 0 - WIFI_READY
[2026-03-06T01:46:50.184] (+2.005s) [ 11979][D][WiFiGeneric.cpp:1040] _eventCallback(): Arduino Event: 2 - STA_START
[2026-03-06T01:46:50.184] (+2.005s) [NET] lwIP socket stack initialized (WiFi STA mode)
[2026-03-06T01:46:50.184] (+2.005s) [NET] PLC lwIP netif ready: pl2
[2026-03-06T01:46:50.184] (+2.005s) [APP] ready, waiting for CP B/C/D
[2026-03-06T01:46:50.184] (+2.005s) [ 12002][I][esp32-hal-adc.c:249] __analogReadMilliVolts(): ADC1: Characterized using Default Vref: 0
[2026-03-06T01:46:50.184] (+2.005s) 
[2026-03-06T01:46:50.685] (+2.506s) [CP] state A -> B (robust=2220 peak=2220 plateau=2219)
[2026-03-06T01:46:50.685] (+2.506s) [CP] duty -> 5% (state=B hold=0 ef=0)
[2026-03-06T01:46:50.685] (+2.506s) [SLAC] session start
[2026-03-06T01:46:50.685] (+2.506s) [FSM] Reset -> Idle
[2026-03-06T01:46:50.685] (+2.506s) [FSM] EnterBCD
[2026-03-06T01:46:54.689] (+6.510s) [FSM] Idle -> WaitForMatchingStart
[2026-03-06T01:46:54.689] (+6.510s) [FSM] WaitForMatchingStart -> Matching
[2026-03-06T01:46:55.189] (+7.010s) [FSM] Matching -> Sounding
[2026-03-06T01:46:55.689] (+7.510s) [FSM] Timeout in sounding, send results
[2026-03-06T01:46:55.690] (+7.510s) [FSM] Sounding -> DoAttenChar
[2026-03-06T01:46:55.690] (+7.510s) [FSM] DoAttenChar -> WaitForSlacMatch
[2026-03-06T01:46:55.690] (+7.510s) [SLAC] match request received, signaling link detected
[2026-03-06T01:46:55.690] (+7.510s) [FSM] WaitForSlacMatch -> Matched
[2026-03-06T01:46:55.690] (+7.510s) [SLAC] MATCHED - starting HLC stack
[2026-03-06T01:46:55.690] (+7.510s) [HLC] bind iface=<default> (plc=pl2)
[2026-03-06T01:46:55.690] (+7.510s) [HLC] worker task started stack_bytes=65536
[2026-03-06T01:46:55.690] (+7.510s) [WARN ] /home/jpi/Desktop/EVSE/jpv2g/src/transport.c:137: IPV6_JOIN_GROUP failed on iface  (errno=125), continuing without multicast
[2026-03-06T01:46:55.690] (+7.510s) [HLC] stack ready (SDP+TCP on 15118)
[2026-03-06T01:46:55.690] (+7.510s) [HLC] waiting for EVCC TCP client...
[2026-03-06T01:46:56.983] (+8.803s) [SDP] req sec=0x10 tp=0x00 -> res port=15118 sec=0x10
[2026-03-06T01:46:56.983] (+8.803s) [HLC] EVCC connected, processing session
[2026-03-06T01:46:56.983] (+8.803s) [INFO ] /home/jpi/Desktop/EVSE/jpv2g/src/secc.c:975: SAPP opt[0] schema=1 prio=2 ns=urn:din:70121:2012:MsgDef
[2026-03-06T01:46:56.983] (+8.803s) [INFO ] /home/jpi/Desktop/EVSE/jpv2g/src/secc.c:975: SAPP opt[1] schema=0 prio=1 ns=urn:iso:15118:2:2013:MsgDef
[2026-03-06T01:46:56.983] (+8.803s) [INFO ] /home/jpi/Desktop/EVSE/jpv2g/src/secc.c:978: SAPP selected proto=1 schema=0
[2026-03-06T01:46:56.983] (+8.803s) [INFO ] /home/jpi/Desktop/EVSE/jpv2g/src/secc.c:1532: RX SupportedAppProtocolReq (proto=1)
[2026-03-06T01:46:56.983] (+8.803s) [INFO ] /home/jpi/Desktop/EVSE/jpv2g/src/secc.c:164: RX SupportedAppProtocolReq exi_len=68 exi_hex=8000DBAB9371D3234B71D1B981899189D191818991D26B9B3A232B30020000040401D75726E3A69736F3A31353131383A323A323031333A4D73674465660040000000080
[2026-03-06T01:46:56.983] (+8.803s) [INFO ] /home/jpi/Desktop/EVSE/jpv2g/src/secc.c:399: DECODED {"msg":"SupportedAppProtocol","req":{"protocols":[{"schema":1,"prio":2,"ns":"urn:din:70121:2012:MsgDef"},{"schema":0,"prio":1,"ns":"urn:iso:15118:2:2013:MsgDef"}]},"res":{"responseCode":0,"schema":0}}
[2026-03-06T01:46:57.194] (+9.014s) [INFO ] /home/jpi/Desktop/EVSE/jpv2g/src/secc.c:164: TX SupportedAppProtocolReq exi_len=4 exi_hex=80400000
[2026-03-06T01:46:57.194] (+9.014s) [HLC] EVCC connected, handed off to worker
[2026-03-06T01:46:57.194] (+9.014s) [INFO ] /home/jpi/Desktop/EVSE/jpv2g/src/secc.c:1547: TX SupportedAppProtocolReq bytes=12
[2026-03-06T01:46:57.194] (+9.014s) [HLC][STAGE] WaitSessionSetup -> WaitServiceDiscovery (SessionSetup)
[2026-03-06T01:46:57.194] (+9.015s) [INFO ] /home/jpi/Desktop/EVSE/jpv2g/src/secc.c:1532: RX SessionSetupReq (proto=1)
[2026-03-06T01:46:57.194] (+9.015s) [INFO ] /home/jpi/Desktop/EVSE/jpv2g/src/secc.c:164: RX SessionSetupReq exi_len=14 exi_hex=8098004011D01A2326CDE4FDA000
[2026-03-06T01:46:57.194] (+9.015s) [INFO ] /home/jpi/Desktop/EVSE/jpv2g/src/secc.c:433: DECODED ISO {"msg":"SessionSetup","req":{"evccId":"88C9B3793F68"},"res":{"responseCode":"OK_NewSessionEstablished","evseId":"IN*JPE*E000100010001","sessionId":"9A91A2D0400DFD51"}}
[2026-03-06T01:46:57.194] (+9.015s) [INFO ] /home/jpi/Desktop/EVSE/jpv2g/src/secc.c:164: TX SessionSetupReq exi_len=36 exi_hex=80980226A468B410037F5451E020592538A9294114A914C0C0C0C4C0C0C0C4C0C0C0C480
[2026-03-06T01:46:57.194] (+9.015s) [INFO ] /home/jpi/Desktop/EVSE/jpv2g/src/secc.c:1547: TX SessionSetupReq bytes=44
[2026-03-06T01:46:57.337] (+9.158s) [HLC][PAY] advertised ext=1 contract=0 strict_eim=1 count=1
[2026-03-06T01:46:57.337] (+9.158s) [HLC][STAGE] WaitServiceDiscovery -> WaitPaymentSelection (ServiceDiscovery)
[2026-03-06T01:46:57.337] (+9.158s) [INFO ] /home/jpi/Desktop/EVSE/jpv2g/src/secc.c:1532: RX ServiceDiscoveryReq (proto=1)
[2026-03-06T01:46:57.337] (+9.158s) [INFO ] /home/jpi/Desktop/EVSE/jpv2g/src/secc.c:164: RX ServiceDiscoveryReq exi_len=13 exi_hex=80980226A468B410037F5451B8
[2026-03-06T01:46:57.337] (+9.158s) [INFO ] /home/jpi/Desktop/EVSE/jpv2g/src/secc.c:465: DECODED ISO {"msg":"ServiceDiscovery","req":{"scope":"","category":-1},"res":{"responseCode":"OK","payments":["ExternalPayment"],"serviceId":1,"serviceName":"DCFC","freeService":0,"etm":["DC_core","DC_extended","DC_combo_core"]}}
[2026-03-06T01:46:57.337] (+9.158s) [INFO ] /home/jpi/Desktop/EVSE/jpv2g/src/secc.c:164: TX ServiceDiscoveryReq exi_len=27 exi_hex=80980226A468B410037F5451C0012004019110D190C04040C21200
[2026-03-06T01:46:57.337] (+9.158s) [INFO ] /home/jpi/Desktop/EVSE/jpv2g/src/secc.c:1547: TX ServiceDiscoveryReq bytes=35
[2026-03-06T01:46:57.337] (+9.158s) [HLC][STAGE] WaitPaymentSelection -> WaitAuthorization (PaymentSelectionExternal)
[2026-03-06T01:46:57.337] (+9.158s) [HLC][PAY] sel_iso=1 ext_adv=1 contract_adv=0 strict=1 resp=0 next=WaitAuthorization mode=ExternalPayment
[2026-03-06T01:46:57.463] (+9.283s) [INFO ] /home/jpi/Desktop/EVSE/jpv2g/src/secc.c:1532: RX PaymentServiceSelectionReq (proto=1)
[2026-03-06T01:46:57.463] (+9.283s) [INFO ] /home/jpi/Desktop/EVSE/jpv2g/src/secc.c:164: RX PaymentServiceSelectionReq exi_len=16 exi_hex=80980226A468B410037F545132001280
[2026-03-06T01:46:57.463] (+9.283s) [INFO ] /home/jpi/Desktop/EVSE/jpv2g/src/secc.c:478: DECODED ISO {"msg":"PaymentServiceSelection","req":{"payment":"ExternalPayment","serviceId":1},"res":{"responseCode":"OK"}}
[2026-03-06T01:46:57.463] (+9.283s) [INFO ] /home/jpi/Desktop/EVSE/jpv2g/src/secc.c:164: TX PaymentServiceSelectionReq exi_len=14 exi_hex=80980226A468B410037F54514000
[2026-03-06T01:46:57.463] (+9.283s) [INFO ] /home/jpi/Desktop/EVSE/jpv2g/src/secc.c:1547: TX PaymentServiceSelectionReq bytes=22
[2026-03-06T01:46:57.463] (+9.284s) [HLC][STAGE] WaitAuthorization -> WaitChargeParams (AuthorizationFinished)
[2026-03-06T01:46:57.463] (+9.284s) [HLC][AUTH] iso mode=ExternalPayment ongoing_sent=0 force=0 proc=0 next=WaitChargeParams
[2026-03-06T01:46:57.463] (+9.284s) [INFO ] /home/jpi/Desktop/EVSE/jpv2g/src/secc.c:1532: RX AuthorizationReq (proto=1)
[2026-03-06T01:46:57.463] (+9.284s) [INFO ] /home/jpi/Desktop/EVSE/jpv2g/src/secc.c:164: RX AuthorizationReq exi_len=13 exi_hex=80980226A468B410037F545008
[2026-03-06T01:46:57.964] (+9.784s) [INFO ] /home/jpi/Desktop/EVSE/jpv2g/src/secc.c:487: DECODED ISO {"msg":"Authorization","req":{"genChallengeLen":0},"res":{"responseCode":"OK","processing":"Finished"}}
[2026-03-06T01:46:57.964] (+9.785s) [INFO ] /home/jpi/Desktop/EVSE/jpv2g/src/secc.c:164: TX AuthorizationReq exi_len=15 exi_hex=80980226A468B410037F5450100000
[2026-03-06T01:46:57.964] (+9.785s) [INFO ] /home/jpi/Desktop/EVSE/jpv2g/src/secc.c:1547: TX AuthorizationReq bytes=23
[2026-03-06T01:47:00.968] (+12.788s) [HLC] client session done rc=-104 auth_mode=ExternalPayment ongoing_sent=0 auth_finished=1 stage=WaitChargeParams force_ongoing=0
[2026-03-06T01:47:00.968] (+12.788s) [HLC] waiting for EVCC TCP client...
[2026-03-06T01:47:05.974] (+17.795s) [HLC] waiting for EVCC TCP client...
[2026-03-06T01:47:10.978] (+22.799s) [HLC] waiting for EVCC TCP client...
[2026-03-06T01:47:15.984] (+27.805s) [HLC] waiting for EVCC TCP client...
[2026-03-06T01:47:20.990] (+32.811s) [HLC] waiting for EVCC TCP client...
[2026-03-06T01:47:25.996] (+37.817s) [HLC] waiting for EVCC TCP client...
[2026-03-06T01:47:31.012] (+42.833s) [HLC] waiting for EVCC TCP client...
[2026-03-06T01:47:36.025] (+47.846s) [HLC] waiting for EVCC TCP client...
[2026-03-06T01:47:41.030] (+52.851s) [HLC] waiting for EVCC TCP client...
[2026-03-06T01:47:46.037] (+57.858s) [HLC] waiting for EVCC TCP client...
[2026-03-06T01:47:51.043] (+62.864s) [HLC] waiting for EVCC TCP client...
[2026-03-06T01:47:56.049] (+67.869s) [HLC] waiting for EVCC TCP client...
[2026-03-06T01:48:01.054] (+72.874s) [HLC] waiting for EVCC TCP client...
[2026-03-06T01:48:06.060] (+77.880s) [HLC] waiting for EVCC TCP client...
[2026-03-06T01:48:11.066] (+82.886s) [HLC] waiting for EVCC TCP client...
[2026-03-06T01:48:16.071] (+87.892s) [HLC] waiting for EVCC TCP client...
[2026-03-06T01:48:21.081] (+92.902s) [HLC] waiting for EVCC TCP client...
[2026-03-06T01:48:26.087] (+97.908s) [HLC] waiting for EVCC TCP client...
[2026-03-06T01:48:31.093] (+102.914s) [HLC] waiting for EVCC TCP client...
[2026-03-06T01:48:36.099] (+107.920s) [HLC] waiting for EVCC TCP client...
[2026-03-06T01:48:41.105] (+112.926s) [HLC] waiting for EVCC TCP client...
[2026-03-06T01:48:46.112] (+117.932s) [HLC] waiting for EVCC TCP client...
[2026-03-06T01:48:51.117] (+122.938s) [HLC] waiting for EVCC TCP client...
[2026-03-06T01:48:56.123] (+127.944s) [HLC] waiting for EVCC TCP client...
[2026-03-06T01:49:01.129] (+132.950s) [HLC] waiting for EVCC TCP client...
[2026-03-06T01:49:06.138] (+137.958s) [HLC] waiting for EVCC TCP client...
[2026-03-06T01:49:11.144] (+142.964s) [HLC] waiting for EVCC TCP client...
[2026-03-06T01:49:16.159] (+147.980s) [HLC] waiting for EVCC TCP client...
[2026-03-06T01:49:21.174] (+152.995s) [HLC] waiting for EVCC TCP client...
[2026-03-06T01:49:26.180] (+158.000s) [HLC] waiting for EVCC TCP client...
[2026-03-06T01:49:31.185] (+163.006s) [HLC] waiting for EVCC TCP client...
[2026-03-06T01:49:36.191] (+168.012s) [HLC] waiting for EVCC TCP client...
[2026-03-06T01:49:41.199] (+173.020s) [HLC] waiting for EVCC TCP client...
[2026-03-06T01:49:46.209] (+178.030s) [HLC] waiting for EVCC TCP client...
[2026-03-06T01:49:51.214] (+183.035s) [HLC] waiting for EVCC TCP client...
[2026-03-06T01:49:56.220] (+188.041s) [HLC] waiting for EVCC TCP client...
[2026-03-06T01:50:01.225] (+193.046s) [HLC] waiting for EVCC TCP client...
[2026-03-06T01:50:06.232] (+198.053s) [HLC] waiting for EVCC TCP client...
[2026-03-06T01:50:11.238] (+203.059s) [HLC] waiting for EVCC TCP client...
[2026-03-06T01:50:16.244] (+208.065s) [HLC] waiting for EVCC TCP client...
[2026-03-06T01:50:21.250] (+213.071s) [HLC] waiting for EVCC TCP client...
[2026-03-06T01:50:26.256] (+218.077s) [HLC] waiting for EVCC TCP client...
[2026-03-06T01:50:31.262] (+223.083s) [HLC] waiting for EVCC TCP client...
[2026-03-06T01:50:36.269] (+228.090s) [HLC] waiting for EVCC TCP client...
[2026-03-06T01:50:41.276] (+233.097s) [HLC] waiting for EVCC TCP client...
[2026-03-06T01:50:46.285] (+238.105s) [HLC] waiting for EVCC TCP client...
