[BOOT] waiting... 6000/10000 ms
[BOOT] waiting... 7000/10000 ms
[BOOT] waiting... 8000/10000 ms
[BOOT] waiting... 9000/10000 ms
[NET] local MAC B8:F8:62:4B:C5:20
[NET] SECC IPv6 LL fe80::baf8:62ff:fe4b:c520
[QCA] transport ready
[ 11908][D][WiFiGeneric.cpp:1040] _eventCallback(): Arduino Event: 0 - WIFI_READY
[ 11948][D][WiFiGeneric.cpp:1040] _eventCallback(): Arduino Event: 2 - STA_START
[NET] lwIP socket stack initialized (WiFi STA mode)
[NET] PLC lwIP netif ready: pl2
[APP] ready, waiting for CP B/C/D
[ 11956][I][esp32-hal-adc.c:249] __analogReadMilliVolts(): ADC1: Characterized using Default Vref: 0

[CP] state A -> B (2220 mV)
[CP] duty -> 5% (state=B hold=0 ef=0)
[SLAC] session start
[FSM] Reset -> Idle
[FSM] EnterBCD
[FSM] Idle -> WaitForMatchingStart
[FSM] WaitForMatchingStart -> Matching
[FSM] Matching -> Sounding
[FSM] Sounding -> DoAttenChar
[FSM] DoAttenChar -> WaitForSlacMatch
[SLAC] match request received, signaling link detected
[FSM] WaitForSlacMatch -> Matched
[SLAC] MATCHED - starting HLC stack
[HLC] bind iface=<default> (plc=pl2)
[HLC] worker task started stack_bytes=65536
[WARN ] /home/jpi/Desktop/EVSE/jpv2g/src/transport.c:137: IPV6_JOIN_GROUP failed on iface  (errno=125), continuing without multicast
[HLC] stack ready (SDP+TCP on 15118)
[HLC] waiting for EVCC TCP client...
[SDP] req sec=0x10 tp=0x00 -> res port=15118 sec=0x10
[HLC] EVCC connected, processing session
[HLC] EVCC connected, handed off to worker
[INFO ] /home/jpi/Desktop/EVSE/jpv2g/src/secc.c:926: SAPP opt[0] schema=1 prio=2 ns=urn:din:70121:2012:MsgDef
[INFO ] /home/jpi/Desktop/EVSE/jpv2g/src/secc.c:926: SAPP opt[1] schema=0 prio=1 ns=urn:iso:15118:2:2013:MsgDef
[INFO ] /home/jpi/Desktop/EVSE/jpv2g/src/secc.c:929: SAPP selected proto=1 schema=0
[INFO ] /home/jpi/Desktop/EVSE/jpv2g/src/secc.c:1493: RX SupportedAppProtocolReq (proto=1)
[INFO ] /home/jpi/Desktop/EVSE/jpv2g/src/secc.c:164: RX SupportedAppProtocolReq exi_len=68 exi_hex=8000DBAB9371D3234B71D1B981899189D191818991D26B9B3A232B30020000040401D75726E3A69736F3A31353131383A323A323031333A4D73674465660040000000080
[INFO ] /home/jpi/Desktop/EVSE/jpv2g/src/secc.c:399: DECODED {"msg":"SupportedAppProtocol","req":{"protocols":[{"schema":1,"prio":2,"ns":"urn:din:70121:2012:MsgDef"},{"schema":0,"prio":1,"ns":"urn:iso:15118:2:2013:MsgDef"}]},"res":{"responseCode":0,"schema":0}}
[INFO ] /home/jpi/Desktop/EVSE/jpv2g/src/secc.c:164: TX SupportedAppProtocolReq exi_len=4 exi_hex=80400000
[INFO ] /home/jpi/Desktop/EVSE/jpv2g/src/secc.c:1508: TX SupportedAppProtocolReq bytes=12
[INFO ] /home/jpi/Desktop/EVSE/jpv2g/src/secc.c:1493: RX Session[CP] state B -> C (2089 mV)
SetupReq (proto=1)
[INFO ] /home/jpi/Desktop/EVSE/jpv2g/src/secc.c:164: RX SessionSetupReq exi_len=14 exi_hex=8098004011D01A2326CDE4FDA000
[INFO ] /home/jpi/Desktop/EVSE/jpv2g/src/secc.c:433: DECODED ISO {"msg":"SessionSetup","req":{"evccId":""},"res":{"responseCode":"OK_NewSessionEstablished","evseId":"IN*JPE*E000100010001","sessionId":"B09DA7BBC6F9E4CB"}}
[INFO ] /home/jpi/Desktop/EVSE/jpv2g/src/secc.c:164: TX SessionSetupReq exi_len=36 exi_hex=8098022C2769EEF1BE7932D1E020592538A9294114A914C0C0C0C4C0C0C0C4C0C0C0C480
[INFO ] /home/jpi/Desktop/EVSE/jpv2g/src/secc.c:1508: TX SessionSetupReq bytes=44
[INFO ] /home/jpi/Desktop/EVSE/jpv2g/src/secc.c:1493: RX ServiceDiscoveryReq (proto=1)
[INFO ] /home/jpi/Desktop/EVSE/jpv2g/src/secc.c:164: RX ServiceDiscoveryReq exi_len=13 exi_hex=8098022C2769EEF1BE7932D1B8
[INFO ] /home/jpi/Desktop/EVSE/jpv2g/src/secc.c:465: DECODED ISO {"msg":"ServiceDiscovery","req":{"scope":"","category":-1},"res":{"responseCode":"OK","payments":["ExternalPayment"],"serviceId":1,"serviceName":"DCFC","freeService":0,"etm":["DC_core","DC_extended","DC_combo_core"]}}
[INFO ] /home/jpi/Desktop/EVSE/jpv2g/src/secc.c:164: TX ServiceDiscoveryReq exi_len=27 exi_hex=8098022C2769EEF1BE7932D1C0012004019110D190C04040C21200
[INFO ] /home/jpi/Desktop/EVSE/jpv2g/src/secc.c:1508: TX ServiceDiscoveryReq bytes=35
[CP] state C -> B (2160 mV)
[INFO ] /home/jpi/Desktop/EVSE/jpv2g/src/secc.c:1493: RX PaymentServiceSelectionReq (proto=1)
[INFO ] /home/jpi/Desktop/EVSE/jpv2g/src/secc.c:164: RX PaymentServiceSelectionReq exi_len=16 exi_hex=8098022C2769EEF1BE7932D132001280
[INFO ] /home/jpi/Desktop/EVSE/jpv2g/src/secc.c:478: DECODED ISO {"msg":"PaymentServiceSelection","req":{"payment":"Contract","serviceId":1},"res":{"responseCode":"OK"}}
[INFO ] /home/jpi/Desktop/EVSE/jpv2g/src/secc.c:164: TX PaymentServiceSelectionReq exi_len=14 exi_hex=8098022C2769EEF1BE7932D14000
[INFO ] /home/jpi/Desktop/EVSE/jpv2g/src/secc.c:1508: TX PaymentServiceSelectionReq bytes=22
[INFO ] /home/jpi/Desktop/EVSE/jpv2g/src/secc.c:1493: RX AuthorizationReq (proto=1)
[INFO ] /home/jpi/Desktop/EVSE/jpv2g/src/secc.c:164: RX AuthorizationReq exi_len=13 exi_hex=8098022C2769EEF1BE7932D008
[INFO ] /home/jpi/Desktop/EVSE/jpv2g/src/secc.c:487: DECODED ISO {"msg":"Authorization","req":{"genChallengeLen":0},"res":{"responseCode":"OK","processing":"Finished"}}
[INFO ] /home/jpi/Desktop/EVSE/jpv2g/src/secc.c:164: TX AuthorizationReq exi_len=15 exi_hex=8098022C2769EEF1BE7932D0100000
[INFO ] /home/jpi/Desktop/EVSE/jpv2g/src/secc.c:1508: TX AuthorizationReq bytes=23
[HLC] client session done rc=-104
[CP] state B -> C (1955 mV)
[HLC] waiting for EVCC TCP client...
[HLC] waiting for EVCC TCP client...
[CP] state C -> B (2157 mV)
[HLC] waiting for EVCC TCP client...
[HLC] waiting for EVCC TCP client...
[CP] state B -> C (1810 mV)
[HLC] waiting for EVCC TCP client...
[CP] state C -> B (2157 mV)
[HLC] waiting for EVCC TCP client...
[CP] state B -> C (2066 mV)
[HLC] waiting for EVCC TCP client...
[CP] state C -> B (2154 mV)
[HLC] waiting for EVCC TCP client...
[CP] state B -> C (2063 mV)
[HLC] waiting for EVCC TCP client...
[CP] state C -> B (2143 mV)
[HLC] waiting for EVCC TCP client...
[HLC] waiting for EVCC TCP client...
[CP] state B -> C (1994 mV)
[HLC] waiting for EVCC TCP client...
[HLC] waiting for EVCC TCP client...
[HLC] waiting for EVCC TCP client...
[CP] state C -> B (2164 mV)
[CP] state B -> C (2057 mV)
[HLC] waiting for EVCC TCP client...
[CP] state C -> B (2124 mV)
[CP] state B -> C (2058 mV)
[HLC] waiting for EVCC TCP client...
[CP] state C -> B (2187 mV)
[HLC] waiting for EVCC TCP client...
[CP] state B -> C (2007 mV)
[HLC] waiting for EVCC TCP client...
[HLC] waiting for EVCC TCP client...
[CP] state C -> B (2119 mV)
[CP] state B -> C (2019 mV)
[HLC] waiting for EVCC TCP client...
[CP] state C -> B (2150 mV)
[HLC] waiting for EVCC TCP client...
[HLC] waiting for EVCC TCP client...
[CP] state B -> C (2078 mV)
[HLC] waiting for EVCC TCP client...
[HLC] waiting for EVCC TCP client...
[CP] state C -> B (2121 mV)
[HLC] waiting for EVCC TCP client...
[HLC] waiting for EVCC TCP client...
[HLC] waiting for EVCC TCP client...
[CP] state B -> C (2037 mV)
[HLC] waiting for EVCC TCP client...
[HLC] waiting for EVCC TCP client...
[HLC] waiting for EVCC TCP client...
[CP] state C -> B (2119 mV)
[HLC] waiting for EVCC TCP client...
[HLC] waiting for EVCC TCP client...
[CP] state B -> C (1989 mV)
[HLC] waiting for EVCC TCP client...
