RUN_BASE=logs/standalone_plc2_module2_10x2min_gap30_20260320_205447
[RESET] session=01 start=2026-03-20T20:56:06
[RUN] session=01 start=2026-03-20T20:56:20
[STOP] session=01 start=2026-03-20T20:58:25 hold_s=120.0
[DONE] session=01 result=pass end=2026-03-20T20:58:35 failure=
[GAP] after_session=01 sleep_s=30 start=2026-03-20T20:58:35
[RESET] session=02 start=2026-03-20T20:59:05
[RUN] session=02 start=2026-03-20T20:59:19
[STOP] session=02 start=2026-03-20T21:01:24 hold_s=120.0
[DONE] session=02 result=pass end=2026-03-20T21:01:34 failure=
[GAP] after_session=02 sleep_s=30 start=2026-03-20T21:01:34
[RESET] session=03 start=2026-03-20T21:02:04
[RUN] session=03 start=2026-03-20T21:02:18
[STOP] session=03 start=2026-03-20T21:04:24 hold_s=120.0
[DONE] session=03 result=pass end=2026-03-20T21:04:34 failure=
[GAP] after_session=03 sleep_s=30 start=2026-03-20T21:04:34
[RESET] session=04 start=2026-03-20T21:05:04
[RUN] session=04 start=2026-03-20T21:05:18
[STOP] session=04 start=2026-03-20T21:08:06 hold_s=120.0
[DONE] session=04 result=pass end=2026-03-20T21:08:16 failure=
[GAP] after_session=04 sleep_s=30 start=2026-03-20T21:08:16
[RESET] session=05 start=2026-03-20T21:08:46
[RUN] session=05 start=2026-03-20T21:09:00
[STOP] session=05 start=2026-03-20T21:11:05 hold_s=120.0
[DONE] session=05 result=pass end=2026-03-20T21:11:15 failure=
[GAP] after_session=05 sleep_s=30 start=2026-03-20T21:11:15
[RESET] session=06 start=2026-03-20T21:11:45
[RUN] session=06 start=2026-03-20T21:11:59
[STOP] session=06 start=2026-03-20T21:14:05 hold_s=120.0
[DONE] session=06 result=pass end=2026-03-20T21:14:15 failure=
[GAP] after_session=06 sleep_s=30 start=2026-03-20T21:14:15
[RESET] session=07 start=2026-03-20T21:14:45
[RUN] session=07 start=2026-03-20T21:14:59
[STOP] session=07 start=2026-03-20T21:17:04 hold_s=120.0
[DONE] session=07 result=pass end=2026-03-20T21:17:14 failure=
[GAP] after_session=07 sleep_s=30 start=2026-03-20T21:17:14
[RESET] session=08 start=2026-03-20T21:17:44
[RUN] session=08 start=2026-03-20T21:17:58
[STOP] session=08 start=2026-03-20T21:20:03 hold_s=120.0
[DONE] session=08 result=pass end=2026-03-20T21:20:13 failure=
[GAP] after_session=08 sleep_s=30 start=2026-03-20T21:20:13
[RESET] session=09 start=2026-03-20T21:20:43
[RUN] session=09 start=2026-03-20T21:20:57
[STOP] session=09 start=2026-03-20T21:23:45 hold_s=120.0
[DONE] session=09 result=pass end=2026-03-20T21:23:55 failure=
[GAP] after_session=09 sleep_s=30 start=2026-03-20T21:23:55
[RESET] session=10 start=2026-03-20T21:24:25
[RUN] session=10 start=2026-03-20T21:24:40
[STOP] session=10 start=2026-03-20T21:26:44 hold_s=120.0
[DONE] session=10 result=pass end=2026-03-20T21:26:54 failure=
[SUMMARY] base=logs/standalone_plc2_module2_10x2min_gap30_20260320_205447 passes=10 fails=0 end=2026-03-20T21:26:54
[ARTIFACT] aggregate_json=logs/standalone_plc2_module2_10x2min_gap30_20260320_205447_aggregate.json
[ARTIFACT] aggregate_csv=logs/standalone_plc2_module2_10x2min_gap30_20260320_205447_aggregate.csv
