LOG_PATH=logs/standalone_plc2_module2_15min_20260320_213006.log
SUMMARY_FILE=logs/standalone_plc2_module2_15min_20260320_213006_summary.json
[RESET] boot log captured in logs/standalone_plc2_module2_15min_20260320_213006.reset.log
[PHASE] wait_for_session
[PROGRESS] phase=holding cp=C relay1=1 targetV=500.0 targetI=50.0 presentV=34.3 presentI=3.9 ready=1
[PROGRESS] phase=holding cp=C relay1=1 targetV=500.0 targetI=50.0 presentV=500.4 presentI=41.4 ready=1
[PROGRESS] phase=holding cp=C relay1=1 targetV=500.0 targetI=50.0 presentV=500.3 presentI=41.4 ready=1
[PROGRESS] phase=holding cp=C relay1=1 targetV=500.0 targetI=50.0 presentV=500.3 presentI=41.4 ready=1
[PROGRESS] phase=holding cp=C relay1=1 targetV=500.0 targetI=50.0 presentV=500.4 presentI=41.3 ready=1
[PROGRESS] phase=holding cp=C relay1=1 targetV=500.0 targetI=50.0 presentV=500.3 presentI=41.3 ready=1
[PROGRESS] phase=holding cp=C relay1=1 targetV=500.0 targetI=50.0 presentV=500.2 presentI=41.2 ready=1
[PROGRESS] phase=holding cp=C relay1=1 targetV=500.0 targetI=50.0 presentV=500.3 presentI=41.2 ready=1
[PROGRESS] phase=holding cp=C relay1=1 targetV=500.0 targetI=50.0 presentV=500.4 presentI=41.2 ready=1
[PROGRESS] phase=holding cp=C relay1=1 targetV=500.0 targetI=50.0 presentV=500.5 presentI=41.1 ready=1
[PROGRESS] phase=holding cp=C relay1=1 targetV=500.0 targetI=50.0 presentV=500.5 presentI=41.1 ready=1
[PROGRESS] phase=holding cp=C relay1=1 targetV=500.0 targetI=50.0 presentV=500.4 presentI=41.1 ready=1
[PROGRESS] phase=holding cp=C relay1=1 targetV=500.0 targetI=50.0 presentV=500.3 presentI=41.1 ready=1
[PROGRESS] phase=holding cp=C relay1=1 targetV=500.0 targetI=50.0 presentV=500.3 presentI=41.0 ready=1
[PROGRESS] phase=holding cp=C relay1=1 targetV=500.0 targetI=50.0 presentV=500.3 presentI=41.0 ready=1
[PROGRESS] phase=holding cp=C relay1=1 targetV=500.0 targetI=50.0 presentV=500.4 presentI=41.0 ready=1
[PROGRESS] phase=holding cp=C relay1=1 targetV=500.0 targetI=50.0 presentV=500.5 presentI=41.0 ready=1
[PROGRESS] phase=holding cp=C relay1=1 targetV=500.0 targetI=50.0 presentV=500.3 presentI=41.0 ready=1
[PROGRESS] phase=holding cp=C relay1=1 targetV=500.0 targetI=50.0 presentV=500.2 presentI=41.0 ready=1
[PROGRESS] phase=holding cp=C relay1=1 targetV=500.0 targetI=50.0 presentV=500.2 presentI=41.0 ready=1
[PROGRESS] phase=holding cp=C relay1=1 targetV=500.0 targetI=50.0 presentV=500.3 presentI=40.9 ready=1
[PROGRESS] phase=holding cp=C relay1=1 targetV=500.0 targetI=50.0 presentV=500.4 presentI=40.9 ready=1
[PROGRESS] phase=holding cp=C relay1=1 targetV=500.0 targetI=50.0 presentV=500.4 presentI=40.9 ready=1
[PROGRESS] phase=holding cp=C relay1=1 targetV=500.0 targetI=50.0 presentV=500.3 presentI=40.9 ready=1
[PROGRESS] phase=holding cp=C relay1=1 targetV=500.0 targetI=50.0 presentV=500.2 presentI=40.9 ready=1
[PROGRESS] phase=holding cp=C relay1=1 targetV=500.0 targetI=50.0 presentV=500.3 presentI=40.9 ready=1
[PROGRESS] phase=holding cp=C relay1=1 targetV=500.0 targetI=50.0 presentV=500.3 presentI=40.8 ready=1
[PROGRESS] phase=holding cp=C relay1=1 targetV=500.0 targetI=50.0 presentV=500.2 presentI=40.8 ready=1
[PROGRESS] phase=holding cp=C relay1=1 targetV=500.0 targetI=50.0 presentV=500.3 presentI=40.8 ready=1
[PROGRESS] phase=holding cp=C relay1=1 targetV=500.0 targetI=50.0 presentV=500.4 presentI=40.8 ready=1
[PROGRESS] phase=holding cp=C relay1=1 targetV=500.0 targetI=50.0 presentV=500.4 presentI=40.8 ready=1
[PROGRESS] phase=holding cp=C relay1=1 targetV=500.0 targetI=50.0 presentV=500.3 presentI=40.8 ready=1
[PROGRESS] phase=holding cp=C relay1=1 targetV=500.0 targetI=50.0 presentV=500.2 presentI=40.8 ready=1
[PROGRESS] phase=holding cp=C relay1=1 targetV=500.0 targetI=50.0 presentV=500.2 presentI=40.8 ready=1
[PROGRESS] phase=holding cp=C relay1=1 targetV=500.0 targetI=50.0 presentV=500.3 presentI=40.8 ready=1
[PROGRESS] phase=holding cp=C relay1=1 targetV=500.0 targetI=50.0 presentV=500.3 presentI=40.7 ready=1
[PROGRESS] phase=holding cp=C relay1=1 targetV=500.0 targetI=50.0 presentV=500.3 presentI=40.7 ready=1
[PROGRESS] phase=holding cp=C relay1=1 targetV=500.0 targetI=50.0 presentV=500.3 presentI=40.7 ready=1
[PROGRESS] phase=holding cp=C relay1=1 targetV=500.0 targetI=50.0 presentV=500.3 presentI=40.7 ready=1
[PROGRESS] phase=holding cp=C relay1=1 targetV=500.0 targetI=50.0 presentV=500.3 presentI=40.7 ready=1
[PROGRESS] phase=holding cp=C relay1=1 targetV=500.0 targetI=50.0 presentV=500.3 presentI=40.7 ready=1
[PROGRESS] phase=holding cp=C relay1=1 targetV=500.0 targetI=50.0 presentV=500.4 presentI=40.7 ready=1
[PROGRESS] phase=holding cp=C relay1=1 targetV=500.0 targetI=50.0 presentV=500.4 presentI=40.7 ready=1
[PROGRESS] phase=holding cp=C relay1=1 targetV=500.0 targetI=50.0 presentV=500.3 presentI=40.7 ready=1
[PROGRESS] phase=holding cp=C relay1=1 targetV=500.0 targetI=50.0 presentV=500.4 presentI=40.7 ready=1
[PROGRESS] phase=holding cp=C relay1=1 targetV=500.0 targetI=50.0 presentV=500.4 presentI=40.7 ready=1
[PROGRESS] phase=holding cp=C relay1=1 targetV=500.0 targetI=50.0 presentV=500.4 presentI=40.7 ready=1
[PROGRESS] phase=holding cp=C relay1=1 targetV=500.0 targetI=50.0 presentV=500.4 presentI=40.7 ready=1
[PROGRESS] phase=holding cp=C relay1=1 targetV=500.0 targetI=50.0 presentV=500.4 presentI=40.7 ready=1
[PROGRESS] phase=holding cp=C relay1=1 targetV=500.0 targetI=50.0 presentV=500.2 presentI=40.7 ready=1
[PROGRESS] phase=holding cp=C relay1=1 targetV=500.0 targetI=50.0 presentV=500.4 presentI=40.7 ready=1
[PROGRESS] phase=holding cp=C relay1=1 targetV=500.0 targetI=50.0 presentV=500.4 presentI=40.7 ready=1
[PROGRESS] phase=holding cp=C relay1=1 targetV=500.0 targetI=50.0 presentV=500.3 presentI=40.7 ready=1
[PROGRESS] phase=holding cp=C relay1=1 targetV=500.0 targetI=50.0 presentV=500.3 presentI=40.7 ready=1
[PROGRESS] phase=holding cp=C relay1=1 targetV=500.0 targetI=50.0 presentV=500.4 presentI=40.7 ready=1
[PROGRESS] phase=holding cp=C relay1=1 targetV=500.0 targetI=50.0 presentV=500.2 presentI=40.7 ready=1
[PROGRESS] phase=holding cp=C relay1=1 targetV=500.0 targetI=50.0 presentV=500.4 presentI=40.7 ready=1
[PROGRESS] phase=holding cp=C relay1=1 targetV=500.0 targetI=50.0 presentV=500.2 presentI=40.7 ready=1
[PROGRESS] phase=holding cp=C relay1=1 targetV=500.0 targetI=50.0 presentV=500.3 presentI=40.7 ready=1
[PROGRESS] phase=holding cp=C relay1=1 targetV=500.0 targetI=50.0 presentV=500.3 presentI=40.7 ready=1
[PROGRESS] phase=holding cp=C relay1=1 targetV=500.0 targetI=50.0 presentV=500.3 presentI=40.7 ready=1
[PROGRESS] phase=holding cp=C relay1=1 targetV=500.0 targetI=50.0 presentV=500.2 presentI=40.7 ready=1
[PROGRESS] phase=holding cp=C relay1=1 targetV=500.0 targetI=50.0 presentV=500.2 presentI=40.7 ready=1
[PROGRESS] phase=holding cp=C relay1=1 targetV=500.0 targetI=50.0 presentV=500.4 presentI=40.7 ready=1
[PROGRESS] phase=holding cp=C relay1=1 targetV=500.0 targetI=50.0 presentV=500.4 presentI=40.7 ready=1
[PROGRESS] phase=holding cp=C relay1=1 targetV=500.0 targetI=50.0 presentV=500.3 presentI=40.7 ready=1
[PROGRESS] phase=holding cp=C relay1=1 targetV=500.0 targetI=50.0 presentV=500.3 presentI=40.7 ready=1
[PROGRESS] phase=holding cp=C relay1=1 targetV=500.0 targetI=50.0 presentV=500.4 presentI=40.7 ready=1
[PROGRESS] phase=holding cp=C relay1=1 targetV=500.0 targetI=50.0 presentV=500.3 presentI=40.7 ready=1
[PROGRESS] phase=holding cp=C relay1=1 targetV=500.0 targetI=50.0 presentV=500.3 presentI=40.7 ready=1
[PROGRESS] phase=holding cp=C relay1=1 targetV=500.0 targetI=50.0 presentV=500.3 presentI=40.7 ready=1
[PROGRESS] phase=holding cp=C relay1=1 targetV=500.0 targetI=50.0 presentV=500.3 presentI=40.7 ready=1
[PROGRESS] phase=holding cp=C relay1=1 targetV=500.0 targetI=50.0 presentV=500.4 presentI=40.7 ready=1
[PROGRESS] phase=holding cp=C relay1=1 targetV=500.0 targetI=50.0 presentV=500.3 presentI=40.7 ready=1
[PROGRESS] phase=holding cp=C relay1=1 targetV=500.0 targetI=50.0 presentV=500.3 presentI=40.7 ready=1
[PROGRESS] phase=holding cp=C relay1=1 targetV=500.0 targetI=50.0 presentV=500.4 presentI=40.7 ready=1
[PROGRESS] phase=holding cp=C relay1=1 targetV=500.0 targetI=50.0 presentV=500.3 presentI=40.7 ready=1
[PROGRESS] phase=holding cp=C relay1=1 targetV=500.0 targetI=50.0 presentV=500.4 presentI=40.7 ready=1
[PROGRESS] phase=holding cp=C relay1=1 targetV=500.0 targetI=50.0 presentV=500.2 presentI=40.7 ready=1
[PROGRESS] phase=holding cp=C relay1=1 targetV=500.0 targetI=50.0 presentV=500.4 presentI=40.7 ready=1
[PROGRESS] phase=holding cp=C relay1=1 targetV=500.0 targetI=50.0 presentV=500.2 presentI=40.7 ready=1
[PROGRESS] phase=holding cp=C relay1=1 targetV=500.0 targetI=50.0 presentV=500.5 presentI=40.7 ready=1
[PROGRESS] phase=holding cp=C relay1=1 targetV=500.0 targetI=50.0 presentV=500.3 presentI=40.7 ready=1
[PROGRESS] phase=holding cp=C relay1=1 targetV=500.0 targetI=50.0 presentV=500.4 presentI=40.7 ready=1
[PROGRESS] phase=holding cp=C relay1=1 targetV=500.0 targetI=50.0 presentV=500.3 presentI=40.7 ready=1
[PROGRESS] phase=holding cp=C relay1=1 targetV=500.0 targetI=50.0 presentV=500.4 presentI=40.7 ready=1
[PROGRESS] phase=holding cp=C relay1=1 targetV=500.0 targetI=50.0 presentV=500.2 presentI=40.7 ready=1
[PROGRESS] phase=holding cp=C relay1=1 targetV=500.0 targetI=50.0 presentV=500.4 presentI=40.7 ready=1
[PROGRESS] phase=holding cp=C relay1=1 targetV=500.0 targetI=50.0 presentV=500.4 presentI=40.7 ready=1
[PROGRESS] phase=holding cp=C relay1=1 targetV=500.0 targetI=50.0 presentV=500.3 presentI=40.7 ready=1
[PROGRESS] phase=holding cp=C relay1=1 targetV=500.0 targetI=50.0 presentV=500.3 presentI=40.7 ready=1
[PROGRESS] phase=holding cp=C relay1=1 targetV=500.0 targetI=50.0 presentV=500.3 presentI=40.7 ready=1
[PROGRESS] phase=holding cp=C relay1=1 targetV=500.0 targetI=50.0 presentV=500.4 presentI=40.7 ready=1
[PROGRESS] phase=holding cp=C relay1=1 targetV=500.0 targetI=50.0 presentV=500.4 presentI=40.7 ready=1
[PROGRESS] phase=holding cp=C relay1=1 targetV=500.0 targetI=50.0 presentV=500.2 presentI=40.7 ready=1
[PROGRESS] phase=holding cp=C relay1=1 targetV=500.0 targetI=50.0 presentV=500.2 presentI=40.7 ready=1
[PROGRESS] phase=holding cp=C relay1=1 targetV=500.0 targetI=50.0 presentV=500.2 presentI=40.7 ready=1
[PROGRESS] phase=holding cp=C relay1=1 targetV=500.0 targetI=50.0 presentV=500.3 presentI=40.7 ready=1
[PROGRESS] phase=holding cp=C relay1=1 targetV=500.0 targetI=50.0 presentV=500.4 presentI=40.7 ready=1
[PROGRESS] phase=holding cp=C relay1=1 targetV=500.0 targetI=50.0 presentV=500.5 presentI=40.7 ready=1
[PROGRESS] phase=holding cp=C relay1=1 targetV=500.0 targetI=50.0 presentV=500.4 presentI=40.7 ready=1
[PROGRESS] phase=holding cp=C relay1=1 targetV=500.0 targetI=50.0 presentV=500.3 presentI=40.7 ready=1
[PROGRESS] phase=holding cp=C relay1=1 targetV=500.0 targetI=50.0 presentV=500.2 presentI=40.7 ready=1
[PROGRESS] phase=holding cp=C relay1=1 targetV=500.0 targetI=50.0 presentV=500.3 presentI=40.7 ready=1
[PROGRESS] phase=holding cp=C relay1=1 targetV=500.0 targetI=50.0 presentV=500.3 presentI=40.7 ready=1
[PROGRESS] phase=holding cp=C relay1=1 targetV=500.0 targetI=50.0 presentV=500.3 presentI=40.7 ready=1
[PROGRESS] phase=holding cp=C relay1=1 targetV=500.0 targetI=50.0 presentV=500.3 presentI=40.8 ready=1
[PROGRESS] phase=holding cp=C relay1=1 targetV=500.0 targetI=50.0 presentV=500.3 presentI=40.8 ready=1
[PROGRESS] phase=holding cp=C relay1=1 targetV=500.0 targetI=50.0 presentV=500.4 presentI=40.8 ready=1
[PROGRESS] phase=holding cp=C relay1=1 targetV=500.0 targetI=50.0 presentV=500.4 presentI=40.8 ready=1
[PROGRESS] phase=holding cp=C relay1=1 targetV=500.0 targetI=50.0 presentV=500.4 presentI=40.8 ready=1
[PROGRESS] phase=holding cp=C relay1=1 targetV=500.0 targetI=50.0 presentV=500.3 presentI=40.8 ready=1
[PROGRESS] phase=holding cp=C relay1=1 targetV=500.0 targetI=50.0 presentV=500.3 presentI=40.8 ready=1
[PROGRESS] phase=holding cp=C relay1=1 targetV=500.0 targetI=50.0 presentV=500.4 presentI=40.8 ready=1
[PROGRESS] phase=holding cp=C relay1=1 targetV=500.0 targetI=50.0 presentV=500.5 presentI=40.8 ready=1
[PROGRESS] phase=holding cp=C relay1=1 targetV=500.0 targetI=50.0 presentV=500.4 presentI=40.8 ready=1
[PROGRESS] phase=holding cp=C relay1=1 targetV=500.0 targetI=50.0 presentV=500.4 presentI=40.8 ready=1
[PROGRESS] phase=holding cp=C relay1=1 targetV=500.0 targetI=50.0 presentV=500.4 presentI=40.8 ready=1
[PROGRESS] phase=holding cp=C relay1=1 targetV=500.0 targetI=50.0 presentV=500.3 presentI=40.8 ready=1
[PROGRESS] phase=holding cp=C relay1=1 targetV=500.0 targetI=50.0 presentV=500.3 presentI=40.8 ready=1
[PROGRESS] phase=holding cp=C relay1=1 targetV=500.0 targetI=50.0 presentV=500.3 presentI=40.8 ready=1
[PROGRESS] phase=holding cp=C relay1=1 targetV=500.0 targetI=50.0 presentV=500.5 presentI=40.8 ready=1
[PROGRESS] phase=holding cp=C relay1=1 targetV=500.0 targetI=50.0 presentV=500.4 presentI=40.8 ready=1
[PROGRESS] phase=holding cp=C relay1=1 targetV=500.0 targetI=50.0 presentV=500.4 presentI=40.8 ready=1
[PROGRESS] phase=holding cp=C relay1=1 targetV=500.0 targetI=50.0 presentV=500.5 presentI=40.8 ready=1
[PROGRESS] phase=holding cp=C relay1=1 targetV=500.0 targetI=50.0 presentV=500.4 presentI=40.8 ready=1
[PROGRESS] phase=holding cp=C relay1=1 targetV=500.0 targetI=50.0 presentV=500.3 presentI=40.8 ready=1
[PROGRESS] phase=holding cp=C relay1=1 targetV=500.0 targetI=50.0 presentV=500.3 presentI=40.8 ready=1
[PROGRESS] phase=holding cp=C relay1=1 targetV=500.0 targetI=50.0 presentV=500.4 presentI=40.8 ready=1
[PROGRESS] phase=holding cp=C relay1=1 targetV=500.0 targetI=50.0 presentV=500.2 presentI=40.8 ready=1
[PROGRESS] phase=holding cp=C relay1=1 targetV=500.0 targetI=50.0 presentV=500.3 presentI=40.8 ready=1
[PROGRESS] phase=holding cp=C relay1=1 targetV=500.0 targetI=50.0 presentV=500.3 presentI=40.8 ready=1
[PROGRESS] phase=holding cp=C relay1=1 targetV=500.0 targetI=50.0 presentV=500.4 presentI=40.8 ready=1
[PROGRESS] phase=holding cp=C relay1=1 targetV=500.0 targetI=50.0 presentV=500.4 presentI=40.8 ready=1
[PROGRESS] phase=holding cp=C relay1=1 targetV=500.0 targetI=50.0 presentV=500.3 presentI=40.8 ready=1
[PROGRESS] phase=holding cp=C relay1=1 targetV=500.0 targetI=50.0 presentV=500.2 presentI=40.8 ready=1
[PROGRESS] phase=holding cp=C relay1=1 targetV=500.0 targetI=50.0 presentV=500.2 presentI=40.8 ready=1
[PROGRESS] phase=holding cp=C relay1=1 targetV=500.0 targetI=50.0 presentV=500.2 presentI=40.8 ready=1
[PROGRESS] phase=holding cp=C relay1=1 targetV=500.0 targetI=50.0 presentV=500.2 presentI=40.8 ready=1
[PROGRESS] phase=holding cp=C relay1=1 targetV=500.0 targetI=50.0 presentV=500.2 presentI=40.8 ready=1
[PROGRESS] phase=holding cp=C relay1=1 targetV=500.0 targetI=50.0 presentV=500.2 presentI=40.8 ready=1
[PROGRESS] phase=holding cp=C relay1=1 targetV=500.0 targetI=50.0 presentV=500.3 presentI=40.8 ready=1
[PROGRESS] phase=holding cp=C relay1=1 targetV=500.0 targetI=50.0 presentV=500.3 presentI=40.8 ready=1
[PROGRESS] phase=holding cp=C relay1=1 targetV=500.0 targetI=50.0 presentV=500.3 presentI=40.8 ready=1
[PROGRESS] phase=holding cp=C relay1=1 targetV=500.0 targetI=50.0 presentV=500.3 presentI=40.8 ready=1
[PROGRESS] phase=holding cp=C relay1=1 targetV=500.0 targetI=50.0 presentV=500.4 presentI=40.8 ready=1
[PROGRESS] phase=holding cp=C relay1=1 targetV=500.0 targetI=50.0 presentV=500.4 presentI=40.8 ready=1
[PROGRESS] phase=holding cp=C relay1=1 targetV=500.0 targetI=50.0 presentV=500.4 presentI=40.8 ready=1
[PROGRESS] phase=holding cp=C relay1=1 targetV=500.0 targetI=50.0 presentV=500.4 presentI=40.8 ready=1
[PROGRESS] phase=holding cp=C relay1=1 targetV=500.0 targetI=50.0 presentV=500.3 presentI=40.8 ready=1
[PROGRESS] phase=holding cp=C relay1=1 targetV=500.0 targetI=50.0 presentV=500.3 presentI=40.8 ready=1
[PROGRESS] phase=holding cp=C relay1=1 targetV=500.0 targetI=50.0 presentV=500.3 presentI=40.8 ready=1
[PROGRESS] phase=holding cp=C relay1=1 targetV=500.0 targetI=50.0 presentV=500.2 presentI=40.8 ready=1
[PROGRESS] phase=holding cp=C relay1=1 targetV=500.0 targetI=50.0 presentV=500.3 presentI=40.8 ready=1
[PROGRESS] phase=holding cp=C relay1=1 targetV=500.0 targetI=50.0 presentV=500.4 presentI=40.8 ready=1
[PROGRESS] phase=holding cp=C relay1=1 targetV=500.0 targetI=50.0 presentV=500.4 presentI=40.8 ready=1
[PROGRESS] phase=holding cp=C relay1=1 targetV=500.0 targetI=50.0 presentV=500.3 presentI=40.8 ready=1
[PROGRESS] phase=holding cp=C relay1=1 targetV=500.0 targetI=50.0 presentV=500.5 presentI=40.8 ready=1
[PROGRESS] phase=holding cp=C relay1=1 targetV=500.0 targetI=50.0 presentV=500.3 presentI=40.8 ready=1
[PROGRESS] phase=holding cp=C relay1=1 targetV=500.0 targetI=50.0 presentV=500.3 presentI=40.8 ready=1
[PROGRESS] phase=holding cp=C relay1=1 targetV=500.0 targetI=50.0 presentV=500.5 presentI=40.8 ready=1
[PROGRESS] phase=holding cp=C relay1=1 targetV=500.0 targetI=50.0 presentV=500.4 presentI=40.8 ready=1
[PROGRESS] phase=holding cp=C relay1=1 targetV=500.0 targetI=50.0 presentV=500.3 presentI=40.8 ready=1
[PROGRESS] phase=holding cp=C relay1=1 targetV=500.0 targetI=50.0 presentV=500.4 presentI=40.8 ready=1
[PROGRESS] phase=holding cp=C relay1=1 targetV=500.0 targetI=50.0 presentV=500.4 presentI=40.8 ready=1
[PROGRESS] phase=holding cp=C relay1=1 targetV=500.0 targetI=50.0 presentV=500.4 presentI=40.8 ready=1
[PROGRESS] phase=holding cp=C relay1=1 targetV=500.0 targetI=50.0 presentV=500.4 presentI=40.8 ready=1
[PROGRESS] phase=holding cp=C relay1=1 targetV=500.0 targetI=50.0 presentV=500.4 presentI=40.8 ready=1
[PROGRESS] phase=holding cp=C relay1=1 targetV=500.0 targetI=50.0 presentV=500.3 presentI=40.8 ready=1
[PROGRESS] phase=holding cp=C relay1=1 targetV=500.0 targetI=50.0 presentV=500.3 presentI=40.8 ready=1
[PROGRESS] phase=holding cp=C relay1=1 targetV=500.0 targetI=50.0 presentV=500.4 presentI=40.8 ready=1
[PROGRESS] phase=holding cp=C relay1=1 targetV=500.0 targetI=50.0 presentV=500.4 presentI=40.8 ready=1
[PROGRESS] phase=holding cp=C relay1=1 targetV=500.0 targetI=50.0 presentV=500.4 presentI=40.8 ready=1
[PROGRESS] phase=holding cp=C relay1=1 targetV=500.0 targetI=50.0 presentV=500.3 presentI=40.8 ready=1
[PROGRESS] phase=holding cp=C relay1=1 targetV=500.0 targetI=50.0 presentV=500.2 presentI=40.8 ready=1
[PROGRESS] phase=holding cp=C relay1=1 targetV=500.0 targetI=50.0 presentV=500.2 presentI=40.8 ready=1
[PROGRESS] phase=holding cp=C relay1=1 targetV=500.0 targetI=50.0 presentV=500.3 presentI=40.8 ready=1
[PROGRESS] phase=holding cp=C relay1=1 targetV=500.0 targetI=50.0 presentV=500.4 presentI=40.8 ready=1
[PHASE] stopping
[RESULT] pass
