PLC_LOG=/home/jpi/Desktop/EVSE/plc_firmware/logs/stateless_reset_batch5_20260319_session05.log
CAN_LOG=/home/jpi/Desktop/EVSE/plc_firmware/logs/stateless_reset_batch5_20260319_session05_can.log
SUMMARY_FILE=/home/jpi/Desktop/EVSE/plc_firmware/logs/stateless_reset_batch5_20260319_session05_summary.json
[PHASE] bootstrap
[BOOT] mode=external_controller plc_id=2 connector_id=2 can_stack=0 module_mgr=0
[MODULE] addr=2 grp=2 rated=30.0A status=0x00400000 flags=OFF
[PHASE] wait_for_session
[CTRL] remote start -> B1 to B2
[PROGRESS] phase=wait_for_session stage=none relay1=0 targetV=500.0 targetI=0.0 presentV=9.4 presentI=0.0 ready=0 cp=B1 slac=0 hlc=0
[CTRL] remote start -> B1 to B2
[CTRL] remote start -> B1 to B2
[PROGRESS] phase=wait_for_session stage=none relay1=0 targetV=500.0 targetI=0.0 presentV=9.0 presentI=0.0 ready=0 cp=B2 slac=0 hlc=0
[PROGRESS] phase=wait_for_session stage=none relay1=0 targetV=500.0 targetI=0.0 presentV=8.6 presentI=0.0 ready=0 cp=B2 slac=0 hlc=0
[PROGRESS] phase=wait_for_session stage=none relay1=0 targetV=500.0 targetI=0.0 presentV=8.2 presentI=0.0 ready=0 cp=B2 slac=0 hlc=0
[PROGRESS] phase=wait_for_session stage=none relay1=0 targetV=500.0 targetI=0.0 presentV=7.9 presentI=0.0 ready=0 cp=B2 slac=0 hlc=0
[PROGRESS] phase=wait_for_session stage=none relay1=0 targetV=500.0 targetI=0.0 presentV=7.6 presentI=0.0 ready=0 cp=B2 slac=0 hlc=0
[PROGRESS] phase=wait_for_session stage=none relay1=0 targetV=500.0 targetI=0.0 presentV=7.3 presentI=0.0 ready=0 cp=B2 slac=0 hlc=0
[PROGRESS] phase=wait_for_session stage=none relay1=0 targetV=500.0 targetI=0.0 presentV=7.1 presentI=0.0 ready=0 cp=B2 slac=0 hlc=0
[PROGRESS] phase=wait_for_session stage=none relay1=0 targetV=500.0 targetI=0.0 presentV=6.9 presentI=0.0 ready=0 cp=B1 slac=0 hlc=0
[CTRL] remote start -> B1 to B2
[CTRL] remote start -> B1 to B2
[CTRL] remote start -> B1 to B2
[CTRL] remote start -> B1 to B2
[CTRL] remote start -> B1 to B2
[CTRL] remote start -> B1 to B2
[CTRL] remote start -> B1 to B2
[CTRL] remote start -> B1 to B2
[CTRL] remote start -> B1 to B2
[CTRL] remote start -> B1 to B2
[CTRL] remote start -> B1 to B2
[CTRL] remote start -> B1 to B2
[CTRL] remote start -> B1 to B2
[PROGRESS] phase=wait_for_session stage=none relay1=0 targetV=500.0 targetI=0.0 presentV=6.7 presentI=0.0 ready=0 cp=B1 slac=0 hlc=0
[CTRL] remote start -> B1 to B2
[CTRL] remote start -> B1 to B2
[CTRL] remote start -> B1 to B2
[CTRL] remote start -> B1 to B2
[CTRL] remote start -> B1 to B2
[CTRL] remote start -> B1 to B2
[CTRL] remote start -> B1 to B2
[CTRL] remote start -> B1 to B2
[CTRL] remote start -> B1 to B2
[CTRL] remote start -> B1 to B2
[CTRL] remote start -> B1 to B2
[CTRL] remote start -> B1 to B2
[CTRL] remote start -> B1 to B2
[CTRL] remote start -> B1 to B2
[CTRL] remote start -> B1 to B2
[CTRL] remote start -> B1 to B2
[PROGRESS] phase=wait_for_session stage=none relay1=0 targetV=500.0 targetI=0.0 presentV=6.5 presentI=0.0 ready=0 cp=B2 slac=0 hlc=0
[PROGRESS] phase=wait_for_session stage=none relay1=0 targetV=500.0 targetI=0.0 presentV=6.4 presentI=0.0 ready=0 cp=B2 slac=0 hlc=0
[PROGRESS] phase=wait_for_session stage=none relay1=0 targetV=500.0 targetI=0.0 presentV=6.2 presentI=0.0 ready=0 cp=B2 slac=0 hlc=0
[PROGRESS] phase=wait_for_session stage=none relay1=0 targetV=500.0 targetI=0.0 presentV=6.2 presentI=0.0 ready=0 cp=B2 slac=0 hlc=0
[PROGRESS] phase=wait_for_session stage=none relay1=0 targetV=500.0 targetI=0.0 presentV=6.1 presentI=0.0 ready=0 cp=B2 slac=0 hlc=0
[PROGRESS] phase=wait_for_session stage=none relay1=0 targetV=500.0 targetI=0.0 presentV=6.0 presentI=0.0 ready=0 cp=B2 slac=0 hlc=0
[PROGRESS] phase=wait_for_session stage=none relay1=0 targetV=500.0 targetI=0.0 presentV=5.9 presentI=0.0 ready=0 cp=B2 slac=0 hlc=0
[PROGRESS] phase=wait_for_session stage=none relay1=0 targetV=500.0 targetI=0.0 presentV=5.9 presentI=0.0 ready=0 cp=B2 slac=0 hlc=0
[PROGRESS] phase=wait_for_session stage=none relay1=0 targetV=500.0 targetI=0.0 presentV=5.8 presentI=0.0 ready=0 cp=B2 slac=0 hlc=0
[CTRL] remote start -> B1 to B2
[CTRL] remote start -> B1 to B2
[CTRL] remote start -> B1 to B2
[CTRL] remote start -> B1 to B2
[CTRL] remote start -> B1 to B2
[CTRL] remote start -> B1 to B2
[CTRL] remote start -> B1 to B2
[CTRL] remote start -> B1 to B2
[CTRL] remote start -> B1 to B2
[PROGRESS] phase=wait_for_session stage=none relay1=0 targetV=500.0 targetI=0.0 presentV=5.8 presentI=0.0 ready=0 cp=B1 slac=0 hlc=0
[CTRL] remote start -> B1 to B2
[CTRL] remote start -> B1 to B2
[CTRL] remote start -> B1 to B2
[CTRL] remote start -> B1 to B2
[CTRL] remote start -> B1 to B2
[CTRL] remote start -> B1 to B2
[CTRL] remote start -> B1 to B2
[CTRL] remote start -> B1 to B2
[CTRL] remote start -> B1 to B2
[CTRL] remote start -> B1 to B2
[CTRL] remote start -> B1 to B2
[CTRL] remote start -> B1 to B2
[CTRL] remote start -> B1 to B2
[CTRL] remote start -> B1 to B2
[PROGRESS] phase=wait_for_session stage=none relay1=0 targetV=500.0 targetI=0.0 presentV=5.7 presentI=0.0 ready=0 cp=B1 slac=0 hlc=0
[CTRL] remote start -> B1 to B2
[CTRL] remote start -> B1 to B2
[CTRL] remote start -> B1 to B2
[CTRL] remote start -> B1 to B2
[CTRL] remote start -> B1 to B2
[CTRL] remote start -> B1 to B2
[PROGRESS] phase=wait_for_session stage=none relay1=0 targetV=500.0 targetI=0.0 presentV=5.7 presentI=0.0 ready=0 cp=B2 slac=0 hlc=0
[PROGRESS] phase=wait_for_session stage=none relay1=0 targetV=500.0 targetI=0.0 presentV=5.7 presentI=0.0 ready=0 cp=B2 slac=0 hlc=0
[PROGRESS] phase=wait_for_session stage=none relay1=0 targetV=500.0 targetI=0.0 presentV=5.7 presentI=0.0 ready=0 cp=B2 slac=0 hlc=0
[PROGRESS] phase=wait_for_session stage=none relay1=0 targetV=500.0 targetI=0.0 presentV=5.7 presentI=0.0 ready=0 cp=B2 slac=0 hlc=0
[PROGRESS] phase=wait_for_session stage=none relay1=0 targetV=500.0 targetI=0.0 presentV=5.7 presentI=0.0 ready=0 cp=B2 slac=0 hlc=0
[PROGRESS] phase=wait_for_session stage=none relay1=0 targetV=500.0 targetI=0.0 presentV=5.7 presentI=0.0 ready=0 cp=B2 slac=0 hlc=0
[PROGRESS] phase=wait_for_session stage=none relay1=0 targetV=500.0 targetI=0.0 presentV=5.7 presentI=0.0 ready=0 cp=B2 slac=0 hlc=0
[PROGRESS] phase=wait_for_session stage=none relay1=0 targetV=500.0 targetI=0.0 presentV=5.7 presentI=0.0 ready=0 cp=B2 slac=0 hlc=0
[CTRL] remote start -> B1 to B2
[CTRL] remote start -> B1 to B2
[CTRL] remote start -> B1 to B2
[CTRL] remote start -> B1 to B2
[PROGRESS] phase=wait_for_session stage=none relay1=0 targetV=500.0 targetI=0.0 presentV=5.7 presentI=0.0 ready=0 cp=B1 slac=0 hlc=0
[CTRL] remote start -> B1 to B2
[CTRL] remote start -> B1 to B2
[CTRL] remote start -> B1 to B2
[CTRL] remote start -> B1 to B2
[CTRL] remote start -> B1 to B2
[CTRL] remote start -> B1 to B2
[CTRL] remote start -> B1 to B2
[CTRL] remote start -> B1 to B2
[CTRL] remote start -> B1 to B2
[CTRL] remote start -> B1 to B2
[CTRL] remote start -> B1 to B2
[CTRL] remote start -> B1 to B2
[CTRL] remote start -> B1 to B2
[CTRL] remote start -> B1 to B2
[CTRL] remote start -> B1 to B2
[PROGRESS] phase=wait_for_session stage=none relay1=0 targetV=500.0 targetI=0.0 presentV=5.7 presentI=0.0 ready=0 cp=B1 slac=0 hlc=0
[CTRL] remote start -> B1 to B2
[CTRL] remote start -> B1 to B2
[CTRL] remote start -> B1 to B2
[CTRL] remote start -> B1 to B2
[CTRL] remote start -> B1 to B2
[CTRL] remote start -> B1 to B2
[CTRL] remote start -> B1 to B2
[CTRL] remote start -> B1 to B2
[CTRL] remote start -> B1 to B2
[CTRL] remote start -> B1 to B2
[PROGRESS] phase=wait_for_session stage=none relay1=0 targetV=500.0 targetI=0.0 presentV=5.7 presentI=0.0 ready=0 cp=B2 slac=0 hlc=0
[PROGRESS] phase=wait_for_session stage=none relay1=0 targetV=500.0 targetI=0.0 presentV=5.7 presentI=0.0 ready=0 cp=B2 slac=0 hlc=0
[PROGRESS] phase=wait_for_session stage=none relay1=0 targetV=500.0 targetI=0.0 presentV=5.7 presentI=0.0 ready=0 cp=B2 slac=0 hlc=0
[PROGRESS] phase=wait_for_session stage=none relay1=0 targetV=500.0 targetI=0.0 presentV=5.7 presentI=0.0 ready=0 cp=B2 slac=0 hlc=0
[PROGRESS] phase=wait_for_session stage=none relay1=0 targetV=500.0 targetI=0.0 presentV=5.7 presentI=0.0 ready=0 cp=B2 slac=0 hlc=0
[PROGRESS] phase=wait_for_session stage=none relay1=0 targetV=500.0 targetI=0.0 presentV=5.8 presentI=0.0 ready=0 cp=B2 slac=0 hlc=0
[PROGRESS] phase=wait_for_session stage=none relay1=0 targetV=500.0 targetI=0.0 presentV=5.8 presentI=0.0 ready=0 cp=B2 slac=0 hlc=0
[PROGRESS] phase=wait_for_session stage=none relay1=0 targetV=500.0 targetI=0.0 presentV=5.8 presentI=0.0 ready=0 cp=B2 slac=0 hlc=0
[CTRL] remote start -> B1 to B2
[CTRL] remote start -> B1 to B2
[CTRL] remote start -> B1 to B2
[PROGRESS] phase=wait_for_session stage=none relay1=0 targetV=500.0 targetI=0.0 presentV=5.8 presentI=0.0 ready=0 cp=B1 slac=0 hlc=0
[CTRL] remote start -> B1 to B2
[CTRL] remote start -> B1 to B2
[CTRL] remote start -> B1 to B2
[CTRL] remote start -> B1 to B2
[CTRL] remote start -> B1 to B2
[CTRL] remote start -> B1 to B2
[CTRL] remote start -> B1 to B2
[CTRL] remote start -> B1 to B2
[CTRL] remote start -> B1 to B2
[CTRL] remote start -> B1 to B2
[CTRL] remote start -> B1 to B2
[CTRL] remote start -> B1 to B2
[CTRL] remote start -> B1 to B2
[CTRL] remote start -> B1 to B2
[PROGRESS] phase=wait_for_session stage=none relay1=0 targetV=500.0 targetI=0.0 presentV=5.8 presentI=0.0 ready=0 cp=B1 slac=0 hlc=0
[CTRL] remote start -> B1 to B2
[CTRL] remote start -> B1 to B2
[CTRL] remote start -> B1 to B2
[CTRL] remote start -> B1 to B2
[CTRL] remote start -> B1 to B2
[CTRL] remote start -> B1 to B2
[CTRL] remote start -> B1 to B2
[CTRL] remote start -> B1 to B2
[CTRL] remote start -> B1 to B2
[CTRL] remote start -> B1 to B2
[CTRL] remote start -> B1 to B2
[CTRL] remote start -> B1 to B2
[PROGRESS] phase=wait_for_session stage=none relay1=0 targetV=500.0 targetI=0.0 presentV=5.8 presentI=0.0 ready=0 cp=B2 slac=0 hlc=0
[PROGRESS] phase=wait_for_session stage=none relay1=0 targetV=500.0 targetI=0.0 presentV=5.7 presentI=0.0 ready=0 cp=B2 slac=0 hlc=0
[PROGRESS] phase=wait_for_session stage=none relay1=0 targetV=500.0 targetI=0.0 presentV=5.8 presentI=0.0 ready=0 cp=B2 slac=0 hlc=0
[PROGRESS] phase=wait_for_session stage=none relay1=0 targetV=500.0 targetI=0.0 presentV=5.8 presentI=0.0 ready=0 cp=B2 slac=0 hlc=0
[PROGRESS] phase=wait_for_session stage=none relay1=0 targetV=500.0 targetI=0.0 presentV=5.8 presentI=0.0 ready=0 cp=B2 slac=0 hlc=0
[PROGRESS] phase=wait_for_session stage=none relay1=0 targetV=500.0 targetI=0.0 presentV=5.8 presentI=0.0 ready=0 cp=B2 slac=0 hlc=0
[PROGRESS] phase=wait_for_session stage=none relay1=0 targetV=500.0 targetI=0.0 presentV=5.8 presentI=0.0 ready=0 cp=B2 slac=0 hlc=0
[PROGRESS] phase=wait_for_session stage=none relay1=0 targetV=500.0 targetI=0.0 presentV=5.8 presentI=0.0 ready=0 cp=B2 slac=0 hlc=0
[PROGRESS] phase=wait_for_session stage=none relay1=0 targetV=500.0 targetI=0.0 presentV=5.8 presentI=0.0 ready=0 cp=B1 slac=0 hlc=0
[CTRL] remote start -> B1 to B2
[CTRL] remote start -> B1 to B2
[CTRL] remote start -> B1 to B2
[CTRL] remote start -> B1 to B2
[CTRL] remote start -> B1 to B2
[CTRL] remote start -> B1 to B2
[CTRL] remote start -> B1 to B2
[CTRL] remote start -> B1 to B2
[CTRL] remote start -> B1 to B2
[CTRL] remote start -> B1 to B2
[CTRL] remote start -> B1 to B2
[CTRL] remote start -> B1 to B2
[CTRL] remote start -> B1 to B2
[PROGRESS] phase=wait_for_session stage=none relay1=0 targetV=500.0 targetI=0.0 presentV=5.8 presentI=0.0 ready=0 cp=B1 slac=0 hlc=0
[CTRL] remote start -> B1 to B2
[CTRL] remote start -> B1 to B2
[CTRL] remote start -> B1 to B2
[CTRL] remote start -> B1 to B2
[CTRL] remote start -> B1 to B2
[CTRL] remote start -> B1 to B2
[CTRL] remote start -> B1 to B2
[CTRL] remote start -> B1 to B2
[CTRL] remote start -> B1 to B2
[CTRL] remote start -> B1 to B2
[CTRL] remote start -> B1 to B2
[CTRL] remote start -> B1 to B2
[CTRL] remote start -> B1 to B2
[CTRL] remote start -> B1 to B2
[CTRL] remote start -> B1 to B2
[CTRL] remote start -> B1 to B2
[PROGRESS] phase=wait_for_session stage=none relay1=0 targetV=500.0 targetI=0.0 presentV=5.8 presentI=0.0 ready=0 cp=B2 slac=0 hlc=0
[PROGRESS] phase=wait_for_session stage=none relay1=0 targetV=500.0 targetI=0.0 presentV=5.8 presentI=0.0 ready=0 cp=B2 slac=0 hlc=0
[PROGRESS] phase=wait_for_session stage=none relay1=0 targetV=500.0 targetI=0.0 presentV=5.8 presentI=0.0 ready=0 cp=B2 slac=0 hlc=0
[PROGRESS] phase=wait_for_session stage=none relay1=0 targetV=500.0 targetI=0.0 presentV=5.8 presentI=0.0 ready=0 cp=B2 slac=0 hlc=0
[PROGRESS] phase=wait_for_session stage=none relay1=0 targetV=500.0 targetI=0.0 presentV=5.8 presentI=0.0 ready=0 cp=B2 slac=0 hlc=0
[PROGRESS] phase=wait_for_session stage=none relay1=0 targetV=500.0 targetI=0.0 presentV=5.8 presentI=0.0 ready=0 cp=B2 slac=0 hlc=0
[PROGRESS] phase=wait_for_session stage=none relay1=0 targetV=500.0 targetI=0.0 presentV=5.8 presentI=0.0 ready=0 cp=B2 slac=0 hlc=0
[PROGRESS] phase=wait_for_session stage=none relay1=0 targetV=500.0 targetI=0.0 presentV=5.8 presentI=0.0 ready=0 cp=B2 slac=0 hlc=0
[PROGRESS] phase=wait_for_session stage=none relay1=0 targetV=500.0 targetI=0.0 presentV=5.8 presentI=0.0 ready=0 cp=B1 slac=0 hlc=0
[CTRL] remote start -> B1 to B2
[CTRL] remote start -> B1 to B2
[CTRL] remote start -> B1 to B2
[CTRL] remote start -> B1 to B2
[CTRL] remote start -> B1 to B2
[CTRL] remote start -> B1 to B2
[CTRL] remote start -> B1 to B2
[CTRL] remote start -> B1 to B2
[CTRL] remote start -> B1 to B2
[CTRL] remote start -> B1 to B2
[CTRL] remote start -> B1 to B2
[CTRL] remote start -> B1 to B2
[CTRL] remote start -> B1 to B2
[PROGRESS] phase=wait_for_session stage=none relay1=0 targetV=500.0 targetI=0.0 presentV=5.8 presentI=0.0 ready=0 cp=B1 slac=0 hlc=0
[CTRL] remote start -> B1 to B2
[CTRL] remote start -> B1 to B2
[CTRL] remote start -> B1 to B2
[CTRL] remote start -> B1 to B2
[CTRL] remote start -> B1 to B2
[CTRL] remote start -> B1 to B2
[CTRL] remote start -> B1 to B2
[CTRL] remote start -> B1 to B2
[CTRL] remote start -> B1 to B2
[CTRL] remote start -> B1 to B2
[CTRL] remote start -> B1 to B2
[CTRL] remote start -> B1 to B2
[CTRL] remote start -> B1 to B2
[CTRL] remote start -> B1 to B2
[CTRL] remote start -> B1 to B2
[PROGRESS] phase=wait_for_session stage=none relay1=0 targetV=500.0 targetI=0.0 presentV=5.8 presentI=0.0 ready=0 cp=B1 slac=0 hlc=0
[CTRL] remote start -> B1 to B2
[PROGRESS] phase=wait_for_session stage=none relay1=0 targetV=500.0 targetI=0.0 presentV=5.8 presentI=0.0 ready=0 cp=B2 slac=0 hlc=0
[PROGRESS] phase=wait_for_session stage=none relay1=0 targetV=500.0 targetI=0.0 presentV=5.8 presentI=0.0 ready=0 cp=B2 slac=0 hlc=0
[PROGRESS] phase=wait_for_session stage=none relay1=0 targetV=500.0 targetI=0.0 presentV=5.9 presentI=0.0 ready=0 cp=B2 slac=0 hlc=0
[PROGRESS] phase=wait_for_session stage=none relay1=0 targetV=500.0 targetI=0.0 presentV=5.8 presentI=0.0 ready=0 cp=B2 slac=0 hlc=0
[PROGRESS] phase=wait_for_session stage=none relay1=0 targetV=500.0 targetI=0.0 presentV=5.8 presentI=0.0 ready=0 cp=B2 slac=0 hlc=0
[PROGRESS] phase=wait_for_session stage=none relay1=0 targetV=500.0 targetI=0.0 presentV=5.8 presentI=0.0 ready=0 cp=B2 slac=0 hlc=0
[PROGRESS] phase=wait_for_session stage=none relay1=0 targetV=500.0 targetI=0.0 presentV=5.8 presentI=0.0 ready=0 cp=B2 slac=0 hlc=0
[PROGRESS] phase=wait_for_session stage=none relay1=0 targetV=500.0 targetI=0.0 presentV=5.8 presentI=0.0 ready=0 cp=B2 slac=0 hlc=0
[CTRL] remote start -> B1 to B2
[CTRL] remote start -> B1 to B2
[CTRL] remote start -> B1 to B2
[CTRL] remote start -> B1 to B2
[CTRL] remote start -> B1 to B2
[CTRL] remote start -> B1 to B2
[CTRL] remote start -> B1 to B2
[CTRL] remote start -> B1 to B2
[CTRL] remote start -> B1 to B2
[CTRL] remote start -> B1 to B2
[CTRL] remote start -> B1 to B2
[CTRL] remote start -> B1 to B2
[PROGRESS] phase=wait_for_session stage=none relay1=0 targetV=500.0 targetI=0.0 presentV=5.8 presentI=0.0 ready=0 cp=B1 slac=0 hlc=0
[CTRL] remote start -> B1 to B2
[CTRL] remote start -> B1 to B2
[CTRL] remote start -> B1 to B2
[CTRL] remote start -> B1 to B2
[CTRL] remote start -> B1 to B2
[CTRL] remote start -> B1 to B2
[CTRL] remote start -> B1 to B2
[CTRL] remote start -> B1 to B2
[CTRL] remote start -> B1 to B2
[CTRL] remote start -> B1 to B2
[CTRL] remote start -> B1 to B2
[CTRL] remote start -> B1 to B2
[CTRL] remote start -> B1 to B2
[CTRL] remote start -> B1 to B2
[CTRL] remote start -> B1 to B2
[CTRL] remote start -> B1 to B2
[PROGRESS] phase=wait_for_session stage=none relay1=0 targetV=500.0 targetI=0.0 presentV=5.9 presentI=0.0 ready=0 cp=B1 slac=0 hlc=0
[CTRL] remote start -> B1 to B2
[PROGRESS] phase=wait_for_session stage=none relay1=0 targetV=500.0 targetI=0.0 presentV=5.8 presentI=0.0 ready=0 cp=B2 slac=0 hlc=0
[PROGRESS] phase=wait_for_session stage=none relay1=0 targetV=500.0 targetI=0.0 presentV=5.8 presentI=0.0 ready=0 cp=B2 slac=0 hlc=0
[PROGRESS] phase=wait_for_session stage=none relay1=0 targetV=500.0 targetI=0.0 presentV=5.8 presentI=0.0 ready=0 cp=B2 slac=0 hlc=0
[PROGRESS] phase=wait_for_session stage=none relay1=0 targetV=500.0 targetI=0.0 presentV=5.9 presentI=0.0 ready=0 cp=B2 slac=0 hlc=0
[PROGRESS] phase=wait_for_session stage=none relay1=0 targetV=500.0 targetI=0.0 presentV=5.9 presentI=0.0 ready=0 cp=B2 slac=0 hlc=0
[PROGRESS] phase=wait_for_session stage=none relay1=0 targetV=500.0 targetI=0.0 presentV=5.9 presentI=0.0 ready=0 cp=B2 slac=0 hlc=0
[PROGRESS] phase=wait_for_session stage=none relay1=0 targetV=500.0 targetI=0.0 presentV=5.9 presentI=0.0 ready=0 cp=B2 slac=0 hlc=0
[PROGRESS] phase=wait_for_session stage=none relay1=0 targetV=500.0 targetI=0.0 presentV=5.9 presentI=0.0 ready=0 cp=B2 slac=0 hlc=0
[CTRL] remote start -> B1 to B2
[CTRL] remote start -> B1 to B2
[CTRL] remote start -> B1 to B2
[CTRL] remote start -> B1 to B2
[CTRL] remote start -> B1 to B2
[CTRL] remote start -> B1 to B2
[CTRL] remote start -> B1 to B2
[CTRL] remote start -> B1 to B2
[CTRL] remote start -> B1 to B2
[CTRL] remote start -> B1 to B2
[PROGRESS] phase=wait_for_session stage=none relay1=0 targetV=500.0 targetI=0.0 presentV=5.9 presentI=0.0 ready=0 cp=B1 slac=0 hlc=0
[CTRL] remote start -> B1 to B2
[CTRL] remote start -> B1 to B2
[CTRL] remote start -> B1 to B2
[CTRL] remote start -> B1 to B2
[CTRL] remote start -> B1 to B2
[CTRL] remote start -> B1 to B2
[CTRL] remote start -> B1 to B2
[CTRL] remote start -> B1 to B2
[CTRL] remote start -> B1 to B2
[CTRL] remote start -> B1 to B2
[CTRL] remote start -> B1 to B2
[CTRL] remote start -> B1 to B2
[CTRL] remote start -> B1 to B2
[CTRL] remote start -> B1 to B2
[CTRL] remote start -> B1 to B2
[PROGRESS] phase=wait_for_session stage=none relay1=0 targetV=500.0 targetI=0.0 presentV=5.9 presentI=0.0 ready=0 cp=B1 slac=0 hlc=0
[CTRL] remote start -> B1 to B2
[CTRL] remote start -> B1 to B2
[CTRL] remote start -> B1 to B2
[CTRL] remote start -> B1 to B2
[FAIL] session never reached sustained CurrentDemand
[PHASE] stopping
